[2023-03-13_14-23-28] main_our.py --action QUANTIZE --arch resnet50_imagenet --batch_size 32 --gpu 0 --x_bits 8 --w_bits 8 --boris 1

[2023-03-13_14-23-28] desc=None, x_bits=5, w_bits=7
[2023-03-13_14-23-28] __init__: arch=resnet50, dataset=imagenet, model_chkp=None, pretrained=True
[2023-03-13_14-23-29] train_pred: epochs=1, lr=0, lr_plan=None, momentum=0.9, wd=0.0005, batch_size=32, optimizer=SGD
[2023-03-13_14-23-29] lr=0, running train steps with no_grad()
[2023-03-13_14-23-30] Epoch: [0][    0/40037]	Time  1.083 ( 1.083)	Data  0.336 ( 0.336)	Loss 1.9564e+00 (1.9564e+00)	Acc@1  59.38 ( 59.38)	Acc@5  71.88 ( 71.88)
[2023-03-13_14-23-36] Epoch: [0][   10/40037]	Time  0.652 ( 0.675)	Data  0.000 ( 0.031)	Loss 2.1259e+00 (2.0273e+00)	Acc@1  56.25 ( 57.39)	Acc@5  81.25 ( 79.26)
[2023-03-13_14-23-42] Epoch: [0][   20/40037]	Time  0.582 ( 0.647)	Data  0.000 ( 0.016)	Loss 2.3739e+00 (1.9969e+00)	Acc@1  53.12 ( 57.59)	Acc@5  71.88 ( 79.46)
[2023-03-13_14-23-48] Epoch: [0][   30/40037]	Time  0.586 ( 0.637)	Data  0.000 ( 0.011)	Loss 2.6822e+00 (2.0543e+00)	Acc@1  50.00 ( 55.95)	Acc@5  62.50 ( 78.23)
[2023-03-13_14-23-55] Epoch: [0][   40/40037]	Time  0.635 ( 0.632)	Data  0.000 ( 0.008)	Loss 1.9223e+00 (2.0374e+00)	Acc@1  46.88 ( 56.33)	Acc@5  84.38 ( 78.58)
[2023-03-13_14-24-01] Epoch: [0][   50/40037]	Time  0.636 ( 0.633)	Data  0.000 ( 0.007)	Loss 2.6410e+00 (2.0573e+00)	Acc@1  53.12 ( 56.50)	Acc@5  71.88 ( 78.25)
[2023-03-13_14-24-07] Epoch: [0][   60/40037]	Time  0.577 ( 0.631)	Data  0.000 ( 0.006)	Loss 1.8593e+00 (2.0674e+00)	Acc@1  53.12 ( 56.45)	Acc@5  87.50 ( 78.18)
[2023-03-13_14-24-10] Test: [   0/1563]	Time  0.928 ( 0.928)	Loss 7.0886e-01 (7.0886e-01)	Acc@1  90.62 ( 90.62)	Acc@5  96.88 ( 96.88)
[2023-03-13_14-24-17] Test: [  10/1563]	Time  0.588 ( 0.639)	Loss 1.3479e+00 (1.3920e+00)	Acc@1  71.88 ( 68.18)	Acc@5  90.62 ( 87.22)
[2023-03-13_14-24-23] Test: [  20/1563]	Time  0.547 ( 0.625)	Loss 6.9557e-01 (1.3073e+00)	Acc@1  81.25 ( 70.68)	Acc@5  90.62 ( 87.80)
[2023-03-13_14-24-29] Test: [  30/1563]	Time  0.709 ( 0.624)	Loss 4.6218e-01 (1.2827e+00)	Acc@1  90.62 ( 71.57)	Acc@5  96.88 ( 88.10)
[2023-03-13_14-24-35] Test: [  40/1563]	Time  0.642 ( 0.625)	Loss 9.4176e-01 (1.2561e+00)	Acc@1  71.88 ( 72.41)	Acc@5  96.88 ( 88.64)
[2023-03-13_14-24-41] Test: [  50/1563]	Time  0.574 ( 0.623)	Loss 1.7702e+00 (1.3104e+00)	Acc@1  56.25 ( 70.83)	Acc@5  78.12 ( 87.87)
[2023-03-13_14-24-47] Test: [  60/1563]	Time  0.602 ( 0.621)	Loss 1.5062e+00 (1.3938e+00)	Acc@1  68.75 ( 68.19)	Acc@5  87.50 ( 87.30)
[2023-03-13_14-24-54] Test: [  70/1563]	Time  0.580 ( 0.621)	Loss 2.1103e+00 (1.4489e+00)	Acc@1  59.38 ( 66.11)	Acc@5  75.00 ( 86.44)
[2023-03-13_14-25-00] Test: [  80/1563]	Time  0.696 ( 0.625)	Loss 1.0478e+00 (1.4915e+00)	Acc@1  81.25 ( 64.97)	Acc@5  87.50 ( 85.76)
[2023-03-13_14-25-06] Test: [  90/1563]	Time  0.611 ( 0.625)	Loss 2.6005e+00 (1.5582e+00)	Acc@1  40.62 ( 63.12)	Acc@5  71.88 ( 84.96)
[2023-03-13_14-25-13] Test: [ 100/1563]	Time  0.592 ( 0.624)	Loss 3.0166e+00 (1.6281e+00)	Acc@1  25.00 ( 61.66)	Acc@5  65.62 ( 83.94)
[2023-03-13_14-25-19] Test: [ 110/1563]	Time  0.548 ( 0.622)	Loss 1.3245e+00 (1.6264e+00)	Acc@1  75.00 ( 61.09)	Acc@5  87.50 ( 84.21)
[2023-03-13_14-25-25] Test: [ 120/1563]	Time  0.749 ( 0.623)	Loss 1.3693e+00 (1.6233e+00)	Acc@1  62.50 ( 60.46)	Acc@5  93.75 ( 84.71)
[2023-03-13_14-25-31] Test: [ 130/1563]	Time  0.655 ( 0.623)	Loss 1.5327e+00 (1.6348e+00)	Acc@1  75.00 ( 60.73)	Acc@5  84.38 ( 84.49)
[2023-03-13_14-25-37] Test: [ 140/1563]	Time  0.606 ( 0.623)	Loss 1.4250e+00 (1.6097e+00)	Acc@1  78.12 ( 61.70)	Acc@5  87.50 ( 84.80)
[2023-03-13_14-25-44] Test: [ 150/1563]	Time  0.585 ( 0.624)	Loss 1.0100e+00 (1.5583e+00)	Acc@1  81.25 ( 63.08)	Acc@5  90.62 ( 85.33)
[2023-03-13_14-25-50] Test: [ 160/1563]	Time  0.601 ( 0.623)	Loss 9.6590e-01 (1.5469e+00)	Acc@1  78.12 ( 63.39)	Acc@5  90.62 ( 85.48)
[2023-03-13_14-25-56] Test: [ 170/1563]	Time  0.653 ( 0.624)	Loss 8.8851e-01 (1.5611e+00)	Acc@1  78.12 ( 63.40)	Acc@5  90.62 ( 85.20)
[2023-03-13_14-26-02] Test: [ 180/1563]	Time  0.584 ( 0.624)	Loss 1.9080e+00 (1.5767e+00)	Acc@1  46.88 ( 63.17)	Acc@5  78.12 ( 84.81)
[2023-03-13_14-26-08] Test: [ 190/1563]	Time  0.596 ( 0.623)	Loss 1.4665e+00 (1.5795e+00)	Acc@1  62.50 ( 63.02)	Acc@5  84.38 ( 84.70)
[2023-03-13_14-26-17] Test: [ 200/1563]	Time  0.628 ( 0.633)	Loss 1.7764e+00 (1.5866e+00)	Acc@1  65.62 ( 62.94)	Acc@5  78.12 ( 84.55)
[2023-03-13_14-26-23] Test: [ 210/1563]	Time  0.650 ( 0.634)	Loss 2.3279e+00 (1.5678e+00)	Acc@1  46.88 ( 63.40)	Acc@5  78.12 ( 84.76)
[2023-03-13_14-26-29] Test: [ 220/1563]	Time  0.579 ( 0.633)	Loss 1.5525e+00 (1.5504e+00)	Acc@1  75.00 ( 64.07)	Acc@5  90.62 ( 85.07)
[2023-03-13_14-26-35] Test: [ 230/1563]	Time  0.586 ( 0.632)	Loss 1.7115e+00 (1.5345e+00)	Acc@1  68.75 ( 64.49)	Acc@5  78.12 ( 85.23)
[2023-03-13_14-26-42] Test: [ 240/1563]	Time  0.612 ( 0.631)	Loss 2.3314e+00 (1.5267e+00)	Acc@1  43.75 ( 64.55)	Acc@5  75.00 ( 85.40)
[2023-03-13_14-26-50] Test: [ 250/1563]	Time  2.590 ( 0.639)	Loss 5.9621e-01 (1.5132e+00)	Acc@1  87.50 ( 64.78)	Acc@5 100.00 ( 85.69)
[2023-03-13_14-26-57] Test: [ 260/1563]	Time  0.699 ( 0.640)	Loss 1.7366e+00 (1.5110e+00)	Acc@1  46.88 ( 64.72)	Acc@5  84.38 ( 85.75)
[2023-03-13_14-27-07] Test: [ 270/1563]	Time  0.630 ( 0.654)	Loss 1.8699e+00 (1.5159e+00)	Acc@1  53.12 ( 64.37)	Acc@5  81.25 ( 85.79)
[2023-03-13_14-27-13] Test: [ 280/1563]	Time  0.625 ( 0.652)	Loss 2.3934e+00 (1.5127e+00)	Acc@1  46.88 ( 64.44)	Acc@5  78.12 ( 85.91)
[2023-03-13_14-27-19] Test: [ 290/1563]	Time  0.588 ( 0.651)	Loss 1.7163e+00 (1.5101e+00)	Acc@1  40.62 ( 64.39)	Acc@5  90.62 ( 86.04)
[2023-03-13_14-37-30] Test: [ 300/1563]	Time  0.461 ( 2.660)	Loss 1.4229e+00 (1.5083e+00)	Acc@1  62.50 ( 64.24)	Acc@5  93.75 ( 86.15)
[2023-03-13_14-37-35] Test: [ 310/1563]	Time  0.461 ( 2.590)	Loss 1.2397e+00 (1.5057e+00)	Acc@1  65.62 ( 64.11)	Acc@5  93.75 ( 86.33)
[2023-03-13_14-37-40] Test: [ 320/1563]	Time  0.461 ( 2.523)	Loss 1.4226e+00 (1.5079e+00)	Acc@1  68.75 ( 63.80)	Acc@5  87.50 ( 86.41)
[2023-03-13_14-37-44] Test: [ 330/1563]	Time  0.479 ( 2.461)	Loss 1.3112e+00 (1.5026e+00)	Acc@1  65.62 ( 63.90)	Acc@5  87.50 ( 86.55)
[2023-03-13_14-37-49] Test: [ 340/1563]	Time  0.490 ( 2.404)	Loss 7.1850e-01 (1.4940e+00)	Acc@1  90.62 ( 64.16)	Acc@5 100.00 ( 86.69)
[2023-03-13_14-37-54] Test: [ 350/1563]	Time  0.511 ( 2.349)	Loss 1.2771e+00 (1.4887e+00)	Acc@1  65.62 ( 64.32)	Acc@5  87.50 ( 86.81)
[2023-03-13_14-37-59] Test: [ 360/1563]	Time  0.463 ( 2.298)	Loss 1.6475e+00 (1.4872e+00)	Acc@1  43.75 ( 64.29)	Acc@5  90.62 ( 86.85)
[2023-03-13_14-38-04] Test: [ 370/1563]	Time  0.540 ( 2.249)	Loss 1.6202e+00 (1.4855e+00)	Acc@1  59.38 ( 64.36)	Acc@5  84.38 ( 86.92)
[2023-03-13_14-38-10] Test: [ 380/1563]	Time  0.645 ( 2.206)	Loss 1.1068e+00 (1.4935e+00)	Acc@1  75.00 ( 64.06)	Acc@5  87.50 ( 86.88)
[2023-03-13_14-38-16] Test: [ 390/1563]	Time  0.574 ( 2.165)	Loss 1.6271e+00 (1.4879e+00)	Acc@1  56.25 ( 64.03)	Acc@5  87.50 ( 87.00)
[2023-03-13_14-38-22] Test: [ 400/1563]	Time  0.591 ( 2.127)	Loss 1.1869e+00 (1.4763e+00)	Acc@1  59.38 ( 64.25)	Acc@5  96.88 ( 87.19)
[2023-03-13_14-38-28] Test: [ 410/1563]	Time  0.583 ( 2.090)	Loss 1.0459e+00 (1.4658e+00)	Acc@1  78.12 ( 64.57)	Acc@5  93.75 ( 87.30)
[2023-03-13_14-38-35] Test: [ 420/1563]	Time  0.677 ( 2.055)	Loss 1.1354e+00 (1.4677e+00)	Acc@1  78.12 ( 64.51)	Acc@5  90.62 ( 87.32)
[2023-03-13_14-38-41] Test: [ 430/1563]	Time  0.595 ( 2.021)	Loss 6.2144e-01 (1.4713e+00)	Acc@1  87.50 ( 64.46)	Acc@5  93.75 ( 87.32)
[2023-03-13_14-38-47] Test: [ 440/1563]	Time  0.587 ( 1.989)	Loss 2.1152e+00 (1.4738e+00)	Acc@1  31.25 ( 64.32)	Acc@5  90.62 ( 87.32)
[2023-03-13_14-38-53] Test: [ 450/1563]	Time  0.546 ( 1.959)	Loss 1.3279e+00 (1.4765e+00)	Acc@1  68.75 ( 64.18)	Acc@5  93.75 ( 87.33)
[2023-03-13_14-38-59] Test: [ 460/1563]	Time  0.749 ( 1.930)	Loss 8.4949e-01 (1.4719e+00)	Acc@1  87.50 ( 64.36)	Acc@5  93.75 ( 87.45)
[2023-03-13_14-39-06] Test: [ 470/1563]	Time  0.653 ( 1.902)	Loss 1.9978e+00 (1.4734e+00)	Acc@1  53.12 ( 64.43)	Acc@5  81.25 ( 87.45)
[2023-03-13_14-39-12] Test: [ 480/1563]	Time  0.578 ( 1.875)	Loss 7.8155e-01 (1.4722e+00)	Acc@1  90.62 ( 64.39)	Acc@5  90.62 ( 87.45)
[2023-03-13_14-39-18] Test: [ 490/1563]	Time  0.584 ( 1.849)	Loss 1.7665e+00 (1.4769e+00)	Acc@1  71.88 ( 64.30)	Acc@5  84.38 ( 87.40)
[2023-03-13_14-39-24] Test: [ 500/1563]	Time  0.664 ( 1.825)	Loss 7.4372e-01 (1.4743e+00)	Acc@1  81.25 ( 64.33)	Acc@5  96.88 ( 87.40)
[2023-03-13_14-39-30] Test: [ 510/1563]	Time  0.629 ( 1.801)	Loss 5.4500e-01 (1.4643e+00)	Acc@1  87.50 ( 64.64)	Acc@5  96.88 ( 87.51)
[2023-03-13_14-39-36] Test: [ 520/1563]	Time  0.569 ( 1.779)	Loss 6.3974e-01 (1.4586e+00)	Acc@1  90.62 ( 64.80)	Acc@5 100.00 ( 87.60)
[2023-03-13_14-39-42] Test: [ 530/1563]	Time  0.604 ( 1.757)	Loss 6.9319e-01 (1.4557e+00)	Acc@1  87.50 ( 64.96)	Acc@5  96.88 ( 87.63)
[2023-03-13_14-39-49] Test: [ 540/1563]	Time  0.552 ( 1.735)	Loss 2.0286e+00 (1.4542e+00)	Acc@1  40.62 ( 64.94)	Acc@5  78.12 ( 87.64)
[2023-03-13_14-39-55] Test: [ 550/1563]	Time  0.725 ( 1.715)	Loss 1.7709e+00 (1.4516e+00)	Acc@1  56.25 ( 64.98)	Acc@5  90.62 ( 87.66)
[2023-03-13_14-40-01] Test: [ 560/1563]	Time  0.632 ( 1.696)	Loss 1.4565e+00 (1.4542e+00)	Acc@1  50.00 ( 64.91)	Acc@5  93.75 ( 87.64)
[2023-03-13_14-40-07] Test: [ 570/1563]	Time  0.587 ( 1.677)	Loss 1.0744e+00 (1.4520e+00)	Acc@1  75.00 ( 64.97)	Acc@5  90.62 ( 87.65)
[2023-03-13_14-40-13] Test: [ 580/1563]	Time  0.548 ( 1.659)	Loss 1.6614e+00 (1.4525e+00)	Acc@1  65.62 ( 65.00)	Acc@5  90.62 ( 87.62)
[2023-03-13_14-40-19] Test: [ 590/1563]	Time  0.713 ( 1.641)	Loss 1.7442e+00 (1.4507e+00)	Acc@1  53.12 ( 65.05)	Acc@5  81.25 ( 87.61)
[2023-03-13_14-40-26] Test: [ 600/1563]	Time  0.642 ( 1.624)	Loss 1.1658e+00 (1.4570e+00)	Acc@1  81.25 ( 64.89)	Acc@5  90.62 ( 87.52)
[2023-03-13_14-40-32] Test: [ 610/1563]	Time  0.572 ( 1.608)	Loss 2.3681e+00 (1.4565e+00)	Acc@1  53.12 ( 64.91)	Acc@5  71.88 ( 87.53)
[2023-03-13_14-40-38] Test: [ 620/1563]	Time  0.602 ( 1.592)	Loss 1.3107e+00 (1.4585e+00)	Acc@1  81.25 ( 64.90)	Acc@5  87.50 ( 87.48)
[2023-03-13_14-40-44] Test: [ 630/1563]	Time  0.551 ( 1.576)	Loss 1.3083e+00 (1.4696e+00)	Acc@1  56.25 ( 64.73)	Acc@5  96.88 ( 87.34)
[2023-03-13_14-40-50] Test: [ 640/1563]	Time  0.694 ( 1.561)	Loss 1.4298e+00 (1.4699e+00)	Acc@1  56.25 ( 64.69)	Acc@5  90.62 ( 87.32)
[2023-03-13_14-40-57] Test: [ 650/1563]	Time  0.614 ( 1.547)	Loss 1.3375e+00 (1.4836e+00)	Acc@1  71.88 ( 64.42)	Acc@5  93.75 ( 87.08)
[2023-03-13_14-41-03] Test: [ 660/1563]	Time  0.593 ( 1.533)	Loss 2.0671e+00 (1.4864e+00)	Acc@1  59.38 ( 64.40)	Acc@5  75.00 ( 87.06)
[2023-03-13_14-41-09] Test: [ 670/1563]	Time  0.548 ( 1.519)	Loss 1.4796e+00 (1.4900e+00)	Acc@1  59.38 ( 64.36)	Acc@5  87.50 ( 86.97)
[2023-03-13_14-41-15] Test: [ 680/1563]	Time  0.752 ( 1.506)	Loss 2.6321e+00 (1.4970e+00)	Acc@1  50.00 ( 64.26)	Acc@5  75.00 ( 86.89)
[2023-03-13_14-41-21] Test: [ 690/1563]	Time  0.656 ( 1.493)	Loss 1.7878e+00 (1.5051e+00)	Acc@1  50.00 ( 64.09)	Acc@5  84.38 ( 86.74)
[2023-03-13_14-41-28] Test: [ 700/1563]	Time  0.580 ( 1.481)	Loss 1.9209e+00 (1.5124e+00)	Acc@1  53.12 ( 63.93)	Acc@5  84.38 ( 86.65)
[2023-03-13_14-41-34] Test: [ 710/1563]	Time  0.582 ( 1.468)	Loss 2.5697e+00 (1.5203e+00)	Acc@1  43.75 ( 63.76)	Acc@5  68.75 ( 86.52)
[2023-03-13_14-41-40] Test: [ 720/1563]	Time  0.635 ( 1.457)	Loss 1.7995e+00 (1.5320e+00)	Acc@1  46.88 ( 63.54)	Acc@5  84.38 ( 86.35)
[2023-03-13_14-41-46] Test: [ 730/1563]	Time  0.632 ( 1.445)	Loss 1.8986e+00 (1.5391e+00)	Acc@1  50.00 ( 63.40)	Acc@5  90.62 ( 86.24)
[2023-03-13_14-41-52] Test: [ 740/1563]	Time  0.570 ( 1.434)	Loss 1.6764e+00 (1.5444e+00)	Acc@1  62.50 ( 63.37)	Acc@5  93.75 ( 86.14)
[2023-03-13_14-41-58] Test: [ 750/1563]	Time  0.601 ( 1.423)	Loss 2.3443e+00 (1.5511e+00)	Acc@1  46.88 ( 63.24)	Acc@5  78.12 ( 86.04)
[2023-03-13_14-42-05] Test: [ 760/1563]	Time  0.550 ( 1.413)	Loss 1.2652e+00 (1.5556e+00)	Acc@1  68.75 ( 63.09)	Acc@5  90.62 ( 85.99)
[2023-03-13_14-42-11] Test: [ 770/1563]	Time  0.734 ( 1.402)	Loss 2.5047e+00 (1.5676e+00)	Acc@1  40.62 ( 62.87)	Acc@5  68.75 ( 85.79)
[2023-03-13_14-42-17] Test: [ 780/1563]	Time  0.636 ( 1.392)	Loss 3.8329e+00 (1.5738e+00)	Acc@1  21.88 ( 62.75)	Acc@5  43.75 ( 85.68)
[2023-03-13_14-42-23] Test: [ 790/1563]	Time  0.590 ( 1.383)	Loss 2.1273e+00 (1.5826e+00)	Acc@1  53.12 ( 62.56)	Acc@5  81.25 ( 85.58)
[2023-03-13_14-42-29] Test: [ 800/1563]	Time  0.548 ( 1.373)	Loss 2.0900e+00 (1.5826e+00)	Acc@1  50.00 ( 62.58)	Acc@5  81.25 ( 85.57)
[2023-03-13_14-42-36] Test: [ 810/1563]	Time  0.712 ( 1.364)	Loss 1.0419e+00 (1.5880e+00)	Acc@1  81.25 ( 62.47)	Acc@5  90.62 ( 85.45)
[2023-03-13_14-42-42] Test: [ 820/1563]	Time  0.644 ( 1.355)	Loss 1.5322e+00 (1.5923e+00)	Acc@1  68.75 ( 62.37)	Acc@5  87.50 ( 85.37)
[2023-03-13_14-42-48] Test: [ 830/1563]	Time  0.574 ( 1.346)	Loss 1.7346e+00 (1.5989e+00)	Acc@1  56.25 ( 62.22)	Acc@5  84.38 ( 85.31)
[2023-03-13_14-42-54] Test: [ 840/1563]	Time  0.602 ( 1.337)	Loss 1.3780e+00 (1.6011e+00)	Acc@1  75.00 ( 62.13)	Acc@5  87.50 ( 85.31)
[2023-03-13_14-43-00] Test: [ 850/1563]	Time  0.552 ( 1.329)	Loss 1.4443e+00 (1.6061e+00)	Acc@1  65.62 ( 62.02)	Acc@5  90.62 ( 85.20)
[2023-03-13_14-43-07] Test: [ 860/1563]	Time  0.697 ( 1.320)	Loss 1.0744e+00 (1.6052e+00)	Acc@1  75.00 ( 62.09)	Acc@5  90.62 ( 85.21)
[2023-03-13_14-43-13] Test: [ 870/1563]	Time  0.616 ( 1.312)	Loss 2.3328e+00 (1.6067e+00)	Acc@1  50.00 ( 62.09)	Acc@5  78.12 ( 85.20)
[2023-03-13_14-43-19] Test: [ 880/1563]	Time  0.589 ( 1.304)	Loss 1.4446e+00 (1.6083e+00)	Acc@1  62.50 ( 62.06)	Acc@5  81.25 ( 85.13)
[2023-03-13_14-43-25] Test: [ 890/1563]	Time  0.547 ( 1.297)	Loss 1.3999e+00 (1.6083e+00)	Acc@1  65.62 ( 62.09)	Acc@5  90.62 ( 85.13)
[2023-03-13_14-43-31] Test: [ 900/1563]	Time  0.739 ( 1.289)	Loss 1.0019e+00 (1.6073e+00)	Acc@1  78.12 ( 62.15)	Acc@5  93.75 ( 85.11)
[2023-03-13_14-43-38] Test: [ 910/1563]	Time  0.648 ( 1.282)	Loss 1.5498e+00 (1.6075e+00)	Acc@1  71.88 ( 62.15)	Acc@5  93.75 ( 85.12)
[2023-03-13_14-43-44] Test: [ 920/1563]	Time  0.577 ( 1.275)	Loss 2.7860e+00 (1.6158e+00)	Acc@1  40.62 ( 62.03)	Acc@5  68.75 ( 84.97)
[2023-03-13_14-43-50] Test: [ 930/1563]	Time  0.595 ( 1.268)	Loss 1.5189e+00 (1.6178e+00)	Acc@1  50.00 ( 61.98)	Acc@5  93.75 ( 84.91)
[2023-03-13_14-43-56] Test: [ 940/1563]	Time  0.586 ( 1.261)	Loss 2.8017e+00 (1.6287e+00)	Acc@1  37.50 ( 61.77)	Acc@5  65.62 ( 84.75)
[2023-03-13_14-44-02] Test: [ 950/1563]	Time  0.679 ( 1.254)	Loss 1.8587e+00 (1.6258e+00)	Acc@1  53.12 ( 61.84)	Acc@5  78.12 ( 84.76)
[2023-03-13_14-44-08] Test: [ 960/1563]	Time  0.596 ( 1.247)	Loss 1.5234e+00 (1.6254e+00)	Acc@1  65.62 ( 61.87)	Acc@5  87.50 ( 84.76)
[2023-03-13_14-44-14] Test: [ 970/1563]	Time  0.594 ( 1.241)	Loss 1.2544e+00 (1.6312e+00)	Acc@1  62.50 ( 61.74)	Acc@5  87.50 ( 84.68)
[2023-03-13_14-44-21] Test: [ 980/1563]	Time  0.548 ( 1.234)	Loss 8.9523e-01 (1.6369e+00)	Acc@1  81.25 ( 61.63)	Acc@5  90.62 ( 84.57)
[2023-03-13_14-44-27] Test: [ 990/1563]	Time  0.762 ( 1.228)	Loss 3.8005e+00 (1.6404e+00)	Acc@1  21.88 ( 61.56)	Acc@5  53.12 ( 84.49)
[2023-03-13_14-44-33] Test: [1000/1563]	Time  0.657 ( 1.222)	Loss 5.2220e-01 (1.6412e+00)	Acc@1  84.38 ( 61.45)	Acc@5 100.00 ( 84.49)
[2023-03-13_14-44-39] Test: [1010/1563]	Time  0.581 ( 1.216)	Loss 1.3620e+00 (1.6420e+00)	Acc@1  71.88 ( 61.48)	Acc@5  84.38 ( 84.45)
[2023-03-13_14-44-45] Test: [1020/1563]	Time  0.573 ( 1.210)	Loss 3.1718e+00 (1.6528e+00)	Acc@1  34.38 ( 61.30)	Acc@5  65.62 ( 84.29)
[2023-03-13_14-44-51] Test: [1030/1563]	Time  0.655 ( 1.205)	Loss 1.1704e+00 (1.6558e+00)	Acc@1  68.75 ( 61.21)	Acc@5  90.62 ( 84.26)
[2023-03-13_14-44-58] Test: [1040/1563]	Time  0.635 ( 1.199)	Loss 2.8801e+00 (1.6605e+00)	Acc@1  40.62 ( 61.06)	Acc@5  56.25 ( 84.20)
[2023-03-13_14-45-04] Test: [1050/1563]	Time  0.570 ( 1.193)	Loss 1.0325e+00 (1.6598e+00)	Acc@1  84.38 ( 61.10)	Acc@5  87.50 ( 84.20)
[2023-03-13_14-45-10] Test: [1060/1563]	Time  0.603 ( 1.188)	Loss 2.0493e+00 (1.6675e+00)	Acc@1  71.88 ( 60.98)	Acc@5  75.00 ( 84.09)
[2023-03-13_14-45-16] Test: [1070/1563]	Time  0.552 ( 1.183)	Loss 7.8099e-01 (1.6695e+00)	Acc@1  84.38 ( 60.92)	Acc@5  93.75 ( 84.06)
[2023-03-13_14-45-22] Test: [1080/1563]	Time  0.724 ( 1.177)	Loss 1.9092e+00 (1.6719e+00)	Acc@1  53.12 ( 60.88)	Acc@5  90.62 ( 84.01)
[2023-03-13_14-45-29] Test: [1090/1563]	Time  0.633 ( 1.172)	Loss 1.6486e+00 (1.6749e+00)	Acc@1  65.62 ( 60.84)	Acc@5  87.50 ( 83.95)
[2023-03-13_14-45-35] Test: [1100/1563]	Time  0.588 ( 1.167)	Loss 9.5174e-01 (1.6740e+00)	Acc@1  75.00 ( 60.89)	Acc@5  93.75 ( 83.96)
[2023-03-13_14-45-41] Test: [1110/1563]	Time  0.547 ( 1.162)	Loss 3.1157e+00 (1.6793e+00)	Acc@1  28.12 ( 60.77)	Acc@5  59.38 ( 83.89)
[2023-03-13_14-45-47] Test: [1120/1563]	Time  0.712 ( 1.157)	Loss 1.6028e+00 (1.6808e+00)	Acc@1  62.50 ( 60.77)	Acc@5  84.38 ( 83.86)
[2023-03-13_14-45-53] Test: [1130/1563]	Time  0.642 ( 1.153)	Loss 2.4670e+00 (1.6820e+00)	Acc@1  50.00 ( 60.78)	Acc@5  68.75 ( 83.82)
[2023-03-13_14-46-00] Test: [1140/1563]	Time  0.573 ( 1.148)	Loss 2.5107e+00 (1.6857e+00)	Acc@1  46.88 ( 60.73)	Acc@5  71.88 ( 83.76)
[2023-03-13_14-46-06] Test: [1150/1563]	Time  0.600 ( 1.143)	Loss 2.1004e+00 (1.6906e+00)	Acc@1  62.50 ( 60.62)	Acc@5  78.12 ( 83.67)
[2023-03-13_14-46-12] Test: [1160/1563]	Time  0.551 ( 1.139)	Loss 2.3301e+00 (1.6931e+00)	Acc@1  40.62 ( 60.58)	Acc@5  78.12 ( 83.62)
[2023-03-13_14-46-18] Test: [1170/1563]	Time  0.694 ( 1.134)	Loss 2.4862e+00 (1.6976e+00)	Acc@1  43.75 ( 60.45)	Acc@5  68.75 ( 83.54)
[2023-03-13_14-46-24] Test: [1180/1563]	Time  0.616 ( 1.130)	Loss 8.8075e-01 (1.6985e+00)	Acc@1  81.25 ( 60.45)	Acc@5  93.75 ( 83.53)
[2023-03-13_14-46-30] Test: [1190/1563]	Time  0.590 ( 1.126)	Loss 2.3594e+00 (1.6994e+00)	Acc@1  50.00 ( 60.45)	Acc@5  75.00 ( 83.51)
[2023-03-13_14-46-36] Test: [1200/1563]	Time  0.545 ( 1.121)	Loss 2.3852e+00 (1.7041e+00)	Acc@1  59.38 ( 60.38)	Acc@5  78.12 ( 83.43)
[2023-03-13_14-46-43] Test: [1210/1563]	Time  0.736 ( 1.117)	Loss 1.5308e+00 (1.7054e+00)	Acc@1  65.62 ( 60.38)	Acc@5  84.38 ( 83.39)
[2023-03-13_14-46-49] Test: [1220/1563]	Time  0.647 ( 1.113)	Loss 6.6168e-01 (1.7068e+00)	Acc@1  81.25 ( 60.35)	Acc@5 100.00 ( 83.36)
[2023-03-13_14-46-55] Test: [1230/1563]	Time  0.577 ( 1.109)	Loss 2.6106e+00 (1.7107e+00)	Acc@1  40.62 ( 60.27)	Acc@5  71.88 ( 83.32)
[2023-03-13_14-47-01] Test: [1240/1563]	Time  0.594 ( 1.105)	Loss 2.1893e+00 (1.7154e+00)	Acc@1  53.12 ( 60.18)	Acc@5  62.50 ( 83.24)
[2023-03-13_14-47-07] Test: [1250/1563]	Time  0.585 ( 1.101)	Loss 1.8311e+00 (1.7196e+00)	Acc@1  56.25 ( 60.12)	Acc@5  81.25 ( 83.17)
[2023-03-13_14-47-14] Test: [1260/1563]	Time  0.679 ( 1.098)	Loss 1.7388e+00 (1.7179e+00)	Acc@1  68.75 ( 60.22)	Acc@5  81.25 ( 83.20)
[2023-03-13_14-47-20] Test: [1270/1563]	Time  0.597 ( 1.094)	Loss 2.7156e+00 (1.7192e+00)	Acc@1  43.75 ( 60.18)	Acc@5  68.75 ( 83.18)
[2023-03-13_14-47-26] Test: [1280/1563]	Time  0.589 ( 1.090)	Loss 2.5653e+00 (1.7209e+00)	Acc@1  46.88 ( 60.15)	Acc@5  78.12 ( 83.16)
[2023-03-13_14-47-32] Test: [1290/1563]	Time  0.547 ( 1.086)	Loss 3.2794e+00 (1.7231e+00)	Acc@1  28.12 ( 60.12)	Acc@5  56.25 ( 83.12)
[2023-03-13_14-47-38] Test: [1300/1563]	Time  0.753 ( 1.083)	Loss 1.2955e+00 (1.7253e+00)	Acc@1  75.00 ( 60.12)	Acc@5  84.38 ( 83.09)
[2023-03-13_14-47-44] Test: [1310/1563]	Time  0.653 ( 1.079)	Loss 2.8839e+00 (1.7339e+00)	Acc@1  21.88 ( 59.93)	Acc@5  59.38 ( 82.95)
[2023-03-13_14-47-51] Test: [1320/1563]	Time  0.579 ( 1.076)	Loss 2.7968e+00 (1.7398e+00)	Acc@1  37.50 ( 59.80)	Acc@5  65.62 ( 82.84)
[2023-03-13_14-47-57] Test: [1330/1563]	Time  0.585 ( 1.072)	Loss 2.2586e+00 (1.7404e+00)	Acc@1  46.88 ( 59.76)	Acc@5  81.25 ( 82.83)
[2023-03-13_14-48-03] Test: [1340/1563]	Time  0.604 ( 1.069)	Loss 1.8854e+00 (1.7403e+00)	Acc@1  56.25 ( 59.75)	Acc@5  75.00 ( 82.82)
[2023-03-13_14-48-09] Test: [1350/1563]	Time  0.651 ( 1.066)	Loss 2.1078e+00 (1.7455e+00)	Acc@1  37.50 ( 59.65)	Acc@5  81.25 ( 82.71)
[2023-03-13_14-48-15] Test: [1360/1563]	Time  0.584 ( 1.062)	Loss 1.6406e+00 (1.7485e+00)	Acc@1  65.62 ( 59.58)	Acc@5  84.38 ( 82.68)
[2023-03-13_14-48-22] Test: [1370/1563]	Time  0.615 ( 1.059)	Loss 2.0209e+00 (1.7479e+00)	Acc@1  43.75 ( 59.57)	Acc@5  75.00 ( 82.69)
[2023-03-13_14-48-28] Test: [1380/1563]	Time  0.565 ( 1.056)	Loss 2.4978e+00 (1.7511e+00)	Acc@1  31.25 ( 59.51)	Acc@5  71.88 ( 82.63)
[2023-03-13_14-48-34] Test: [1390/1563]	Time  0.776 ( 1.053)	Loss 1.3730e+00 (1.7535e+00)	Acc@1  62.50 ( 59.45)	Acc@5  84.38 ( 82.56)
[2023-03-13_14-48-40] Test: [1400/1563]	Time  0.657 ( 1.050)	Loss 1.1397e+00 (1.7531e+00)	Acc@1  68.75 ( 59.44)	Acc@5  96.88 ( 82.57)
[2023-03-13_14-48-47] Test: [1410/1563]	Time  0.581 ( 1.047)	Loss 2.3144e+00 (1.7554e+00)	Acc@1  46.88 ( 59.40)	Acc@5  78.12 ( 82.53)
[2023-03-13_14-48-53] Test: [1420/1563]	Time  0.572 ( 1.044)	Loss 2.3091e+00 (1.7596e+00)	Acc@1  28.12 ( 59.31)	Acc@5  87.50 ( 82.49)
[2023-03-13_14-48-59] Test: [1430/1563]	Time  0.654 ( 1.041)	Loss 6.9566e-01 (1.7594e+00)	Acc@1  81.25 ( 59.30)	Acc@5  93.75 ( 82.51)
[2023-03-13_14-49-05] Test: [1440/1563]	Time  0.633 ( 1.038)	Loss 3.0536e+00 (1.7623e+00)	Acc@1  34.38 ( 59.24)	Acc@5  62.50 ( 82.46)
[2023-03-13_14-49-11] Test: [1450/1563]	Time  0.572 ( 1.035)	Loss 1.6103e+00 (1.7610e+00)	Acc@1  65.62 ( 59.24)	Acc@5  90.62 ( 82.49)
[2023-03-13_14-49-17] Test: [1460/1563]	Time  0.603 ( 1.032)	Loss 1.7214e+00 (1.7616e+00)	Acc@1  59.38 ( 59.23)	Acc@5  78.12 ( 82.46)
[2023-03-13_14-49-23] Test: [1470/1563]	Time  0.550 ( 1.029)	Loss 1.0998e+00 (1.7584e+00)	Acc@1  78.12 ( 59.30)	Acc@5  93.75 ( 82.50)
[2023-03-13_14-49-30] Test: [1480/1563]	Time  0.723 ( 1.026)	Loss 1.7044e+00 (1.7551e+00)	Acc@1  37.50 ( 59.35)	Acc@5  90.62 ( 82.55)
[2023-03-13_14-49-36] Test: [1490/1563]	Time  0.633 ( 1.024)	Loss 1.2649e+00 (1.7537e+00)	Acc@1  65.62 ( 59.37)	Acc@5  90.62 ( 82.56)
[2023-03-13_14-49-42] Test: [1500/1563]	Time  0.588 ( 1.021)	Loss 2.6685e+00 (1.7522e+00)	Acc@1  43.75 ( 59.44)	Acc@5  56.25 ( 82.58)
[2023-03-13_14-49-48] Test: [1510/1563]	Time  0.548 ( 1.018)	Loss 2.6078e+00 (1.7570e+00)	Acc@1  40.62 ( 59.33)	Acc@5  71.88 ( 82.52)
[2023-03-13_14-49-54] Test: [1520/1563]	Time  0.715 ( 1.016)	Loss 1.6813e+00 (1.7603e+00)	Acc@1  62.50 ( 59.25)	Acc@5  87.50 ( 82.47)
[2023-03-13_14-50-01] Test: [1530/1563]	Time  0.641 ( 1.013)	Loss 2.1170e+00 (1.7647e+00)	Acc@1  37.50 ( 59.12)	Acc@5  84.38 ( 82.43)
[2023-03-13_14-50-07] Test: [1540/1563]	Time  0.574 ( 1.011)	Loss 2.7325e-01 (1.7636e+00)	Acc@1  90.62 ( 59.18)	Acc@5 100.00 ( 82.45)
[2023-03-13_14-50-13] Test: [1550/1563]	Time  0.604 ( 1.008)	Loss 1.6280e+00 (1.7591e+00)	Acc@1  68.75 ( 59.28)	Acc@5  87.50 ( 82.50)
[2023-03-13_14-50-19] Test: [1560/1563]	Time  0.550 ( 1.005)	Loss 1.9879e+00 (1.7557e+00)	Acc@1  50.00 ( 59.36)	Acc@5  81.25 ( 82.55)
[2023-03-13_14-50-20]  * Acc@1 59.316 Acc@5 82.516
