[2023-03-13_17-45-47] main_our.py --action QUANTIZE --arch resnet50_imagenet --batch_size 32 --gpu 1 --x_bits 5 --w_bits 8 --boris 1

[2023-03-13_17-45-47] desc=None, x_bits=8, w_bits=6
[2023-03-13_17-45-47] __init__: arch=resnet50, dataset=imagenet, model_chkp=None, pretrained=True
[2023-03-13_17-45-48] train_pred: epochs=1, lr=0, lr_plan=None, momentum=0.9, wd=0.0005, batch_size=32, optimizer=SGD
[2023-03-13_17-45-48] lr=0, running train steps with no_grad()
[2023-03-13_17-45-49] Epoch: [0][    0/40037]	Time  1.303 ( 1.303)	Data  0.347 ( 0.347)	Loss 1.4762e+00 (1.4762e+00)	Acc@1  65.62 ( 65.62)	Acc@5  93.75 ( 93.75)
[2023-03-13_17-45-59] Epoch: [0][   10/40037]	Time  0.949 ( 0.982)	Data  0.000 ( 0.032)	Loss 1.7571e+00 (1.4461e+00)	Acc@1  59.38 ( 64.77)	Acc@5  87.50 ( 88.92)
[2023-03-13_17-46-08] Epoch: [0][   20/40037]	Time  0.953 ( 0.967)	Data  0.000 ( 0.017)	Loss 1.1135e+00 (1.3646e+00)	Acc@1  75.00 ( 66.52)	Acc@5  87.50 ( 89.43)
[2023-03-13_17-46-18] Epoch: [0][   30/40037]	Time  0.952 ( 0.962)	Data  0.000 ( 0.011)	Loss 1.6201e+00 (1.4049e+00)	Acc@1  68.75 ( 66.63)	Acc@5  75.00 ( 87.90)
[2023-03-13_17-46-27] Epoch: [0][   40/40037]	Time  0.954 ( 0.959)	Data  0.000 ( 0.009)	Loss 9.8244e-01 (1.4144e+00)	Acc@1  75.00 ( 66.84)	Acc@5  93.75 ( 87.42)
[2023-03-13_17-46-37] Epoch: [0][   50/40037]	Time  0.953 ( 0.957)	Data  0.000 ( 0.007)	Loss 1.2133e+00 (1.3948e+00)	Acc@1  78.12 ( 67.16)	Acc@5  93.75 ( 87.68)
[2023-03-13_17-46-46] Epoch: [0][   60/40037]	Time  0.949 ( 0.956)	Data  0.000 ( 0.006)	Loss 1.0916e+00 (1.3636e+00)	Acc@1  68.75 ( 67.83)	Acc@5  90.62 ( 88.01)
[2023-03-13_17-46-52] Test: [   0/1563]	Time  1.228 ( 1.228)	Loss 3.8531e-01 (3.8531e-01)	Acc@1  93.75 ( 93.75)	Acc@5  96.88 ( 96.88)
[2023-03-13_17-47-01] Test: [  10/1563]	Time  0.934 ( 0.959)	Loss 1.0294e+00 (8.4323e-01)	Acc@1  71.88 ( 77.27)	Acc@5  93.75 ( 94.89)
[2023-03-13_17-47-10] Test: [  20/1563]	Time  0.944 ( 0.954)	Loss 2.4776e-01 (7.4224e-01)	Acc@1  93.75 ( 80.95)	Acc@5  96.88 ( 95.39)
[2023-03-13_17-47-20] Test: [  30/1563]	Time  0.952 ( 0.953)	Loss 9.9938e-02 (6.9402e-01)	Acc@1  96.88 ( 82.76)	Acc@5 100.00 ( 95.06)
[2023-03-13_17-47-29] Test: [  40/1563]	Time  0.944 ( 0.951)	Loss 4.4623e-01 (6.7464e-01)	Acc@1  81.25 ( 83.31)	Acc@5 100.00 ( 95.12)
[2023-03-13_17-47-39] Test: [  50/1563]	Time  0.942 ( 0.950)	Loss 1.8360e+00 (7.4389e-01)	Acc@1  50.00 ( 81.50)	Acc@5  84.38 ( 94.55)
[2023-03-13_17-47-48] Test: [  60/1563]	Time  0.942 ( 0.949)	Loss 7.8654e-01 (8.2455e-01)	Acc@1  84.38 ( 79.15)	Acc@5  90.62 ( 94.01)
[2023-03-13_17-47-58] Test: [  70/1563]	Time  0.944 ( 0.949)	Loss 1.6687e+00 (8.5379e-01)	Acc@1  75.00 ( 78.30)	Acc@5  81.25 ( 93.79)
[2023-03-13_17-48-07] Test: [  80/1563]	Time  0.957 ( 0.948)	Loss 6.0631e-01 (8.7992e-01)	Acc@1  87.50 ( 77.85)	Acc@5  93.75 ( 93.56)
[2023-03-13_17-48-17] Test: [  90/1563]	Time  0.952 ( 0.948)	Loss 1.5790e+00 (9.3765e-01)	Acc@1  56.25 ( 76.44)	Acc@5  93.75 ( 92.96)
[2023-03-13_17-48-26] Test: [ 100/1563]	Time  0.944 ( 0.948)	Loss 2.1513e+00 (1.0052e+00)	Acc@1  43.75 ( 74.78)	Acc@5  78.12 ( 92.05)
[2023-03-13_17-48-35] Test: [ 110/1563]	Time  0.942 ( 0.947)	Loss 9.2278e-01 (1.0103e+00)	Acc@1  84.38 ( 73.96)	Acc@5  90.62 ( 92.12)
[2023-03-13_17-48-45] Test: [ 120/1563]	Time  0.947 ( 0.947)	Loss 9.4157e-01 (1.0087e+00)	Acc@1  68.75 ( 73.32)	Acc@5  96.88 ( 92.43)
[2023-03-13_17-48-54] Test: [ 130/1563]	Time  0.936 ( 0.946)	Loss 5.2776e-01 (1.0094e+00)	Acc@1  84.38 ( 73.64)	Acc@5  96.88 ( 92.41)
[2023-03-13_17-49-04] Test: [ 140/1563]	Time  0.958 ( 0.947)	Loss 6.3845e-01 (9.7823e-01)	Acc@1  87.50 ( 74.60)	Acc@5  93.75 ( 92.58)
[2023-03-13_17-49-13] Test: [ 150/1563]	Time  0.959 ( 0.947)	Loss 4.6368e-01 (9.3701e-01)	Acc@1  93.75 ( 75.72)	Acc@5  93.75 ( 92.90)
[2023-03-13_17-49-23] Test: [ 160/1563]	Time  0.940 ( 0.947)	Loss 2.0505e-01 (9.2373e-01)	Acc@1  96.88 ( 75.93)	Acc@5 100.00 ( 93.07)
[2023-03-13_17-49-32] Test: [ 170/1563]	Time  0.938 ( 0.947)	Loss 6.1715e-01 (9.2846e-01)	Acc@1  84.38 ( 76.08)	Acc@5 100.00 ( 93.00)
[2023-03-13_17-49-42] Test: [ 180/1563]	Time  0.953 ( 0.947)	Loss 7.9608e-01 (9.3053e-01)	Acc@1  78.12 ( 76.14)	Acc@5  93.75 ( 92.89)
[2023-03-13_17-49-51] Test: [ 190/1563]	Time  0.963 ( 0.947)	Loss 9.1760e-01 (9.3564e-01)	Acc@1  78.12 ( 75.90)	Acc@5  87.50 ( 92.80)
[2023-03-13_17-50-01] Test: [ 200/1563]	Time  0.933 ( 0.947)	Loss 9.8902e-01 (9.3829e-01)	Acc@1  75.00 ( 75.98)	Acc@5  87.50 ( 92.74)
[2023-03-13_17-50-10] Test: [ 210/1563]	Time  0.942 ( 0.947)	Loss 1.2345e+00 (9.2048e-01)	Acc@1  65.62 ( 76.38)	Acc@5  90.62 ( 92.89)
[2023-03-13_17-50-20] Test: [ 220/1563]	Time  0.930 ( 0.946)	Loss 5.9978e-01 (9.0118e-01)	Acc@1  87.50 ( 76.89)	Acc@5  90.62 ( 93.00)
[2023-03-13_17-50-29] Test: [ 230/1563]	Time  0.926 ( 0.946)	Loss 1.1654e+00 (8.8571e-01)	Acc@1  84.38 ( 77.41)	Acc@5  87.50 ( 93.07)
[2023-03-13_17-50-38] Test: [ 240/1563]	Time  0.950 ( 0.946)	Loss 1.5649e+00 (8.8559e-01)	Acc@1  71.88 ( 77.42)	Acc@5  84.38 ( 93.04)
[2023-03-13_17-50-48] Test: [ 250/1563]	Time  0.958 ( 0.946)	Loss 3.0480e-01 (8.8329e-01)	Acc@1  90.62 ( 77.51)	Acc@5  96.88 ( 93.13)
[2023-03-13_17-50-57] Test: [ 260/1563]	Time  0.956 ( 0.947)	Loss 1.5806e+00 (8.9434e-01)	Acc@1  56.25 ( 77.22)	Acc@5  90.62 ( 93.04)
[2023-03-13_17-51-07] Test: [ 270/1563]	Time  0.949 ( 0.947)	Loss 8.7487e-01 (9.0416e-01)	Acc@1  78.12 ( 76.89)	Acc@5  93.75 ( 92.98)
[2023-03-13_17-51-16] Test: [ 280/1563]	Time  0.953 ( 0.947)	Loss 1.4606e+00 (9.0299e-01)	Acc@1  59.38 ( 76.90)	Acc@5  93.75 ( 93.07)
[2023-03-13_17-51-26] Test: [ 290/1563]	Time  0.951 ( 0.947)	Loss 1.0354e+00 (9.0161e-01)	Acc@1  65.62 ( 76.97)	Acc@5  93.75 ( 93.08)
[2023-03-13_17-51-36] Test: [ 300/1563]	Time  0.951 ( 0.948)	Loss 1.0041e+00 (9.0537e-01)	Acc@1  75.00 ( 76.71)	Acc@5  93.75 ( 93.09)
[2023-03-13_17-53-27] Test: [ 310/1563]	Time  0.950 ( 1.277)	Loss 9.5144e-01 (9.0915e-01)	Acc@1  75.00 ( 76.50)	Acc@5  93.75 ( 93.16)
[2023-03-13_17-53-37] Test: [ 320/1563]	Time  0.947 ( 1.266)	Loss 1.0730e+00 (9.1116e-01)	Acc@1  75.00 ( 76.29)	Acc@5  87.50 ( 93.21)
[2023-03-13_17-53-46] Test: [ 330/1563]	Time  0.950 ( 1.257)	Loss 7.9216e-01 (9.0719e-01)	Acc@1  75.00 ( 76.46)	Acc@5  96.88 ( 93.31)
[2023-03-13_17-53-56] Test: [ 340/1563]	Time  0.955 ( 1.248)	Loss 3.7598e-01 (9.0068e-01)	Acc@1  90.62 ( 76.63)	Acc@5 100.00 ( 93.36)
[2023-03-13_17-54-05] Test: [ 350/1563]	Time  0.952 ( 1.239)	Loss 9.3018e-01 (8.9789e-01)	Acc@1  71.88 ( 76.73)	Acc@5  87.50 ( 93.40)
[2023-03-13_17-54-15] Test: [ 360/1563]	Time  0.955 ( 1.231)	Loss 1.1177e+00 (9.0062e-01)	Acc@1  59.38 ( 76.64)	Acc@5  93.75 ( 93.38)
[2023-03-13_17-54-24] Test: [ 370/1563]	Time  0.960 ( 1.224)	Loss 8.1894e-01 (9.0162e-01)	Acc@1  75.00 ( 76.57)	Acc@5  93.75 ( 93.41)
[2023-03-13_17-54-34] Test: [ 380/1563]	Time  0.958 ( 1.217)	Loss 9.3159e-01 (9.0908e-01)	Acc@1  71.88 ( 76.23)	Acc@5  93.75 ( 93.41)
[2023-03-13_17-54-44] Test: [ 390/1563]	Time  0.953 ( 1.210)	Loss 1.4138e+00 (9.0949e-01)	Acc@1  62.50 ( 76.17)	Acc@5  90.62 ( 93.45)
[2023-03-13_17-54-53] Test: [ 400/1563]	Time  0.955 ( 1.204)	Loss 7.4722e-01 (9.0207e-01)	Acc@1  78.12 ( 76.34)	Acc@5  96.88 ( 93.54)
[2023-03-13_17-55-03] Test: [ 410/1563]	Time  0.953 ( 1.198)	Loss 4.5560e-01 (8.9448e-01)	Acc@1  93.75 ( 76.61)	Acc@5 100.00 ( 93.62)
[2023-03-13_17-55-12] Test: [ 420/1563]	Time  0.952 ( 1.192)	Loss 6.7353e-01 (8.9655e-01)	Acc@1  75.00 ( 76.45)	Acc@5  93.75 ( 93.59)
[2023-03-13_17-55-22] Test: [ 430/1563]	Time  0.952 ( 1.186)	Loss 8.0009e-02 (9.0205e-01)	Acc@1 100.00 ( 76.39)	Acc@5 100.00 ( 93.58)
[2023-03-13_17-55-31] Test: [ 440/1563]	Time  0.952 ( 1.181)	Loss 1.7554e+00 (9.0572e-01)	Acc@1  40.62 ( 76.18)	Acc@5  87.50 ( 93.58)
[2023-03-13_17-55-41] Test: [ 450/1563]	Time  0.949 ( 1.176)	Loss 7.0896e-01 (9.0962e-01)	Acc@1  84.38 ( 76.04)	Acc@5 100.00 ( 93.57)
[2023-03-13_17-55-50] Test: [ 460/1563]	Time  0.948 ( 1.171)	Loss 4.1787e-01 (9.0356e-01)	Acc@1  90.62 ( 76.24)	Acc@5  96.88 ( 93.61)
[2023-03-13_17-56-00] Test: [ 470/1563]	Time  0.953 ( 1.166)	Loss 9.3936e-01 (9.0440e-01)	Acc@1  71.88 ( 76.28)	Acc@5  96.88 ( 93.58)
[2023-03-13_17-56-09] Test: [ 480/1563]	Time  0.927 ( 1.161)	Loss 3.0571e-01 (9.0498e-01)	Acc@1  93.75 ( 76.20)	Acc@5 100.00 ( 93.63)
[2023-03-13_17-56-18] Test: [ 490/1563]	Time  0.946 ( 1.157)	Loss 1.3183e+00 (9.0989e-01)	Acc@1  68.75 ( 76.09)	Acc@5  84.38 ( 93.60)
[2023-03-13_17-56-28] Test: [ 500/1563]	Time  0.941 ( 1.153)	Loss 4.3997e-01 (9.0885e-01)	Acc@1  87.50 ( 76.12)	Acc@5 100.00 ( 93.60)
[2023-03-13_17-56-37] Test: [ 510/1563]	Time  0.948 ( 1.149)	Loss 3.9205e-01 (9.0024e-01)	Acc@1  87.50 ( 76.37)	Acc@5 100.00 ( 93.66)
[2023-03-13_17-56-47] Test: [ 520/1563]	Time  0.953 ( 1.145)	Loss 1.2430e-01 (8.9773e-01)	Acc@1  96.88 ( 76.49)	Acc@5 100.00 ( 93.67)
[2023-03-13_17-56-56] Test: [ 530/1563]	Time  0.961 ( 1.141)	Loss 7.5349e-02 (8.9282e-01)	Acc@1 100.00 ( 76.66)	Acc@5 100.00 ( 93.72)
[2023-03-13_17-57-06] Test: [ 540/1563]	Time  0.946 ( 1.138)	Loss 1.3511e+00 (8.9111e-01)	Acc@1  59.38 ( 76.68)	Acc@5  93.75 ( 93.75)
[2023-03-13_17-57-15] Test: [ 550/1563]	Time  0.942 ( 1.134)	Loss 8.4010e-01 (8.8746e-01)	Acc@1  65.62 ( 76.70)	Acc@5  96.88 ( 93.80)
[2023-03-13_17-57-25] Test: [ 560/1563]	Time  0.948 ( 1.131)	Loss 1.3450e+00 (8.9209e-01)	Acc@1  62.50 ( 76.59)	Acc@5  96.88 ( 93.79)
[2023-03-13_17-57-34] Test: [ 570/1563]	Time  0.958 ( 1.128)	Loss 6.6968e-01 (8.8965e-01)	Acc@1  84.38 ( 76.65)	Acc@5  93.75 ( 93.80)
[2023-03-13_17-57-44] Test: [ 580/1563]	Time  0.951 ( 1.125)	Loss 1.9369e+00 (8.9234e-01)	Acc@1  62.50 ( 76.68)	Acc@5  87.50 ( 93.77)
[2023-03-13_17-57-53] Test: [ 590/1563]	Time  0.957 ( 1.122)	Loss 1.6062e+00 (8.9220e-01)	Acc@1  56.25 ( 76.70)	Acc@5  87.50 ( 93.75)
[2023-03-13_17-58-03] Test: [ 600/1563]	Time  0.964 ( 1.119)	Loss 5.2347e-01 (8.9724e-01)	Acc@1  90.62 ( 76.57)	Acc@5  93.75 ( 93.70)
[2023-03-13_17-58-12] Test: [ 610/1563]	Time  0.950 ( 1.116)	Loss 1.6857e+00 (8.9810e-01)	Acc@1  59.38 ( 76.54)	Acc@5  84.38 ( 93.70)
[2023-03-13_17-58-22] Test: [ 620/1563]	Time  0.950 ( 1.114)	Loss 8.6970e-01 (8.9660e-01)	Acc@1  84.38 ( 76.58)	Acc@5  96.88 ( 93.70)
[2023-03-13_17-58-31] Test: [ 630/1563]	Time  0.921 ( 1.111)	Loss 4.6421e-01 (9.0485e-01)	Acc@1  78.12 ( 76.39)	Acc@5 100.00 ( 93.62)
[2023-03-13_17-58-41] Test: [ 640/1563]	Time  0.952 ( 1.108)	Loss 8.1761e-01 (9.0495e-01)	Acc@1  75.00 ( 76.37)	Acc@5 100.00 ( 93.62)
[2023-03-13_17-58-50] Test: [ 650/1563]	Time  0.953 ( 1.106)	Loss 5.7517e-01 (9.1802e-01)	Acc@1  81.25 ( 76.07)	Acc@5  96.88 ( 93.48)
[2023-03-13_17-59-00] Test: [ 660/1563]	Time  0.958 ( 1.104)	Loss 1.6813e+00 (9.2214e-01)	Acc@1  62.50 ( 76.00)	Acc@5  78.12 ( 93.43)
[2023-03-13_17-59-09] Test: [ 670/1563]	Time  0.949 ( 1.101)	Loss 9.3273e-01 (9.2636e-01)	Acc@1  68.75 ( 75.90)	Acc@5  90.62 ( 93.36)
[2023-03-13_17-59-19] Test: [ 680/1563]	Time  0.948 ( 1.099)	Loss 2.2145e+00 (9.3202e-01)	Acc@1  43.75 ( 75.78)	Acc@5  78.12 ( 93.26)
[2023-03-13_17-59-28] Test: [ 690/1563]	Time  0.956 ( 1.097)	Loss 1.3789e+00 (9.3991e-01)	Acc@1  65.62 ( 75.64)	Acc@5  84.38 ( 93.16)
[2023-03-13_17-59-38] Test: [ 700/1563]	Time  0.956 ( 1.095)	Loss 1.1089e+00 (9.4746e-01)	Acc@1  75.00 ( 75.46)	Acc@5  90.62 ( 93.10)
[2023-03-13_17-59-47] Test: [ 710/1563]	Time  0.960 ( 1.093)	Loss 1.9542e+00 (9.5170e-01)	Acc@1  59.38 ( 75.39)	Acc@5  81.25 ( 93.05)
[2023-03-13_17-59-57] Test: [ 720/1563]	Time  0.944 ( 1.091)	Loss 1.4104e+00 (9.6090e-01)	Acc@1  43.75 ( 75.21)	Acc@5  93.75 ( 92.91)
[2023-03-13_18-00-06] Test: [ 730/1563]	Time  0.966 ( 1.089)	Loss 8.9235e-01 (9.7084e-01)	Acc@1  78.12 ( 75.03)	Acc@5  96.88 ( 92.79)
[2023-03-13_18-00-16] Test: [ 740/1563]	Time  0.938 ( 1.087)	Loss 1.1259e+00 (9.7736e-01)	Acc@1  71.88 ( 74.93)	Acc@5  96.88 ( 92.70)
[2023-03-13_18-00-25] Test: [ 750/1563]	Time  0.945 ( 1.085)	Loss 9.6469e-01 (9.8294e-01)	Acc@1  75.00 ( 74.83)	Acc@5  90.62 ( 92.63)
[2023-03-13_18-00-35] Test: [ 760/1563]	Time  0.966 ( 1.084)	Loss 6.2050e-01 (9.8874e-01)	Acc@1  81.25 ( 74.65)	Acc@5 100.00 ( 92.58)
[2023-03-13_18-00-44] Test: [ 770/1563]	Time  0.937 ( 1.082)	Loss 2.7991e+00 (1.0029e+00)	Acc@1  40.62 ( 74.37)	Acc@5  65.62 ( 92.44)
[2023-03-13_18-00-54] Test: [ 780/1563]	Time  0.953 ( 1.080)	Loss 3.1474e+00 (1.0108e+00)	Acc@1  31.25 ( 74.22)	Acc@5  62.50 ( 92.33)
[2023-03-13_18-01-03] Test: [ 790/1563]	Time  0.956 ( 1.079)	Loss 1.8307e+00 (1.0214e+00)	Acc@1  62.50 ( 74.02)	Acc@5  90.62 ( 92.20)
[2023-03-13_18-01-13] Test: [ 800/1563]	Time  0.937 ( 1.077)	Loss 1.3272e+00 (1.0235e+00)	Acc@1  59.38 ( 73.93)	Acc@5  87.50 ( 92.18)
[2023-03-13_18-01-22] Test: [ 810/1563]	Time  0.961 ( 1.075)	Loss 8.0704e-01 (1.0276e+00)	Acc@1  78.12 ( 73.82)	Acc@5  93.75 ( 92.13)
[2023-03-13_18-01-32] Test: [ 820/1563]	Time  0.945 ( 1.074)	Loss 9.7915e-01 (1.0328e+00)	Acc@1  81.25 ( 73.71)	Acc@5  90.62 ( 92.05)
[2023-03-13_18-01-41] Test: [ 830/1563]	Time  0.957 ( 1.072)	Loss 1.5020e+00 (1.0400e+00)	Acc@1  46.88 ( 73.52)	Acc@5  93.75 ( 91.98)
[2023-03-13_18-01-51] Test: [ 840/1563]	Time  0.945 ( 1.071)	Loss 6.8463e-01 (1.0426e+00)	Acc@1  84.38 ( 73.50)	Acc@5  96.88 ( 91.95)
[2023-03-13_18-02-00] Test: [ 850/1563]	Time  0.953 ( 1.069)	Loss 1.3308e+00 (1.0486e+00)	Acc@1  75.00 ( 73.33)	Acc@5  87.50 ( 91.87)
[2023-03-13_18-02-10] Test: [ 860/1563]	Time  0.953 ( 1.068)	Loss 7.5970e-01 (1.0482e+00)	Acc@1  78.12 ( 73.37)	Acc@5  90.62 ( 91.88)
[2023-03-13_18-02-19] Test: [ 870/1563]	Time  0.931 ( 1.067)	Loss 1.6146e+00 (1.0497e+00)	Acc@1  59.38 ( 73.37)	Acc@5  81.25 ( 91.84)
[2023-03-13_18-02-29] Test: [ 880/1563]	Time  0.942 ( 1.065)	Loss 7.9769e-01 (1.0518e+00)	Acc@1  75.00 ( 73.33)	Acc@5  96.88 ( 91.79)
[2023-03-13_18-02-38] Test: [ 890/1563]	Time  0.952 ( 1.064)	Loss 8.9852e-01 (1.0522e+00)	Acc@1  81.25 ( 73.32)	Acc@5  93.75 ( 91.78)
[2023-03-13_18-02-48] Test: [ 900/1563]	Time  0.949 ( 1.063)	Loss 4.3381e-01 (1.0517e+00)	Acc@1  87.50 ( 73.35)	Acc@5  96.88 ( 91.77)
[2023-03-13_18-02-57] Test: [ 910/1563]	Time  0.966 ( 1.062)	Loss 1.4059e+00 (1.0539e+00)	Acc@1  78.12 ( 73.31)	Acc@5  90.62 ( 91.76)
[2023-03-13_18-03-07] Test: [ 920/1563]	Time  0.954 ( 1.060)	Loss 2.0107e+00 (1.0622e+00)	Acc@1  59.38 ( 73.16)	Acc@5  81.25 ( 91.65)
[2023-03-13_18-03-17] Test: [ 930/1563]	Time  0.942 ( 1.059)	Loss 6.7335e-01 (1.0634e+00)	Acc@1  68.75 ( 73.14)	Acc@5 100.00 ( 91.61)
[2023-03-13_18-03-26] Test: [ 940/1563]	Time  0.960 ( 1.058)	Loss 1.7840e+00 (1.0740e+00)	Acc@1  62.50 ( 72.95)	Acc@5  78.12 ( 91.47)
