[2023-03-13_12-09-09] main_our.py --action QUANTIZE --arch resnet50_imagenet --batch_size 32 --gpu 0 --x_bits 8 --w_bits 8 --boris 1

[2023-03-13_12-09-09] desc=None, x_bits=5, w_bits=5
[2023-03-13_12-09-09] __init__: arch=resnet50, dataset=imagenet, model_chkp=None, pretrained=True
[2023-03-13_12-09-09] train_pred: epochs=1, lr=0, lr_plan=None, momentum=0.9, wd=0.0005, batch_size=32, optimizer=SGD
[2023-03-13_12-09-09] lr=0, running train steps with no_grad()
[2023-03-13_12-09-10] Epoch: [0][    0/40037]	Time  1.008 ( 1.008)	Data  0.231 ( 0.231)	Loss 2.5660e+00 (2.5660e+00)	Acc@1  50.00 ( 50.00)	Acc@5  71.88 ( 71.88)
[2023-03-13_12-09-17] Epoch: [0][   10/40037]	Time  0.619 ( 0.658)	Data  0.000 ( 0.021)	Loss 2.3991e+00 (2.2629e+00)	Acc@1  50.00 ( 50.57)	Acc@5  68.75 ( 73.58)
[2023-03-13_12-09-23] Epoch: [0][   20/40037]	Time  0.596 ( 0.637)	Data  0.000 ( 0.011)	Loss 2.3788e+00 (2.2055e+00)	Acc@1  50.00 ( 52.38)	Acc@5  78.12 ( 76.04)
[2023-03-13_12-09-29] Epoch: [0][   30/40037]	Time  0.551 ( 0.629)	Data  0.000 ( 0.008)	Loss 2.0940e+00 (2.1797e+00)	Acc@1  50.00 ( 52.82)	Acc@5  78.12 ( 76.41)
[2023-03-13_12-09-35] Epoch: [0][   40/40037]	Time  0.767 ( 0.631)	Data  0.000 ( 0.006)	Loss 2.3659e+00 (2.1687e+00)	Acc@1  53.12 ( 52.67)	Acc@5  75.00 ( 76.07)
[2023-03-13_12-09-42] Epoch: [0][   50/40037]	Time  0.645 ( 0.630)	Data  0.000 ( 0.005)	Loss 2.0023e+00 (2.1807e+00)	Acc@1  59.38 ( 52.63)	Acc@5  78.12 ( 76.23)
[2023-03-13_12-09-48] Epoch: [0][   60/40037]	Time  0.592 ( 0.627)	Data  0.000 ( 0.004)	Loss 2.1309e+00 (2.1650e+00)	Acc@1  46.88 ( 52.87)	Acc@5  84.38 ( 76.95)
[2023-03-13_12-09-51] Test: [   0/1563]	Time  0.848 ( 0.848)	Loss 7.5256e-01 (7.5256e-01)	Acc@1  84.38 ( 84.38)	Acc@5  96.88 ( 96.88)
[2023-03-13_12-09-57] Test: [  10/1563]	Time  0.547 ( 0.630)	Loss 1.3687e+00 (1.3608e+00)	Acc@1  62.50 ( 65.91)	Acc@5  90.62 ( 89.20)
[2023-03-13_12-10-04] Test: [  20/1563]	Time  0.752 ( 0.629)	Loss 8.7145e-01 (1.2846e+00)	Acc@1  75.00 ( 68.30)	Acc@5  93.75 ( 89.29)
[2023-03-13_12-10-10] Test: [  30/1563]	Time  0.654 ( 0.628)	Loss 5.9092e-01 (1.2658e+00)	Acc@1  84.38 ( 70.26)	Acc@5  96.88 ( 89.42)
[2023-03-13_12-10-16] Test: [  40/1563]	Time  0.580 ( 0.623)	Loss 8.9444e-01 (1.2531e+00)	Acc@1  68.75 ( 71.19)	Acc@5  93.75 ( 89.48)
[2023-03-13_12-10-22] Test: [  50/1563]	Time  0.585 ( 0.621)	Loss 1.6947e+00 (1.3084e+00)	Acc@1  56.25 ( 69.91)	Acc@5  87.50 ( 88.42)
[2023-03-13_12-10-28] Test: [  60/1563]	Time  0.600 ( 0.619)	Loss 1.4739e+00 (1.3858e+00)	Acc@1  71.88 ( 67.32)	Acc@5  87.50 ( 87.81)
[2023-03-13_12-10-34] Test: [  70/1563]	Time  0.653 ( 0.621)	Loss 1.9561e+00 (1.4387e+00)	Acc@1  65.62 ( 65.58)	Acc@5  81.25 ( 86.71)
[2023-03-13_12-10-41] Test: [  80/1563]	Time  0.583 ( 0.621)	Loss 9.5608e-01 (1.4917e+00)	Acc@1  87.50 ( 64.43)	Acc@5  87.50 ( 85.96)
[2023-03-13_12-10-47] Test: [  90/1563]	Time  0.596 ( 0.620)	Loss 2.2023e+00 (1.5470e+00)	Acc@1  53.12 ( 62.88)	Acc@5  68.75 ( 85.30)
[2023-03-13_12-10-53] Test: [ 100/1563]	Time  0.548 ( 0.618)	Loss 3.0643e+00 (1.6106e+00)	Acc@1  31.25 ( 61.42)	Acc@5  62.50 ( 84.38)
[2023-03-13_12-10-59] Test: [ 110/1563]	Time  0.759 ( 0.620)	Loss 1.4666e+00 (1.6234e+00)	Acc@1  71.88 ( 60.70)	Acc@5  90.62 ( 84.29)
[2023-03-13_12-11-05] Test: [ 120/1563]	Time  0.656 ( 0.620)	Loss 1.2781e+00 (1.6213e+00)	Acc@1  59.38 ( 59.92)	Acc@5  96.88 ( 84.79)
[2023-03-13_12-11-11] Test: [ 130/1563]	Time  0.580 ( 0.619)	Loss 1.6095e+00 (1.6337e+00)	Acc@1  62.50 ( 60.09)	Acc@5  84.38 ( 84.71)
[2023-03-13_12-11-18] Test: [ 140/1563]	Time  0.572 ( 0.619)	Loss 1.4539e+00 (1.6054e+00)	Acc@1  78.12 ( 61.19)	Acc@5  87.50 ( 84.86)
[2023-03-13_12-11-24] Test: [ 150/1563]	Time  0.655 ( 0.618)	Loss 1.0896e+00 (1.5620e+00)	Acc@1  75.00 ( 62.33)	Acc@5  90.62 ( 85.33)
[2023-03-13_12-11-30] Test: [ 160/1563]	Time  0.636 ( 0.619)	Loss 1.1025e+00 (1.5461e+00)	Acc@1  71.88 ( 62.73)	Acc@5  90.62 ( 85.50)
[2023-03-13_12-11-36] Test: [ 170/1563]	Time  0.570 ( 0.619)	Loss 6.9117e-01 (1.5578e+00)	Acc@1  81.25 ( 62.74)	Acc@5  96.88 ( 85.23)
[2023-03-13_12-11-42] Test: [ 180/1563]	Time  0.604 ( 0.619)	Loss 1.8248e+00 (1.5771e+00)	Acc@1  56.25 ( 62.71)	Acc@5  84.38 ( 84.89)
[2023-03-13_12-11-48] Test: [ 190/1563]	Time  0.552 ( 0.618)	Loss 1.6430e+00 (1.5773e+00)	Acc@1  56.25 ( 62.50)	Acc@5  84.38 ( 84.98)
[2023-03-13_12-11-55] Test: [ 200/1563]	Time  0.724 ( 0.619)	Loss 1.8373e+00 (1.5853e+00)	Acc@1  62.50 ( 62.38)	Acc@5  81.25 ( 84.84)
[2023-03-13_12-12-01] Test: [ 210/1563]	Time  0.635 ( 0.619)	Loss 1.9449e+00 (1.5644e+00)	Acc@1  53.12 ( 62.89)	Acc@5  81.25 ( 85.06)
[2023-03-13_12-12-07] Test: [ 220/1563]	Time  0.587 ( 0.618)	Loss 1.2919e+00 (1.5406e+00)	Acc@1  71.88 ( 63.59)	Acc@5  93.75 ( 85.39)
[2023-03-13_12-12-13] Test: [ 230/1563]	Time  0.548 ( 0.618)	Loss 1.9248e+00 (1.5275e+00)	Acc@1  62.50 ( 64.02)	Acc@5  78.12 ( 85.52)
[2023-03-13_12-12-19] Test: [ 240/1563]	Time  0.712 ( 0.618)	Loss 2.1912e+00 (1.5228e+00)	Acc@1  46.88 ( 64.06)	Acc@5  84.38 ( 85.67)
[2023-03-13_12-12-26] Test: [ 250/1563]	Time  0.642 ( 0.618)	Loss 5.2808e-01 (1.5120e+00)	Acc@1  87.50 ( 64.19)	Acc@5 100.00 ( 85.97)
[2023-03-13_12-12-32] Test: [ 260/1563]	Time  0.575 ( 0.618)	Loss 2.1442e+00 (1.5127e+00)	Acc@1  37.50 ( 64.10)	Acc@5  81.25 ( 85.91)
[2023-03-13_12-12-38] Test: [ 270/1563]	Time  0.595 ( 0.618)	Loss 1.6891e+00 (1.5191e+00)	Acc@1  56.25 ( 63.80)	Acc@5  78.12 ( 85.89)
[2023-03-13_12-12-44] Test: [ 280/1563]	Time  0.587 ( 0.618)	Loss 2.3121e+00 (1.5157e+00)	Acc@1  40.62 ( 63.88)	Acc@5  78.12 ( 86.04)
[2023-03-13_12-12-50] Test: [ 290/1563]	Time  0.679 ( 0.618)	Loss 1.7023e+00 (1.5114e+00)	Acc@1  56.25 ( 63.90)	Acc@5  84.38 ( 86.17)
[2023-03-13_12-12-56] Test: [ 300/1563]	Time  0.597 ( 0.618)	Loss 1.8876e+00 (1.5140e+00)	Acc@1  40.62 ( 63.60)	Acc@5  81.25 ( 86.18)
[2023-03-13_12-13-03] Test: [ 310/1563]	Time  0.590 ( 0.618)	Loss 1.5864e+00 (1.5172e+00)	Acc@1  56.25 ( 63.29)	Acc@5  93.75 ( 86.27)
[2023-03-13_12-13-09] Test: [ 320/1563]	Time  0.547 ( 0.618)	Loss 1.5489e+00 (1.5180e+00)	Acc@1  62.50 ( 63.06)	Acc@5  87.50 ( 86.40)
[2023-03-13_12-13-15] Test: [ 330/1563]	Time  0.750 ( 0.618)	Loss 1.3138e+00 (1.5176e+00)	Acc@1  56.25 ( 63.04)	Acc@5  87.50 ( 86.46)
[2023-03-13_12-13-21] Test: [ 340/1563]	Time  0.655 ( 0.618)	Loss 7.4927e-01 (1.5063e+00)	Acc@1  87.50 ( 63.39)	Acc@5  96.88 ( 86.64)
[2023-03-13_12-13-27] Test: [ 350/1563]	Time  0.579 ( 0.618)	Loss 1.4828e+00 (1.5028e+00)	Acc@1  65.62 ( 63.47)	Acc@5  84.38 ( 86.72)
[2023-03-13_12-13-33] Test: [ 360/1563]	Time  0.586 ( 0.618)	Loss 1.5793e+00 (1.5013e+00)	Acc@1  53.12 ( 63.57)	Acc@5  93.75 ( 86.75)
[2023-03-13_12-13-39] Test: [ 370/1563]	Time  0.612 ( 0.618)	Loss 1.6747e+00 (1.5007e+00)	Acc@1  50.00 ( 63.53)	Acc@5  90.62 ( 86.78)
[2023-03-13_12-13-46] Test: [ 380/1563]	Time  0.650 ( 0.618)	Loss 1.3399e+00 (1.5072e+00)	Acc@1  78.12 ( 63.30)	Acc@5  87.50 ( 86.75)
[2023-03-13_12-13-52] Test: [ 390/1563]	Time  0.584 ( 0.618)	Loss 1.5390e+00 (1.5026e+00)	Acc@1  56.25 ( 63.30)	Acc@5  87.50 ( 86.81)
[2023-03-13_12-13-58] Test: [ 400/1563]	Time  0.595 ( 0.618)	Loss 1.0992e+00 (1.4908e+00)	Acc@1  59.38 ( 63.53)	Acc@5  90.62 ( 87.00)
[2023-03-13_12-14-04] Test: [ 410/1563]	Time  0.548 ( 0.618)	Loss 1.1539e+00 (1.4819e+00)	Acc@1  78.12 ( 63.86)	Acc@5  93.75 ( 87.15)
[2023-03-13_12-14-10] Test: [ 420/1563]	Time  0.764 ( 0.618)	Loss 1.2463e+00 (1.4839e+00)	Acc@1  68.75 ( 63.76)	Acc@5  84.38 ( 87.15)
[2023-03-13_12-14-17] Test: [ 430/1563]	Time  0.657 ( 0.618)	Loss 4.3995e-01 (1.4869e+00)	Acc@1  96.88 ( 63.70)	Acc@5  96.88 ( 87.17)
[2023-03-13_12-14-23] Test: [ 440/1563]	Time  0.582 ( 0.618)	Loss 2.2004e+00 (1.4879e+00)	Acc@1  25.00 ( 63.58)	Acc@5  84.38 ( 87.17)
[2023-03-13_12-14-29] Test: [ 450/1563]	Time  0.572 ( 0.618)	Loss 1.0516e+00 (1.4920e+00)	Acc@1  68.75 ( 63.46)	Acc@5 100.00 ( 87.15)
[2023-03-13_12-14-35] Test: [ 460/1563]	Time  0.654 ( 0.618)	Loss 8.6066e-01 (1.4852e+00)	Acc@1  84.38 ( 63.70)	Acc@5  90.62 ( 87.28)
[2023-03-13_12-14-41] Test: [ 470/1563]	Time  0.633 ( 0.618)	Loss 1.7496e+00 (1.4876e+00)	Acc@1  46.88 ( 63.67)	Acc@5  81.25 ( 87.26)
[2023-03-13_12-14-48] Test: [ 480/1563]	Time  0.570 ( 0.618)	Loss 7.5260e-01 (1.4873e+00)	Acc@1  78.12 ( 63.63)	Acc@5  90.62 ( 87.28)
[2023-03-13_12-14-54] Test: [ 490/1563]	Time  0.604 ( 0.618)	Loss 1.9582e+00 (1.4914e+00)	Acc@1  59.38 ( 63.54)	Acc@5  81.25 ( 87.22)
[2023-03-13_12-15-00] Test: [ 500/1563]	Time  0.551 ( 0.618)	Loss 9.7936e-01 (1.4899e+00)	Acc@1  78.12 ( 63.60)	Acc@5  96.88 ( 87.24)
[2023-03-13_12-15-06] Test: [ 510/1563]	Time  0.723 ( 0.618)	Loss 6.9068e-01 (1.4790e+00)	Acc@1  84.38 ( 63.94)	Acc@5  96.88 ( 87.36)
[2023-03-13_12-15-12] Test: [ 520/1563]	Time  0.633 ( 0.618)	Loss 3.5682e-01 (1.4722e+00)	Acc@1  96.88 ( 64.18)	Acc@5 100.00 ( 87.45)
[2023-03-13_12-15-18] Test: [ 530/1563]	Time  0.587 ( 0.618)	Loss 7.4474e-01 (1.4671e+00)	Acc@1  84.38 ( 64.39)	Acc@5 100.00 ( 87.51)
[2023-03-13_12-15-24] Test: [ 540/1563]	Time  0.548 ( 0.618)	Loss 2.1692e+00 (1.4667e+00)	Acc@1  40.62 ( 64.41)	Acc@5  81.25 ( 87.51)
[2023-03-13_12-15-31] Test: [ 550/1563]	Time  0.710 ( 0.618)	Loss 1.7240e+00 (1.4646e+00)	Acc@1  56.25 ( 64.43)	Acc@5  84.38 ( 87.51)
[2023-03-13_12-15-37] Test: [ 560/1563]	Time  0.641 ( 0.618)	Loss 1.6467e+00 (1.4668e+00)	Acc@1  43.75 ( 64.32)	Acc@5  96.88 ( 87.53)
[2023-03-13_12-15-43] Test: [ 570/1563]	Time  0.572 ( 0.618)	Loss 1.0643e+00 (1.4634e+00)	Acc@1  81.25 ( 64.44)	Acc@5  90.62 ( 87.53)
[2023-03-13_12-15-49] Test: [ 580/1563]	Time  0.601 ( 0.618)	Loss 1.8079e+00 (1.4670e+00)	Acc@1  65.62 ( 64.41)	Acc@5  81.25 ( 87.48)
[2023-03-13_12-15-55] Test: [ 590/1563]	Time  0.550 ( 0.617)	Loss 1.9221e+00 (1.4670e+00)	Acc@1  50.00 ( 64.43)	Acc@5  81.25 ( 87.46)
[2023-03-13_12-16-02] Test: [ 600/1563]	Time  0.696 ( 0.618)	Loss 1.2679e+00 (1.4711e+00)	Acc@1  78.12 ( 64.29)	Acc@5  87.50 ( 87.41)
[2023-03-13_12-16-08] Test: [ 610/1563]	Time  0.615 ( 0.618)	Loss 2.0939e+00 (1.4696e+00)	Acc@1  53.12 ( 64.36)	Acc@5  78.12 ( 87.41)
[2023-03-13_12-16-14] Test: [ 620/1563]	Time  0.590 ( 0.618)	Loss 1.0376e+00 (1.4693e+00)	Acc@1  81.25 ( 64.39)	Acc@5  90.62 ( 87.39)
[2023-03-13_12-16-20] Test: [ 630/1563]	Time  0.547 ( 0.617)	Loss 1.2678e+00 (1.4804e+00)	Acc@1  65.62 ( 64.21)	Acc@5  90.62 ( 87.26)
[2023-03-13_12-16-26] Test: [ 640/1563]	Time  0.737 ( 0.618)	Loss 1.5340e+00 (1.4808e+00)	Acc@1  59.38 ( 64.15)	Acc@5  90.62 ( 87.28)
[2023-03-13_12-16-32] Test: [ 650/1563]	Time  0.647 ( 0.618)	Loss 1.3999e+00 (1.4938e+00)	Acc@1  65.62 ( 63.86)	Acc@5  90.62 ( 87.08)
[2023-03-13_12-16-39] Test: [ 660/1563]	Time  0.577 ( 0.618)	Loss 2.0193e+00 (1.4969e+00)	Acc@1  56.25 ( 63.86)	Acc@5  78.12 ( 87.06)
[2023-03-13_12-16-45] Test: [ 670/1563]	Time  0.594 ( 0.618)	Loss 1.5273e+00 (1.5017e+00)	Acc@1  62.50 ( 63.79)	Acc@5  84.38 ( 86.96)
[2023-03-13_12-16-51] Test: [ 680/1563]	Time  0.586 ( 0.617)	Loss 2.5408e+00 (1.5087e+00)	Acc@1  34.38 ( 63.64)	Acc@5  75.00 ( 86.82)
[2023-03-13_12-16-57] Test: [ 690/1563]	Time  0.680 ( 0.618)	Loss 1.8776e+00 (1.5174e+00)	Acc@1  46.88 ( 63.46)	Acc@5  87.50 ( 86.69)
[2023-03-13_12-17-03] Test: [ 700/1563]	Time  0.597 ( 0.618)	Loss 1.7757e+00 (1.5256e+00)	Acc@1  59.38 ( 63.28)	Acc@5  81.25 ( 86.60)
[2023-03-13_12-17-09] Test: [ 710/1563]	Time  0.589 ( 0.618)	Loss 2.7094e+00 (1.5323e+00)	Acc@1  31.25 ( 63.12)	Acc@5  71.88 ( 86.48)
[2023-03-13_12-17-15] Test: [ 720/1563]	Time  0.545 ( 0.617)	Loss 1.7253e+00 (1.5442e+00)	Acc@1  43.75 ( 62.91)	Acc@5  84.38 ( 86.30)
[2023-03-13_12-17-22] Test: [ 730/1563]	Time  0.750 ( 0.618)	Loss 1.3953e+00 (1.5533e+00)	Acc@1  65.62 ( 62.76)	Acc@5  90.62 ( 86.17)
[2023-03-13_12-17-28] Test: [ 740/1563]	Time  0.655 ( 0.618)	Loss 1.5086e+00 (1.5588e+00)	Acc@1  68.75 ( 62.71)	Acc@5  90.62 ( 86.08)
[2023-03-13_12-17-34] Test: [ 750/1563]	Time  0.579 ( 0.618)	Loss 2.4282e+00 (1.5659e+00)	Acc@1  50.00 ( 62.58)	Acc@5  65.62 ( 85.96)
[2023-03-13_12-17-40] Test: [ 760/1563]	Time  0.585 ( 0.617)	Loss 1.1952e+00 (1.5710e+00)	Acc@1  78.12 ( 62.42)	Acc@5  93.75 ( 85.91)
[2023-03-13_12-17-46] Test: [ 770/1563]	Time  0.613 ( 0.617)	Loss 2.6145e+00 (1.5841e+00)	Acc@1  43.75 ( 62.22)	Acc@5  62.50 ( 85.73)
[2023-03-13_12-17-53] Test: [ 780/1563]	Time  0.649 ( 0.618)	Loss 3.4223e+00 (1.5901e+00)	Acc@1  28.12 ( 62.12)	Acc@5  53.12 ( 85.63)
[2023-03-13_12-17-59] Test: [ 790/1563]	Time  0.584 ( 0.618)	Loss 1.9900e+00 (1.5994e+00)	Acc@1  53.12 ( 61.90)	Acc@5  78.12 ( 85.50)
[2023-03-13_12-18-05] Test: [ 800/1563]	Time  0.596 ( 0.617)	Loss 1.9816e+00 (1.5994e+00)	Acc@1  43.75 ( 61.88)	Acc@5  81.25 ( 85.51)
[2023-03-13_12-18-11] Test: [ 810/1563]	Time  0.549 ( 0.617)	Loss 1.0286e+00 (1.6038e+00)	Acc@1  84.38 ( 61.80)	Acc@5  84.38 ( 85.39)
[2023-03-13_12-18-17] Test: [ 820/1563]	Time  0.763 ( 0.618)	Loss 1.6628e+00 (1.6092e+00)	Acc@1  62.50 ( 61.73)	Acc@5  87.50 ( 85.27)
[2023-03-13_12-18-24] Test: [ 830/1563]	Time  0.657 ( 0.618)	Loss 1.9842e+00 (1.6170e+00)	Acc@1  56.25 ( 61.58)	Acc@5  78.12 ( 85.17)
[2023-03-13_12-18-30] Test: [ 840/1563]	Time  0.581 ( 0.617)	Loss 1.3573e+00 (1.6191e+00)	Acc@1  78.12 ( 61.54)	Acc@5  90.62 ( 85.13)
[2023-03-13_12-18-36] Test: [ 850/1563]	Time  0.573 ( 0.617)	Loss 1.8036e+00 (1.6255e+00)	Acc@1  56.25 ( 61.37)	Acc@5  78.12 ( 85.01)
[2023-03-13_12-18-42] Test: [ 860/1563]	Time  0.655 ( 0.617)	Loss 1.3006e+00 (1.6251e+00)	Acc@1  68.75 ( 61.41)	Acc@5  87.50 ( 84.97)
[2023-03-13_12-18-48] Test: [ 870/1563]	Time  0.634 ( 0.618)	Loss 2.4603e+00 (1.6263e+00)	Acc@1  43.75 ( 61.40)	Acc@5  75.00 ( 84.94)
[2023-03-13_12-18-54] Test: [ 880/1563]	Time  0.570 ( 0.618)	Loss 1.5335e+00 (1.6277e+00)	Acc@1  65.62 ( 61.38)	Acc@5  81.25 ( 84.90)
[2023-03-13_12-19-00] Test: [ 890/1563]	Time  0.602 ( 0.617)	Loss 1.4915e+00 (1.6279e+00)	Acc@1  68.75 ( 61.41)	Acc@5  84.38 ( 84.87)
[2023-03-13_12-19-07] Test: [ 900/1563]	Time  0.552 ( 0.617)	Loss 1.1029e+00 (1.6281e+00)	Acc@1  71.88 ( 61.44)	Acc@5  90.62 ( 84.85)
[2023-03-13_12-19-13] Test: [ 910/1563]	Time  0.724 ( 0.618)	Loss 1.5939e+00 (1.6270e+00)	Acc@1  62.50 ( 61.47)	Acc@5  87.50 ( 84.87)
[2023-03-13_12-19-19] Test: [ 920/1563]	Time  0.631 ( 0.618)	Loss 2.4619e+00 (1.6357e+00)	Acc@1  34.38 ( 61.34)	Acc@5  78.12 ( 84.71)
[2023-03-13_12-19-25] Test: [ 930/1563]	Time  0.588 ( 0.617)	Loss 1.4674e+00 (1.6382e+00)	Acc@1  50.00 ( 61.31)	Acc@5  90.62 ( 84.65)
[2023-03-13_12-19-31] Test: [ 940/1563]	Time  0.547 ( 0.617)	Loss 2.5503e+00 (1.6488e+00)	Acc@1  37.50 ( 61.11)	Acc@5  65.62 ( 84.47)
[2023-03-13_12-19-38] Test: [ 950/1563]	Time  0.711 ( 0.617)	Loss 2.2197e+00 (1.6473e+00)	Acc@1  46.88 ( 61.17)	Acc@5  71.88 ( 84.46)
[2023-03-13_12-19-44] Test: [ 960/1563]	Time  0.640 ( 0.618)	Loss 1.3907e+00 (1.6473e+00)	Acc@1  65.62 ( 61.19)	Acc@5  90.62 ( 84.46)
[2023-03-13_12-19-50] Test: [ 970/1563]	Time  0.573 ( 0.617)	Loss 1.2754e+00 (1.6529e+00)	Acc@1  59.38 ( 61.07)	Acc@5  90.62 ( 84.40)
[2023-03-13_12-19-56] Test: [ 980/1563]	Time  0.600 ( 0.617)	Loss 9.2259e-01 (1.6591e+00)	Acc@1  81.25 ( 60.96)	Acc@5  90.62 ( 84.27)
[2023-03-13_12-20-02] Test: [ 990/1563]	Time  0.550 ( 0.617)	Loss 3.6148e+00 (1.6637e+00)	Acc@1  31.25 ( 60.88)	Acc@5  43.75 ( 84.18)
[2023-03-13_12-20-08] Test: [1000/1563]	Time  0.694 ( 0.617)	Loss 5.5705e-01 (1.6652e+00)	Acc@1  84.38 ( 60.78)	Acc@5 100.00 ( 84.17)
[2023-03-13_12-20-15] Test: [1010/1563]	Time  0.614 ( 0.617)	Loss 1.5630e+00 (1.6663e+00)	Acc@1  71.88 ( 60.79)	Acc@5  81.25 ( 84.12)
[2023-03-13_12-20-21] Test: [1020/1563]	Time  0.591 ( 0.617)	Loss 3.1301e+00 (1.6786e+00)	Acc@1  31.25 ( 60.57)	Acc@5  62.50 ( 83.92)
[2023-03-13_12-20-27] Test: [1030/1563]	Time  0.547 ( 0.617)	Loss 1.1152e+00 (1.6802e+00)	Acc@1  71.88 ( 60.54)	Acc@5  90.62 ( 83.91)
[2023-03-13_12-20-33] Test: [1040/1563]	Time  0.740 ( 0.617)	Loss 2.7654e+00 (1.6854e+00)	Acc@1  34.38 ( 60.41)	Acc@5  59.38 ( 83.85)
[2023-03-13_12-20-39] Test: [1050/1563]	Time  0.649 ( 0.618)	Loss 1.1100e+00 (1.6837e+00)	Acc@1  78.12 ( 60.45)	Acc@5  90.62 ( 83.89)
[2023-03-13_12-20-45] Test: [1060/1563]	Time  0.577 ( 0.617)	Loss 2.2268e+00 (1.6924e+00)	Acc@1  65.62 ( 60.32)	Acc@5  68.75 ( 83.74)
[2023-03-13_12-20-52] Test: [1070/1563]	Time  0.594 ( 0.617)	Loss 9.3825e-01 (1.6951e+00)	Acc@1  81.25 ( 60.28)	Acc@5  87.50 ( 83.70)
[2023-03-13_12-20-58] Test: [1080/1563]	Time  0.586 ( 0.617)	Loss 2.3761e+00 (1.6987e+00)	Acc@1  53.12 ( 60.22)	Acc@5  81.25 ( 83.64)
[2023-03-13_12-21-04] Test: [1090/1563]	Time  0.680 ( 0.617)	Loss 1.8347e+00 (1.7016e+00)	Acc@1  62.50 ( 60.21)	Acc@5  78.12 ( 83.58)
[2023-03-13_12-21-10] Test: [1100/1563]	Time  0.598 ( 0.617)	Loss 1.0084e+00 (1.7009e+00)	Acc@1  78.12 ( 60.26)	Acc@5  90.62 ( 83.56)
[2023-03-13_12-21-16] Test: [1110/1563]	Time  0.591 ( 0.617)	Loss 3.1296e+00 (1.7074e+00)	Acc@1  31.25 ( 60.11)	Acc@5  56.25 ( 83.46)
[2023-03-13_12-21-22] Test: [1120/1563]	Time  0.547 ( 0.617)	Loss 1.4915e+00 (1.7091e+00)	Acc@1  68.75 ( 60.09)	Acc@5  87.50 ( 83.42)
[2023-03-13_12-21-29] Test: [1130/1563]	Time  0.748 ( 0.617)	Loss 2.1724e+00 (1.7107e+00)	Acc@1  56.25 ( 60.08)	Acc@5  68.75 ( 83.40)
[2023-03-13_12-21-35] Test: [1140/1563]	Time  0.654 ( 0.617)	Loss 2.5013e+00 (1.7149e+00)	Acc@1  43.75 ( 60.02)	Acc@5  71.88 ( 83.33)
[2023-03-13_12-21-41] Test: [1150/1563]	Time  0.579 ( 0.617)	Loss 2.2203e+00 (1.7198e+00)	Acc@1  65.62 ( 59.94)	Acc@5  78.12 ( 83.25)
[2023-03-13_12-21-47] Test: [1160/1563]	Time  0.585 ( 0.617)	Loss 2.0058e+00 (1.7224e+00)	Acc@1  43.75 ( 59.92)	Acc@5  81.25 ( 83.20)
[2023-03-13_12-21-53] Test: [1170/1563]	Time  0.612 ( 0.617)	Loss 2.5209e+00 (1.7269e+00)	Acc@1  43.75 ( 59.82)	Acc@5  65.62 ( 83.12)
[2023-03-13_12-22-00] Test: [1180/1563]	Time  0.654 ( 0.617)	Loss 8.3675e-01 (1.7283e+00)	Acc@1  84.38 ( 59.79)	Acc@5  93.75 ( 83.09)
[2023-03-13_12-22-06] Test: [1190/1563]	Time  0.583 ( 0.617)	Loss 2.5934e+00 (1.7298e+00)	Acc@1  56.25 ( 59.80)	Acc@5  65.62 ( 83.04)
[2023-03-13_12-22-12] Test: [1200/1563]	Time  0.596 ( 0.617)	Loss 2.4784e+00 (1.7346e+00)	Acc@1  46.88 ( 59.73)	Acc@5  81.25 ( 82.95)
[2023-03-13_12-22-18] Test: [1210/1563]	Time  0.548 ( 0.617)	Loss 1.6670e+00 (1.7362e+00)	Acc@1  62.50 ( 59.72)	Acc@5  84.38 ( 82.92)
[2023-03-13_12-22-24] Test: [1220/1563]	Time  0.764 ( 0.617)	Loss 8.4243e-01 (1.7386e+00)	Acc@1  81.25 ( 59.68)	Acc@5  96.88 ( 82.88)
[2023-03-13_12-22-30] Test: [1230/1563]	Time  0.656 ( 0.617)	Loss 2.7617e+00 (1.7435e+00)	Acc@1  31.25 ( 59.58)	Acc@5  62.50 ( 82.79)
[2023-03-13_12-22-37] Test: [1240/1563]	Time  0.581 ( 0.617)	Loss 1.8752e+00 (1.7489e+00)	Acc@1  59.38 ( 59.49)	Acc@5  75.00 ( 82.72)
[2023-03-13_12-22-43] Test: [1250/1563]	Time  0.572 ( 0.617)	Loss 1.7012e+00 (1.7534e+00)	Acc@1  62.50 ( 59.39)	Acc@5  84.38 ( 82.66)
[2023-03-13_12-22-49] Test: [1260/1563]	Time  0.656 ( 0.617)	Loss 1.9538e+00 (1.7515e+00)	Acc@1  71.88 ( 59.46)	Acc@5  78.12 ( 82.70)
[2023-03-13_12-22-55] Test: [1270/1563]	Time  0.631 ( 0.617)	Loss 2.5226e+00 (1.7531e+00)	Acc@1  43.75 ( 59.40)	Acc@5  68.75 ( 82.67)
[2023-03-13_12-23-01] Test: [1280/1563]	Time  0.572 ( 0.617)	Loss 2.5816e+00 (1.7547e+00)	Acc@1  46.88 ( 59.35)	Acc@5  78.12 ( 82.65)
[2023-03-13_12-23-07] Test: [1290/1563]	Time  0.602 ( 0.617)	Loss 3.1521e+00 (1.7574e+00)	Acc@1  31.25 ( 59.31)	Acc@5  68.75 ( 82.60)
[2023-03-13_12-23-13] Test: [1300/1563]	Time  0.552 ( 0.617)	Loss 1.2114e+00 (1.7604e+00)	Acc@1  78.12 ( 59.29)	Acc@5  81.25 ( 82.54)
[2023-03-13_12-23-20] Test: [1310/1563]	Time  0.723 ( 0.617)	Loss 2.8668e+00 (1.7694e+00)	Acc@1  28.12 ( 59.12)	Acc@5  62.50 ( 82.39)
[2023-03-13_12-23-26] Test: [1320/1563]	Time  0.632 ( 0.617)	Loss 3.1651e+00 (1.7762e+00)	Acc@1  28.12 ( 58.98)	Acc@5  62.50 ( 82.27)
[2023-03-13_12-23-32] Test: [1330/1563]	Time  0.589 ( 0.617)	Loss 2.0561e+00 (1.7760e+00)	Acc@1  53.12 ( 58.94)	Acc@5  84.38 ( 82.27)
[2023-03-13_12-23-38] Test: [1340/1563]	Time  0.556 ( 0.617)	Loss 1.8729e+00 (1.7756e+00)	Acc@1  56.25 ( 58.97)	Acc@5  75.00 ( 82.27)
[2023-03-13_12-23-44] Test: [1350/1563]	Time  0.711 ( 0.617)	Loss 2.2717e+00 (1.7807e+00)	Acc@1  40.62 ( 58.87)	Acc@5  84.38 ( 82.18)
[2023-03-13_12-23-51] Test: [1360/1563]	Time  0.643 ( 0.617)	Loss 1.8756e+00 (1.7833e+00)	Acc@1  59.38 ( 58.82)	Acc@5  78.12 ( 82.14)
[2023-03-13_12-23-57] Test: [1370/1563]	Time  0.573 ( 0.617)	Loss 1.9418e+00 (1.7831e+00)	Acc@1  46.88 ( 58.79)	Acc@5  81.25 ( 82.16)
[2023-03-13_12-24-03] Test: [1380/1563]	Time  0.600 ( 0.617)	Loss 2.6168e+00 (1.7864e+00)	Acc@1  40.62 ( 58.72)	Acc@5  68.75 ( 82.12)
[2023-03-13_12-24-09] Test: [1390/1563]	Time  0.550 ( 0.617)	Loss 1.5388e+00 (1.7889e+00)	Acc@1  65.62 ( 58.67)	Acc@5  81.25 ( 82.05)
[2023-03-13_12-24-15] Test: [1400/1563]	Time  0.696 ( 0.617)	Loss 1.2980e+00 (1.7887e+00)	Acc@1  68.75 ( 58.67)	Acc@5  96.88 ( 82.07)
[2023-03-13_12-24-21] Test: [1410/1563]	Time  0.616 ( 0.617)	Loss 2.5294e+00 (1.7908e+00)	Acc@1  37.50 ( 58.63)	Acc@5  68.75 ( 82.01)
[2023-03-13_12-24-28] Test: [1420/1563]	Time  0.590 ( 0.617)	Loss 2.3324e+00 (1.7953e+00)	Acc@1  28.12 ( 58.54)	Acc@5  87.50 ( 81.98)
[2023-03-13_12-24-34] Test: [1430/1563]	Time  0.546 ( 0.617)	Loss 8.7181e-01 (1.7943e+00)	Acc@1  78.12 ( 58.52)	Acc@5  93.75 ( 82.01)
[2023-03-13_12-24-40] Test: [1440/1563]	Time  0.739 ( 0.617)	Loss 3.1788e+00 (1.7981e+00)	Acc@1  28.12 ( 58.46)	Acc@5  59.38 ( 81.95)
[2023-03-13_12-24-46] Test: [1450/1563]	Time  0.647 ( 0.617)	Loss 1.4244e+00 (1.7974e+00)	Acc@1  59.38 ( 58.44)	Acc@5  93.75 ( 81.98)
[2023-03-13_12-24-52] Test: [1460/1563]	Time  0.577 ( 0.617)	Loss 1.8185e+00 (1.7984e+00)	Acc@1  46.88 ( 58.43)	Acc@5  84.38 ( 81.96)
[2023-03-13_12-24-58] Test: [1470/1563]	Time  0.593 ( 0.617)	Loss 1.1012e+00 (1.7950e+00)	Acc@1  71.88 ( 58.50)	Acc@5  93.75 ( 82.02)
[2023-03-13_12-25-05] Test: [1480/1563]	Time  0.586 ( 0.617)	Loss 1.6293e+00 (1.7918e+00)	Acc@1  46.88 ( 58.54)	Acc@5  90.62 ( 82.08)
[2023-03-13_12-25-11] Test: [1490/1563]	Time  0.679 ( 0.617)	Loss 1.1162e+00 (1.7902e+00)	Acc@1  68.75 ( 58.58)	Acc@5  90.62 ( 82.09)
[2023-03-13_12-25-17] Test: [1500/1563]	Time  0.598 ( 0.617)	Loss 2.4572e+00 (1.7878e+00)	Acc@1  37.50 ( 58.65)	Acc@5  71.88 ( 82.12)
[2023-03-13_12-25-23] Test: [1510/1563]	Time  0.590 ( 0.617)	Loss 2.5274e+00 (1.7925e+00)	Acc@1  40.62 ( 58.55)	Acc@5  68.75 ( 82.03)
[2023-03-13_12-25-29] Test: [1520/1563]	Time  0.546 ( 0.617)	Loss 1.5059e+00 (1.7959e+00)	Acc@1  62.50 ( 58.48)	Acc@5 100.00 ( 81.99)
[2023-03-13_12-25-35] Test: [1530/1563]	Time  0.748 ( 0.617)	Loss 1.8404e+00 (1.8002e+00)	Acc@1  40.62 ( 58.36)	Acc@5  90.62 ( 81.94)
[2023-03-13_12-25-42] Test: [1540/1563]	Time  0.655 ( 0.617)	Loss 2.6583e-01 (1.7998e+00)	Acc@1  96.88 ( 58.41)	Acc@5 100.00 ( 81.95)
[2023-03-13_12-25-48] Test: [1550/1563]	Time  0.579 ( 0.617)	Loss 1.3391e+00 (1.7949e+00)	Acc@1  71.88 ( 58.52)	Acc@5  87.50 ( 82.00)
[2023-03-13_12-25-54] Test: [1560/1563]	Time  0.584 ( 0.617)	Loss 2.0893e+00 (1.7913e+00)	Acc@1  46.88 ( 58.58)	Acc@5  75.00 ( 82.03)
[2023-03-13_12-25-55]  * Acc@1 58.538 Acc@5 82.002
