[2023-03-13_12-25-55] main_our.py --action QUANTIZE --arch resnet50_imagenet --batch_size 32 --gpu 0 --x_bits 8 --w_bits 8 --boris 1

[2023-03-13_12-25-55] desc=None, x_bits=6, w_bits=5
[2023-03-13_12-25-55] __init__: arch=resnet50, dataset=imagenet, model_chkp=None, pretrained=True
[2023-03-13_12-25-56] train_pred: epochs=1, lr=0, lr_plan=None, momentum=0.9, wd=0.0005, batch_size=32, optimizer=SGD
[2023-03-13_12-25-56] lr=0, running train steps with no_grad()
[2023-03-13_12-25-57] Epoch: [0][    0/40037]	Time  1.033 ( 1.033)	Data  0.265 ( 0.265)	Loss 1.7295e+00 (1.7295e+00)	Acc@1  56.25 ( 56.25)	Acc@5  90.62 ( 90.62)
[2023-03-13_12-26-03] Epoch: [0][   10/40037]	Time  0.644 ( 0.663)	Data  0.000 ( 0.024)	Loss 1.8349e+00 (1.7057e+00)	Acc@1  68.75 ( 62.22)	Acc@5  81.25 ( 84.09)
[2023-03-13_12-26-09] Epoch: [0][   20/40037]	Time  0.593 ( 0.640)	Data  0.000 ( 0.013)	Loss 1.2877e+00 (1.6527e+00)	Acc@1  84.38 ( 62.80)	Acc@5  84.38 ( 82.89)
[2023-03-13_12-26-15] Epoch: [0][   30/40037]	Time  0.550 ( 0.631)	Data  0.000 ( 0.009)	Loss 1.7408e+00 (1.6600e+00)	Acc@1  68.75 ( 63.31)	Acc@5  81.25 ( 82.96)
[2023-03-13_12-26-21] Epoch: [0][   40/40037]	Time  0.757 ( 0.632)	Data  0.000 ( 0.007)	Loss 1.1138e+00 (1.6852e+00)	Acc@1  68.75 ( 62.73)	Acc@5  96.88 ( 82.85)
[2023-03-13_12-26-28] Epoch: [0][   50/40037]	Time  0.657 ( 0.631)	Data  0.000 ( 0.005)	Loss 1.3090e+00 (1.6730e+00)	Acc@1  75.00 ( 62.50)	Acc@5  93.75 ( 83.03)
[2023-03-13_12-26-34] Epoch: [0][   60/40037]	Time  0.582 ( 0.628)	Data  0.000 ( 0.005)	Loss 1.3092e+00 (1.6371e+00)	Acc@1  65.62 ( 63.01)	Acc@5  87.50 ( 83.61)
[2023-03-13_12-26-37] Test: [   0/1563]	Time  0.861 ( 0.861)	Loss 5.1272e-01 (5.1272e-01)	Acc@1  90.62 ( 90.62)	Acc@5  93.75 ( 93.75)
[2023-03-13_12-26-43] Test: [  10/1563]	Time  0.589 ( 0.634)	Loss 1.2542e+00 (9.8364e-01)	Acc@1  65.62 ( 74.43)	Acc@5  90.62 ( 92.33)
[2023-03-13_12-26-49] Test: [  20/1563]	Time  0.546 ( 0.622)	Loss 3.0100e-01 (8.7674e-01)	Acc@1  93.75 ( 79.02)	Acc@5  96.88 ( 93.01)
[2023-03-13_12-26-56] Test: [  30/1563]	Time  0.751 ( 0.623)	Loss 1.9263e-01 (8.3026e-01)	Acc@1  96.88 ( 80.34)	Acc@5 100.00 ( 92.94)
[2023-03-13_12-27-02] Test: [  40/1563]	Time  0.656 ( 0.624)	Loss 4.2597e-01 (8.0568e-01)	Acc@1  87.50 ( 81.25)	Acc@5 100.00 ( 93.37)
[2023-03-13_12-27-08] Test: [  50/1563]	Time  0.579 ( 0.621)	Loss 1.7859e+00 (8.7703e-01)	Acc@1  50.00 ( 79.11)	Acc@5  87.50 ( 92.95)
[2023-03-13_12-27-14] Test: [  60/1563]	Time  0.586 ( 0.620)	Loss 1.0144e+00 (9.6522e-01)	Acc@1  81.25 ( 76.33)	Acc@5  87.50 ( 92.32)
[2023-03-13_12-27-20] Test: [  70/1563]	Time  0.610 ( 0.618)	Loss 1.5898e+00 (9.9512e-01)	Acc@1  75.00 ( 75.22)	Acc@5  87.50 ( 92.12)
[2023-03-13_12-27-27] Test: [  80/1563]	Time  0.650 ( 0.620)	Loss 6.6870e-01 (1.0293e+00)	Acc@1  87.50 ( 74.38)	Acc@5  93.75 ( 91.71)
[2023-03-13_12-27-33] Test: [  90/1563]	Time  0.582 ( 0.620)	Loss 1.9373e+00 (1.0899e+00)	Acc@1  53.12 ( 72.97)	Acc@5  75.00 ( 91.07)
[2023-03-13_12-27-39] Test: [ 100/1563]	Time  0.595 ( 0.619)	Loss 2.3316e+00 (1.1551e+00)	Acc@1  43.75 ( 71.38)	Acc@5  81.25 ( 90.53)
[2023-03-13_12-27-45] Test: [ 110/1563]	Time  0.548 ( 0.618)	Loss 1.0754e+00 (1.1637e+00)	Acc@1  81.25 ( 70.64)	Acc@5  90.62 ( 90.34)
[2023-03-13_12-27-51] Test: [ 120/1563]	Time  0.765 ( 0.619)	Loss 1.0455e+00 (1.1669e+00)	Acc@1  65.62 ( 69.76)	Acc@5  96.88 ( 90.60)
[2023-03-13_12-27-57] Test: [ 130/1563]	Time  0.657 ( 0.619)	Loss 6.8704e-01 (1.1686e+00)	Acc@1  87.50 ( 70.01)	Acc@5  90.62 ( 90.48)
[2023-03-13_12-28-04] Test: [ 140/1563]	Time  0.582 ( 0.619)	Loss 8.8612e-01 (1.1370e+00)	Acc@1  84.38 ( 71.08)	Acc@5  87.50 ( 90.67)
[2023-03-13_12-28-10] Test: [ 150/1563]	Time  0.573 ( 0.618)	Loss 7.2395e-01 (1.0947e+00)	Acc@1  90.62 ( 72.27)	Acc@5  90.62 ( 90.98)
[2023-03-13_12-28-16] Test: [ 160/1563]	Time  0.654 ( 0.618)	Loss 4.7928e-01 (1.0848e+00)	Acc@1  90.62 ( 72.46)	Acc@5  93.75 ( 91.05)
[2023-03-13_12-28-22] Test: [ 170/1563]	Time  0.634 ( 0.619)	Loss 5.8326e-01 (1.0922e+00)	Acc@1  87.50 ( 72.59)	Acc@5  96.88 ( 90.84)
[2023-03-13_12-28-28] Test: [ 180/1563]	Time  0.570 ( 0.619)	Loss 1.2335e+00 (1.1040e+00)	Acc@1  62.50 ( 72.36)	Acc@5  93.75 ( 90.75)
[2023-03-13_12-28-34] Test: [ 190/1563]	Time  0.602 ( 0.618)	Loss 1.1960e+00 (1.1148e+00)	Acc@1  65.62 ( 71.89)	Acc@5  87.50 ( 90.66)
[2023-03-13_12-28-40] Test: [ 200/1563]	Time  0.552 ( 0.618)	Loss 8.7318e-01 (1.1182e+00)	Acc@1  71.88 ( 71.92)	Acc@5  90.62 ( 90.56)
[2023-03-13_12-28-47] Test: [ 210/1563]	Time  0.723 ( 0.618)	Loss 1.3244e+00 (1.0999e+00)	Acc@1  75.00 ( 72.45)	Acc@5  90.62 ( 90.74)
[2023-03-13_12-28-53] Test: [ 220/1563]	Time  0.628 ( 0.619)	Loss 8.9188e-01 (1.0801e+00)	Acc@1  81.25 ( 72.99)	Acc@5  90.62 ( 90.89)
[2023-03-13_12-28-59] Test: [ 230/1563]	Time  0.588 ( 0.618)	Loss 1.5822e+00 (1.0669e+00)	Acc@1  71.88 ( 73.47)	Acc@5  81.25 ( 90.98)
[2023-03-13_12-29-05] Test: [ 240/1563]	Time  0.547 ( 0.618)	Loss 1.8631e+00 (1.0680e+00)	Acc@1  68.75 ( 73.42)	Acc@5  87.50 ( 91.03)
[2023-03-13_12-29-11] Test: [ 250/1563]	Time  0.709 ( 0.618)	Loss 3.3890e-01 (1.0652e+00)	Acc@1  90.62 ( 73.48)	Acc@5  96.88 ( 91.09)
[2023-03-13_12-29-18] Test: [ 260/1563]	Time  0.641 ( 0.618)	Loss 1.9838e+00 (1.0764e+00)	Acc@1  40.62 ( 73.11)	Acc@5  87.50 ( 90.98)
[2023-03-13_12-29-24] Test: [ 270/1563]	Time  0.573 ( 0.618)	Loss 1.1485e+00 (1.0859e+00)	Acc@1  68.75 ( 72.68)	Acc@5  90.62 ( 90.92)
[2023-03-13_12-29-30] Test: [ 280/1563]	Time  0.601 ( 0.618)	Loss 1.7630e+00 (1.0828e+00)	Acc@1  50.00 ( 72.72)	Acc@5  84.38 ( 91.05)
[2023-03-13_12-29-36] Test: [ 290/1563]	Time  0.550 ( 0.618)	Loss 1.2099e+00 (1.0825e+00)	Acc@1  65.62 ( 72.69)	Acc@5  90.62 ( 91.10)
[2023-03-13_12-29-42] Test: [ 300/1563]	Time  0.696 ( 0.618)	Loss 1.4001e+00 (1.0872e+00)	Acc@1  59.38 ( 72.47)	Acc@5  93.75 ( 91.14)
[2023-03-13_12-29-49] Test: [ 310/1563]	Time  0.616 ( 0.618)	Loss 1.0781e+00 (1.0912e+00)	Acc@1  78.12 ( 72.26)	Acc@5  93.75 ( 91.18)
[2023-03-13_12-29-55] Test: [ 320/1563]	Time  0.589 ( 0.618)	Loss 1.2994e+00 (1.0943e+00)	Acc@1  71.88 ( 72.02)	Acc@5  87.50 ( 91.21)
[2023-03-13_12-30-01] Test: [ 330/1563]	Time  0.547 ( 0.618)	Loss 9.6705e-01 (1.0929e+00)	Acc@1  75.00 ( 72.07)	Acc@5  90.62 ( 91.30)
[2023-03-13_12-30-07] Test: [ 340/1563]	Time  0.741 ( 0.618)	Loss 6.2465e-01 (1.0859e+00)	Acc@1  87.50 ( 72.32)	Acc@5 100.00 ( 91.43)
[2023-03-13_12-30-13] Test: [ 350/1563]	Time  0.647 ( 0.618)	Loss 1.0659e+00 (1.0835e+00)	Acc@1  75.00 ( 72.35)	Acc@5  81.25 ( 91.47)
[2023-03-13_12-30-19] Test: [ 360/1563]	Time  0.577 ( 0.618)	Loss 1.3789e+00 (1.0844e+00)	Acc@1  62.50 ( 72.33)	Acc@5  93.75 ( 91.46)
[2023-03-13_12-30-25] Test: [ 370/1563]	Time  0.594 ( 0.618)	Loss 1.1309e+00 (1.0847e+00)	Acc@1  62.50 ( 72.31)	Acc@5  87.50 ( 91.49)
[2023-03-13_12-30-32] Test: [ 380/1563]	Time  0.580 ( 0.617)	Loss 1.1410e+00 (1.0933e+00)	Acc@1  68.75 ( 72.00)	Acc@5  90.62 ( 91.45)
[2023-03-13_12-30-38] Test: [ 390/1563]	Time  0.679 ( 0.618)	Loss 1.2686e+00 (1.0930e+00)	Acc@1  65.62 ( 71.87)	Acc@5  90.62 ( 91.50)
[2023-03-13_12-30-44] Test: [ 400/1563]	Time  0.597 ( 0.618)	Loss 1.0777e+00 (1.0842e+00)	Acc@1  71.88 ( 72.09)	Acc@5  96.88 ( 91.63)
[2023-03-13_12-30-50] Test: [ 410/1563]	Time  0.595 ( 0.618)	Loss 6.4486e-01 (1.0749e+00)	Acc@1  84.38 ( 72.39)	Acc@5 100.00 ( 91.76)
[2023-03-13_12-30-56] Test: [ 420/1563]	Time  0.548 ( 0.618)	Loss 7.7287e-01 (1.0771e+00)	Acc@1  87.50 ( 72.31)	Acc@5  96.88 ( 91.75)
[2023-03-13_12-31-03] Test: [ 430/1563]	Time  0.762 ( 0.618)	Loss 2.2090e-01 (1.0818e+00)	Acc@1  96.88 ( 72.24)	Acc@5 100.00 ( 91.74)
[2023-03-13_12-31-09] Test: [ 440/1563]	Time  0.659 ( 0.618)	Loss 1.9484e+00 (1.0844e+00)	Acc@1  40.62 ( 72.07)	Acc@5  87.50 ( 91.74)
[2023-03-13_12-31-15] Test: [ 450/1563]	Time  0.582 ( 0.618)	Loss 7.6928e-01 (1.0869e+00)	Acc@1  81.25 ( 72.00)	Acc@5 100.00 ( 91.77)
[2023-03-13_12-31-21] Test: [ 460/1563]	Time  0.572 ( 0.618)	Loss 4.3745e-01 (1.0801e+00)	Acc@1  90.62 ( 72.16)	Acc@5  96.88 ( 91.87)
[2023-03-13_12-31-27] Test: [ 470/1563]	Time  0.654 ( 0.618)	Loss 1.2783e+00 (1.0820e+00)	Acc@1  56.25 ( 72.10)	Acc@5  90.62 ( 91.84)
[2023-03-13_12-31-33] Test: [ 480/1563]	Time  0.633 ( 0.618)	Loss 4.9073e-01 (1.0826e+00)	Acc@1  90.62 ( 72.05)	Acc@5  96.88 ( 91.83)
[2023-03-13_12-31-40] Test: [ 490/1563]	Time  0.570 ( 0.618)	Loss 1.4170e+00 (1.0868e+00)	Acc@1  65.62 ( 71.98)	Acc@5  87.50 ( 91.79)
[2023-03-13_12-31-46] Test: [ 500/1563]	Time  0.603 ( 0.618)	Loss 5.1393e-01 (1.0848e+00)	Acc@1  87.50 ( 72.06)	Acc@5 100.00 ( 91.80)
[2023-03-13_12-31-52] Test: [ 510/1563]	Time  0.551 ( 0.617)	Loss 5.0084e-01 (1.0753e+00)	Acc@1  84.38 ( 72.33)	Acc@5  96.88 ( 91.85)
[2023-03-13_12-31-58] Test: [ 520/1563]	Time  0.724 ( 0.618)	Loss 2.9918e-01 (1.0714e+00)	Acc@1  96.88 ( 72.47)	Acc@5 100.00 ( 91.88)
[2023-03-13_12-32-04] Test: [ 530/1563]	Time  0.627 ( 0.618)	Loss 1.9018e-01 (1.0662e+00)	Acc@1 100.00 ( 72.68)	Acc@5 100.00 ( 91.94)
[2023-03-13_12-32-10] Test: [ 540/1563]	Time  0.589 ( 0.618)	Loss 1.5867e+00 (1.0641e+00)	Acc@1  53.12 ( 72.67)	Acc@5  87.50 ( 91.97)
[2023-03-13_12-32-17] Test: [ 550/1563]	Time  0.547 ( 0.618)	Loss 1.0222e+00 (1.0597e+00)	Acc@1  71.88 ( 72.66)	Acc@5  90.62 ( 92.00)
[2023-03-13_12-32-23] Test: [ 560/1563]	Time  0.712 ( 0.618)	Loss 1.3427e+00 (1.0628e+00)	Acc@1  53.12 ( 72.55)	Acc@5  96.88 ( 91.99)
[2023-03-13_12-32-29] Test: [ 570/1563]	Time  0.641 ( 0.618)	Loss 6.8988e-01 (1.0596e+00)	Acc@1  87.50 ( 72.62)	Acc@5  93.75 ( 92.03)
[2023-03-13_12-32-35] Test: [ 580/1563]	Time  0.573 ( 0.618)	Loss 1.8763e+00 (1.0620e+00)	Acc@1  71.88 ( 72.64)	Acc@5  90.62 ( 92.00)
[2023-03-13_12-32-41] Test: [ 590/1563]	Time  0.601 ( 0.618)	Loss 1.7707e+00 (1.0605e+00)	Acc@1  50.00 ( 72.72)	Acc@5  75.00 ( 91.97)
[2023-03-13_12-32-47] Test: [ 600/1563]	Time  0.550 ( 0.617)	Loss 6.9049e-01 (1.0646e+00)	Acc@1  87.50 ( 72.57)	Acc@5  93.75 ( 91.92)
[2023-03-13_12-32-54] Test: [ 610/1563]	Time  0.693 ( 0.618)	Loss 1.9579e+00 (1.0653e+00)	Acc@1  53.12 ( 72.57)	Acc@5  78.12 ( 91.91)
[2023-03-13_12-33-00] Test: [ 620/1563]	Time  0.616 ( 0.618)	Loss 8.6736e-01 (1.0642e+00)	Acc@1  84.38 ( 72.61)	Acc@5  93.75 ( 91.91)
[2023-03-13_12-33-06] Test: [ 630/1563]	Time  0.590 ( 0.618)	Loss 7.0236e-01 (1.0734e+00)	Acc@1  78.12 ( 72.46)	Acc@5  96.88 ( 91.80)
[2023-03-13_12-33-12] Test: [ 640/1563]	Time  0.546 ( 0.617)	Loss 1.0676e+00 (1.0735e+00)	Acc@1  68.75 ( 72.44)	Acc@5 100.00 ( 91.82)
[2023-03-13_12-33-18] Test: [ 650/1563]	Time  0.741 ( 0.618)	Loss 9.4334e-01 (1.0869e+00)	Acc@1  78.12 ( 72.14)	Acc@5  96.88 ( 91.67)
[2023-03-13_12-33-25] Test: [ 660/1563]	Time  0.648 ( 0.618)	Loss 1.8985e+00 (1.0915e+00)	Acc@1  59.38 ( 72.10)	Acc@5  75.00 ( 91.62)
[2023-03-13_12-33-31] Test: [ 670/1563]	Time  0.577 ( 0.618)	Loss 1.1814e+00 (1.0950e+00)	Acc@1  71.88 ( 72.04)	Acc@5  90.62 ( 91.55)
[2023-03-13_12-33-37] Test: [ 680/1563]	Time  0.593 ( 0.618)	Loss 1.9756e+00 (1.1001e+00)	Acc@1  43.75 ( 71.94)	Acc@5  78.12 ( 91.48)
[2023-03-13_12-33-43] Test: [ 690/1563]	Time  0.584 ( 0.617)	Loss 1.6011e+00 (1.1084e+00)	Acc@1  62.50 ( 71.79)	Acc@5  84.38 ( 91.37)
[2023-03-13_12-33-49] Test: [ 700/1563]	Time  0.679 ( 0.618)	Loss 1.2851e+00 (1.1160e+00)	Acc@1  62.50 ( 71.60)	Acc@5  90.62 ( 91.29)
[2023-03-13_12-33-55] Test: [ 710/1563]	Time  0.597 ( 0.618)	Loss 2.2711e+00 (1.1212e+00)	Acc@1  46.88 ( 71.50)	Acc@5  78.12 ( 91.23)
[2023-03-13_12-34-02] Test: [ 720/1563]	Time  0.590 ( 0.618)	Loss 1.4048e+00 (1.1311e+00)	Acc@1  50.00 ( 71.30)	Acc@5  93.75 ( 91.08)
[2023-03-13_12-34-08] Test: [ 730/1563]	Time  0.547 ( 0.617)	Loss 1.1062e+00 (1.1400e+00)	Acc@1  75.00 ( 71.11)	Acc@5  93.75 ( 90.96)
[2023-03-13_12-34-14] Test: [ 740/1563]	Time  0.748 ( 0.618)	Loss 1.2077e+00 (1.1476e+00)	Acc@1  68.75 ( 70.98)	Acc@5  96.88 ( 90.85)
[2023-03-13_12-34-20] Test: [ 750/1563]	Time  0.654 ( 0.618)	Loss 1.5296e+00 (1.1540e+00)	Acc@1  65.62 ( 70.86)	Acc@5  84.38 ( 90.78)
[2023-03-13_12-34-26] Test: [ 760/1563]	Time  0.579 ( 0.618)	Loss 8.3181e-01 (1.1599e+00)	Acc@1  75.00 ( 70.64)	Acc@5  96.88 ( 90.74)
[2023-03-13_12-34-32] Test: [ 770/1563]	Time  0.581 ( 0.618)	Loss 2.6222e+00 (1.1740e+00)	Acc@1  43.75 ( 70.37)	Acc@5  65.62 ( 90.57)
[2023-03-13_12-34-39] Test: [ 780/1563]	Time  0.633 ( 0.617)	Loss 3.2849e+00 (1.1821e+00)	Acc@1  28.12 ( 70.25)	Acc@5  53.12 ( 90.43)
[2023-03-13_12-34-45] Test: [ 790/1563]	Time  0.630 ( 0.618)	Loss 2.0993e+00 (1.1927e+00)	Acc@1  53.12 ( 70.04)	Acc@5  84.38 ( 90.29)
[2023-03-13_12-34-51] Test: [ 800/1563]	Time  0.570 ( 0.618)	Loss 1.4543e+00 (1.1949e+00)	Acc@1  59.38 ( 69.98)	Acc@5  87.50 ( 90.26)
[2023-03-13_12-34-57] Test: [ 810/1563]	Time  0.597 ( 0.618)	Loss 9.3918e-01 (1.1987e+00)	Acc@1  78.12 ( 69.88)	Acc@5  90.62 ( 90.20)
[2023-03-13_12-35-03] Test: [ 820/1563]	Time  0.550 ( 0.617)	Loss 1.2146e+00 (1.2041e+00)	Acc@1  71.88 ( 69.77)	Acc@5  87.50 ( 90.13)
[2023-03-13_12-35-10] Test: [ 830/1563]	Time  0.732 ( 0.618)	Loss 1.5867e+00 (1.2116e+00)	Acc@1  59.38 ( 69.61)	Acc@5  96.88 ( 90.05)
[2023-03-13_12-35-16] Test: [ 840/1563]	Time  0.636 ( 0.618)	Loss 8.6001e-01 (1.2144e+00)	Acc@1  81.25 ( 69.56)	Acc@5  90.62 ( 90.02)
[2023-03-13_12-35-22] Test: [ 850/1563]	Time  0.587 ( 0.618)	Loss 1.5718e+00 (1.2210e+00)	Acc@1  68.75 ( 69.41)	Acc@5  81.25 ( 89.89)
[2023-03-13_12-35-28] Test: [ 860/1563]	Time  0.548 ( 0.617)	Loss 1.0174e+00 (1.2206e+00)	Acc@1  68.75 ( 69.45)	Acc@5  90.62 ( 89.88)
[2023-03-13_12-35-34] Test: [ 870/1563]	Time  0.714 ( 0.618)	Loss 1.9554e+00 (1.2219e+00)	Acc@1  53.12 ( 69.43)	Acc@5  81.25 ( 89.85)
[2023-03-13_12-35-40] Test: [ 880/1563]	Time  0.643 ( 0.618)	Loss 1.0933e+00 (1.2244e+00)	Acc@1  75.00 ( 69.38)	Acc@5  90.62 ( 89.79)
[2023-03-13_12-35-47] Test: [ 890/1563]	Time  0.573 ( 0.618)	Loss 9.7606e-01 (1.2246e+00)	Acc@1  81.25 ( 69.41)	Acc@5  90.62 ( 89.76)
[2023-03-13_12-35-53] Test: [ 900/1563]	Time  0.601 ( 0.618)	Loss 5.7996e-01 (1.2242e+00)	Acc@1  87.50 ( 69.45)	Acc@5  96.88 ( 89.73)
[2023-03-13_12-35-59] Test: [ 910/1563]	Time  0.551 ( 0.617)	Loss 1.4523e+00 (1.2251e+00)	Acc@1  71.88 ( 69.44)	Acc@5  90.62 ( 89.74)
[2023-03-13_12-36-05] Test: [ 920/1563]	Time  0.694 ( 0.618)	Loss 2.2241e+00 (1.2344e+00)	Acc@1  46.88 ( 69.26)	Acc@5  78.12 ( 89.60)
[2023-03-13_12-36-11] Test: [ 930/1563]	Time  0.616 ( 0.618)	Loss 9.5058e-01 (1.2354e+00)	Acc@1  59.38 ( 69.23)	Acc@5  96.88 ( 89.58)
[2023-03-13_12-36-17] Test: [ 940/1563]	Time  0.588 ( 0.618)	Loss 1.9345e+00 (1.2462e+00)	Acc@1  53.12 ( 69.04)	Acc@5  71.88 ( 89.42)
[2023-03-13_12-36-24] Test: [ 950/1563]	Time  0.545 ( 0.617)	Loss 1.7515e+00 (1.2440e+00)	Acc@1  62.50 ( 69.13)	Acc@5  78.12 ( 89.42)
[2023-03-13_12-36-30] Test: [ 960/1563]	Time  0.739 ( 0.618)	Loss 9.5164e-01 (1.2440e+00)	Acc@1  75.00 ( 69.17)	Acc@5  96.88 ( 89.42)
[2023-03-13_12-36-36] Test: [ 970/1563]	Time  0.647 ( 0.618)	Loss 1.0304e+00 (1.2503e+00)	Acc@1  56.25 ( 69.00)	Acc@5  96.88 ( 89.35)
[2023-03-13_12-36-42] Test: [ 980/1563]	Time  0.576 ( 0.618)	Loss 8.3353e-01 (1.2558e+00)	Acc@1  78.12 ( 68.89)	Acc@5  90.62 ( 89.23)
[2023-03-13_12-36-48] Test: [ 990/1563]	Time  0.594 ( 0.618)	Loss 3.0785e+00 (1.2613e+00)	Acc@1  37.50 ( 68.78)	Acc@5  59.38 ( 89.15)
[2023-03-13_12-36-54] Test: [1000/1563]	Time  0.586 ( 0.617)	Loss 4.1463e-01 (1.2637e+00)	Acc@1  87.50 ( 68.64)	Acc@5  96.88 ( 89.12)
[2023-03-13_12-37-01] Test: [1010/1563]	Time  0.680 ( 0.618)	Loss 1.2823e+00 (1.2643e+00)	Acc@1  78.12 ( 68.66)	Acc@5  87.50 ( 89.09)
[2023-03-13_12-37-07] Test: [1020/1563]	Time  0.598 ( 0.618)	Loss 2.7213e+00 (1.2741e+00)	Acc@1  46.88 ( 68.50)	Acc@5  62.50 ( 88.92)
[2023-03-13_12-37-13] Test: [1030/1563]	Time  0.589 ( 0.618)	Loss 7.9523e-01 (1.2774e+00)	Acc@1  84.38 ( 68.42)	Acc@5  90.62 ( 88.89)
[2023-03-13_12-37-19] Test: [1040/1563]	Time  0.547 ( 0.617)	Loss 1.9330e+00 (1.2817e+00)	Acc@1  56.25 ( 68.29)	Acc@5  71.88 ( 88.84)
[2023-03-13_12-37-25] Test: [1050/1563]	Time  0.751 ( 0.618)	Loss 5.3975e-01 (1.2793e+00)	Acc@1  87.50 ( 68.34)	Acc@5  93.75 ( 88.86)
[2023-03-13_12-37-32] Test: [1060/1563]	Time  0.654 ( 0.618)	Loss 1.7624e+00 (1.2867e+00)	Acc@1  65.62 ( 68.20)	Acc@5  75.00 ( 88.75)
[2023-03-13_12-37-38] Test: [1070/1563]	Time  0.578 ( 0.618)	Loss 4.4777e-01 (1.2886e+00)	Acc@1  90.62 ( 68.15)	Acc@5  96.88 ( 88.72)
[2023-03-13_12-37-44] Test: [1080/1563]	Time  0.586 ( 0.617)	Loss 2.0528e+00 (1.2917e+00)	Acc@1  50.00 ( 68.06)	Acc@5  84.38 ( 88.68)
[2023-03-13_12-37-50] Test: [1090/1563]	Time  0.612 ( 0.617)	Loss 1.4879e+00 (1.2949e+00)	Acc@1  65.62 ( 68.01)	Acc@5  87.50 ( 88.62)
[2023-03-13_12-37-56] Test: [1100/1563]	Time  0.653 ( 0.618)	Loss 6.6605e-01 (1.2943e+00)	Acc@1  81.25 ( 68.05)	Acc@5  96.88 ( 88.62)
[2023-03-13_12-38-02] Test: [1110/1563]	Time  0.584 ( 0.618)	Loss 2.5860e+00 (1.2986e+00)	Acc@1  40.62 ( 67.94)	Acc@5  68.75 ( 88.57)
[2023-03-13_12-38-09] Test: [1120/1563]	Time  0.596 ( 0.617)	Loss 1.3545e+00 (1.2995e+00)	Acc@1  68.75 ( 67.95)	Acc@5  87.50 ( 88.55)
[2023-03-13_12-38-15] Test: [1130/1563]	Time  0.547 ( 0.617)	Loss 1.9215e+00 (1.3008e+00)	Acc@1  59.38 ( 67.94)	Acc@5  78.12 ( 88.52)
[2023-03-13_12-38-21] Test: [1140/1563]	Time  0.765 ( 0.618)	Loss 2.1801e+00 (1.3053e+00)	Acc@1  56.25 ( 67.88)	Acc@5  75.00 ( 88.47)
[2023-03-13_12-38-27] Test: [1150/1563]	Time  0.655 ( 0.618)	Loss 1.1519e+00 (1.3097e+00)	Acc@1  78.12 ( 67.80)	Acc@5  84.38 ( 88.40)
[2023-03-13_12-38-33] Test: [1160/1563]	Time  0.582 ( 0.617)	Loss 1.7302e+00 (1.3114e+00)	Acc@1  50.00 ( 67.77)	Acc@5  87.50 ( 88.35)
[2023-03-13_12-38-39] Test: [1170/1563]	Time  0.573 ( 0.617)	Loss 2.0673e+00 (1.3159e+00)	Acc@1  50.00 ( 67.66)	Acc@5  84.38 ( 88.29)
[2023-03-13_12-38-45] Test: [1180/1563]	Time  0.654 ( 0.617)	Loss 5.6453e-01 (1.3171e+00)	Acc@1  90.62 ( 67.64)	Acc@5  93.75 ( 88.26)
[2023-03-13_12-38-52] Test: [1190/1563]	Time  0.632 ( 0.618)	Loss 2.2581e+00 (1.3182e+00)	Acc@1  62.50 ( 67.64)	Acc@5  75.00 ( 88.24)
[2023-03-13_12-38-58] Test: [1200/1563]	Time  0.571 ( 0.618)	Loss 1.6708e+00 (1.3223e+00)	Acc@1  65.62 ( 67.58)	Acc@5  78.12 ( 88.18)
[2023-03-13_12-39-04] Test: [1210/1563]	Time  0.603 ( 0.617)	Loss 1.3516e+00 (1.3238e+00)	Acc@1  65.62 ( 67.56)	Acc@5  84.38 ( 88.13)
[2023-03-13_12-39-10] Test: [1220/1563]	Time  0.550 ( 0.617)	Loss 4.1069e-01 (1.3252e+00)	Acc@1  84.38 ( 67.55)	Acc@5 100.00 ( 88.10)
[2023-03-13_12-39-16] Test: [1230/1563]	Time  0.723 ( 0.618)	Loss 2.4573e+00 (1.3297e+00)	Acc@1  46.88 ( 67.45)	Acc@5  65.62 ( 88.04)
[2023-03-13_12-39-23] Test: [1240/1563]	Time  0.634 ( 0.618)	Loss 1.5746e+00 (1.3337e+00)	Acc@1  71.88 ( 67.37)	Acc@5  78.12 ( 87.98)
[2023-03-13_12-39-29] Test: [1250/1563]	Time  0.588 ( 0.617)	Loss 8.0879e-01 (1.3372e+00)	Acc@1  87.50 ( 67.33)	Acc@5  93.75 ( 87.92)
[2023-03-13_12-39-35] Test: [1260/1563]	Time  0.548 ( 0.617)	Loss 1.8288e+00 (1.3350e+00)	Acc@1  62.50 ( 67.39)	Acc@5  75.00 ( 87.96)
[2023-03-13_12-39-41] Test: [1270/1563]	Time  0.710 ( 0.617)	Loss 2.1176e+00 (1.3375e+00)	Acc@1  53.12 ( 67.33)	Acc@5  78.12 ( 87.93)
[2023-03-13_12-39-47] Test: [1280/1563]	Time  0.642 ( 0.618)	Loss 2.2589e+00 (1.3404e+00)	Acc@1  56.25 ( 67.27)	Acc@5  75.00 ( 87.90)
[2023-03-13_12-39-53] Test: [1290/1563]	Time  0.573 ( 0.617)	Loss 2.2239e+00 (1.3421e+00)	Acc@1  62.50 ( 67.25)	Acc@5  75.00 ( 87.87)
[2023-03-13_12-40-00] Test: [1300/1563]	Time  0.602 ( 0.617)	Loss 8.6596e-01 (1.3446e+00)	Acc@1  81.25 ( 67.23)	Acc@5  90.62 ( 87.85)
[2023-03-13_12-40-06] Test: [1310/1563]	Time  0.549 ( 0.617)	Loss 2.5712e+00 (1.3527e+00)	Acc@1  37.50 ( 67.05)	Acc@5  68.75 ( 87.72)
[2023-03-13_12-40-12] Test: [1320/1563]	Time  0.696 ( 0.617)	Loss 2.3238e+00 (1.3573e+00)	Acc@1  40.62 ( 66.93)	Acc@5  78.12 ( 87.67)
[2023-03-13_12-40-18] Test: [1330/1563]	Time  0.617 ( 0.618)	Loss 1.6367e+00 (1.3577e+00)	Acc@1  65.62 ( 66.92)	Acc@5  90.62 ( 87.67)
[2023-03-13_12-40-24] Test: [1340/1563]	Time  0.588 ( 0.617)	Loss 1.5795e+00 (1.3582e+00)	Acc@1  50.00 ( 66.91)	Acc@5  84.38 ( 87.66)
[2023-03-13_12-40-30] Test: [1350/1563]	Time  0.546 ( 0.617)	Loss 1.7763e+00 (1.3628e+00)	Acc@1  56.25 ( 66.81)	Acc@5  81.25 ( 87.60)
[2023-03-13_12-40-37] Test: [1360/1563]	Time  0.740 ( 0.617)	Loss 1.1822e+00 (1.3653e+00)	Acc@1  65.62 ( 66.77)	Acc@5  93.75 ( 87.57)
[2023-03-13_12-40-43] Test: [1370/1563]	Time  0.647 ( 0.618)	Loss 1.4994e+00 (1.3651e+00)	Acc@1  53.12 ( 66.75)	Acc@5  84.38 ( 87.57)
[2023-03-13_12-40-49] Test: [1380/1563]	Time  0.575 ( 0.617)	Loss 2.1699e+00 (1.3671e+00)	Acc@1  46.88 ( 66.72)	Acc@5  75.00 ( 87.54)
[2023-03-13_12-40-55] Test: [1390/1563]	Time  0.594 ( 0.617)	Loss 1.0832e+00 (1.3692e+00)	Acc@1  75.00 ( 66.68)	Acc@5  93.75 ( 87.51)
[2023-03-13_12-41-01] Test: [1400/1563]	Time  0.584 ( 0.617)	Loss 6.6408e-01 (1.3686e+00)	Acc@1  84.38 ( 66.68)	Acc@5  93.75 ( 87.53)
[2023-03-13_12-41-08] Test: [1410/1563]	Time  0.678 ( 0.617)	Loss 1.6280e+00 (1.3711e+00)	Acc@1  59.38 ( 66.62)	Acc@5  87.50 ( 87.48)
[2023-03-13_12-41-14] Test: [1420/1563]	Time  0.596 ( 0.617)	Loss 2.1734e+00 (1.3762e+00)	Acc@1  34.38 ( 66.51)	Acc@5  87.50 ( 87.43)
[2023-03-13_12-41-20] Test: [1430/1563]	Time  0.590 ( 0.617)	Loss 4.8875e-01 (1.3759e+00)	Acc@1  87.50 ( 66.50)	Acc@5  96.88 ( 87.45)
[2023-03-13_12-41-26] Test: [1440/1563]	Time  0.546 ( 0.617)	Loss 2.6846e+00 (1.3778e+00)	Acc@1  31.25 ( 66.47)	Acc@5  75.00 ( 87.43)
[2023-03-13_12-41-32] Test: [1450/1563]	Time  0.748 ( 0.617)	Loss 1.3585e+00 (1.3776e+00)	Acc@1  59.38 ( 66.45)	Acc@5  90.62 ( 87.45)
[2023-03-13_12-41-38] Test: [1460/1563]	Time  0.655 ( 0.617)	Loss 1.0707e+00 (1.3785e+00)	Acc@1  71.88 ( 66.45)	Acc@5  90.62 ( 87.43)
[2023-03-13_12-41-45] Test: [1470/1563]	Time  0.579 ( 0.617)	Loss 7.4672e-01 (1.3760e+00)	Acc@1  87.50 ( 66.50)	Acc@5 100.00 ( 87.48)
[2023-03-13_12-41-51] Test: [1480/1563]	Time  0.586 ( 0.617)	Loss 1.6996e+00 (1.3745e+00)	Acc@1  40.62 ( 66.50)	Acc@5  93.75 ( 87.50)
[2023-03-13_12-41-57] Test: [1490/1563]	Time  0.613 ( 0.617)	Loss 8.1305e-01 (1.3742e+00)	Acc@1  78.12 ( 66.50)	Acc@5 100.00 ( 87.50)
[2023-03-13_12-42-03] Test: [1500/1563]	Time  0.650 ( 0.617)	Loss 1.9676e+00 (1.3721e+00)	Acc@1  56.25 ( 66.58)	Acc@5  75.00 ( 87.52)
[2023-03-13_12-42-09] Test: [1510/1563]	Time  0.584 ( 0.617)	Loss 2.2120e+00 (1.3760e+00)	Acc@1  46.88 ( 66.50)	Acc@5  78.12 ( 87.46)
[2023-03-13_12-42-15] Test: [1520/1563]	Time  0.596 ( 0.617)	Loss 1.1598e+00 (1.3795e+00)	Acc@1  71.88 ( 66.42)	Acc@5 100.00 ( 87.42)
[2023-03-13_12-42-21] Test: [1530/1563]	Time  0.547 ( 0.617)	Loss 1.3773e+00 (1.3833e+00)	Acc@1  59.38 ( 66.31)	Acc@5  93.75 ( 87.40)
[2023-03-13_12-42-28] Test: [1540/1563]	Time  0.763 ( 0.617)	Loss 1.1703e-01 (1.3816e+00)	Acc@1 100.00 ( 66.38)	Acc@5 100.00 ( 87.43)
[2023-03-13_12-42-34] Test: [1550/1563]	Time  0.658 ( 0.617)	Loss 1.1314e+00 (1.3779e+00)	Acc@1  78.12 ( 66.46)	Acc@5  90.62 ( 87.46)
[2023-03-13_12-42-40] Test: [1560/1563]	Time  0.581 ( 0.617)	Loss 1.5337e+00 (1.3746e+00)	Acc@1  50.00 ( 66.52)	Acc@5  90.62 ( 87.51)
[2023-03-13_12-42-41]  * Acc@1 66.480 Acc@5 87.486
