[2023-03-13_17-19-41] main_our.py --action QUANTIZE --arch resnet50_imagenet --batch_size 32 --gpu 1 --x_bits 5 --w_bits 8 --boris 1

[2023-03-13_17-19-41] desc=None, x_bits=8, w_bits=5
[2023-03-13_17-19-41] __init__: arch=resnet50, dataset=imagenet, model_chkp=None, pretrained=True
[2023-03-13_17-19-42] train_pred: epochs=1, lr=0, lr_plan=None, momentum=0.9, wd=0.0005, batch_size=32, optimizer=SGD
[2023-03-13_17-19-42] lr=0, running train steps with no_grad()
[2023-03-13_17-19-44] Epoch: [0][    0/40037]	Time  1.524 ( 1.524)	Data  0.415 ( 0.415)	Loss 1.8118e+00 (1.8118e+00)	Acc@1  62.50 ( 62.50)	Acc@5  81.25 ( 81.25)
[2023-03-13_17-19-53] Epoch: [0][   10/40037]	Time  0.941 ( 0.987)	Data  0.000 ( 0.038)	Loss 1.5508e+00 (1.4427e+00)	Acc@1  68.75 ( 68.18)	Acc@5  84.38 ( 88.07)
[2023-03-13_17-20-02] Epoch: [0][   20/40037]	Time  0.931 ( 0.962)	Data  0.000 ( 0.020)	Loss 1.4239e+00 (1.3818e+00)	Acc@1  75.00 ( 67.86)	Acc@5  90.62 ( 88.84)
[2023-03-13_17-20-12] Epoch: [0][   30/40037]	Time  0.930 ( 0.953)	Data  0.000 ( 0.014)	Loss 1.0811e+00 (1.3679e+00)	Acc@1  84.38 ( 68.35)	Acc@5  90.62 ( 88.71)
[2023-03-13_17-20-21] Epoch: [0][   40/40037]	Time  0.935 ( 0.949)	Data  0.000 ( 0.010)	Loss 1.4482e+00 (1.3598e+00)	Acc@1  68.75 ( 68.67)	Acc@5  87.50 ( 88.64)
[2023-03-13_17-20-31] Epoch: [0][   50/40037]	Time  0.940 ( 0.946)	Data  0.000 ( 0.008)	Loss 1.1898e+00 (1.3651e+00)	Acc@1  68.75 ( 68.69)	Acc@5  90.62 ( 88.48)
[2023-03-13_17-20-40] Epoch: [0][   60/40037]	Time  0.936 ( 0.945)	Data  0.000 ( 0.007)	Loss 1.3872e+00 (1.3606e+00)	Acc@1  65.62 ( 68.55)	Acc@5  90.62 ( 88.52)
[2023-03-13_17-20-45] Test: [   0/1563]	Time  1.203 ( 1.203)	Loss 3.9471e-01 (3.9471e-01)	Acc@1  93.75 ( 93.75)	Acc@5  96.88 ( 96.88)
[2023-03-13_17-20-54] Test: [  10/1563]	Time  0.925 ( 0.948)	Loss 1.1436e+00 (8.8150e-01)	Acc@1  68.75 ( 78.12)	Acc@5  93.75 ( 93.47)
[2023-03-13_17-21-04] Test: [  20/1563]	Time  0.936 ( 0.944)	Loss 3.0804e-01 (7.3840e-01)	Acc@1  87.50 ( 81.70)	Acc@5  96.88 ( 94.94)
[2023-03-13_17-21-13] Test: [  30/1563]	Time  0.944 ( 0.944)	Loss 1.0264e-01 (6.9294e-01)	Acc@1  96.88 ( 82.66)	Acc@5 100.00 ( 94.86)
[2023-03-13_17-21-22] Test: [  40/1563]	Time  0.936 ( 0.942)	Loss 4.0304e-01 (6.7640e-01)	Acc@1  87.50 ( 83.38)	Acc@5 100.00 ( 95.12)
[2023-03-13_17-21-32] Test: [  50/1563]	Time  0.934 ( 0.941)	Loss 1.8146e+00 (7.4511e-01)	Acc@1  53.12 ( 81.80)	Acc@5  87.50 ( 94.61)
[2023-03-13_17-21-41] Test: [  60/1563]	Time  0.938 ( 0.941)	Loss 9.8500e-01 (8.2824e-01)	Acc@1  81.25 ( 79.15)	Acc@5  87.50 ( 93.95)
[2023-03-13_17-21-51] Test: [  70/1563]	Time  0.939 ( 0.941)	Loss 1.4888e+00 (8.6227e-01)	Acc@1  75.00 ( 78.39)	Acc@5  87.50 ( 93.53)
[2023-03-13_17-22-00] Test: [  80/1563]	Time  0.954 ( 0.940)	Loss 6.6839e-01 (8.9330e-01)	Acc@1  87.50 ( 77.55)	Acc@5  93.75 ( 93.13)
[2023-03-13_17-22-09] Test: [  90/1563]	Time  0.947 ( 0.941)	Loss 1.4471e+00 (9.4823e-01)	Acc@1  62.50 ( 76.03)	Acc@5  93.75 ( 92.58)
[2023-03-13_17-22-19] Test: [ 100/1563]	Time  0.939 ( 0.941)	Loss 2.1402e+00 (1.0120e+00)	Acc@1  53.12 ( 74.69)	Acc@5  78.12 ( 92.08)
[2023-03-13_17-22-28] Test: [ 110/1563]	Time  0.938 ( 0.940)	Loss 9.4962e-01 (1.0167e+00)	Acc@1  87.50 ( 74.04)	Acc@5  90.62 ( 92.12)
[2023-03-13_17-22-37] Test: [ 120/1563]	Time  0.942 ( 0.940)	Loss 9.1036e-01 (1.0189e+00)	Acc@1  65.62 ( 73.24)	Acc@5  96.88 ( 92.46)
[2023-03-13_17-22-47] Test: [ 130/1563]	Time  0.931 ( 0.940)	Loss 5.4734e-01 (1.0160e+00)	Acc@1  93.75 ( 73.64)	Acc@5  93.75 ( 92.34)
[2023-03-13_17-22-56] Test: [ 140/1563]	Time  0.954 ( 0.940)	Loss 6.6321e-01 (9.8658e-01)	Acc@1  81.25 ( 74.51)	Acc@5  93.75 ( 92.55)
[2023-03-13_17-23-06] Test: [ 150/1563]	Time  0.955 ( 0.941)	Loss 5.6324e-01 (9.4844e-01)	Acc@1  87.50 ( 75.54)	Acc@5  93.75 ( 92.80)
[2023-03-13_17-23-15] Test: [ 160/1563]	Time  0.935 ( 0.941)	Loss 2.9953e-01 (9.3503e-01)	Acc@1  96.88 ( 75.85)	Acc@5  96.88 ( 92.84)
[2023-03-13_17-23-25] Test: [ 170/1563]	Time  0.933 ( 0.941)	Loss 5.8208e-01 (9.4141e-01)	Acc@1  87.50 ( 75.93)	Acc@5 100.00 ( 92.71)
[2023-03-13_17-23-34] Test: [ 180/1563]	Time  0.948 ( 0.940)	Loss 6.5938e-01 (9.4326e-01)	Acc@1  81.25 ( 75.90)	Acc@5 100.00 ( 92.71)
[2023-03-13_17-23-43] Test: [ 190/1563]	Time  0.958 ( 0.941)	Loss 9.3350e-01 (9.4959e-01)	Acc@1  78.12 ( 75.64)	Acc@5  87.50 ( 92.72)
[2023-03-13_17-23-53] Test: [ 200/1563]	Time  0.928 ( 0.941)	Loss 7.9644e-01 (9.5176e-01)	Acc@1  81.25 ( 75.72)	Acc@5  93.75 ( 92.66)
[2023-03-13_17-24-02] Test: [ 210/1563]	Time  0.938 ( 0.941)	Loss 1.1308e+00 (9.3329e-01)	Acc@1  68.75 ( 76.18)	Acc@5  90.62 ( 92.85)
[2023-03-13_17-24-12] Test: [ 220/1563]	Time  0.925 ( 0.941)	Loss 6.5353e-01 (9.1162e-01)	Acc@1  87.50 ( 76.75)	Acc@5  96.88 ( 93.03)
[2023-03-13_17-24-21] Test: [ 230/1563]	Time  0.922 ( 0.940)	Loss 1.1762e+00 (8.9846e-01)	Acc@1  78.12 ( 77.16)	Acc@5  84.38 ( 93.10)
[2023-03-13_17-24-30] Test: [ 240/1563]	Time  0.945 ( 0.940)	Loss 1.6723e+00 (9.0102e-01)	Acc@1  62.50 ( 77.07)	Acc@5  84.38 ( 93.02)
[2023-03-13_17-24-40] Test: [ 250/1563]	Time  0.953 ( 0.941)	Loss 2.7025e-01 (8.9987e-01)	Acc@1  87.50 ( 77.07)	Acc@5 100.00 ( 93.09)
[2023-03-13_17-24-49] Test: [ 260/1563]	Time  0.952 ( 0.941)	Loss 1.6446e+00 (9.1182e-01)	Acc@1  50.00 ( 76.76)	Acc@5  93.75 ( 92.96)
[2023-03-13_17-24-59] Test: [ 270/1563]	Time  0.944 ( 0.941)	Loss 9.5659e-01 (9.2216e-01)	Acc@1  75.00 ( 76.43)	Acc@5  90.62 ( 92.91)
[2023-03-13_17-25-08] Test: [ 280/1563]	Time  0.948 ( 0.941)	Loss 1.3947e+00 (9.2098e-01)	Acc@1  56.25 ( 76.42)	Acc@5  96.88 ( 93.04)
[2023-03-13_17-25-18] Test: [ 290/1563]	Time  0.946 ( 0.942)	Loss 1.0738e+00 (9.2180e-01)	Acc@1  71.88 ( 76.49)	Acc@5  93.75 ( 93.08)
[2023-03-13_17-25-27] Test: [ 300/1563]	Time  0.946 ( 0.942)	Loss 1.1607e+00 (9.2711e-01)	Acc@1  65.62 ( 76.20)	Acc@5  93.75 ( 93.05)
[2023-03-13_17-25-37] Test: [ 310/1563]	Time  0.952 ( 0.942)	Loss 1.0760e+00 (9.3271e-01)	Acc@1  68.75 ( 75.98)	Acc@5  93.75 ( 93.05)
[2023-03-13_17-25-46] Test: [ 320/1563]	Time  0.948 ( 0.942)	Loss 1.1729e+00 (9.3577e-01)	Acc@1  62.50 ( 75.74)	Acc@5  93.75 ( 93.10)
[2023-03-13_17-25-56] Test: [ 330/1563]	Time  0.948 ( 0.942)	Loss 7.4441e-01 (9.3401e-01)	Acc@1  81.25 ( 75.84)	Acc@5  96.88 ( 93.17)
[2023-03-13_17-26-05] Test: [ 340/1563]	Time  0.954 ( 0.943)	Loss 4.0487e-01 (9.2695e-01)	Acc@1  90.62 ( 76.00)	Acc@5 100.00 ( 93.27)
[2023-03-13_17-26-15] Test: [ 350/1563]	Time  0.948 ( 0.943)	Loss 9.2089e-01 (9.2564e-01)	Acc@1  78.12 ( 76.05)	Acc@5  87.50 ( 93.30)
[2023-03-13_17-26-24] Test: [ 360/1563]	Time  0.951 ( 0.943)	Loss 9.9569e-01 (9.2790e-01)	Acc@1  68.75 ( 76.02)	Acc@5  96.88 ( 93.27)
[2023-03-13_17-26-34] Test: [ 370/1563]	Time  0.956 ( 0.943)	Loss 7.5259e-01 (9.2866e-01)	Acc@1  81.25 ( 75.95)	Acc@5  93.75 ( 93.29)
[2023-03-13_17-26-43] Test: [ 380/1563]	Time  0.953 ( 0.943)	Loss 9.5202e-01 (9.3666e-01)	Acc@1  71.88 ( 75.57)	Acc@5  93.75 ( 93.30)
[2023-03-13_17-26-53] Test: [ 390/1563]	Time  0.948 ( 0.944)	Loss 1.2681e+00 (9.3746e-01)	Acc@1  65.62 ( 75.45)	Acc@5  93.75 ( 93.34)
[2023-03-13_17-27-02] Test: [ 400/1563]	Time  0.951 ( 0.944)	Loss 8.0770e-01 (9.2905e-01)	Acc@1  75.00 ( 75.65)	Acc@5  96.88 ( 93.45)
[2023-03-13_17-27-12] Test: [ 410/1563]	Time  0.949 ( 0.944)	Loss 5.0140e-01 (9.2019e-01)	Acc@1  87.50 ( 75.97)	Acc@5 100.00 ( 93.55)
[2023-03-13_17-27-21] Test: [ 420/1563]	Time  0.947 ( 0.944)	Loss 6.1251e-01 (9.2167e-01)	Acc@1  81.25 ( 75.82)	Acc@5 100.00 ( 93.55)
[2023-03-13_17-27-31] Test: [ 430/1563]	Time  0.947 ( 0.944)	Loss 7.2335e-02 (9.2654e-01)	Acc@1 100.00 ( 75.76)	Acc@5 100.00 ( 93.55)
[2023-03-13_17-27-40] Test: [ 440/1563]	Time  0.947 ( 0.944)	Loss 1.7542e+00 (9.2958e-01)	Acc@1  43.75 ( 75.58)	Acc@5  90.62 ( 93.56)
[2023-03-13_17-27-49] Test: [ 450/1563]	Time  0.944 ( 0.944)	Loss 7.3623e-01 (9.3401e-01)	Acc@1  84.38 ( 75.49)	Acc@5 100.00 ( 93.54)
[2023-03-13_17-27-59] Test: [ 460/1563]	Time  0.943 ( 0.944)	Loss 4.0278e-01 (9.2809e-01)	Acc@1  90.62 ( 75.67)	Acc@5  96.88 ( 93.61)
[2023-03-13_17-28-08] Test: [ 470/1563]	Time  0.947 ( 0.944)	Loss 8.7198e-01 (9.2945e-01)	Acc@1  65.62 ( 75.66)	Acc@5  96.88 ( 93.57)
[2023-03-13_17-28-18] Test: [ 480/1563]	Time  0.922 ( 0.944)	Loss 3.1819e-01 (9.2899e-01)	Acc@1  93.75 ( 75.64)	Acc@5  96.88 ( 93.62)
[2023-03-13_17-28-27] Test: [ 490/1563]	Time  0.941 ( 0.944)	Loss 1.3979e+00 (9.3302e-01)	Acc@1  65.62 ( 75.53)	Acc@5  87.50 ( 93.59)
[2023-03-13_17-28-36] Test: [ 500/1563]	Time  0.937 ( 0.944)	Loss 4.5715e-01 (9.3173e-01)	Acc@1  84.38 ( 75.57)	Acc@5 100.00 ( 93.61)
[2023-03-13_17-28-46] Test: [ 510/1563]	Time  0.943 ( 0.944)	Loss 4.7697e-01 (9.2287e-01)	Acc@1  87.50 ( 75.83)	Acc@5 100.00 ( 93.66)
[2023-03-13_17-28-55] Test: [ 520/1563]	Time  0.948 ( 0.944)	Loss 1.9304e-01 (9.2026e-01)	Acc@1  96.88 ( 75.97)	Acc@5 100.00 ( 93.67)
[2023-03-13_17-29-05] Test: [ 530/1563]	Time  0.956 ( 0.944)	Loss 1.0413e-01 (9.1518e-01)	Acc@1 100.00 ( 76.19)	Acc@5 100.00 ( 93.71)
[2023-03-13_17-29-14] Test: [ 540/1563]	Time  0.942 ( 0.944)	Loss 1.3965e+00 (9.1382e-01)	Acc@1  59.38 ( 76.19)	Acc@5  93.75 ( 93.73)
[2023-03-13_17-29-24] Test: [ 550/1563]	Time  0.937 ( 0.944)	Loss 8.5376e-01 (9.1007e-01)	Acc@1  71.88 ( 76.22)	Acc@5  96.88 ( 93.76)
[2023-03-13_17-29-33] Test: [ 560/1563]	Time  0.943 ( 0.944)	Loss 1.3250e+00 (9.1423e-01)	Acc@1  62.50 ( 76.10)	Acc@5  93.75 ( 93.77)
[2023-03-13_17-29-42] Test: [ 570/1563]	Time  0.953 ( 0.944)	Loss 5.9072e-01 (9.1115e-01)	Acc@1  84.38 ( 76.15)	Acc@5  93.75 ( 93.79)
[2023-03-13_17-29-52] Test: [ 580/1563]	Time  0.946 ( 0.944)	Loss 1.9622e+00 (9.1553e-01)	Acc@1  62.50 ( 76.12)	Acc@5  87.50 ( 93.73)
[2023-03-13_17-30-01] Test: [ 590/1563]	Time  0.953 ( 0.944)	Loss 1.6575e+00 (9.1529e-01)	Acc@1  59.38 ( 76.20)	Acc@5  81.25 ( 93.70)
[2023-03-13_17-30-11] Test: [ 600/1563]	Time  0.959 ( 0.944)	Loss 5.8757e-01 (9.1977e-01)	Acc@1  93.75 ( 76.05)	Acc@5  93.75 ( 93.68)
[2023-03-13_17-30-21] Test: [ 610/1563]	Time  0.945 ( 0.944)	Loss 1.7882e+00 (9.2066e-01)	Acc@1  53.12 ( 76.02)	Acc@5  81.25 ( 93.65)
[2023-03-13_17-30-30] Test: [ 620/1563]	Time  0.945 ( 0.944)	Loss 7.3707e-01 (9.1976e-01)	Acc@1  87.50 ( 76.04)	Acc@5  96.88 ( 93.64)
[2023-03-13_17-30-39] Test: [ 630/1563]	Time  0.918 ( 0.944)	Loss 6.9080e-01 (9.2872e-01)	Acc@1  75.00 ( 75.85)	Acc@5  96.88 ( 93.53)
[2023-03-13_17-30-49] Test: [ 640/1563]	Time  0.947 ( 0.944)	Loss 9.5269e-01 (9.2836e-01)	Acc@1  68.75 ( 75.81)	Acc@5 100.00 ( 93.55)
[2023-03-13_17-30-58] Test: [ 650/1563]	Time  0.948 ( 0.944)	Loss 6.9073e-01 (9.4245e-01)	Acc@1  75.00 ( 75.48)	Acc@5  96.88 ( 93.38)
[2023-03-13_17-31-08] Test: [ 660/1563]	Time  0.952 ( 0.944)	Loss 1.7817e+00 (9.4633e-01)	Acc@1  56.25 ( 75.43)	Acc@5  81.25 ( 93.33)
[2023-03-13_17-31-17] Test: [ 670/1563]	Time  0.945 ( 0.944)	Loss 9.3721e-01 (9.4990e-01)	Acc@1  71.88 ( 75.35)	Acc@5  96.88 ( 93.28)
[2023-03-13_17-31-27] Test: [ 680/1563]	Time  0.944 ( 0.944)	Loss 2.0454e+00 (9.5467e-01)	Acc@1  40.62 ( 75.24)	Acc@5  81.25 ( 93.22)
[2023-03-13_17-31-36] Test: [ 690/1563]	Time  0.951 ( 0.944)	Loss 1.3713e+00 (9.6262e-01)	Acc@1  62.50 ( 75.09)	Acc@5  84.38 ( 93.11)
[2023-03-13_17-31-46] Test: [ 700/1563]	Time  0.951 ( 0.944)	Loss 1.2084e+00 (9.7023e-01)	Acc@1  68.75 ( 74.93)	Acc@5  87.50 ( 93.02)
[2023-03-13_17-31-55] Test: [ 710/1563]	Time  0.956 ( 0.944)	Loss 2.1370e+00 (9.7515e-01)	Acc@1  50.00 ( 74.84)	Acc@5  78.12 ( 92.94)
[2023-03-13_17-32-04] Test: [ 720/1563]	Time  0.939 ( 0.944)	Loss 1.4140e+00 (9.8398e-01)	Acc@1  46.88 ( 74.65)	Acc@5  93.75 ( 92.81)
[2023-03-13_17-32-14] Test: [ 730/1563]	Time  0.961 ( 0.944)	Loss 1.0336e+00 (9.9426e-01)	Acc@1  78.12 ( 74.46)	Acc@5  93.75 ( 92.70)
[2023-03-13_17-32-23] Test: [ 740/1563]	Time  0.934 ( 0.944)	Loss 1.1242e+00 (1.0016e+00)	Acc@1  71.88 ( 74.34)	Acc@5  96.88 ( 92.59)
[2023-03-13_17-32-33] Test: [ 750/1563]	Time  0.941 ( 0.944)	Loss 1.1351e+00 (1.0071e+00)	Acc@1  75.00 ( 74.27)	Acc@5  87.50 ( 92.52)
[2023-03-13_17-32-42] Test: [ 760/1563]	Time  0.961 ( 0.944)	Loss 6.5955e-01 (1.0133e+00)	Acc@1  78.12 ( 74.03)	Acc@5 100.00 ( 92.47)
[2023-03-13_17-32-52] Test: [ 770/1563]	Time  0.933 ( 0.944)	Loss 2.6928e+00 (1.0273e+00)	Acc@1  43.75 ( 73.76)	Acc@5  68.75 ( 92.26)
[2023-03-13_17-33-01] Test: [ 780/1563]	Time  0.949 ( 0.944)	Loss 3.2858e+00 (1.0355e+00)	Acc@1  25.00 ( 73.61)	Acc@5  56.25 ( 92.15)
[2023-03-13_17-33-11] Test: [ 790/1563]	Time  0.951 ( 0.944)	Loss 1.8004e+00 (1.0455e+00)	Acc@1  68.75 ( 73.40)	Acc@5  90.62 ( 92.04)
[2023-03-13_17-33-20] Test: [ 800/1563]	Time  0.932 ( 0.944)	Loss 1.2402e+00 (1.0473e+00)	Acc@1  65.62 ( 73.33)	Acc@5  90.62 ( 92.01)
[2023-03-13_17-33-30] Test: [ 810/1563]	Time  0.956 ( 0.944)	Loss 8.8266e-01 (1.0512e+00)	Acc@1  81.25 ( 73.22)	Acc@5  93.75 ( 91.95)
[2023-03-13_17-33-39] Test: [ 820/1563]	Time  0.941 ( 0.944)	Loss 1.1335e+00 (1.0567e+00)	Acc@1  75.00 ( 73.10)	Acc@5  90.62 ( 91.89)
[2023-03-13_17-33-49] Test: [ 830/1563]	Time  0.952 ( 0.944)	Loss 1.4826e+00 (1.0646e+00)	Acc@1  56.25 ( 72.91)	Acc@5  93.75 ( 91.81)
[2023-03-13_17-33-58] Test: [ 840/1563]	Time  0.940 ( 0.944)	Loss 6.7059e-01 (1.0664e+00)	Acc@1  90.62 ( 72.89)	Acc@5  96.88 ( 91.80)
[2023-03-13_17-34-07] Test: [ 850/1563]	Time  0.948 ( 0.944)	Loss 1.4301e+00 (1.0733e+00)	Acc@1  75.00 ( 72.74)	Acc@5  84.38 ( 91.70)
[2023-03-13_17-34-17] Test: [ 860/1563]	Time  0.948 ( 0.944)	Loss 1.0456e+00 (1.0732e+00)	Acc@1  68.75 ( 72.76)	Acc@5  90.62 ( 91.70)
[2023-03-13_17-34-26] Test: [ 870/1563]	Time  0.927 ( 0.944)	Loss 1.8550e+00 (1.0740e+00)	Acc@1  56.25 ( 72.79)	Acc@5  78.12 ( 91.66)
[2023-03-13_17-34-36] Test: [ 880/1563]	Time  0.937 ( 0.944)	Loss 8.5536e-01 (1.0762e+00)	Acc@1  75.00 ( 72.75)	Acc@5 100.00 ( 91.61)
[2023-03-13_17-34-45] Test: [ 890/1563]	Time  0.947 ( 0.944)	Loss 1.0127e+00 (1.0766e+00)	Acc@1  78.12 ( 72.77)	Acc@5  90.62 ( 91.59)
[2023-03-13_17-34-55] Test: [ 900/1563]	Time  0.945 ( 0.944)	Loss 4.6854e-01 (1.0760e+00)	Acc@1  87.50 ( 72.81)	Acc@5  96.88 ( 91.56)
[2023-03-13_17-35-04] Test: [ 910/1563]	Time  0.961 ( 0.944)	Loss 1.5163e+00 (1.0778e+00)	Acc@1  78.12 ( 72.77)	Acc@5  93.75 ( 91.57)
[2023-03-13_17-35-14] Test: [ 920/1563]	Time  0.950 ( 0.945)	Loss 1.8664e+00 (1.0868e+00)	Acc@1  56.25 ( 72.62)	Acc@5  81.25 ( 91.43)
[2023-03-13_17-35-23] Test: [ 930/1563]	Time  0.938 ( 0.945)	Loss 7.8160e-01 (1.0886e+00)	Acc@1  75.00 ( 72.60)	Acc@5 100.00 ( 91.37)
[2023-03-13_17-35-33] Test: [ 940/1563]	Time  0.956 ( 0.945)	Loss 1.8957e+00 (1.0997e+00)	Acc@1  53.12 ( 72.39)	Acc@5  75.00 ( 91.20)
[2023-03-13_17-35-42] Test: [ 950/1563]	Time  0.949 ( 0.945)	Loss 1.5854e+00 (1.0976e+00)	Acc@1  62.50 ( 72.45)	Acc@5  84.38 ( 91.21)
[2023-03-13_17-35-52] Test: [ 960/1563]	Time  0.963 ( 0.945)	Loss 7.2450e-01 (1.0970e+00)	Acc@1  78.12 ( 72.49)	Acc@5  96.88 ( 91.21)
[2023-03-13_17-36-01] Test: [ 970/1563]	Time  0.946 ( 0.945)	Loss 9.0356e-01 (1.1026e+00)	Acc@1  62.50 ( 72.34)	Acc@5  96.88 ( 91.15)
[2023-03-13_17-36-10] Test: [ 980/1563]	Time  0.942 ( 0.945)	Loss 6.8057e-01 (1.1084e+00)	Acc@1  81.25 ( 72.22)	Acc@5  90.62 ( 91.04)
[2023-03-13_17-36-34] Test: [ 990/1563]	Time  0.946 ( 0.959)	Loss 3.1849e+00 (1.1141e+00)	Acc@1  34.38 ( 72.13)	Acc@5  56.25 ( 90.93)
[2023-03-13_17-36-43] Test: [1000/1563]	Time  0.933 ( 0.958)	Loss 4.1022e-01 (1.1175e+00)	Acc@1  81.25 ( 71.97)	Acc@5 100.00 ( 90.91)
[2023-03-13_17-36-53] Test: [1010/1563]	Time  0.928 ( 0.958)	Loss 1.2628e+00 (1.1180e+00)	Acc@1  81.25 ( 71.99)	Acc@5  87.50 ( 90.89)
[2023-03-13_17-37-02] Test: [1020/1563]	Time  0.952 ( 0.958)	Loss 2.4449e+00 (1.1271e+00)	Acc@1  46.88 ( 71.83)	Acc@5  75.00 ( 90.77)
[2023-03-13_17-37-11] Test: [1030/1563]	Time  0.934 ( 0.958)	Loss 6.6597e-01 (1.1305e+00)	Acc@1  84.38 ( 71.75)	Acc@5  90.62 ( 90.75)
[2023-03-13_17-37-21] Test: [1040/1563]	Time  0.950 ( 0.958)	Loss 1.7235e+00 (1.1357e+00)	Acc@1  59.38 ( 71.61)	Acc@5  81.25 ( 90.70)
[2023-03-13_17-37-30] Test: [1050/1563]	Time  0.930 ( 0.958)	Loss 5.8374e-01 (1.1326e+00)	Acc@1  90.62 ( 71.69)	Acc@5  90.62 ( 90.73)
[2023-03-13_17-37-40] Test: [1060/1563]	Time  0.958 ( 0.958)	Loss 1.6859e+00 (1.1408e+00)	Acc@1  68.75 ( 71.54)	Acc@5  75.00 ( 90.60)
[2023-03-13_17-37-49] Test: [1070/1563]	Time  0.948 ( 0.957)	Loss 3.6416e-01 (1.1427e+00)	Acc@1  93.75 ( 71.50)	Acc@5  96.88 ( 90.58)
[2023-03-13_17-37-59] Test: [1080/1563]	Time  0.961 ( 0.957)	Loss 2.0523e+00 (1.1454e+00)	Acc@1  46.88 ( 71.43)	Acc@5  87.50 ( 90.55)
[2023-03-13_17-38-08] Test: [1090/1563]	Time  0.949 ( 0.957)	Loss 1.2879e+00 (1.1483e+00)	Acc@1  75.00 ( 71.38)	Acc@5  90.62 ( 90.50)
[2023-03-13_17-38-18] Test: [1100/1563]	Time  0.955 ( 0.957)	Loss 5.3973e-01 (1.1477e+00)	Acc@1  81.25 ( 71.42)	Acc@5 100.00 ( 90.50)
[2023-03-13_17-38-27] Test: [1110/1563]	Time  0.939 ( 0.957)	Loss 2.3552e+00 (1.1524e+00)	Acc@1  46.88 ( 71.29)	Acc@5  75.00 ( 90.46)
[2023-03-13_17-38-36] Test: [1120/1563]	Time  0.946 ( 0.957)	Loss 1.3213e+00 (1.1531e+00)	Acc@1  75.00 ( 71.30)	Acc@5  87.50 ( 90.44)
[2023-03-13_17-38-46] Test: [1130/1563]	Time  0.958 ( 0.957)	Loss 1.5308e+00 (1.1546e+00)	Acc@1  65.62 ( 71.29)	Acc@5  78.12 ( 90.41)
[2023-03-13_17-38-55] Test: [1140/1563]	Time  0.943 ( 0.957)	Loss 1.9572e+00 (1.1589e+00)	Acc@1  56.25 ( 71.22)	Acc@5  78.12 ( 90.36)
[2023-03-13_17-39-05] Test: [1150/1563]	Time  0.938 ( 0.957)	Loss 1.1388e+00 (1.1628e+00)	Acc@1  75.00 ( 71.15)	Acc@5  87.50 ( 90.31)
[2023-03-13_17-39-14] Test: [1160/1563]	Time  0.941 ( 0.956)	Loss 1.6324e+00 (1.1645e+00)	Acc@1  50.00 ( 71.11)	Acc@5  87.50 ( 90.27)
[2023-03-13_17-39-24] Test: [1170/1563]	Time  0.939 ( 0.956)	Loss 2.1256e+00 (1.1691e+00)	Acc@1  46.88 ( 70.98)	Acc@5  81.25 ( 90.20)
[2023-03-13_17-39-33] Test: [1180/1563]	Time  0.931 ( 0.956)	Loss 4.3193e-01 (1.1701e+00)	Acc@1  90.62 ( 70.96)	Acc@5  96.88 ( 90.18)
[2023-03-13_17-39-43] Test: [1190/1563]	Time  0.946 ( 0.956)	Loss 1.9221e+00 (1.1712e+00)	Acc@1  59.38 ( 70.96)	Acc@5  78.12 ( 90.15)
[2023-03-13_17-39-52] Test: [1200/1563]	Time  0.961 ( 0.956)	Loss 1.3062e+00 (1.1755e+00)	Acc@1  71.88 ( 70.89)	Acc@5  90.62 ( 90.09)
[2023-03-13_17-40-01] Test: [1210/1563]	Time  0.950 ( 0.956)	Loss 1.2634e+00 (1.1776e+00)	Acc@1  68.75 ( 70.86)	Acc@5  87.50 ( 90.05)
[2023-03-13_17-40-11] Test: [1220/1563]	Time  0.943 ( 0.956)	Loss 3.6517e-01 (1.1791e+00)	Acc@1  87.50 ( 70.83)	Acc@5 100.00 ( 90.03)
[2023-03-13_17-40-34] Test: [1230/1563]	Time  0.955 ( 0.967)	Loss 2.2346e+00 (1.1833e+00)	Acc@1  43.75 ( 70.73)	Acc@5  75.00 ( 89.98)
[2023-03-13_17-40-43] Test: [1240/1563]	Time  0.953 ( 0.967)	Loss 1.3952e+00 (1.1864e+00)	Acc@1  71.88 ( 70.67)	Acc@5  81.25 ( 89.93)
[2023-03-13_17-40-53] Test: [1250/1563]	Time  0.962 ( 0.966)	Loss 5.4596e-01 (1.1899e+00)	Acc@1  87.50 ( 70.62)	Acc@5  93.75 ( 89.88)
[2023-03-13_17-41-02] Test: [1260/1563]	Time  0.950 ( 0.966)	Loss 1.8946e+00 (1.1875e+00)	Acc@1  62.50 ( 70.68)	Acc@5  78.12 ( 89.90)
[2023-03-13_17-41-12] Test: [1270/1563]	Time  0.936 ( 0.966)	Loss 2.0454e+00 (1.1905e+00)	Acc@1  46.88 ( 70.59)	Acc@5  75.00 ( 89.88)
[2023-03-13_17-41-21] Test: [1280/1563]	Time  0.950 ( 0.966)	Loss 1.9114e+00 (1.1931e+00)	Acc@1  59.38 ( 70.54)	Acc@5  90.62 ( 89.85)
[2023-03-13_17-41-30] Test: [1290/1563]	Time  0.941 ( 0.966)	Loss 1.9507e+00 (1.1940e+00)	Acc@1  62.50 ( 70.53)	Acc@5  81.25 ( 89.83)
[2023-03-13_17-41-40] Test: [1300/1563]	Time  0.941 ( 0.966)	Loss 8.4574e-01 (1.1965e+00)	Acc@1  81.25 ( 70.51)	Acc@5  90.62 ( 89.80)
[2023-03-13_17-41-49] Test: [1310/1563]	Time  0.955 ( 0.965)	Loss 2.2484e+00 (1.2043e+00)	Acc@1  43.75 ( 70.33)	Acc@5  87.50 ( 89.71)
[2023-03-13_17-41-59] Test: [1320/1563]	Time  0.941 ( 0.965)	Loss 2.2154e+00 (1.2083e+00)	Acc@1  50.00 ( 70.26)	Acc@5  87.50 ( 89.67)
[2023-03-13_17-42-08] Test: [1330/1563]	Time  0.941 ( 0.965)	Loss 1.5690e+00 (1.2092e+00)	Acc@1  65.62 ( 70.23)	Acc@5  87.50 ( 89.66)
[2023-03-13_17-42-18] Test: [1340/1563]	Time  0.948 ( 0.965)	Loss 1.6030e+00 (1.2099e+00)	Acc@1  56.25 ( 70.21)	Acc@5  81.25 ( 89.64)
[2023-03-13_17-42-27] Test: [1350/1563]	Time  0.941 ( 0.965)	Loss 1.6350e+00 (1.2145e+00)	Acc@1  56.25 ( 70.10)	Acc@5  84.38 ( 89.57)
[2023-03-13_17-42-37] Test: [1360/1563]	Time  0.954 ( 0.965)	Loss 8.1093e-01 (1.2166e+00)	Acc@1  78.12 ( 70.06)	Acc@5  96.88 ( 89.55)
[2023-03-13_17-42-46] Test: [1370/1563]	Time  0.950 ( 0.964)	Loss 1.2424e+00 (1.2165e+00)	Acc@1  62.50 ( 70.03)	Acc@5  87.50 ( 89.56)
[2023-03-13_17-42-55] Test: [1380/1563]	Time  0.949 ( 0.964)	Loss 1.9670e+00 (1.2179e+00)	Acc@1  40.62 ( 69.99)	Acc@5  75.00 ( 89.54)
[2023-03-13_17-43-05] Test: [1390/1563]	Time  0.957 ( 0.964)	Loss 8.3772e-01 (1.2201e+00)	Acc@1  84.38 ( 69.95)	Acc@5  93.75 ( 89.51)
[2023-03-13_17-43-14] Test: [1400/1563]	Time  0.932 ( 0.964)	Loss 5.8472e-01 (1.2198e+00)	Acc@1  87.50 ( 69.93)	Acc@5  96.88 ( 89.53)
[2023-03-13_17-43-24] Test: [1410/1563]	Time  0.934 ( 0.964)	Loss 1.4851e+00 (1.2224e+00)	Acc@1  56.25 ( 69.86)	Acc@5  84.38 ( 89.49)
[2023-03-13_17-43-33] Test: [1420/1563]	Time  0.942 ( 0.964)	Loss 2.0021e+00 (1.2277e+00)	Acc@1  43.75 ( 69.76)	Acc@5  87.50 ( 89.44)
[2023-03-13_17-43-43] Test: [1430/1563]	Time  0.938 ( 0.964)	Loss 3.2285e-01 (1.2278e+00)	Acc@1  90.62 ( 69.72)	Acc@5 100.00 ( 89.45)
[2023-03-13_17-43-52] Test: [1440/1563]	Time  0.945 ( 0.963)	Loss 2.4117e+00 (1.2290e+00)	Acc@1  34.38 ( 69.71)	Acc@5  78.12 ( 89.43)
[2023-03-13_17-44-01] Test: [1450/1563]	Time  0.951 ( 0.963)	Loss 1.2886e+00 (1.2289e+00)	Acc@1  56.25 ( 69.70)	Acc@5  93.75 ( 89.45)
[2023-03-13_17-44-11] Test: [1460/1563]	Time  0.956 ( 0.963)	Loss 8.5004e-01 (1.2289e+00)	Acc@1  75.00 ( 69.70)	Acc@5  93.75 ( 89.44)
[2023-03-13_17-44-20] Test: [1470/1563]	Time  0.949 ( 0.963)	Loss 4.9334e-01 (1.2264e+00)	Acc@1  87.50 ( 69.76)	Acc@5 100.00 ( 89.47)
[2023-03-13_17-44-30] Test: [1480/1563]	Time  0.951 ( 0.963)	Loss 1.5689e+00 (1.2246e+00)	Acc@1  40.62 ( 69.78)	Acc@5  96.88 ( 89.50)
[2023-03-13_17-44-39] Test: [1490/1563]	Time  0.951 ( 0.963)	Loss 5.6424e-01 (1.2239e+00)	Acc@1  84.38 ( 69.79)	Acc@5 100.00 ( 89.50)
[2023-03-13_17-44-49] Test: [1500/1563]	Time  0.958 ( 0.963)	Loss 1.9240e+00 (1.2215e+00)	Acc@1  53.12 ( 69.85)	Acc@5  78.12 ( 89.52)
[2023-03-13_17-44-58] Test: [1510/1563]	Time  0.942 ( 0.963)	Loss 2.0049e+00 (1.2249e+00)	Acc@1  50.00 ( 69.79)	Acc@5  84.38 ( 89.46)
[2023-03-13_17-45-08] Test: [1520/1563]	Time  0.937 ( 0.963)	Loss 1.0479e+00 (1.2277e+00)	Acc@1  71.88 ( 69.73)	Acc@5 100.00 ( 89.43)
[2023-03-13_17-45-17] Test: [1530/1563]	Time  0.928 ( 0.962)	Loss 1.1312e+00 (1.2312e+00)	Acc@1  59.38 ( 69.63)	Acc@5  96.88 ( 89.42)
[2023-03-13_17-45-26] Test: [1540/1563]	Time  0.956 ( 0.962)	Loss 7.5752e-02 (1.2290e+00)	Acc@1 100.00 ( 69.70)	Acc@5 100.00 ( 89.44)
[2023-03-13_17-45-36] Test: [1550/1563]	Time  0.948 ( 0.962)	Loss 9.8930e-01 (1.2255e+00)	Acc@1  78.12 ( 69.77)	Acc@5  90.62 ( 89.47)
[2023-03-13_17-45-46] Test: [1560/1563]	Time  0.949 ( 0.962)	Loss 1.3650e+00 (1.2222e+00)	Acc@1  43.75 ( 69.83)	Acc@5  90.62 ( 89.51)
[2023-03-13_17-45-47]  * Acc@1 69.792 Acc@5 89.494
