[2023-03-13_12-59-28] main_our.py --action QUANTIZE --arch resnet50_imagenet --batch_size 32 --gpu 0 --x_bits 8 --w_bits 8 --boris 1

[2023-03-13_12-59-28] desc=None, x_bits=8, w_bits=5
[2023-03-13_12-59-28] __init__: arch=resnet50, dataset=imagenet, model_chkp=None, pretrained=True
[2023-03-13_12-59-29] train_pred: epochs=1, lr=0, lr_plan=None, momentum=0.9, wd=0.0005, batch_size=32, optimizer=SGD
[2023-03-13_12-59-29] lr=0, running train steps with no_grad()
[2023-03-13_12-59-30] Epoch: [0][    0/40037]	Time  0.843 ( 0.843)	Data  0.293 ( 0.293)	Loss 9.7138e-01 (9.7138e-01)	Acc@1  75.00 ( 75.00)	Acc@5  93.75 ( 93.75)
[2023-03-13_12-59-36] Epoch: [0][   10/40037]	Time  0.748 ( 0.648)	Data  0.000 ( 0.027)	Loss 1.1243e+00 (1.4358e+00)	Acc@1  71.88 ( 67.61)	Acc@5  90.62 ( 87.78)
[2023-03-13_12-59-43] Epoch: [0][   20/40037]	Time  0.654 ( 0.640)	Data  0.000 ( 0.014)	Loss 1.7783e+00 (1.5214e+00)	Acc@1  62.50 ( 65.62)	Acc@5  75.00 ( 84.82)
[2023-03-13_12-59-49] Epoch: [0][   30/40037]	Time  0.585 ( 0.632)	Data  0.000 ( 0.010)	Loss 1.4431e+00 (1.5397e+00)	Acc@1  62.50 ( 64.92)	Acc@5  78.12 ( 84.58)
[2023-03-13_12-59-55] Epoch: [0][   40/40037]	Time  0.579 ( 0.628)	Data  0.000 ( 0.007)	Loss 1.4223e+00 (1.4956e+00)	Acc@1  62.50 ( 65.47)	Acc@5  87.50 ( 85.14)
[2023-03-13_13-00-01] Epoch: [0][   50/40037]	Time  0.669 ( 0.627)	Data  0.000 ( 0.006)	Loss 1.8518e+00 (1.4791e+00)	Acc@1  62.50 ( 66.24)	Acc@5  78.12 ( 85.17)
[2023-03-13_13-00-07] Epoch: [0][   60/40037]	Time  0.643 ( 0.628)	Data  0.000 ( 0.005)	Loss 1.8943e+00 (1.5087e+00)	Acc@1  53.12 ( 65.27)	Acc@5  81.25 ( 84.63)
[2023-03-13_13-00-11] Test: [   0/1563]	Time  0.918 ( 0.918)	Loss 3.9490e-01 (3.9490e-01)	Acc@1  93.75 ( 93.75)	Acc@5  96.88 ( 96.88)
[2023-03-13_13-00-17] Test: [  10/1563]	Time  0.583 ( 0.645)	Loss 1.1459e+00 (9.1301e-01)	Acc@1  71.88 ( 77.56)	Acc@5  90.62 ( 92.61)
[2023-03-13_13-00-23] Test: [  20/1563]	Time  0.597 ( 0.630)	Loss 2.9234e-01 (7.6682e-01)	Acc@1  90.62 ( 81.70)	Acc@5  96.88 ( 94.20)
[2023-03-13_13-00-29] Test: [  30/1563]	Time  0.550 ( 0.623)	Loss 1.0292e-01 (7.1215e-01)	Acc@1  96.88 ( 82.86)	Acc@5 100.00 ( 94.56)
[2023-03-13_13-00-35] Test: [  40/1563]	Time  0.749 ( 0.625)	Loss 3.9348e-01 (6.8858e-01)	Acc@1  87.50 ( 83.38)	Acc@5 100.00 ( 94.89)
[2023-03-13_13-00-42] Test: [  50/1563]	Time  0.644 ( 0.625)	Loss 1.9088e+00 (7.5867e-01)	Acc@1  50.00 ( 81.62)	Acc@5  87.50 ( 94.30)
[2023-03-13_13-00-48] Test: [  60/1563]	Time  0.590 ( 0.623)	Loss 9.0773e-01 (8.4252e-01)	Acc@1  84.38 ( 79.00)	Acc@5  87.50 ( 93.75)
[2023-03-13_13-00-54] Test: [  70/1563]	Time  0.547 ( 0.621)	Loss 1.4264e+00 (8.7325e-01)	Acc@1  75.00 ( 78.35)	Acc@5  87.50 ( 93.40)
[2023-03-13_13-01-00] Test: [  80/1563]	Time  0.742 ( 0.621)	Loss 7.2884e-01 (9.0287e-01)	Acc@1  87.50 ( 77.55)	Acc@5  87.50 ( 92.94)
[2023-03-13_13-01-06] Test: [  90/1563]	Time  0.649 ( 0.622)	Loss 1.6257e+00 (9.5765e-01)	Acc@1  59.38 ( 76.03)	Acc@5  90.62 ( 92.45)
[2023-03-13_13-01-13] Test: [ 100/1563]	Time  0.579 ( 0.621)	Loss 2.1671e+00 (1.0189e+00)	Acc@1  46.88 ( 74.54)	Acc@5  78.12 ( 91.83)
[2023-03-13_13-01-19] Test: [ 110/1563]	Time  0.589 ( 0.620)	Loss 8.2710e-01 (1.0237e+00)	Acc@1  87.50 ( 73.90)	Acc@5  90.62 ( 91.92)
[2023-03-13_13-01-25] Test: [ 120/1563]	Time  0.611 ( 0.620)	Loss 9.5889e-01 (1.0241e+00)	Acc@1  65.62 ( 73.14)	Acc@5  96.88 ( 92.23)
[2023-03-13_13-01-31] Test: [ 130/1563]	Time  0.652 ( 0.621)	Loss 5.3675e-01 (1.0225e+00)	Acc@1  93.75 ( 73.52)	Acc@5  93.75 ( 92.18)
[2023-03-13_13-01-37] Test: [ 140/1563]	Time  0.583 ( 0.620)	Loss 6.8488e-01 (9.9192e-01)	Acc@1  81.25 ( 74.38)	Acc@5  93.75 ( 92.38)
[2023-03-13_13-01-43] Test: [ 150/1563]	Time  0.596 ( 0.620)	Loss 4.7441e-01 (9.5176e-01)	Acc@1  90.62 ( 75.39)	Acc@5  93.75 ( 92.65)
[2023-03-13_13-01-50] Test: [ 160/1563]	Time  0.547 ( 0.619)	Loss 3.0304e-01 (9.4001e-01)	Acc@1  96.88 ( 75.66)	Acc@5  96.88 ( 92.64)
[2023-03-13_13-01-56] Test: [ 170/1563]	Time  0.748 ( 0.620)	Loss 6.0853e-01 (9.4893e-01)	Acc@1  87.50 ( 75.69)	Acc@5 100.00 ( 92.51)
[2023-03-13_13-02-02] Test: [ 180/1563]	Time  0.642 ( 0.620)	Loss 7.8464e-01 (9.5156e-01)	Acc@1  78.12 ( 75.71)	Acc@5 100.00 ( 92.51)
[2023-03-13_13-02-08] Test: [ 190/1563]	Time  0.586 ( 0.620)	Loss 9.4615e-01 (9.6016e-01)	Acc@1  78.12 ( 75.28)	Acc@5  87.50 ( 92.47)
[2023-03-13_13-02-14] Test: [ 200/1563]	Time  0.566 ( 0.619)	Loss 7.6424e-01 (9.6363e-01)	Acc@1  81.25 ( 75.34)	Acc@5  90.62 ( 92.41)
[2023-03-13_13-02-21] Test: [ 210/1563]	Time  0.684 ( 0.619)	Loss 1.1694e+00 (9.4507e-01)	Acc@1  71.88 ( 75.83)	Acc@5  90.62 ( 92.61)
[2023-03-13_13-02-27] Test: [ 220/1563]	Time  0.637 ( 0.620)	Loss 6.6379e-01 (9.2384e-01)	Acc@1  90.62 ( 76.41)	Acc@5  90.62 ( 92.79)
[2023-03-13_13-02-33] Test: [ 230/1563]	Time  0.572 ( 0.619)	Loss 1.1571e+00 (9.0908e-01)	Acc@1  81.25 ( 76.88)	Acc@5  87.50 ( 92.90)
[2023-03-13_13-02-39] Test: [ 240/1563]	Time  0.602 ( 0.619)	Loss 1.6642e+00 (9.1067e-01)	Acc@1  65.62 ( 76.83)	Acc@5  84.38 ( 92.86)
[2023-03-13_13-02-45] Test: [ 250/1563]	Time  0.551 ( 0.619)	Loss 2.8347e-01 (9.0908e-01)	Acc@1  87.50 ( 76.86)	Acc@5 100.00 ( 92.93)
[2023-03-13_13-02-52] Test: [ 260/1563]	Time  0.696 ( 0.619)	Loss 1.5909e+00 (9.1984e-01)	Acc@1  46.88 ( 76.56)	Acc@5  93.75 ( 92.86)
[2023-03-13_13-02-58] Test: [ 270/1563]	Time  0.617 ( 0.619)	Loss 1.0164e+00 (9.2946e-01)	Acc@1  68.75 ( 76.14)	Acc@5  93.75 ( 92.84)
[2023-03-13_13-03-04] Test: [ 280/1563]	Time  0.594 ( 0.619)	Loss 1.3780e+00 (9.2872e-01)	Acc@1  59.38 ( 76.12)	Acc@5  93.75 ( 92.95)
[2023-03-13_13-03-10] Test: [ 290/1563]	Time  0.547 ( 0.619)	Loss 1.0391e+00 (9.2991e-01)	Acc@1  68.75 ( 76.16)	Acc@5  96.88 ( 92.98)
[2023-03-13_13-03-16] Test: [ 300/1563]	Time  0.750 ( 0.619)	Loss 1.1978e+00 (9.3616e-01)	Acc@1  65.62 ( 75.81)	Acc@5  93.75 ( 92.97)
[2023-03-13_13-03-22] Test: [ 310/1563]	Time  0.657 ( 0.619)	Loss 1.0418e+00 (9.4095e-01)	Acc@1  71.88 ( 75.62)	Acc@5  96.88 ( 93.00)
[2023-03-13_13-03-29] Test: [ 320/1563]	Time  0.580 ( 0.619)	Loss 1.1605e+00 (9.4471e-01)	Acc@1  65.62 ( 75.39)	Acc@5  93.75 ( 93.04)
[2023-03-13_13-03-35] Test: [ 330/1563]	Time  0.581 ( 0.619)	Loss 8.3711e-01 (9.4198e-01)	Acc@1  81.25 ( 75.54)	Acc@5  96.88 ( 93.13)
[2023-03-13_13-03-41] Test: [ 340/1563]	Time  0.630 ( 0.619)	Loss 3.7805e-01 (9.3519e-01)	Acc@1  90.62 ( 75.73)	Acc@5 100.00 ( 93.22)
[2023-03-13_13-03-47] Test: [ 350/1563]	Time  0.632 ( 0.619)	Loss 9.1601e-01 (9.3344e-01)	Acc@1  75.00 ( 75.80)	Acc@5  87.50 ( 93.28)
[2023-03-13_13-03-53] Test: [ 360/1563]	Time  0.569 ( 0.619)	Loss 1.1144e+00 (9.3652e-01)	Acc@1  62.50 ( 75.77)	Acc@5  96.88 ( 93.26)
[2023-03-13_13-03-59] Test: [ 370/1563]	Time  0.597 ( 0.619)	Loss 7.7227e-01 (9.3669e-01)	Acc@1  75.00 ( 75.71)	Acc@5  96.88 ( 93.27)
[2023-03-13_13-04-06] Test: [ 380/1563]	Time  0.549 ( 0.619)	Loss 9.5451e-01 (9.4400e-01)	Acc@1  71.88 ( 75.37)	Acc@5  93.75 ( 93.29)
[2023-03-13_13-04-12] Test: [ 390/1563]	Time  0.744 ( 0.619)	Loss 1.1967e+00 (9.4370e-01)	Acc@1  65.62 ( 75.27)	Acc@5  93.75 ( 93.35)
[2023-03-13_13-04-18] Test: [ 400/1563]	Time  0.641 ( 0.619)	Loss 7.9421e-01 (9.3491e-01)	Acc@1  78.12 ( 75.53)	Acc@5 100.00 ( 93.45)
[2023-03-13_13-04-24] Test: [ 410/1563]	Time  0.589 ( 0.619)	Loss 5.2147e-01 (9.2629e-01)	Acc@1  90.62 ( 75.86)	Acc@5 100.00 ( 93.54)
[2023-03-13_13-04-30] Test: [ 420/1563]	Time  0.548 ( 0.619)	Loss 6.8315e-01 (9.2848e-01)	Acc@1  75.00 ( 75.71)	Acc@5  96.88 ( 93.54)
[2023-03-13_13-04-37] Test: [ 430/1563]	Time  0.709 ( 0.619)	Loss 8.0610e-02 (9.3307e-01)	Acc@1 100.00 ( 75.63)	Acc@5 100.00 ( 93.55)
[2023-03-13_13-04-43] Test: [ 440/1563]	Time  0.641 ( 0.619)	Loss 1.7397e+00 (9.3670e-01)	Acc@1  43.75 ( 75.44)	Acc@5  90.62 ( 93.56)
[2023-03-13_13-04-49] Test: [ 450/1563]	Time  0.577 ( 0.619)	Loss 7.1016e-01 (9.4057e-01)	Acc@1  81.25 ( 75.37)	Acc@5 100.00 ( 93.54)
[2023-03-13_13-04-55] Test: [ 460/1563]	Time  0.594 ( 0.619)	Loss 3.9569e-01 (9.3445e-01)	Acc@1  90.62 ( 75.55)	Acc@5  96.88 ( 93.60)
[2023-03-13_13-05-01] Test: [ 470/1563]	Time  0.585 ( 0.619)	Loss 8.2800e-01 (9.3568e-01)	Acc@1  75.00 ( 75.56)	Acc@5  96.88 ( 93.56)
[2023-03-13_13-05-08] Test: [ 480/1563]	Time  0.680 ( 0.619)	Loss 2.8985e-01 (9.3481e-01)	Acc@1  90.62 ( 75.51)	Acc@5 100.00 ( 93.60)
[2023-03-13_13-05-14] Test: [ 490/1563]	Time  0.598 ( 0.619)	Loss 1.3668e+00 (9.3958e-01)	Acc@1  65.62 ( 75.36)	Acc@5  87.50 ( 93.58)
[2023-03-13_13-05-20] Test: [ 500/1563]	Time  0.590 ( 0.619)	Loss 4.7942e-01 (9.3840e-01)	Acc@1  84.38 ( 75.42)	Acc@5 100.00 ( 93.59)
[2023-03-13_13-05-26] Test: [ 510/1563]	Time  0.547 ( 0.619)	Loss 4.2373e-01 (9.2933e-01)	Acc@1  87.50 ( 75.68)	Acc@5 100.00 ( 93.64)
[2023-03-13_13-05-32] Test: [ 520/1563]	Time  0.753 ( 0.619)	Loss 2.0447e-01 (9.2667e-01)	Acc@1  96.88 ( 75.81)	Acc@5 100.00 ( 93.65)
[2023-03-13_13-05-38] Test: [ 530/1563]	Time  0.655 ( 0.619)	Loss 1.0746e-01 (9.2197e-01)	Acc@1 100.00 ( 76.03)	Acc@5 100.00 ( 93.69)
[2023-03-13_13-05-45] Test: [ 540/1563]	Time  0.580 ( 0.619)	Loss 1.3923e+00 (9.2068e-01)	Acc@1  59.38 ( 76.03)	Acc@5  93.75 ( 93.71)
[2023-03-13_13-05-51] Test: [ 550/1563]	Time  0.581 ( 0.619)	Loss 8.4151e-01 (9.1675e-01)	Acc@1  68.75 ( 76.05)	Acc@5 100.00 ( 93.74)
[2023-03-13_13-05-57] Test: [ 560/1563]	Time  0.629 ( 0.618)	Loss 1.2564e+00 (9.2049e-01)	Acc@1  65.62 ( 75.96)	Acc@5  93.75 ( 93.74)
[2023-03-13_13-06-03] Test: [ 570/1563]	Time  0.630 ( 0.619)	Loss 6.2281e-01 (9.1838e-01)	Acc@1  84.38 ( 76.00)	Acc@5  93.75 ( 93.74)
[2023-03-13_13-06-09] Test: [ 580/1563]	Time  0.570 ( 0.619)	Loss 1.9255e+00 (9.2177e-01)	Acc@1  71.88 ( 76.04)	Acc@5  87.50 ( 93.70)
[2023-03-13_13-06-15] Test: [ 590/1563]	Time  0.599 ( 0.619)	Loss 1.6650e+00 (9.2188e-01)	Acc@1  59.38 ( 76.08)	Acc@5  81.25 ( 93.65)
[2023-03-13_13-06-22] Test: [ 600/1563]	Time  0.549 ( 0.618)	Loss 5.7916e-01 (9.2644e-01)	Acc@1  90.62 ( 75.92)	Acc@5  93.75 ( 93.61)
[2023-03-13_13-06-28] Test: [ 610/1563]	Time  0.733 ( 0.619)	Loss 1.7532e+00 (9.2714e-01)	Acc@1  56.25 ( 75.90)	Acc@5  81.25 ( 93.59)
[2023-03-13_13-06-34] Test: [ 620/1563]	Time  0.633 ( 0.619)	Loss 7.6689e-01 (9.2601e-01)	Acc@1  84.38 ( 75.94)	Acc@5  96.88 ( 93.58)
[2023-03-13_13-06-40] Test: [ 630/1563]	Time  0.588 ( 0.619)	Loss 7.6461e-01 (9.3407e-01)	Acc@1  78.12 ( 75.79)	Acc@5  96.88 ( 93.49)
[2023-03-13_13-06-46] Test: [ 640/1563]	Time  0.546 ( 0.618)	Loss 8.9284e-01 (9.3330e-01)	Acc@1  68.75 ( 75.77)	Acc@5 100.00 ( 93.51)
[2023-03-13_13-06-53] Test: [ 650/1563]	Time  0.739 ( 0.619)	Loss 7.0254e-01 (9.4602e-01)	Acc@1  87.50 ( 75.48)	Acc@5  93.75 ( 93.36)
[2023-03-13_13-06-59] Test: [ 660/1563]	Time  0.648 ( 0.619)	Loss 1.7381e+00 (9.4959e-01)	Acc@1  62.50 ( 75.44)	Acc@5  84.38 ( 93.32)
[2023-03-13_13-07-05] Test: [ 670/1563]	Time  0.577 ( 0.619)	Loss 1.0060e+00 (9.5342e-01)	Acc@1  71.88 ( 75.38)	Acc@5  93.75 ( 93.26)
[2023-03-13_13-07-11] Test: [ 680/1563]	Time  0.595 ( 0.618)	Loss 2.0934e+00 (9.5823e-01)	Acc@1  34.38 ( 75.26)	Acc@5  78.12 ( 93.19)
[2023-03-13_13-07-17] Test: [ 690/1563]	Time  0.585 ( 0.618)	Loss 1.4300e+00 (9.6620e-01)	Acc@1  59.38 ( 75.11)	Acc@5  90.62 ( 93.09)
[2023-03-13_13-07-23] Test: [ 700/1563]	Time  0.680 ( 0.619)	Loss 1.2464e+00 (9.7421e-01)	Acc@1  68.75 ( 74.96)	Acc@5  84.38 ( 92.98)
[2023-03-13_13-07-30] Test: [ 710/1563]	Time  0.599 ( 0.619)	Loss 2.0581e+00 (9.7884e-01)	Acc@1  53.12 ( 74.86)	Acc@5  78.12 ( 92.91)
[2023-03-13_13-07-36] Test: [ 720/1563]	Time  0.594 ( 0.618)	Loss 1.3496e+00 (9.8753e-01)	Acc@1  50.00 ( 74.70)	Acc@5  93.75 ( 92.81)
[2023-03-13_13-07-42] Test: [ 730/1563]	Time  0.548 ( 0.618)	Loss 1.1090e+00 (9.9743e-01)	Acc@1  78.12 ( 74.54)	Acc@5  93.75 ( 92.69)
[2023-03-13_13-07-48] Test: [ 740/1563]	Time  0.763 ( 0.619)	Loss 1.1617e+00 (1.0050e+00)	Acc@1  68.75 ( 74.42)	Acc@5  96.88 ( 92.56)
[2023-03-13_13-07-54] Test: [ 750/1563]	Time  0.648 ( 0.619)	Loss 1.0913e+00 (1.0105e+00)	Acc@1  75.00 ( 74.33)	Acc@5  90.62 ( 92.48)
[2023-03-13_13-08-01] Test: [ 760/1563]	Time  0.587 ( 0.619)	Loss 6.5512e-01 (1.0159e+00)	Acc@1  78.12 ( 74.11)	Acc@5 100.00 ( 92.44)
[2023-03-13_13-08-07] Test: [ 770/1563]	Time  0.565 ( 0.618)	Loss 2.6591e+00 (1.0299e+00)	Acc@1  43.75 ( 73.84)	Acc@5  65.62 ( 92.24)
[2023-03-13_13-08-13] Test: [ 780/1563]	Time  0.666 ( 0.618)	Loss 3.0594e+00 (1.0383e+00)	Acc@1  28.12 ( 73.68)	Acc@5  59.38 ( 92.11)
[2023-03-13_13-08-19] Test: [ 790/1563]	Time  0.636 ( 0.619)	Loss 1.8735e+00 (1.0478e+00)	Acc@1  68.75 ( 73.47)	Acc@5  90.62 ( 92.03)
[2023-03-13_13-08-25] Test: [ 800/1563]	Time  0.570 ( 0.619)	Loss 1.1711e+00 (1.0498e+00)	Acc@1  71.88 ( 73.40)	Acc@5  90.62 ( 92.00)
[2023-03-13_13-08-31] Test: [ 810/1563]	Time  0.603 ( 0.618)	Loss 7.9530e-01 (1.0533e+00)	Acc@1  81.25 ( 73.30)	Acc@5  93.75 ( 91.95)
[2023-03-13_13-08-37] Test: [ 820/1563]	Time  0.552 ( 0.618)	Loss 1.0940e+00 (1.0584e+00)	Acc@1  75.00 ( 73.17)	Acc@5  90.62 ( 91.89)
[2023-03-13_13-08-44] Test: [ 830/1563]	Time  0.712 ( 0.619)	Loss 1.4496e+00 (1.0660e+00)	Acc@1  56.25 ( 72.98)	Acc@5  93.75 ( 91.80)
[2023-03-13_13-08-50] Test: [ 840/1563]	Time  0.625 ( 0.619)	Loss 6.4093e-01 (1.0681e+00)	Acc@1  90.62 ( 72.95)	Acc@5  96.88 ( 91.79)
[2023-03-13_13-08-56] Test: [ 850/1563]	Time  0.590 ( 0.618)	Loss 1.3921e+00 (1.0750e+00)	Acc@1  71.88 ( 72.79)	Acc@5  87.50 ( 91.70)
[2023-03-13_13-09-02] Test: [ 860/1563]	Time  0.548 ( 0.618)	Loss 9.7388e-01 (1.0748e+00)	Acc@1  75.00 ( 72.83)	Acc@5  90.62 ( 91.70)
[2023-03-13_13-09-08] Test: [ 870/1563]	Time  0.742 ( 0.618)	Loss 1.9557e+00 (1.0758e+00)	Acc@1  56.25 ( 72.81)	Acc@5  78.12 ( 91.65)
[2023-03-13_13-09-15] Test: [ 880/1563]	Time  0.650 ( 0.619)	Loss 7.7547e-01 (1.0779e+00)	Acc@1  81.25 ( 72.75)	Acc@5 100.00 ( 91.60)
[2023-03-13_13-09-21] Test: [ 890/1563]	Time  0.579 ( 0.618)	Loss 9.8521e-01 (1.0778e+00)	Acc@1  81.25 ( 72.78)	Acc@5  90.62 ( 91.58)
[2023-03-13_13-09-27] Test: [ 900/1563]	Time  0.587 ( 0.618)	Loss 4.1196e-01 (1.0772e+00)	Acc@1  90.62 ( 72.82)	Acc@5  96.88 ( 91.56)
[2023-03-13_13-09-33] Test: [ 910/1563]	Time  0.613 ( 0.618)	Loss 1.4377e+00 (1.0791e+00)	Acc@1  78.12 ( 72.81)	Acc@5  93.75 ( 91.55)
[2023-03-13_13-09-39] Test: [ 920/1563]	Time  0.634 ( 0.618)	Loss 1.9574e+00 (1.0882e+00)	Acc@1  53.12 ( 72.65)	Acc@5  81.25 ( 91.42)
[2023-03-13_13-09-46] Test: [ 930/1563]	Time  0.569 ( 0.618)	Loss 8.2583e-01 (1.0894e+00)	Acc@1  68.75 ( 72.62)	Acc@5 100.00 ( 91.37)
[2023-03-13_13-09-52] Test: [ 940/1563]	Time  0.598 ( 0.618)	Loss 1.9221e+00 (1.1003e+00)	Acc@1  53.12 ( 72.41)	Acc@5  75.00 ( 91.21)
[2023-03-13_13-09-58] Test: [ 950/1563]	Time  0.549 ( 0.618)	Loss 1.5562e+00 (1.0980e+00)	Acc@1  62.50 ( 72.48)	Acc@5  84.38 ( 91.21)
[2023-03-13_13-10-04] Test: [ 960/1563]	Time  0.734 ( 0.618)	Loss 7.8001e-01 (1.0976e+00)	Acc@1  75.00 ( 72.51)	Acc@5  93.75 ( 91.22)
[2023-03-13_13-10-10] Test: [ 970/1563]	Time  0.636 ( 0.618)	Loss 9.6578e-01 (1.1033e+00)	Acc@1  62.50 ( 72.36)	Acc@5  96.88 ( 91.15)
[2023-03-13_13-10-17] Test: [ 980/1563]	Time  0.588 ( 0.618)	Loss 6.8030e-01 (1.1088e+00)	Acc@1  81.25 ( 72.25)	Acc@5  90.62 ( 91.04)
[2023-03-13_13-10-23] Test: [ 990/1563]	Time  0.549 ( 0.618)	Loss 3.0811e+00 (1.1140e+00)	Acc@1  40.62 ( 72.18)	Acc@5  56.25 ( 90.95)
[2023-03-13_13-10-29] Test: [1000/1563]	Time  0.711 ( 0.618)	Loss 3.6599e-01 (1.1169e+00)	Acc@1  84.38 ( 72.02)	Acc@5 100.00 ( 90.94)
[2023-03-13_13-10-35] Test: [1010/1563]	Time  0.642 ( 0.618)	Loss 1.2782e+00 (1.1171e+00)	Acc@1  78.12 ( 72.05)	Acc@5  87.50 ( 90.92)
[2023-03-13_13-10-41] Test: [1020/1563]	Time  0.579 ( 0.618)	Loss 2.4396e+00 (1.1259e+00)	Acc@1  50.00 ( 71.90)	Acc@5  75.00 ( 90.81)
[2023-03-13_13-10-47] Test: [1030/1563]	Time  0.595 ( 0.618)	Loss 6.1347e-01 (1.1294e+00)	Acc@1  84.38 ( 71.83)	Acc@5  90.62 ( 90.78)
[2023-03-13_13-10-54] Test: [1040/1563]	Time  0.582 ( 0.618)	Loss 1.7069e+00 (1.1342e+00)	Acc@1  59.38 ( 71.71)	Acc@5  84.38 ( 90.74)
[2023-03-13_13-11-00] Test: [1050/1563]	Time  0.680 ( 0.618)	Loss 5.3085e-01 (1.1310e+00)	Acc@1  90.62 ( 71.79)	Acc@5  90.62 ( 90.78)
[2023-03-13_13-11-06] Test: [1060/1563]	Time  0.600 ( 0.618)	Loss 1.5808e+00 (1.1383e+00)	Acc@1  71.88 ( 71.65)	Acc@5  75.00 ( 90.66)
[2023-03-13_13-11-12] Test: [1070/1563]	Time  0.594 ( 0.618)	Loss 3.4061e-01 (1.1399e+00)	Acc@1  96.88 ( 71.62)	Acc@5  96.88 ( 90.64)
[2023-03-13_13-11-18] Test: [1080/1563]	Time  0.547 ( 0.618)	Loss 2.1656e+00 (1.1430e+00)	Acc@1  43.75 ( 71.54)	Acc@5  87.50 ( 90.60)
[2023-03-13_13-11-25] Test: [1090/1563]	Time  0.748 ( 0.618)	Loss 1.2262e+00 (1.1460e+00)	Acc@1  75.00 ( 71.49)	Acc@5  90.62 ( 90.55)
[2023-03-13_13-11-31] Test: [1100/1563]	Time  0.641 ( 0.619)	Loss 4.8306e-01 (1.1456e+00)	Acc@1  81.25 ( 71.51)	Acc@5 100.00 ( 90.54)
[2023-03-13_13-11-37] Test: [1110/1563]	Time  0.586 ( 0.618)	Loss 2.4547e+00 (1.1502e+00)	Acc@1  37.50 ( 71.39)	Acc@5  71.88 ( 90.50)
[2023-03-13_13-11-43] Test: [1120/1563]	Time  0.566 ( 0.618)	Loss 1.3596e+00 (1.1512e+00)	Acc@1  75.00 ( 71.40)	Acc@5  84.38 ( 90.48)
[2023-03-13_13-11-49] Test: [1130/1563]	Time  0.665 ( 0.618)	Loss 1.6650e+00 (1.1528e+00)	Acc@1  62.50 ( 71.39)	Acc@5  75.00 ( 90.44)
[2023-03-13_13-11-56] Test: [1140/1563]	Time  0.638 ( 0.618)	Loss 1.8612e+00 (1.1572e+00)	Acc@1  56.25 ( 71.32)	Acc@5  78.12 ( 90.38)
[2023-03-13_13-12-02] Test: [1150/1563]	Time  0.572 ( 0.618)	Loss 1.0502e+00 (1.1614e+00)	Acc@1  78.12 ( 71.24)	Acc@5  87.50 ( 90.31)
[2023-03-13_13-12-08] Test: [1160/1563]	Time  0.605 ( 0.618)	Loss 1.5466e+00 (1.1629e+00)	Acc@1  53.12 ( 71.20)	Acc@5  87.50 ( 90.28)
[2023-03-13_13-12-14] Test: [1170/1563]	Time  0.552 ( 0.618)	Loss 2.1229e+00 (1.1676e+00)	Acc@1  56.25 ( 71.08)	Acc@5  78.12 ( 90.21)
[2023-03-13_13-12-20] Test: [1180/1563]	Time  0.726 ( 0.618)	Loss 4.8108e-01 (1.1687e+00)	Acc@1  87.50 ( 71.06)	Acc@5  96.88 ( 90.18)
[2023-03-13_13-12-26] Test: [1190/1563]	Time  0.628 ( 0.618)	Loss 1.7987e+00 (1.1692e+00)	Acc@1  59.38 ( 71.06)	Acc@5  81.25 ( 90.17)
[2023-03-13_13-12-33] Test: [1200/1563]	Time  0.588 ( 0.618)	Loss 1.2619e+00 (1.1733e+00)	Acc@1  75.00 ( 70.99)	Acc@5  90.62 ( 90.12)
[2023-03-13_13-12-39] Test: [1210/1563]	Time  0.548 ( 0.618)	Loss 1.2280e+00 (1.1753e+00)	Acc@1  68.75 ( 70.96)	Acc@5  87.50 ( 90.07)
[2023-03-13_13-12-45] Test: [1220/1563]	Time  0.709 ( 0.618)	Loss 3.8049e-01 (1.1767e+00)	Acc@1  87.50 ( 70.92)	Acc@5 100.00 ( 90.05)
[2023-03-13_13-12-51] Test: [1230/1563]	Time  0.643 ( 0.618)	Loss 2.3580e+00 (1.1811e+00)	Acc@1  43.75 ( 70.81)	Acc@5  75.00 ( 89.99)
[2023-03-13_13-12-57] Test: [1240/1563]	Time  0.573 ( 0.618)	Loss 1.3385e+00 (1.1839e+00)	Acc@1  71.88 ( 70.78)	Acc@5  84.38 ( 89.96)
[2023-03-13_13-13-03] Test: [1250/1563]	Time  0.602 ( 0.618)	Loss 5.5437e-01 (1.1872e+00)	Acc@1  87.50 ( 70.73)	Acc@5  93.75 ( 89.91)
[2023-03-13_13-13-09] Test: [1260/1563]	Time  0.550 ( 0.618)	Loss 1.8491e+00 (1.1846e+00)	Acc@1  62.50 ( 70.81)	Acc@5  78.12 ( 89.94)
[2023-03-13_13-13-16] Test: [1270/1563]	Time  0.696 ( 0.618)	Loss 1.8698e+00 (1.1875e+00)	Acc@1  50.00 ( 70.71)	Acc@5  81.25 ( 89.90)
[2023-03-13_13-13-22] Test: [1280/1563]	Time  0.616 ( 0.618)	Loss 1.8961e+00 (1.1901e+00)	Acc@1  65.62 ( 70.67)	Acc@5  90.62 ( 89.88)
[2023-03-13_13-13-28] Test: [1290/1563]	Time  0.591 ( 0.618)	Loss 1.9246e+00 (1.1910e+00)	Acc@1  62.50 ( 70.65)	Acc@5  75.00 ( 89.86)
[2023-03-13_13-13-34] Test: [1300/1563]	Time  0.547 ( 0.618)	Loss 7.9095e-01 (1.1932e+00)	Acc@1  84.38 ( 70.63)	Acc@5  90.62 ( 89.83)
[2023-03-13_13-13-41] Test: [1310/1563]	Time  0.752 ( 0.618)	Loss 2.1145e+00 (1.2005e+00)	Acc@1  46.88 ( 70.45)	Acc@5  87.50 ( 89.74)
[2023-03-13_13-13-47] Test: [1320/1563]	Time  0.654 ( 0.618)	Loss 2.1988e+00 (1.2043e+00)	Acc@1  40.62 ( 70.36)	Acc@5  87.50 ( 89.71)
[2023-03-13_13-13-53] Test: [1330/1563]	Time  0.579 ( 0.618)	Loss 1.6260e+00 (1.2051e+00)	Acc@1  62.50 ( 70.32)	Acc@5  87.50 ( 89.70)
[2023-03-13_13-13-59] Test: [1340/1563]	Time  0.581 ( 0.618)	Loss 1.6056e+00 (1.2062e+00)	Acc@1  53.12 ( 70.30)	Acc@5  84.38 ( 89.69)
[2023-03-13_13-14-05] Test: [1350/1563]	Time  0.634 ( 0.618)	Loss 1.6366e+00 (1.2106e+00)	Acc@1  53.12 ( 70.21)	Acc@5  84.38 ( 89.62)
[2023-03-13_13-14-11] Test: [1360/1563]	Time  0.631 ( 0.618)	Loss 8.3763e-01 (1.2127e+00)	Acc@1  78.12 ( 70.16)	Acc@5  96.88 ( 89.59)
[2023-03-13_13-14-18] Test: [1370/1563]	Time  0.571 ( 0.618)	Loss 1.2157e+00 (1.2125e+00)	Acc@1  62.50 ( 70.13)	Acc@5  87.50 ( 89.60)
[2023-03-13_13-14-24] Test: [1380/1563]	Time  0.603 ( 0.618)	Loss 1.9999e+00 (1.2140e+00)	Acc@1  46.88 ( 70.09)	Acc@5  75.00 ( 89.58)
[2023-03-13_13-14-30] Test: [1390/1563]	Time  0.551 ( 0.618)	Loss 8.5775e-01 (1.2161e+00)	Acc@1  81.25 ( 70.05)	Acc@5  96.88 ( 89.56)
[2023-03-13_13-14-36] Test: [1400/1563]	Time  0.726 ( 0.618)	Loss 5.6730e-01 (1.2155e+00)	Acc@1  87.50 ( 70.03)	Acc@5  96.88 ( 89.58)
[2023-03-13_13-14-42] Test: [1410/1563]	Time  0.628 ( 0.618)	Loss 1.4204e+00 (1.2182e+00)	Acc@1  59.38 ( 69.97)	Acc@5  84.38 ( 89.54)
[2023-03-13_13-14-49] Test: [1420/1563]	Time  0.591 ( 0.618)	Loss 2.1292e+00 (1.2236e+00)	Acc@1  40.62 ( 69.87)	Acc@5  87.50 ( 89.48)
[2023-03-13_13-14-55] Test: [1430/1563]	Time  0.546 ( 0.618)	Loss 2.8068e-01 (1.2237e+00)	Acc@1  90.62 ( 69.83)	Acc@5 100.00 ( 89.50)
[2023-03-13_13-15-01] Test: [1440/1563]	Time  0.739 ( 0.618)	Loss 2.5133e+00 (1.2250e+00)	Acc@1  34.38 ( 69.82)	Acc@5  75.00 ( 89.47)
[2023-03-13_13-15-07] Test: [1450/1563]	Time  0.649 ( 0.618)	Loss 1.3552e+00 (1.2251e+00)	Acc@1  59.38 ( 69.80)	Acc@5  93.75 ( 89.49)
[2023-03-13_13-15-13] Test: [1460/1563]	Time  0.578 ( 0.618)	Loss 8.5736e-01 (1.2250e+00)	Acc@1  81.25 ( 69.81)	Acc@5  96.88 ( 89.49)
[2023-03-13_13-15-19] Test: [1470/1563]	Time  0.594 ( 0.618)	Loss 5.3749e-01 (1.2226e+00)	Acc@1  87.50 ( 69.85)	Acc@5 100.00 ( 89.52)
[2023-03-13_13-15-26] Test: [1480/1563]	Time  0.613 ( 0.618)	Loss 1.5533e+00 (1.2208e+00)	Acc@1  37.50 ( 69.88)	Acc@5  93.75 ( 89.55)
[2023-03-13_13-15-32] Test: [1490/1563]	Time  0.651 ( 0.618)	Loss 5.9057e-01 (1.2201e+00)	Acc@1  84.38 ( 69.88)	Acc@5  96.88 ( 89.56)
[2023-03-13_13-15-38] Test: [1500/1563]	Time  0.583 ( 0.618)	Loss 1.8294e+00 (1.2178e+00)	Acc@1  56.25 ( 69.95)	Acc@5  78.12 ( 89.58)
[2023-03-13_13-15-44] Test: [1510/1563]	Time  0.596 ( 0.618)	Loss 1.8269e+00 (1.2210e+00)	Acc@1  50.00 ( 69.88)	Acc@5  87.50 ( 89.53)
[2023-03-13_13-15-50] Test: [1520/1563]	Time  0.550 ( 0.618)	Loss 1.0594e+00 (1.2241e+00)	Acc@1  71.88 ( 69.82)	Acc@5  96.88 ( 89.49)
[2023-03-13_13-15-57] Test: [1530/1563]	Time  0.748 ( 0.618)	Loss 1.1328e+00 (1.2276e+00)	Acc@1  59.38 ( 69.73)	Acc@5  96.88 ( 89.47)
[2023-03-13_13-16-03] Test: [1540/1563]	Time  0.644 ( 0.618)	Loss 6.5804e-02 (1.2255e+00)	Acc@1 100.00 ( 69.80)	Acc@5 100.00 ( 89.49)
[2023-03-13_13-16-09] Test: [1550/1563]	Time  0.588 ( 0.618)	Loss 1.0708e+00 (1.2220e+00)	Acc@1  78.12 ( 69.88)	Acc@5  90.62 ( 89.52)
[2023-03-13_13-16-15] Test: [1560/1563]	Time  0.549 ( 0.618)	Loss 1.4869e+00 (1.2191e+00)	Acc@1  46.88 ( 69.93)	Acc@5  90.62 ( 89.56)
[2023-03-13_13-16-16]  * Acc@1 69.900 Acc@5 89.546
