[2023-03-13_15-29-14] main_our.py --action QUANTIZE --arch resnet50_imagenet --batch_size 32 --gpu 0 --x_bits 8 --w_bits 8 --boris 1

[2023-03-13_15-29-14] desc=None, x_bits=8, w_bits=7
[2023-03-13_15-29-14] __init__: arch=resnet50, dataset=imagenet, model_chkp=None, pretrained=True
[2023-03-13_15-29-14] train_pred: epochs=1, lr=0, lr_plan=None, momentum=0.9, wd=0.0005, batch_size=32, optimizer=SGD
[2023-03-13_15-29-14] lr=0, running train steps with no_grad()
[2023-03-13_15-29-15] Epoch: [0][    0/40037]	Time  0.888 ( 0.888)	Data  0.268 ( 0.268)	Loss 1.3084e+00 (1.3084e+00)	Acc@1  65.62 ( 65.62)	Acc@5  87.50 ( 87.50)
[2023-03-13_15-29-22] Epoch: [0][   10/40037]	Time  0.659 ( 0.669)	Data  0.005 ( 0.028)	Loss 1.6552e+00 (1.5052e+00)	Acc@1  56.25 ( 64.20)	Acc@5  90.62 ( 86.36)
[2023-03-13_15-29-28] Epoch: [0][   20/40037]	Time  0.591 ( 0.645)	Data  0.005 ( 0.016)	Loss 8.6403e-01 (1.4134e+00)	Acc@1  78.12 ( 66.96)	Acc@5  96.88 ( 87.05)
[2023-03-13_15-29-34] Epoch: [0][   30/40037]	Time  0.557 ( 0.636)	Data  0.005 ( 0.012)	Loss 1.6909e+00 (1.3931e+00)	Acc@1  59.38 ( 67.24)	Acc@5  90.62 ( 87.70)
[2023-03-13_15-29-41] Epoch: [0][   40/40037]	Time  0.700 ( 0.638)	Data  0.001 ( 0.010)	Loss 9.8206e-01 (1.3746e+00)	Acc@1  78.12 ( 67.45)	Acc@5  87.50 ( 87.96)
[2023-03-13_15-29-47] Epoch: [0][   50/40037]	Time  0.583 ( 0.635)	Data  0.000 ( 0.008)	Loss 1.2823e+00 (1.3558e+00)	Acc@1  78.12 ( 67.83)	Acc@5  90.62 ( 88.24)
[2023-03-13_15-29-53] Epoch: [0][   60/40037]	Time  0.610 ( 0.633)	Data  0.001 ( 0.008)	Loss 1.4473e+00 (1.3781e+00)	Acc@1  62.50 ( 67.73)	Acc@5  78.12 ( 87.30)
[2023-03-13_15-29-56] Test: [   0/1563]	Time  0.827 ( 0.827)	Loss 4.1940e-01 (4.1940e-01)	Acc@1  93.75 ( 93.75)	Acc@5  96.88 ( 96.88)
[2023-03-13_15-30-03] Test: [  10/1563]	Time  0.740 ( 0.653)	Loss 1.0284e+00 (8.5442e-01)	Acc@1  75.00 ( 79.55)	Acc@5  93.75 ( 93.75)
[2023-03-13_15-30-09] Test: [  20/1563]	Time  0.632 ( 0.638)	Loss 2.5587e-01 (7.2629e-01)	Acc@1  90.62 ( 82.74)	Acc@5  96.88 ( 95.54)
[2023-03-13_15-30-15] Test: [  30/1563]	Time  0.592 ( 0.630)	Loss 8.9659e-02 (6.6530e-01)	Acc@1  96.88 ( 84.07)	Acc@5 100.00 ( 95.56)
[2023-03-13_15-30-21] Test: [  40/1563]	Time  0.550 ( 0.626)	Loss 4.5379e-01 (6.5594e-01)	Acc@1  84.38 ( 84.60)	Acc@5 100.00 ( 95.50)
[2023-03-13_15-30-28] Test: [  50/1563]	Time  0.744 ( 0.626)	Loss 1.7443e+00 (7.2881e-01)	Acc@1  53.12 ( 82.54)	Acc@5  90.62 ( 94.98)
[2023-03-13_15-30-34] Test: [  60/1563]	Time  0.650 ( 0.626)	Loss 9.0082e-01 (8.1154e-01)	Acc@1  81.25 ( 79.92)	Acc@5  87.50 ( 94.26)
[2023-03-13_15-30-40] Test: [  70/1563]	Time  0.579 ( 0.625)	Loss 1.4796e+00 (8.3725e-01)	Acc@1  75.00 ( 78.96)	Acc@5  87.50 ( 94.06)
[2023-03-13_15-30-46] Test: [  80/1563]	Time  0.588 ( 0.623)	Loss 5.7070e-01 (8.6594e-01)	Acc@1  87.50 ( 77.97)	Acc@5  96.88 ( 93.75)
[2023-03-13_15-30-52] Test: [  90/1563]	Time  0.611 ( 0.622)	Loss 1.3846e+00 (9.1798e-01)	Acc@1  59.38 ( 76.51)	Acc@5  93.75 ( 93.27)
[2023-03-13_15-30-59] Test: [ 100/1563]	Time  0.655 ( 0.623)	Loss 2.0709e+00 (9.8236e-01)	Acc@1  40.62 ( 74.97)	Acc@5  84.38 ( 92.61)
[2023-03-13_15-31-05] Test: [ 110/1563]	Time  0.585 ( 0.623)	Loss 8.8950e-01 (9.9082e-01)	Acc@1  84.38 ( 74.27)	Acc@5  90.62 ( 92.54)
[2023-03-13_15-31-46] Test: [ 120/1563]	Time  0.599 ( 0.911)	Loss 9.1218e-01 (9.9290e-01)	Acc@1  75.00 ( 73.58)	Acc@5  93.75 ( 92.69)
[2023-03-13_15-31-52] Test: [ 130/1563]	Time  0.546 ( 0.888)	Loss 5.3712e-01 (9.9216e-01)	Acc@1  90.62 ( 73.93)	Acc@5  93.75 ( 92.56)
[2023-03-13_15-31-58] Test: [ 140/1563]	Time  0.731 ( 0.870)	Loss 6.8670e-01 (9.6404e-01)	Acc@1  84.38 ( 74.80)	Acc@5  93.75 ( 92.73)
[2023-03-13_15-32-04] Test: [ 150/1563]	Time  0.629 ( 0.853)	Loss 4.5648e-01 (9.2327e-01)	Acc@1  90.62 ( 75.93)	Acc@5  93.75 ( 93.00)
[2023-03-13_15-32-11] Test: [ 160/1563]	Time  0.586 ( 0.838)	Loss 2.2424e-01 (9.1035e-01)	Acc@1  96.88 ( 76.18)	Acc@5  96.88 ( 93.15)
[2023-03-13_15-32-17] Test: [ 170/1563]	Time  0.547 ( 0.824)	Loss 5.7489e-01 (9.1753e-01)	Acc@1  81.25 ( 76.30)	Acc@5 100.00 ( 92.98)
[2023-03-13_15-32-23] Test: [ 180/1563]	Time  0.714 ( 0.813)	Loss 7.6225e-01 (9.2000e-01)	Acc@1  81.25 ( 76.36)	Acc@5  96.88 ( 92.94)
[2023-03-13_15-32-29] Test: [ 190/1563]	Time  0.643 ( 0.803)	Loss 9.1582e-01 (9.2505e-01)	Acc@1  75.00 ( 76.08)	Acc@5  90.62 ( 92.98)
[2023-03-13_15-32-35] Test: [ 200/1563]	Time  0.576 ( 0.794)	Loss 9.4063e-01 (9.2957e-01)	Acc@1  75.00 ( 76.20)	Acc@5  90.62 ( 92.91)
[2023-03-13_15-32-41] Test: [ 210/1563]	Time  0.605 ( 0.786)	Loss 1.2894e+00 (9.1192e-01)	Acc@1  71.88 ( 76.70)	Acc@5  90.62 ( 93.04)
[2023-03-13_15-32-48] Test: [ 220/1563]	Time  0.555 ( 0.778)	Loss 5.8242e-01 (8.9098e-01)	Acc@1  87.50 ( 77.23)	Acc@5  93.75 ( 93.16)
[2023-03-13_15-32-54] Test: [ 230/1563]	Time  0.700 ( 0.772)	Loss 1.0238e+00 (8.7565e-01)	Acc@1  81.25 ( 77.69)	Acc@5  87.50 ( 93.26)
[2023-03-13_15-33-00] Test: [ 240/1563]	Time  0.619 ( 0.765)	Loss 1.5989e+00 (8.7642e-01)	Acc@1  68.75 ( 77.65)	Acc@5  84.38 ( 93.22)
[2023-03-13_15-33-06] Test: [ 250/1563]	Time  0.600 ( 0.759)	Loss 3.0355e-01 (8.7401e-01)	Acc@1  90.62 ( 77.65)	Acc@5  96.88 ( 93.29)
[2023-03-13_15-33-12] Test: [ 260/1563]	Time  0.552 ( 0.754)	Loss 1.6663e+00 (8.8519e-01)	Acc@1  50.00 ( 77.31)	Acc@5  93.75 ( 93.20)
[2023-03-13_15-33-19] Test: [ 270/1563]	Time  0.754 ( 0.749)	Loss 9.2353e-01 (8.9607e-01)	Acc@1  78.12 ( 76.91)	Acc@5  90.62 ( 93.15)
[2023-03-13_15-33-25] Test: [ 280/1563]	Time  0.661 ( 0.745)	Loss 1.5076e+00 (8.9593e-01)	Acc@1  59.38 ( 76.91)	Acc@5  93.75 ( 93.26)
[2023-03-13_15-33-31] Test: [ 290/1563]	Time  0.585 ( 0.741)	Loss 1.1105e+00 (8.9591e-01)	Acc@1  62.50 ( 76.90)	Acc@5  93.75 ( 93.28)
[2023-03-13_15-33-37] Test: [ 300/1563]	Time  0.582 ( 0.737)	Loss 9.9155e-01 (9.0071e-01)	Acc@1  75.00 ( 76.61)	Acc@5  93.75 ( 93.27)
[2023-03-13_15-33-44] Test: [ 310/1563]	Time  0.635 ( 0.733)	Loss 9.7663e-01 (9.0516e-01)	Acc@1  71.88 ( 76.37)	Acc@5  93.75 ( 93.28)
[2023-03-13_15-33-50] Test: [ 320/1563]	Time  0.637 ( 0.730)	Loss 1.0980e+00 (9.0796e-01)	Acc@1  71.88 ( 76.12)	Acc@5  90.62 ( 93.31)
[2023-03-13_15-33-56] Test: [ 330/1563]	Time  0.576 ( 0.726)	Loss 7.9189e-01 (9.0470e-01)	Acc@1  75.00 ( 76.26)	Acc@5  96.88 ( 93.42)
[2023-03-13_15-34-02] Test: [ 340/1563]	Time  0.606 ( 0.723)	Loss 3.3214e-01 (8.9858e-01)	Acc@1  90.62 ( 76.41)	Acc@5 100.00 ( 93.48)
[2023-03-13_15-34-08] Test: [ 350/1563]	Time  0.553 ( 0.720)	Loss 8.7846e-01 (8.9611e-01)	Acc@1  75.00 ( 76.50)	Acc@5  93.75 ( 93.54)
[2023-03-13_15-34-15] Test: [ 360/1563]	Time  0.716 ( 0.718)	Loss 1.1214e+00 (8.9952e-01)	Acc@1  56.25 ( 76.46)	Acc@5  93.75 ( 93.50)
[2023-03-13_15-34-21] Test: [ 370/1563]	Time  0.627 ( 0.715)	Loss 8.9027e-01 (9.0029e-01)	Acc@1  71.88 ( 76.40)	Acc@5  90.62 ( 93.51)
[2023-03-13_15-34-27] Test: [ 380/1563]	Time  0.594 ( 0.713)	Loss 9.4528e-01 (9.0806e-01)	Acc@1  71.88 ( 76.06)	Acc@5  93.75 ( 93.51)
[2023-03-13_15-34-33] Test: [ 390/1563]	Time  0.550 ( 0.710)	Loss 1.3398e+00 (9.0839e-01)	Acc@1  62.50 ( 75.96)	Acc@5  90.62 ( 93.54)
[2023-03-13_15-34-40] Test: [ 400/1563]	Time  0.745 ( 0.708)	Loss 7.7926e-01 (8.9976e-01)	Acc@1  81.25 ( 76.22)	Acc@5  96.88 ( 93.64)
[2023-03-13_15-34-46] Test: [ 410/1563]	Time  0.652 ( 0.706)	Loss 4.2089e-01 (8.9158e-01)	Acc@1  87.50 ( 76.49)	Acc@5 100.00 ( 93.73)
[2023-03-13_15-34-52] Test: [ 420/1563]	Time  0.581 ( 0.704)	Loss 6.0328e-01 (8.9359e-01)	Acc@1  84.38 ( 76.34)	Acc@5  93.75 ( 93.70)
[2023-03-13_15-34-58] Test: [ 430/1563]	Time  0.589 ( 0.702)	Loss 6.2314e-02 (8.9869e-01)	Acc@1 100.00 ( 76.31)	Acc@5 100.00 ( 93.67)
[2023-03-13_15-35-04] Test: [ 440/1563]	Time  0.616 ( 0.700)	Loss 1.7753e+00 (9.0271e-01)	Acc@1  46.88 ( 76.09)	Acc@5  90.62 ( 93.66)
[2023-03-13_15-35-11] Test: [ 450/1563]	Time  0.655 ( 0.698)	Loss 8.1357e-01 (9.0797e-01)	Acc@1  78.12 ( 75.95)	Acc@5 100.00 ( 93.64)
[2023-03-13_15-35-17] Test: [ 460/1563]	Time  0.586 ( 0.697)	Loss 4.1317e-01 (9.0211e-01)	Acc@1  90.62 ( 76.16)	Acc@5  96.88 ( 93.69)
[2023-03-13_15-35-23] Test: [ 470/1563]	Time  0.599 ( 0.695)	Loss 9.4819e-01 (9.0353e-01)	Acc@1  71.88 ( 76.19)	Acc@5  96.88 ( 93.66)
[2023-03-13_15-35-29] Test: [ 480/1563]	Time  0.552 ( 0.693)	Loss 3.0514e-01 (9.0349e-01)	Acc@1  93.75 ( 76.13)	Acc@5  96.88 ( 93.71)
[2023-03-13_15-35-35] Test: [ 490/1563]	Time  0.751 ( 0.692)	Loss 1.3562e+00 (9.0862e-01)	Acc@1  71.88 ( 76.01)	Acc@5  84.38 ( 93.67)
[2023-03-13_15-35-42] Test: [ 500/1563]	Time  0.648 ( 0.691)	Loss 4.3484e-01 (9.0780e-01)	Acc@1  87.50 ( 76.05)	Acc@5 100.00 ( 93.66)
[2023-03-13_15-35-48] Test: [ 510/1563]	Time  0.588 ( 0.689)	Loss 3.7714e-01 (8.9840e-01)	Acc@1  90.62 ( 76.32)	Acc@5 100.00 ( 93.73)
[2023-03-13_15-35-54] Test: [ 520/1563]	Time  0.569 ( 0.688)	Loss 1.4008e-01 (8.9585e-01)	Acc@1  96.88 ( 76.43)	Acc@5 100.00 ( 93.73)
[2023-03-13_15-36-00] Test: [ 530/1563]	Time  0.686 ( 0.686)	Loss 8.8992e-02 (8.9105e-01)	Acc@1 100.00 ( 76.63)	Acc@5 100.00 ( 93.77)
[2023-03-13_15-36-06] Test: [ 540/1563]	Time  0.640 ( 0.685)	Loss 1.2406e+00 (8.8964e-01)	Acc@1  65.62 ( 76.65)	Acc@5  93.75 ( 93.78)
[2023-03-13_15-36-13] Test: [ 550/1563]	Time  0.574 ( 0.684)	Loss 8.6892e-01 (8.8599e-01)	Acc@1  71.88 ( 76.69)	Acc@5  93.75 ( 93.82)
[2023-03-13_15-36-19] Test: [ 560/1563]	Time  0.602 ( 0.683)	Loss 1.3066e+00 (8.9069e-01)	Acc@1  65.62 ( 76.57)	Acc@5  93.75 ( 93.80)
[2023-03-13_15-36-25] Test: [ 570/1563]	Time  0.552 ( 0.682)	Loss 6.7719e-01 (8.8899e-01)	Acc@1  84.38 ( 76.59)	Acc@5  90.62 ( 93.80)
[2023-03-13_15-36-31] Test: [ 580/1563]	Time  0.695 ( 0.681)	Loss 1.9663e+00 (8.9259e-01)	Acc@1  62.50 ( 76.59)	Acc@5  87.50 ( 93.77)
[2023-03-13_15-36-37] Test: [ 590/1563]	Time  0.614 ( 0.680)	Loss 1.5796e+00 (8.9227e-01)	Acc@1  65.62 ( 76.64)	Acc@5  84.38 ( 93.74)
[2023-03-13_15-36-44] Test: [ 600/1563]	Time  0.594 ( 0.679)	Loss 6.1233e-01 (8.9749e-01)	Acc@1  90.62 ( 76.48)	Acc@5  93.75 ( 93.70)
[2023-03-13_15-36-50] Test: [ 610/1563]	Time  0.548 ( 0.678)	Loss 1.6873e+00 (8.9825e-01)	Acc@1  62.50 ( 76.48)	Acc@5  84.38 ( 93.68)
[2023-03-13_15-36-56] Test: [ 620/1563]	Time  0.764 ( 0.677)	Loss 9.3126e-01 (8.9701e-01)	Acc@1  84.38 ( 76.52)	Acc@5  96.88 ( 93.67)
[2023-03-13_15-37-02] Test: [ 630/1563]	Time  0.659 ( 0.676)	Loss 6.3956e-01 (9.0575e-01)	Acc@1  81.25 ( 76.34)	Acc@5  96.88 ( 93.56)
[2023-03-13_15-37-08] Test: [ 640/1563]	Time  0.582 ( 0.675)	Loss 7.9083e-01 (9.0579e-01)	Acc@1  71.88 ( 76.33)	Acc@5  96.88 ( 93.55)
[2023-03-13_15-37-15] Test: [ 650/1563]	Time  0.574 ( 0.674)	Loss 7.0487e-01 (9.1850e-01)	Acc@1  81.25 ( 76.01)	Acc@5  96.88 ( 93.43)
[2023-03-13_15-37-21] Test: [ 660/1563]	Time  0.653 ( 0.673)	Loss 1.7564e+00 (9.2269e-01)	Acc@1  59.38 ( 75.94)	Acc@5  81.25 ( 93.39)
[2023-03-13_15-37-27] Test: [ 670/1563]	Time  0.636 ( 0.673)	Loss 9.0427e-01 (9.2645e-01)	Acc@1  68.75 ( 75.86)	Acc@5  93.75 ( 93.33)
[2023-03-13_15-37-33] Test: [ 680/1563]	Time  0.573 ( 0.672)	Loss 2.2058e+00 (9.3182e-01)	Acc@1  46.88 ( 75.77)	Acc@5  78.12 ( 93.24)
[2023-03-13_15-37-39] Test: [ 690/1563]	Time  0.604 ( 0.671)	Loss 1.3609e+00 (9.4006e-01)	Acc@1  65.62 ( 75.60)	Acc@5  84.38 ( 93.11)
[2023-03-13_15-37-45] Test: [ 700/1563]	Time  0.551 ( 0.670)	Loss 1.1690e+00 (9.4758e-01)	Acc@1  71.88 ( 75.42)	Acc@5  93.75 ( 93.07)
[2023-03-13_15-37-52] Test: [ 710/1563]	Time  0.723 ( 0.670)	Loss 1.9051e+00 (9.5152e-01)	Acc@1  59.38 ( 75.35)	Acc@5  84.38 ( 93.01)
[2023-03-13_15-37-58] Test: [ 720/1563]	Time  0.625 ( 0.669)	Loss 1.3921e+00 (9.6066e-01)	Acc@1  50.00 ( 75.18)	Acc@5  93.75 ( 92.87)
[2023-03-13_15-38-04] Test: [ 730/1563]	Time  0.591 ( 0.668)	Loss 8.6988e-01 (9.7034e-01)	Acc@1  78.12 ( 75.01)	Acc@5  96.88 ( 92.76)
[2023-03-13_15-38-10] Test: [ 740/1563]	Time  0.548 ( 0.667)	Loss 1.1336e+00 (9.7666e-01)	Acc@1  68.75 ( 74.90)	Acc@5  96.88 ( 92.64)
[2023-03-13_15-38-16] Test: [ 750/1563]	Time  0.742 ( 0.667)	Loss 1.0275e+00 (9.8249e-01)	Acc@1  71.88 ( 74.80)	Acc@5  90.62 ( 92.56)
[2023-03-13_15-38-23] Test: [ 760/1563]	Time  0.650 ( 0.666)	Loss 6.6803e-01 (9.8831e-01)	Acc@1  78.12 ( 74.58)	Acc@5 100.00 ( 92.52)
[2023-03-13_15-38-29] Test: [ 770/1563]	Time  0.579 ( 0.666)	Loss 2.7021e+00 (1.0021e+00)	Acc@1  43.75 ( 74.29)	Acc@5  68.75 ( 92.37)
[2023-03-13_15-38-35] Test: [ 780/1563]	Time  0.587 ( 0.665)	Loss 3.0233e+00 (1.0095e+00)	Acc@1  31.25 ( 74.13)	Acc@5  68.75 ( 92.27)
[2023-03-13_15-38-41] Test: [ 790/1563]	Time  0.601 ( 0.664)	Loss 1.7288e+00 (1.0195e+00)	Acc@1  68.75 ( 73.95)	Acc@5  93.75 ( 92.17)
[2023-03-13_15-38-47] Test: [ 800/1563]	Time  0.655 ( 0.664)	Loss 1.2251e+00 (1.0210e+00)	Acc@1  62.50 ( 73.88)	Acc@5  93.75 ( 92.15)
[2023-03-13_15-38-54] Test: [ 810/1563]	Time  0.585 ( 0.663)	Loss 8.2080e-01 (1.0247e+00)	Acc@1  84.38 ( 73.79)	Acc@5  93.75 ( 92.10)
[2023-03-13_15-39-00] Test: [ 820/1563]	Time  0.597 ( 0.663)	Loss 1.0647e+00 (1.0306e+00)	Acc@1  75.00 ( 73.64)	Acc@5  90.62 ( 92.02)
[2023-03-13_15-39-06] Test: [ 830/1563]	Time  0.549 ( 0.662)	Loss 1.4604e+00 (1.0377e+00)	Acc@1  50.00 ( 73.47)	Acc@5  96.88 ( 91.95)
[2023-03-13_15-39-12] Test: [ 840/1563]	Time  0.750 ( 0.662)	Loss 6.8204e-01 (1.0399e+00)	Acc@1  90.62 ( 73.46)	Acc@5  96.88 ( 91.94)
[2023-03-13_15-39-18] Test: [ 850/1563]	Time  0.645 ( 0.661)	Loss 1.3063e+00 (1.0465e+00)	Acc@1  75.00 ( 73.31)	Acc@5  87.50 ( 91.84)
[2023-03-13_15-39-25] Test: [ 860/1563]	Time  0.590 ( 0.661)	Loss 7.1326e-01 (1.0463e+00)	Acc@1  78.12 ( 73.35)	Acc@5  90.62 ( 91.84)
[2023-03-13_15-39-31] Test: [ 870/1563]	Time  0.549 ( 0.660)	Loss 1.7713e+00 (1.0474e+00)	Acc@1  56.25 ( 73.36)	Acc@5  81.25 ( 91.80)
[2023-03-13_15-39-37] Test: [ 880/1563]	Time  0.716 ( 0.660)	Loss 7.4250e-01 (1.0495e+00)	Acc@1  78.12 ( 73.33)	Acc@5  96.88 ( 91.76)
[2023-03-13_15-39-43] Test: [ 890/1563]	Time  0.644 ( 0.659)	Loss 9.0324e-01 (1.0496e+00)	Acc@1  81.25 ( 73.35)	Acc@5  90.62 ( 91.75)
[2023-03-13_15-39-49] Test: [ 900/1563]	Time  0.574 ( 0.659)	Loss 4.9268e-01 (1.0491e+00)	Acc@1  84.38 ( 73.37)	Acc@5  96.88 ( 91.73)
[2023-03-13_15-39-56] Test: [ 910/1563]	Time  0.604 ( 0.658)	Loss 1.2707e+00 (1.0507e+00)	Acc@1  78.12 ( 73.34)	Acc@5  90.62 ( 91.74)
[2023-03-13_15-40-02] Test: [ 920/1563]	Time  0.553 ( 0.658)	Loss 1.8879e+00 (1.0590e+00)	Acc@1  56.25 ( 73.20)	Acc@5  81.25 ( 91.61)
[2023-03-13_15-40-08] Test: [ 930/1563]	Time  0.702 ( 0.658)	Loss 7.2122e-01 (1.0603e+00)	Acc@1  68.75 ( 73.18)	Acc@5 100.00 ( 91.57)
[2023-03-13_15-40-14] Test: [ 940/1563]	Time  0.615 ( 0.657)	Loss 1.7065e+00 (1.0709e+00)	Acc@1  62.50 ( 72.99)	Acc@5  78.12 ( 91.43)
[2023-03-13_15-40-20] Test: [ 950/1563]	Time  0.596 ( 0.657)	Loss 1.5018e+00 (1.0684e+00)	Acc@1  68.75 ( 73.06)	Acc@5  78.12 ( 91.43)
[2023-03-13_15-40-26] Test: [ 960/1563]	Time  0.549 ( 0.656)	Loss 7.5867e-01 (1.0678e+00)	Acc@1  78.12 ( 73.08)	Acc@5  96.88 ( 91.44)
[2023-03-13_15-40-33] Test: [ 970/1563]	Time  0.753 ( 0.656)	Loss 9.4535e-01 (1.0733e+00)	Acc@1  62.50 ( 72.92)	Acc@5  96.88 ( 91.37)
[2023-03-13_15-40-39] Test: [ 980/1563]	Time  0.658 ( 0.656)	Loss 8.1500e-01 (1.0794e+00)	Acc@1  71.88 ( 72.79)	Acc@5  90.62 ( 91.28)
[2023-03-13_15-40-45] Test: [ 990/1563]	Time  0.581 ( 0.655)	Loss 3.2003e+00 (1.0848e+00)	Acc@1  34.38 ( 72.70)	Acc@5  56.25 ( 91.19)
[2023-03-13_15-40-51] Test: [1000/1563]	Time  0.582 ( 0.655)	Loss 2.6697e-01 (1.0875e+00)	Acc@1  87.50 ( 72.55)	Acc@5 100.00 ( 91.18)
[2023-03-13_15-40-57] Test: [1010/1563]	Time  0.633 ( 0.655)	Loss 1.2205e+00 (1.0877e+00)	Acc@1  81.25 ( 72.58)	Acc@5  87.50 ( 91.16)
[2023-03-13_15-41-04] Test: [1020/1563]	Time  0.630 ( 0.654)	Loss 2.4405e+00 (1.0968e+00)	Acc@1  59.38 ( 72.43)	Acc@5  84.38 ( 91.04)
[2023-03-13_15-41-10] Test: [1030/1563]	Time  0.571 ( 0.654)	Loss 6.4763e-01 (1.1016e+00)	Acc@1  81.25 ( 72.31)	Acc@5  90.62 ( 91.02)
[2023-03-13_15-41-16] Test: [1040/1563]	Time  0.602 ( 0.654)	Loss 1.6848e+00 (1.1068e+00)	Acc@1  62.50 ( 72.17)	Acc@5  84.38 ( 90.98)
[2023-03-13_15-41-22] Test: [1050/1563]	Time  0.550 ( 0.653)	Loss 4.5282e-01 (1.1037e+00)	Acc@1  90.62 ( 72.23)	Acc@5  96.88 ( 91.01)
[2023-03-13_15-41-28] Test: [1060/1563]	Time  0.739 ( 0.653)	Loss 1.6588e+00 (1.1121e+00)	Acc@1  71.88 ( 72.07)	Acc@5  71.88 ( 90.89)
[2023-03-13_15-41-35] Test: [1070/1563]	Time  0.634 ( 0.653)	Loss 2.9513e-01 (1.1136e+00)	Acc@1  96.88 ( 72.06)	Acc@5  96.88 ( 90.87)
[2023-03-13_15-41-41] Test: [1080/1563]	Time  0.588 ( 0.652)	Loss 2.1706e+00 (1.1161e+00)	Acc@1  50.00 ( 71.98)	Acc@5  84.38 ( 90.83)
[2023-03-13_15-41-47] Test: [1090/1563]	Time  0.550 ( 0.652)	Loss 1.2710e+00 (1.1195e+00)	Acc@1  75.00 ( 71.94)	Acc@5  90.62 ( 90.79)
[2023-03-13_15-41-53] Test: [1100/1563]	Time  0.709 ( 0.652)	Loss 4.5577e-01 (1.1193e+00)	Acc@1  81.25 ( 71.95)	Acc@5 100.00 ( 90.78)
[2023-03-13_15-41-59] Test: [1110/1563]	Time  0.643 ( 0.651)	Loss 2.4196e+00 (1.1235e+00)	Acc@1  43.75 ( 71.84)	Acc@5  71.88 ( 90.75)
[2023-03-13_15-42-06] Test: [1120/1563]	Time  0.579 ( 0.651)	Loss 1.2440e+00 (1.1243e+00)	Acc@1  75.00 ( 71.85)	Acc@5  93.75 ( 90.75)
[2023-03-13_15-42-18] Test: [1130/1563]	Time  0.546 ( 0.656)	Loss 1.6643e+00 (1.1257e+00)	Acc@1  68.75 ( 71.85)	Acc@5  75.00 ( 90.71)
[2023-03-13_15-42-24] Test: [1140/1563]	Time  0.742 ( 0.656)	Loss 1.9062e+00 (1.1301e+00)	Acc@1  62.50 ( 71.77)	Acc@5  78.12 ( 90.65)
[2023-03-13_15-42-30] Test: [1150/1563]	Time  0.651 ( 0.656)	Loss 1.1061e+00 (1.1348e+00)	Acc@1  78.12 ( 71.69)	Acc@5  84.38 ( 90.57)
[2023-03-13_15-42-36] Test: [1160/1563]	Time  0.577 ( 0.655)	Loss 1.5241e+00 (1.1369e+00)	Acc@1  62.50 ( 71.64)	Acc@5  87.50 ( 90.54)
[2023-03-13_15-42-42] Test: [1170/1563]	Time  0.589 ( 0.655)	Loss 2.0081e+00 (1.1407e+00)	Acc@1  50.00 ( 71.53)	Acc@5  81.25 ( 90.49)
[2023-03-13_15-42-49] Test: [1180/1563]	Time  0.612 ( 0.654)	Loss 4.4717e-01 (1.1417e+00)	Acc@1  90.62 ( 71.52)	Acc@5  96.88 ( 90.47)
[2023-03-13_15-42-55] Test: [1190/1563]	Time  0.653 ( 0.654)	Loss 1.6214e+00 (1.1421e+00)	Acc@1  59.38 ( 71.51)	Acc@5  81.25 ( 90.46)
[2023-03-13_15-43-01] Test: [1200/1563]	Time  0.586 ( 0.654)	Loss 1.4536e+00 (1.1462e+00)	Acc@1  71.88 ( 71.43)	Acc@5  87.50 ( 90.40)
[2023-03-13_15-43-07] Test: [1210/1563]	Time  0.595 ( 0.654)	Loss 1.2235e+00 (1.1482e+00)	Acc@1  75.00 ( 71.40)	Acc@5  87.50 ( 90.36)
[2023-03-13_15-43-13] Test: [1220/1563]	Time  0.548 ( 0.653)	Loss 2.6982e-01 (1.1491e+00)	Acc@1  90.62 ( 71.38)	Acc@5 100.00 ( 90.36)
[2023-03-13_15-43-20] Test: [1230/1563]	Time  0.750 ( 0.653)	Loss 2.0449e+00 (1.1531e+00)	Acc@1  46.88 ( 71.27)	Acc@5  78.12 ( 90.29)
[2023-03-13_15-43-26] Test: [1240/1563]	Time  0.643 ( 0.653)	Loss 1.5950e+00 (1.1558e+00)	Acc@1  62.50 ( 71.21)	Acc@5  84.38 ( 90.26)
[2023-03-13_15-43-32] Test: [1250/1563]	Time  0.588 ( 0.653)	Loss 5.8007e-01 (1.1596e+00)	Acc@1  87.50 ( 71.14)	Acc@5  93.75 ( 90.21)
[2023-03-13_15-43-38] Test: [1260/1563]	Time  0.570 ( 0.652)	Loss 1.9051e+00 (1.1577e+00)	Acc@1  62.50 ( 71.20)	Acc@5  78.12 ( 90.23)
[2023-03-13_15-43-44] Test: [1270/1563]	Time  0.674 ( 0.652)	Loss 1.9490e+00 (1.1607e+00)	Acc@1  50.00 ( 71.11)	Acc@5  78.12 ( 90.19)
[2023-03-13_15-43-51] Test: [1280/1563]	Time  0.638 ( 0.652)	Loss 1.7449e+00 (1.1633e+00)	Acc@1  62.50 ( 71.04)	Acc@5  90.62 ( 90.17)
[2023-03-13_15-43-57] Test: [1290/1563]	Time  0.574 ( 0.652)	Loss 1.8596e+00 (1.1637e+00)	Acc@1  68.75 ( 71.04)	Acc@5  81.25 ( 90.15)
[2023-03-13_15-44-03] Test: [1300/1563]	Time  0.604 ( 0.651)	Loss 6.9099e-01 (1.1659e+00)	Acc@1  90.62 ( 71.03)	Acc@5  90.62 ( 90.14)
[2023-03-13_15-44-09] Test: [1310/1563]	Time  0.550 ( 0.651)	Loss 2.0451e+00 (1.1737e+00)	Acc@1  40.62 ( 70.85)	Acc@5  87.50 ( 90.05)
[2023-03-13_15-44-15] Test: [1320/1563]	Time  0.709 ( 0.651)	Loss 2.3553e+00 (1.1774e+00)	Acc@1  43.75 ( 70.77)	Acc@5  78.12 ( 90.01)
[2023-03-13_15-44-22] Test: [1330/1563]	Time  0.617 ( 0.651)	Loss 1.7677e+00 (1.1786e+00)	Acc@1  50.00 ( 70.72)	Acc@5  87.50 ( 90.00)
[2023-03-13_15-44-28] Test: [1340/1563]	Time  0.595 ( 0.650)	Loss 1.4097e+00 (1.1793e+00)	Acc@1  59.38 ( 70.70)	Acc@5  87.50 ( 89.98)
[2023-03-13_15-44-34] Test: [1350/1563]	Time  0.549 ( 0.650)	Loss 1.6298e+00 (1.1834e+00)	Acc@1  65.62 ( 70.63)	Acc@5  81.25 ( 89.92)
[2023-03-13_15-44-40] Test: [1360/1563]	Time  0.751 ( 0.650)	Loss 7.4562e-01 (1.1856e+00)	Acc@1  81.25 ( 70.59)	Acc@5 100.00 ( 89.90)
[2023-03-13_15-44-46] Test: [1370/1563]	Time  0.658 ( 0.650)	Loss 1.2113e+00 (1.1854e+00)	Acc@1  65.62 ( 70.55)	Acc@5  90.62 ( 89.91)
[2023-03-13_15-44-53] Test: [1380/1563]	Time  0.581 ( 0.649)	Loss 2.0398e+00 (1.1870e+00)	Acc@1  46.88 ( 70.50)	Acc@5  75.00 ( 89.89)
[2023-03-13_15-44-59] Test: [1390/1563]	Time  0.581 ( 0.649)	Loss 7.9909e-01 (1.1895e+00)	Acc@1  81.25 ( 70.46)	Acc@5  96.88 ( 89.86)
[2023-03-13_15-45-05] Test: [1400/1563]	Time  0.634 ( 0.649)	Loss 5.5923e-01 (1.1893e+00)	Acc@1  84.38 ( 70.44)	Acc@5  96.88 ( 89.88)
[2023-03-13_15-45-11] Test: [1410/1563]	Time  0.632 ( 0.649)	Loss 1.5328e+00 (1.1921e+00)	Acc@1  56.25 ( 70.36)	Acc@5  84.38 ( 89.83)
[2023-03-13_15-45-17] Test: [1420/1563]	Time  0.571 ( 0.649)	Loss 1.9831e+00 (1.1977e+00)	Acc@1  31.25 ( 70.25)	Acc@5  90.62 ( 89.79)
[2023-03-13_15-45-24] Test: [1430/1563]	Time  0.600 ( 0.648)	Loss 2.3903e-01 (1.1979e+00)	Acc@1  90.62 ( 70.20)	Acc@5 100.00 ( 89.81)
[2023-03-13_15-45-30] Test: [1440/1563]	Time  0.551 ( 0.648)	Loss 2.4716e+00 (1.1990e+00)	Acc@1  37.50 ( 70.20)	Acc@5  81.25 ( 89.80)
[2023-03-13_15-45-36] Test: [1450/1563]	Time  0.739 ( 0.648)	Loss 1.2852e+00 (1.1992e+00)	Acc@1  65.62 ( 70.18)	Acc@5  93.75 ( 89.82)
[2023-03-13_15-45-42] Test: [1460/1563]	Time  0.634 ( 0.648)	Loss 7.9706e-01 (1.1983e+00)	Acc@1  78.12 ( 70.21)	Acc@5  93.75 ( 89.82)
[2023-03-13_15-45-48] Test: [1470/1563]	Time  0.590 ( 0.648)	Loss 5.7069e-01 (1.1960e+00)	Acc@1  90.62 ( 70.26)	Acc@5 100.00 ( 89.86)
[2023-03-13_15-45-54] Test: [1480/1563]	Time  0.549 ( 0.647)	Loss 1.6090e+00 (1.1941e+00)	Acc@1  37.50 ( 70.28)	Acc@5  96.88 ( 89.89)
[2023-03-13_15-46-01] Test: [1490/1563]	Time  0.710 ( 0.647)	Loss 5.7670e-01 (1.1929e+00)	Acc@1  84.38 ( 70.32)	Acc@5 100.00 ( 89.91)
[2023-03-13_15-46-07] Test: [1500/1563]	Time  0.643 ( 0.647)	Loss 2.0243e+00 (1.1908e+00)	Acc@1  46.88 ( 70.38)	Acc@5  71.88 ( 89.92)
[2023-03-13_15-46-13] Test: [1510/1563]	Time  0.577 ( 0.647)	Loss 1.8363e+00 (1.1942e+00)	Acc@1  50.00 ( 70.32)	Acc@5  84.38 ( 89.87)
[2023-03-13_15-46-19] Test: [1520/1563]	Time  0.596 ( 0.647)	Loss 1.1107e+00 (1.1974e+00)	Acc@1  71.88 ( 70.24)	Acc@5  96.88 ( 89.83)
[2023-03-13_15-46-25] Test: [1530/1563]	Time  0.585 ( 0.646)	Loss 1.2274e+00 (1.2008e+00)	Acc@1  50.00 ( 70.14)	Acc@5  93.75 ( 89.81)
[2023-03-13_15-46-32] Test: [1540/1563]	Time  0.681 ( 0.646)	Loss 7.6978e-02 (1.1987e+00)	Acc@1 100.00 ( 70.21)	Acc@5 100.00 ( 89.83)
[2023-03-13_15-46-38] Test: [1550/1563]	Time  0.599 ( 0.646)	Loss 1.0090e+00 (1.1951e+00)	Acc@1  81.25 ( 70.29)	Acc@5  90.62 ( 89.86)
[2023-03-13_15-46-44] Test: [1560/1563]	Time  0.596 ( 0.646)	Loss 1.3735e+00 (1.1918e+00)	Acc@1  46.88 ( 70.35)	Acc@5  93.75 ( 89.89)
[2023-03-13_15-46-45]  * Acc@1 70.308 Acc@5 89.870
