[2023-03-13_20-08-30] main.py --action QUANTIZE --arch resnet50_imagenet --batch_size 32 --gpu 1 --x_bits 5 --w_bits 5

[2023-03-13_20-08-30] desc=None, x_bits=5, w_bits=5
[2023-03-13_20-08-30] X FP dict={'sign': 0, 'exponent': 1, 'mantissa': 4}
[2023-03-13_20-08-30] W FP dict={'sign': 0, 'exponent': 1, 'mantissa': 4}
[2023-03-13_20-08-30] SUM FP dict={'sign': 0, 'exponent': 1, 'mantissa': 4}
[2023-03-13_20-08-30] __init__: arch=resnet50, dataset=imagenet, model_chkp=None, pretrained=True
[2023-03-13_20-08-30] train_pred: epochs=1, lr=0, lr_plan=None, momentum=0.9, wd=0.0005, batch_size=32, optimizer=SGD
[2023-03-13_20-08-30] lr=0, running train steps with no_grad()
[2023-03-13_20-08-31] Epoch: [0][    0/40037]	Time  1.298 ( 1.298)	Data  0.419 ( 0.419)	Loss 1.7311e+00 (1.7311e+00)	Acc@1  65.62 ( 65.62)	Acc@5  78.12 ( 78.12)
[2023-03-13_20-08-40] Epoch: [0][   10/40037]	Time  0.836 ( 0.876)	Data  0.000 ( 0.038)	Loss 1.6221e+00 (1.3751e+00)	Acc@1  65.62 ( 69.89)	Acc@5  81.25 ( 86.36)
[2023-03-13_20-08-48] Epoch: [0][   20/40037]	Time  0.833 ( 0.856)	Data  0.000 ( 0.020)	Loss 1.5543e+00 (1.3237e+00)	Acc@1  59.38 ( 69.05)	Acc@5  84.38 ( 87.95)
[2023-03-13_20-08-56] Epoch: [0][   30/40037]	Time  0.836 ( 0.850)	Data  0.000 ( 0.014)	Loss 1.3367e+00 (1.3290e+00)	Acc@1  68.75 ( 68.75)	Acc@5  84.38 ( 87.90)
[2023-03-13_20-09-05] Epoch: [0][   40/40037]	Time  0.837 ( 0.847)	Data  0.000 ( 0.010)	Loss 1.0777e+00 (1.3212e+00)	Acc@1  81.25 ( 69.13)	Acc@5  90.62 ( 87.88)
[2023-03-13_20-09-13] Epoch: [0][   50/40037]	Time  0.838 ( 0.845)	Data  0.000 ( 0.008)	Loss 9.8442e-01 (1.3396e+00)	Acc@1  75.00 ( 68.63)	Acc@5  87.50 ( 87.62)
[2023-03-13_20-09-21] Epoch: [0][   60/40037]	Time  0.838 ( 0.844)	Data  0.000 ( 0.007)	Loss 1.3703e+00 (1.3412e+00)	Acc@1  65.62 ( 68.49)	Acc@5  84.38 ( 87.30)
[2023-03-13_20-09-26] Test: [   0/1563]	Time  1.078 ( 1.078)	Loss 4.0863e-01 (4.0863e-01)	Acc@1  93.75 ( 93.75)	Acc@5  96.88 ( 96.88)
[2023-03-13_20-09-34] Test: [  10/1563]	Time  0.830 ( 0.853)	Loss 1.1314e+00 (7.9563e-01)	Acc@1  78.12 ( 78.98)	Acc@5  93.75 ( 94.32)
[2023-03-13_20-09-43] Test: [  20/1563]	Time  0.835 ( 0.844)	Loss 2.8672e-01 (6.6626e-01)	Acc@1  90.62 ( 82.74)	Acc@5 100.00 ( 95.24)
[2023-03-13_20-09-51] Test: [  30/1563]	Time  0.839 ( 0.842)	Loss 1.4987e-01 (5.9432e-01)	Acc@1  96.88 ( 84.98)	Acc@5 100.00 ( 95.87)
[2023-03-13_20-09-59] Test: [  40/1563]	Time  0.836 ( 0.841)	Loss 3.3466e-01 (5.8907e-01)	Acc@1  93.75 ( 85.59)	Acc@5 100.00 ( 95.96)
[2023-03-13_20-10-08] Test: [  50/1563]	Time  0.836 ( 0.840)	Loss 1.6275e+00 (6.6765e-01)	Acc@1  59.38 ( 83.52)	Acc@5  87.50 ( 95.47)
[2023-03-13_20-10-16] Test: [  60/1563]	Time  0.835 ( 0.839)	Loss 9.7041e-01 (7.7169e-01)	Acc@1  81.25 ( 80.23)	Acc@5  90.62 ( 94.62)
[2023-03-13_20-10-24] Test: [  70/1563]	Time  0.836 ( 0.839)	Loss 1.4508e+00 (8.1796e-01)	Acc@1  71.88 ( 78.96)	Acc@5  84.38 ( 93.97)
[2023-03-13_20-10-33] Test: [  80/1563]	Time  0.839 ( 0.839)	Loss 5.2048e-01 (8.5099e-01)	Acc@1  90.62 ( 78.16)	Acc@5  96.88 ( 93.79)
[2023-03-13_20-10-41] Test: [  90/1563]	Time  0.839 ( 0.838)	Loss 1.2024e+00 (8.9732e-01)	Acc@1  65.62 ( 76.99)	Acc@5  90.62 ( 93.34)
[2023-03-13_20-10-49] Test: [ 100/1563]	Time  0.836 ( 0.838)	Loss 1.9316e+00 (9.6118e-01)	Acc@1  50.00 ( 75.34)	Acc@5  81.25 ( 92.57)
[2023-03-13_20-10-58] Test: [ 110/1563]	Time  0.835 ( 0.838)	Loss 8.1933e-01 (9.7375e-01)	Acc@1  84.38 ( 74.86)	Acc@5  87.50 ( 92.43)
[2023-03-13_20-11-06] Test: [ 120/1563]	Time  0.837 ( 0.838)	Loss 7.7963e-01 (9.7123e-01)	Acc@1  81.25 ( 74.51)	Acc@5 100.00 ( 92.74)
[2023-03-13_20-11-15] Test: [ 130/1563]	Time  0.833 ( 0.838)	Loss 2.1549e-01 (9.6100e-01)	Acc@1 100.00 ( 75.10)	Acc@5 100.00 ( 92.82)
[2023-03-13_20-11-23] Test: [ 140/1563]	Time  0.840 ( 0.838)	Loss 5.9792e-01 (9.3253e-01)	Acc@1  87.50 ( 75.89)	Acc@5  93.75 ( 92.97)
[2023-03-13_20-11-31] Test: [ 150/1563]	Time  0.841 ( 0.838)	Loss 3.2861e-01 (8.9375e-01)	Acc@1  90.62 ( 76.95)	Acc@5 100.00 ( 93.23)
[2023-03-13_20-11-40] Test: [ 160/1563]	Time  0.835 ( 0.838)	Loss 2.6201e-01 (8.7821e-01)	Acc@1  93.75 ( 77.33)	Acc@5  96.88 ( 93.25)
[2023-03-13_20-11-48] Test: [ 170/1563]	Time  0.833 ( 0.837)	Loss 6.4507e-01 (8.8786e-01)	Acc@1  81.25 ( 77.38)	Acc@5  96.88 ( 93.04)
[2023-03-13_20-11-56] Test: [ 180/1563]	Time  0.838 ( 0.837)	Loss 5.1765e-01 (8.8717e-01)	Acc@1  84.38 ( 77.47)	Acc@5 100.00 ( 92.94)
[2023-03-13_20-12-05] Test: [ 190/1563]	Time  0.841 ( 0.837)	Loss 5.8440e-01 (8.9219e-01)	Acc@1  81.25 ( 77.29)	Acc@5 100.00 ( 92.96)
[2023-03-13_20-12-13] Test: [ 200/1563]	Time  0.834 ( 0.837)	Loss 4.3134e-01 (8.9688e-01)	Acc@1  90.62 ( 77.13)	Acc@5 100.00 ( 92.94)
[2023-03-13_20-12-21] Test: [ 210/1563]	Time  0.836 ( 0.837)	Loss 1.1283e+00 (8.7808e-01)	Acc@1  68.75 ( 77.53)	Acc@5  90.62 ( 93.11)
[2023-03-13_20-12-30] Test: [ 220/1563]	Time  0.833 ( 0.837)	Loss 6.1427e-01 (8.5531e-01)	Acc@1  87.50 ( 78.12)	Acc@5  93.75 ( 93.31)
[2023-03-13_20-12-38] Test: [ 230/1563]	Time  0.831 ( 0.837)	Loss 1.2535e+00 (8.3886e-01)	Acc@1  81.25 ( 78.65)	Acc@5  84.38 ( 93.47)
[2023-03-13_20-12-47] Test: [ 240/1563]	Time  0.837 ( 0.837)	Loss 2.0261e+00 (8.4122e-01)	Acc@1  59.38 ( 78.60)	Acc@5  81.25 ( 93.44)
[2023-03-13_20-12-55] Test: [ 250/1563]	Time  0.840 ( 0.837)	Loss 2.6322e-01 (8.4308e-01)	Acc@1  93.75 ( 78.59)	Acc@5 100.00 ( 93.51)
[2023-03-13_20-13-03] Test: [ 260/1563]	Time  0.840 ( 0.837)	Loss 1.3588e+00 (8.5767e-01)	Acc@1  46.88 ( 78.22)	Acc@5  93.75 ( 93.34)
[2023-03-13_20-13-12] Test: [ 270/1563]	Time  0.838 ( 0.837)	Loss 1.0956e+00 (8.7100e-01)	Acc@1  68.75 ( 77.83)	Acc@5  90.62 ( 93.28)
[2023-03-13_20-13-20] Test: [ 280/1563]	Time  0.838 ( 0.837)	Loss 1.3534e+00 (8.7299e-01)	Acc@1  56.25 ( 77.76)	Acc@5  93.75 ( 93.34)
[2023-03-13_20-13-28] Test: [ 290/1563]	Time  0.838 ( 0.837)	Loss 1.0703e+00 (8.7700e-01)	Acc@1  68.75 ( 77.59)	Acc@5  93.75 ( 93.37)
[2023-03-13_20-13-37] Test: [ 300/1563]	Time  0.838 ( 0.837)	Loss 1.0841e+00 (8.8303e-01)	Acc@1  62.50 ( 77.28)	Acc@5  96.88 ( 93.35)
[2023-03-13_20-13-45] Test: [ 310/1563]	Time  0.839 ( 0.837)	Loss 8.5046e-01 (8.8837e-01)	Acc@1  75.00 ( 77.09)	Acc@5  96.88 ( 93.36)
[2023-03-13_20-13-54] Test: [ 320/1563]	Time  0.839 ( 0.837)	Loss 1.2945e+00 (8.9085e-01)	Acc@1  65.62 ( 76.87)	Acc@5  84.38 ( 93.41)
[2023-03-13_20-14-02] Test: [ 330/1563]	Time  0.838 ( 0.837)	Loss 1.1778e+00 (8.9228e-01)	Acc@1  65.62 ( 76.82)	Acc@5  90.62 ( 93.41)
[2023-03-13_20-14-10] Test: [ 340/1563]	Time  0.840 ( 0.837)	Loss 4.7467e-01 (8.9114e-01)	Acc@1  87.50 ( 76.91)	Acc@5  96.88 ( 93.43)
[2023-03-13_20-14-19] Test: [ 350/1563]	Time  0.839 ( 0.838)	Loss 7.9884e-01 (8.9364e-01)	Acc@1  81.25 ( 76.87)	Acc@5  93.75 ( 93.44)
[2023-03-13_20-14-27] Test: [ 360/1563]	Time  0.839 ( 0.838)	Loss 1.1680e+00 (8.9873e-01)	Acc@1  53.12 ( 76.67)	Acc@5  93.75 ( 93.40)
[2023-03-13_20-14-36] Test: [ 370/1563]	Time  0.841 ( 0.838)	Loss 8.7801e-01 (8.9954e-01)	Acc@1  75.00 ( 76.60)	Acc@5  93.75 ( 93.44)
[2023-03-13_20-14-44] Test: [ 380/1563]	Time  0.840 ( 0.838)	Loss 7.7888e-01 (9.0597e-01)	Acc@1  84.38 ( 76.26)	Acc@5  93.75 ( 93.45)
[2023-03-13_20-14-52] Test: [ 390/1563]	Time  0.838 ( 0.838)	Loss 1.2519e+00 (9.0753e-01)	Acc@1  71.88 ( 76.11)	Acc@5  90.62 ( 93.48)
[2023-03-13_20-15-01] Test: [ 400/1563]	Time  0.840 ( 0.838)	Loss 8.0392e-01 (8.9828e-01)	Acc@1  78.12 ( 76.37)	Acc@5  96.88 ( 93.59)
[2023-03-13_20-15-09] Test: [ 410/1563]	Time  0.838 ( 0.838)	Loss 4.1391e-01 (8.8986e-01)	Acc@1  93.75 ( 76.61)	Acc@5  96.88 ( 93.64)
[2023-03-13_20-15-17] Test: [ 420/1563]	Time  0.838 ( 0.838)	Loss 4.6580e-01 (8.8988e-01)	Acc@1  90.62 ( 76.43)	Acc@5 100.00 ( 93.68)
[2023-03-13_20-15-26] Test: [ 430/1563]	Time  0.838 ( 0.838)	Loss 1.1364e-01 (8.9634e-01)	Acc@1  96.88 ( 76.33)	Acc@5 100.00 ( 93.65)
[2023-03-13_20-15-34] Test: [ 440/1563]	Time  0.838 ( 0.838)	Loss 1.9276e+00 (8.9959e-01)	Acc@1  40.62 ( 76.15)	Acc@5  87.50 ( 93.67)
[2023-03-13_20-15-43] Test: [ 450/1563]	Time  0.838 ( 0.838)	Loss 7.2089e-01 (9.0457e-01)	Acc@1  75.00 ( 75.96)	Acc@5 100.00 ( 93.68)
[2023-03-13_20-15-51] Test: [ 460/1563]	Time  0.837 ( 0.838)	Loss 2.7356e-01 (8.9725e-01)	Acc@1  93.75 ( 76.17)	Acc@5 100.00 ( 93.76)
[2023-03-13_20-15-59] Test: [ 470/1563]	Time  0.838 ( 0.838)	Loss 7.7355e-01 (8.9836e-01)	Acc@1  75.00 ( 76.17)	Acc@5 100.00 ( 93.76)
[2023-03-13_20-16-08] Test: [ 480/1563]	Time  0.832 ( 0.838)	Loss 4.5762e-01 (8.9851e-01)	Acc@1  90.62 ( 76.12)	Acc@5  93.75 ( 93.81)
[2023-03-13_20-16-16] Test: [ 490/1563]	Time  0.836 ( 0.838)	Loss 1.2197e+00 (9.0195e-01)	Acc@1  75.00 ( 76.04)	Acc@5  90.62 ( 93.79)
[2023-03-13_20-16-24] Test: [ 500/1563]	Time  0.836 ( 0.838)	Loss 3.6083e-01 (9.0245e-01)	Acc@1  90.62 ( 76.04)	Acc@5 100.00 ( 93.80)
[2023-03-13_20-16-33] Test: [ 510/1563]	Time  0.838 ( 0.838)	Loss 2.6620e-01 (8.9124e-01)	Acc@1  90.62 ( 76.36)	Acc@5 100.00 ( 93.87)
[2023-03-13_20-16-41] Test: [ 520/1563]	Time  0.838 ( 0.838)	Loss 1.5147e-01 (8.8800e-01)	Acc@1 100.00 ( 76.45)	Acc@5 100.00 ( 93.86)
[2023-03-13_20-16-50] Test: [ 530/1563]	Time  0.841 ( 0.838)	Loss 1.2076e-01 (8.8333e-01)	Acc@1 100.00 ( 76.60)	Acc@5 100.00 ( 93.90)
[2023-03-13_20-16-58] Test: [ 540/1563]	Time  0.836 ( 0.838)	Loss 1.4038e+00 (8.8211e-01)	Acc@1  59.38 ( 76.59)	Acc@5  96.88 ( 93.92)
[2023-03-13_20-17-06] Test: [ 550/1563]	Time  0.835 ( 0.838)	Loss 8.5930e-01 (8.7806e-01)	Acc@1  75.00 ( 76.66)	Acc@5 100.00 ( 93.98)
[2023-03-13_20-17-15] Test: [ 560/1563]	Time  0.836 ( 0.838)	Loss 1.4046e+00 (8.8206e-01)	Acc@1  56.25 ( 76.50)	Acc@5  96.88 ( 93.99)
[2023-03-13_20-17-23] Test: [ 570/1563]	Time  0.840 ( 0.837)	Loss 8.6177e-01 (8.8006e-01)	Acc@1  87.50 ( 76.57)	Acc@5  90.62 ( 94.00)
[2023-03-13_20-17-31] Test: [ 580/1563]	Time  0.837 ( 0.838)	Loss 2.1135e+00 (8.8582e-01)	Acc@1  65.62 ( 76.49)	Acc@5  78.12 ( 93.92)
[2023-03-13_20-17-40] Test: [ 590/1563]	Time  0.839 ( 0.838)	Loss 1.7294e+00 (8.8690e-01)	Acc@1  59.38 ( 76.51)	Acc@5  81.25 ( 93.88)
[2023-03-13_20-17-48] Test: [ 600/1563]	Time  0.842 ( 0.838)	Loss 6.3760e-01 (8.9109e-01)	Acc@1  84.38 ( 76.38)	Acc@5  96.88 ( 93.85)
[2023-03-13_20-17-57] Test: [ 610/1563]	Time  0.837 ( 0.838)	Loss 1.8342e+00 (8.9245e-01)	Acc@1  50.00 ( 76.37)	Acc@5  87.50 ( 93.84)
[2023-03-13_20-18-05] Test: [ 620/1563]	Time  0.837 ( 0.838)	Loss 6.2936e-01 (8.9109e-01)	Acc@1  90.62 ( 76.40)	Acc@5  96.88 ( 93.84)
[2023-03-13_20-18-13] Test: [ 630/1563]	Time  0.830 ( 0.838)	Loss 5.2092e-01 (8.9883e-01)	Acc@1  78.12 ( 76.21)	Acc@5 100.00 ( 93.74)
[2023-03-13_20-18-22] Test: [ 640/1563]	Time  0.839 ( 0.838)	Loss 9.7787e-01 (8.9983e-01)	Acc@1  71.88 ( 76.18)	Acc@5  96.88 ( 93.74)
[2023-03-13_20-18-30] Test: [ 650/1563]	Time  0.839 ( 0.838)	Loss 7.3092e-01 (9.1711e-01)	Acc@1  78.12 ( 75.84)	Acc@5  96.88 ( 93.51)
[2023-03-13_20-18-38] Test: [ 660/1563]	Time  0.840 ( 0.838)	Loss 1.5213e+00 (9.2082e-01)	Acc@1  65.62 ( 75.77)	Acc@5  87.50 ( 93.47)
[2023-03-13_20-18-47] Test: [ 670/1563]	Time  0.838 ( 0.838)	Loss 8.1599e-01 (9.2421e-01)	Acc@1  71.88 ( 75.72)	Acc@5 100.00 ( 93.41)
[2023-03-13_20-18-55] Test: [ 680/1563]	Time  0.837 ( 0.838)	Loss 1.9962e+00 (9.3026e-01)	Acc@1  34.38 ( 75.56)	Acc@5  81.25 ( 93.34)
[2023-03-13_20-19-04] Test: [ 690/1563]	Time  0.840 ( 0.838)	Loss 1.2739e+00 (9.3716e-01)	Acc@1  68.75 ( 75.43)	Acc@5  90.62 ( 93.27)
[2023-03-13_20-19-12] Test: [ 700/1563]	Time  0.840 ( 0.838)	Loss 1.0421e+00 (9.4520e-01)	Acc@1  75.00 ( 75.29)	Acc@5  87.50 ( 93.17)
[2023-03-13_20-19-20] Test: [ 710/1563]	Time  0.841 ( 0.838)	Loss 1.7977e+00 (9.4820e-01)	Acc@1  46.88 ( 75.20)	Acc@5  87.50 ( 93.14)
[2023-03-13_20-19-29] Test: [ 720/1563]	Time  0.837 ( 0.838)	Loss 1.3600e+00 (9.5581e-01)	Acc@1  43.75 ( 75.06)	Acc@5  93.75 ( 93.03)
[2023-03-13_20-19-37] Test: [ 730/1563]	Time  0.842 ( 0.838)	Loss 5.5584e-01 (9.6671e-01)	Acc@1  84.38 ( 74.82)	Acc@5 100.00 ( 92.92)
[2023-03-13_20-19-46] Test: [ 740/1563]	Time  0.835 ( 0.838)	Loss 9.8541e-01 (9.7485e-01)	Acc@1  71.88 ( 74.68)	Acc@5  96.88 ( 92.81)
[2023-03-13_20-19-54] Test: [ 750/1563]	Time  0.837 ( 0.838)	Loss 1.1485e+00 (9.8038e-01)	Acc@1  68.75 ( 74.60)	Acc@5  90.62 ( 92.73)
[2023-03-13_20-20-02] Test: [ 760/1563]	Time  0.843 ( 0.838)	Loss 6.5970e-01 (9.8590e-01)	Acc@1  78.12 ( 74.43)	Acc@5 100.00 ( 92.69)
[2023-03-13_20-20-11] Test: [ 770/1563]	Time  0.834 ( 0.838)	Loss 2.9569e+00 (9.9700e-01)	Acc@1  37.50 ( 74.20)	Acc@5  65.62 ( 92.57)
[2023-03-13_20-20-19] Test: [ 780/1563]	Time  0.839 ( 0.838)	Loss 2.8375e+00 (1.0045e+00)	Acc@1  40.62 ( 74.12)	Acc@5  68.75 ( 92.48)
[2023-03-13_20-20-27] Test: [ 790/1563]	Time  0.840 ( 0.838)	Loss 1.6725e+00 (1.0141e+00)	Acc@1  62.50 ( 73.89)	Acc@5  84.38 ( 92.37)
[2023-03-13_20-20-36] Test: [ 800/1563]	Time  0.836 ( 0.838)	Loss 8.4284e-01 (1.0157e+00)	Acc@1  78.12 ( 73.85)	Acc@5  93.75 ( 92.35)
[2023-03-13_20-20-44] Test: [ 810/1563]	Time  0.842 ( 0.838)	Loss 8.3123e-01 (1.0197e+00)	Acc@1  81.25 ( 73.73)	Acc@5  93.75 ( 92.31)
[2023-03-13_20-20-53] Test: [ 820/1563]	Time  0.836 ( 0.838)	Loss 1.0362e+00 (1.0251e+00)	Acc@1  78.12 ( 73.63)	Acc@5  87.50 ( 92.22)
[2023-03-13_20-21-01] Test: [ 830/1563]	Time  0.841 ( 0.838)	Loss 1.6834e+00 (1.0335e+00)	Acc@1  40.62 ( 73.41)	Acc@5  93.75 ( 92.14)
[2023-03-13_20-21-09] Test: [ 840/1563]	Time  0.837 ( 0.838)	Loss 5.7521e-01 (1.0346e+00)	Acc@1  93.75 ( 73.41)	Acc@5 100.00 ( 92.13)
[2023-03-13_20-21-18] Test: [ 850/1563]	Time  0.838 ( 0.838)	Loss 1.2716e+00 (1.0417e+00)	Acc@1  65.62 ( 73.22)	Acc@5  87.50 ( 92.02)
[2023-03-13_20-21-26] Test: [ 860/1563]	Time  0.839 ( 0.838)	Loss 1.8665e+00 (1.0424e+00)	Acc@1  50.00 ( 73.22)	Acc@5  81.25 ( 92.02)
[2023-03-13_20-21-35] Test: [ 870/1563]	Time  0.834 ( 0.838)	Loss 1.8887e+00 (1.0430e+00)	Acc@1  56.25 ( 73.26)	Acc@5  81.25 ( 91.99)
[2023-03-13_20-21-43] Test: [ 880/1563]	Time  0.837 ( 0.838)	Loss 6.1410e-01 (1.0440e+00)	Acc@1  78.12 ( 73.24)	Acc@5 100.00 ( 91.96)
[2023-03-13_20-21-51] Test: [ 890/1563]	Time  0.839 ( 0.838)	Loss 9.7089e-01 (1.0436e+00)	Acc@1  78.12 ( 73.27)	Acc@5  90.62 ( 91.96)
[2023-03-13_20-22-00] Test: [ 900/1563]	Time  0.840 ( 0.838)	Loss 4.2940e-01 (1.0426e+00)	Acc@1  84.38 ( 73.31)	Acc@5  96.88 ( 91.95)
[2023-03-13_20-22-08] Test: [ 910/1563]	Time  0.843 ( 0.838)	Loss 1.4564e+00 (1.0428e+00)	Acc@1  84.38 ( 73.32)	Acc@5  90.62 ( 91.95)
[2023-03-13_20-22-16] Test: [ 920/1563]	Time  0.840 ( 0.838)	Loss 2.1792e+00 (1.0525e+00)	Acc@1  56.25 ( 73.16)	Acc@5  78.12 ( 91.83)
[2023-03-13_20-22-25] Test: [ 930/1563]	Time  0.836 ( 0.838)	Loss 7.5680e-01 (1.0543e+00)	Acc@1  75.00 ( 73.13)	Acc@5 100.00 ( 91.79)
[2023-03-13_20-22-33] Test: [ 940/1563]	Time  0.841 ( 0.838)	Loss 1.6351e+00 (1.0647e+00)	Acc@1  46.88 ( 72.92)	Acc@5  87.50 ( 91.65)
[2023-03-13_20-22-42] Test: [ 950/1563]	Time  0.839 ( 0.838)	Loss 1.6176e+00 (1.0628e+00)	Acc@1  68.75 ( 73.00)	Acc@5  78.12 ( 91.64)
[2023-03-13_20-22-50] Test: [ 960/1563]	Time  0.843 ( 0.838)	Loss 6.6960e-01 (1.0615e+00)	Acc@1  87.50 ( 73.07)	Acc@5  90.62 ( 91.65)
[2023-03-13_20-22-58] Test: [ 970/1563]	Time  0.839 ( 0.838)	Loss 1.0219e+00 (1.0689e+00)	Acc@1  65.62 ( 72.88)	Acc@5  87.50 ( 91.55)
[2023-03-13_20-23-07] Test: [ 980/1563]	Time  0.838 ( 0.838)	Loss 7.5426e-01 (1.0747e+00)	Acc@1  81.25 ( 72.77)	Acc@5  90.62 ( 91.46)
[2023-03-13_20-23-15] Test: [ 990/1563]	Time  0.838 ( 0.838)	Loss 3.0117e+00 (1.0810e+00)	Acc@1  43.75 ( 72.67)	Acc@5  56.25 ( 91.35)
[2023-03-13_20-23-24] Test: [1000/1563]	Time  0.835 ( 0.838)	Loss 3.3835e-01 (1.0827e+00)	Acc@1  87.50 ( 72.55)	Acc@5 100.00 ( 91.34)
[2023-03-13_20-23-32] Test: [1010/1563]	Time  0.833 ( 0.838)	Loss 9.7772e-01 (1.0830e+00)	Acc@1  78.12 ( 72.57)	Acc@5  87.50 ( 91.33)
[2023-03-13_20-23-40] Test: [1020/1563]	Time  0.840 ( 0.838)	Loss 2.3969e+00 (1.0919e+00)	Acc@1  53.12 ( 72.40)	Acc@5  75.00 ( 91.23)
[2023-03-13_20-23-49] Test: [1030/1563]	Time  0.836 ( 0.838)	Loss 7.2650e-01 (1.0959e+00)	Acc@1  78.12 ( 72.31)	Acc@5  96.88 ( 91.21)
[2023-03-13_20-23-57] Test: [1040/1563]	Time  0.840 ( 0.838)	Loss 2.0081e+00 (1.1024e+00)	Acc@1  53.12 ( 72.14)	Acc@5  81.25 ( 91.16)
[2023-03-13_20-24-05] Test: [1050/1563]	Time  0.834 ( 0.838)	Loss 4.8680e-01 (1.0989e+00)	Acc@1  87.50 ( 72.20)	Acc@5  96.88 ( 91.20)
[2023-03-13_20-24-14] Test: [1060/1563]	Time  0.842 ( 0.838)	Loss 1.7079e+00 (1.1076e+00)	Acc@1  68.75 ( 72.07)	Acc@5  78.12 ( 91.09)
[2023-03-13_20-24-22] Test: [1070/1563]	Time  0.839 ( 0.838)	Loss 4.1748e-01 (1.1094e+00)	Acc@1  90.62 ( 72.03)	Acc@5  96.88 ( 91.07)
[2023-03-13_20-24-31] Test: [1080/1563]	Time  0.842 ( 0.838)	Loss 2.0546e+00 (1.1124e+00)	Acc@1  56.25 ( 71.99)	Acc@5  84.38 ( 91.02)
[2023-03-13_20-24-39] Test: [1090/1563]	Time  0.839 ( 0.838)	Loss 1.6041e+00 (1.1149e+00)	Acc@1  62.50 ( 71.95)	Acc@5  87.50 ( 90.99)
[2023-03-13_20-24-47] Test: [1100/1563]	Time  0.840 ( 0.838)	Loss 5.6600e-01 (1.1148e+00)	Acc@1  81.25 ( 71.97)	Acc@5 100.00 ( 90.98)
[2023-03-13_20-24-56] Test: [1110/1563]	Time  0.837 ( 0.838)	Loss 2.4050e+00 (1.1197e+00)	Acc@1  46.88 ( 71.86)	Acc@5  71.88 ( 90.94)
[2023-03-13_20-25-04] Test: [1120/1563]	Time  0.838 ( 0.838)	Loss 1.3058e+00 (1.1200e+00)	Acc@1  71.88 ( 71.89)	Acc@5  84.38 ( 90.93)
[2023-03-13_20-25-13] Test: [1130/1563]	Time  0.842 ( 0.838)	Loss 1.0406e+00 (1.1207e+00)	Acc@1  75.00 ( 71.89)	Acc@5  90.62 ( 90.92)
[2023-03-13_20-25-21] Test: [1140/1563]	Time  0.837 ( 0.838)	Loss 1.5794e+00 (1.1243e+00)	Acc@1  59.38 ( 71.83)	Acc@5  87.50 ( 90.88)
[2023-03-13_20-25-29] Test: [1150/1563]	Time  0.836 ( 0.838)	Loss 1.1909e+00 (1.1277e+00)	Acc@1  71.88 ( 71.77)	Acc@5  84.38 ( 90.80)
[2023-03-13_20-25-38] Test: [1160/1563]	Time  0.838 ( 0.838)	Loss 1.8753e+00 (1.1300e+00)	Acc@1  43.75 ( 71.71)	Acc@5  84.38 ( 90.76)
[2023-03-13_20-25-46] Test: [1170/1563]	Time  0.837 ( 0.838)	Loss 1.9381e+00 (1.1346e+00)	Acc@1  53.12 ( 71.57)	Acc@5  81.25 ( 90.69)
[2023-03-13_20-25-54] Test: [1180/1563]	Time  0.834 ( 0.838)	Loss 4.3575e-01 (1.1355e+00)	Acc@1  90.62 ( 71.57)	Acc@5  96.88 ( 90.68)
[2023-03-13_20-26-03] Test: [1190/1563]	Time  0.839 ( 0.838)	Loss 1.9025e+00 (1.1367e+00)	Acc@1  56.25 ( 71.55)	Acc@5  78.12 ( 90.66)
[2023-03-13_20-26-11] Test: [1200/1563]	Time  0.843 ( 0.838)	Loss 8.7901e-01 (1.1408e+00)	Acc@1  81.25 ( 71.50)	Acc@5  93.75 ( 90.61)
[2023-03-13_20-26-20] Test: [1210/1563]	Time  0.839 ( 0.838)	Loss 1.3138e+00 (1.1430e+00)	Acc@1  68.75 ( 71.48)	Acc@5  84.38 ( 90.57)
[2023-03-13_20-26-28] Test: [1220/1563]	Time  0.838 ( 0.838)	Loss 2.9319e-01 (1.1441e+00)	Acc@1  90.62 ( 71.46)	Acc@5 100.00 ( 90.55)
[2023-03-13_20-26-36] Test: [1230/1563]	Time  0.841 ( 0.838)	Loss 2.1151e+00 (1.1486e+00)	Acc@1  53.12 ( 71.36)	Acc@5  78.12 ( 90.49)
[2023-03-13_20-26-45] Test: [1240/1563]	Time  0.839 ( 0.838)	Loss 1.5397e+00 (1.1516e+00)	Acc@1  65.62 ( 71.32)	Acc@5  75.00 ( 90.42)
[2023-03-13_20-26-53] Test: [1250/1563]	Time  0.843 ( 0.838)	Loss 4.8067e-01 (1.1554e+00)	Acc@1  90.62 ( 71.27)	Acc@5  93.75 ( 90.37)
[2023-03-13_20-27-02] Test: [1260/1563]	Time  0.840 ( 0.838)	Loss 1.6668e+00 (1.1539e+00)	Acc@1  65.62 ( 71.32)	Acc@5  78.12 ( 90.38)
[2023-03-13_20-27-10] Test: [1270/1563]	Time  0.836 ( 0.838)	Loss 1.8824e+00 (1.1567e+00)	Acc@1  53.12 ( 71.22)	Acc@5  81.25 ( 90.34)
[2023-03-13_20-27-18] Test: [1280/1563]	Time  0.840 ( 0.838)	Loss 1.8104e+00 (1.1595e+00)	Acc@1  71.88 ( 71.18)	Acc@5  87.50 ( 90.32)
[2023-03-13_20-27-27] Test: [1290/1563]	Time  0.837 ( 0.838)	Loss 1.6011e+00 (1.1594e+00)	Acc@1  62.50 ( 71.20)	Acc@5  84.38 ( 90.32)
[2023-03-13_20-27-35] Test: [1300/1563]	Time  0.838 ( 0.838)	Loss 7.1490e-01 (1.1620e+00)	Acc@1  84.38 ( 71.18)	Acc@5  93.75 ( 90.27)
[2023-03-13_20-27-43] Test: [1310/1563]	Time  0.841 ( 0.838)	Loss 2.3352e+00 (1.1700e+00)	Acc@1  46.88 ( 71.04)	Acc@5  71.88 ( 90.15)
[2023-03-13_20-27-52] Test: [1320/1563]	Time  0.837 ( 0.838)	Loss 2.4066e+00 (1.1744e+00)	Acc@1  53.12 ( 70.95)	Acc@5  71.88 ( 90.09)
[2023-03-13_20-28-00] Test: [1330/1563]	Time  0.839 ( 0.838)	Loss 1.4756e+00 (1.1751e+00)	Acc@1  56.25 ( 70.88)	Acc@5  87.50 ( 90.09)
[2023-03-13_20-28-09] Test: [1340/1563]	Time  0.839 ( 0.838)	Loss 1.8489e+00 (1.1759e+00)	Acc@1  53.12 ( 70.86)	Acc@5  81.25 ( 90.08)
[2023-03-13_20-28-17] Test: [1350/1563]	Time  0.837 ( 0.838)	Loss 1.5422e+00 (1.1796e+00)	Acc@1  59.38 ( 70.78)	Acc@5  87.50 ( 90.03)
[2023-03-13_20-28-25] Test: [1360/1563]	Time  0.840 ( 0.838)	Loss 8.1305e-01 (1.1817e+00)	Acc@1  75.00 ( 70.72)	Acc@5  93.75 ( 90.01)
[2023-03-13_20-28-34] Test: [1370/1563]	Time  0.840 ( 0.838)	Loss 1.4941e+00 (1.1814e+00)	Acc@1  59.38 ( 70.72)	Acc@5  81.25 ( 90.01)
[2023-03-13_20-28-42] Test: [1380/1563]	Time  0.839 ( 0.838)	Loss 1.9057e+00 (1.1830e+00)	Acc@1  46.88 ( 70.69)	Acc@5  87.50 ( 89.98)
[2023-03-13_20-28-50] Test: [1390/1563]	Time  0.842 ( 0.838)	Loss 1.1744e+00 (1.1863e+00)	Acc@1  81.25 ( 70.66)	Acc@5  87.50 ( 89.93)
[2023-03-13_20-28-59] Test: [1400/1563]	Time  0.834 ( 0.838)	Loss 5.1090e-01 (1.1863e+00)	Acc@1  87.50 ( 70.65)	Acc@5 100.00 ( 89.93)
[2023-03-13_20-29-07] Test: [1410/1563]	Time  0.835 ( 0.838)	Loss 1.8259e+00 (1.1898e+00)	Acc@1  53.12 ( 70.57)	Acc@5  78.12 ( 89.88)
[2023-03-13_20-29-16] Test: [1420/1563]	Time  0.837 ( 0.838)	Loss 2.0137e+00 (1.1948e+00)	Acc@1  43.75 ( 70.48)	Acc@5  81.25 ( 89.80)
[2023-03-13_20-29-24] Test: [1430/1563]	Time  0.836 ( 0.838)	Loss 3.2782e-01 (1.1949e+00)	Acc@1  90.62 ( 70.47)	Acc@5  96.88 ( 89.82)
[2023-03-13_20-29-32] Test: [1440/1563]	Time  0.838 ( 0.838)	Loss 1.9684e+00 (1.1953e+00)	Acc@1  40.62 ( 70.46)	Acc@5  90.62 ( 89.82)
[2023-03-13_20-29-41] Test: [1450/1563]	Time  0.840 ( 0.838)	Loss 1.4300e+00 (1.1953e+00)	Acc@1  53.12 ( 70.42)	Acc@5  90.62 ( 89.84)
[2023-03-13_20-29-49] Test: [1460/1563]	Time  0.840 ( 0.838)	Loss 7.7212e-01 (1.1954e+00)	Acc@1  78.12 ( 70.40)	Acc@5  96.88 ( 89.83)
[2023-03-13_20-29-57] Test: [1470/1563]	Time  0.838 ( 0.838)	Loss 5.8831e-01 (1.1925e+00)	Acc@1  81.25 ( 70.47)	Acc@5 100.00 ( 89.86)
[2023-03-13_20-30-06] Test: [1480/1563]	Time  0.840 ( 0.838)	Loss 1.4421e+00 (1.1902e+00)	Acc@1  40.62 ( 70.51)	Acc@5 100.00 ( 89.90)
[2023-03-13_20-30-14] Test: [1490/1563]	Time  0.839 ( 0.838)	Loss 5.3870e-01 (1.1885e+00)	Acc@1  84.38 ( 70.55)	Acc@5  96.88 ( 89.92)
[2023-03-13_20-30-23] Test: [1500/1563]	Time  0.842 ( 0.838)	Loss 1.5775e+00 (1.1866e+00)	Acc@1  59.38 ( 70.60)	Acc@5  84.38 ( 89.93)
[2023-03-13_20-30-31] Test: [1510/1563]	Time  0.838 ( 0.838)	Loss 1.8256e+00 (1.1898e+00)	Acc@1  46.88 ( 70.54)	Acc@5  84.38 ( 89.89)
[2023-03-13_20-30-39] Test: [1520/1563]	Time  0.835 ( 0.838)	Loss 1.0734e+00 (1.1941e+00)	Acc@1  65.62 ( 70.43)	Acc@5 100.00 ( 89.83)
[2023-03-13_20-30-48] Test: [1530/1563]	Time  0.832 ( 0.838)	Loss 1.4160e+00 (1.1977e+00)	Acc@1  62.50 ( 70.34)	Acc@5  90.62 ( 89.81)
[2023-03-13_20-30-56] Test: [1540/1563]	Time  0.840 ( 0.838)	Loss 3.3095e-02 (1.1952e+00)	Acc@1 100.00 ( 70.42)	Acc@5 100.00 ( 89.83)
[2023-03-13_20-31-04] Test: [1550/1563]	Time  0.839 ( 0.838)	Loss 8.1182e-01 (1.1906e+00)	Acc@1  84.38 ( 70.52)	Acc@5  90.62 ( 89.87)
[2023-03-13_20-31-13] Test: [1560/1563]	Time  0.838 ( 0.838)	Loss 1.4170e+00 (1.1874e+00)	Acc@1  43.75 ( 70.58)	Acc@5  93.75 ( 89.91)
[2023-03-13_20-31-14]  * Acc@1 70.538 Acc@5 89.890
