[2023-03-13_13-49-49] main_our.py --action QUANTIZE --arch resnet50_imagenet --batch_size 32 --gpu 0 --x_bits 8 --w_bits 8 --boris 1

[2023-03-13_13-49-49] desc=None, x_bits=7, w_bits=6
[2023-03-13_13-49-49] __init__: arch=resnet50, dataset=imagenet, model_chkp=None, pretrained=True
[2023-03-13_13-49-50] train_pred: epochs=1, lr=0, lr_plan=None, momentum=0.9, wd=0.0005, batch_size=32, optimizer=SGD
[2023-03-13_13-49-50] lr=0, running train steps with no_grad()
[2023-03-13_13-49-51] Epoch: [0][    0/40037]	Time  0.921 ( 0.921)	Data  0.235 ( 0.235)	Loss 1.5687e+00 (1.5687e+00)	Acc@1  71.88 ( 71.88)	Acc@5  87.50 ( 87.50)
[2023-03-13_13-49-57] Epoch: [0][   10/40037]	Time  0.596 ( 0.649)	Data  0.000 ( 0.022)	Loss 9.1817e-01 (1.3682e+00)	Acc@1  87.50 ( 71.02)	Acc@5  96.88 ( 86.93)
[2023-03-13_13-50-03] Epoch: [0][   20/40037]	Time  0.597 ( 0.633)	Data  0.000 ( 0.011)	Loss 1.4056e+00 (1.4689e+00)	Acc@1  65.62 ( 68.30)	Acc@5  87.50 ( 85.86)
[2023-03-13_13-50-09] Epoch: [0][   30/40037]	Time  0.550 ( 0.626)	Data  0.000 ( 0.008)	Loss 1.3811e+00 (1.4607e+00)	Acc@1  59.38 ( 67.54)	Acc@5  96.88 ( 86.19)
[2023-03-13_13-50-16] Epoch: [0][   40/40037]	Time  0.754 ( 0.628)	Data  0.000 ( 0.006)	Loss 1.3794e+00 (1.4747e+00)	Acc@1  53.12 ( 66.77)	Acc@5  84.38 ( 86.28)
[2023-03-13_13-50-22] Epoch: [0][   50/40037]	Time  0.645 ( 0.628)	Data  0.000 ( 0.005)	Loss 1.2398e+00 (1.4536e+00)	Acc@1  65.62 ( 66.91)	Acc@5  87.50 ( 86.21)
[2023-03-13_13-50-28] Epoch: [0][   60/40037]	Time  0.593 ( 0.626)	Data  0.000 ( 0.004)	Loss 1.0609e+00 (1.4575e+00)	Acc@1  68.75 ( 66.50)	Acc@5  90.62 ( 85.76)
[2023-03-13_13-50-32] Test: [   0/1563]	Time  0.844 ( 0.844)	Loss 3.9060e-01 (3.9060e-01)	Acc@1  96.88 ( 96.88)	Acc@5  96.88 ( 96.88)
[2023-03-13_13-50-38] Test: [  10/1563]	Time  0.548 ( 0.630)	Loss 1.1035e+00 (8.9090e-01)	Acc@1  71.88 ( 76.99)	Acc@5  90.62 ( 93.18)
[2023-03-13_13-50-44] Test: [  20/1563]	Time  0.764 ( 0.631)	Loss 2.8641e-01 (7.6703e-01)	Acc@1  93.75 ( 80.95)	Acc@5  96.88 ( 94.49)
[2023-03-13_13-50-50] Test: [  30/1563]	Time  0.655 ( 0.628)	Loss 1.0886e-01 (7.1919e-01)	Acc@1  96.88 ( 82.46)	Acc@5 100.00 ( 94.46)
[2023-03-13_13-50-56] Test: [  40/1563]	Time  0.582 ( 0.624)	Loss 4.5750e-01 (7.0071e-01)	Acc@1  84.38 ( 83.38)	Acc@5 100.00 ( 94.89)
[2023-03-13_13-51-02] Test: [  50/1563]	Time  0.573 ( 0.621)	Loss 1.8494e+00 (7.7245e-01)	Acc@1  50.00 ( 81.31)	Acc@5  87.50 ( 94.36)
[2023-03-13_13-51-09] Test: [  60/1563]	Time  0.654 ( 0.620)	Loss 8.4289e-01 (8.4232e-01)	Acc@1  81.25 ( 79.00)	Acc@5  90.62 ( 93.95)
[2023-03-13_13-51-15] Test: [  70/1563]	Time  0.634 ( 0.622)	Loss 1.5838e+00 (8.7248e-01)	Acc@1  75.00 ( 78.43)	Acc@5  81.25 ( 93.71)
[2023-03-13_13-51-21] Test: [  80/1563]	Time  0.570 ( 0.621)	Loss 7.2072e-01 (9.0915e-01)	Acc@1  84.38 ( 77.39)	Acc@5  93.75 ( 93.25)
[2023-03-13_13-51-27] Test: [  90/1563]	Time  0.603 ( 0.620)	Loss 1.5699e+00 (9.6390e-01)	Acc@1  53.12 ( 75.89)	Acc@5  90.62 ( 92.58)
[2023-03-13_13-51-33] Test: [ 100/1563]	Time  0.552 ( 0.619)	Loss 2.0719e+00 (1.0239e+00)	Acc@1  50.00 ( 74.47)	Acc@5  81.25 ( 91.96)
[2023-03-13_13-51-40] Test: [ 110/1563]	Time  0.722 ( 0.620)	Loss 1.0035e+00 (1.0324e+00)	Acc@1  78.12 ( 73.59)	Acc@5  90.62 ( 91.98)
[2023-03-13_13-51-46] Test: [ 120/1563]	Time  0.625 ( 0.620)	Loss 9.9665e-01 (1.0336e+00)	Acc@1  75.00 ( 73.14)	Acc@5  96.88 ( 92.20)
[2023-03-13_13-51-52] Test: [ 130/1563]	Time  0.590 ( 0.620)	Loss 5.6459e-01 (1.0359e+00)	Acc@1  87.50 ( 73.45)	Acc@5  93.75 ( 92.13)
[2023-03-13_13-51-58] Test: [ 140/1563]	Time  0.546 ( 0.619)	Loss 6.8263e-01 (1.0072e+00)	Acc@1  87.50 ( 74.31)	Acc@5  93.75 ( 92.31)
[2023-03-13_13-52-04] Test: [ 150/1563]	Time  0.741 ( 0.619)	Loss 5.2707e-01 (9.6440e-01)	Acc@1  87.50 ( 75.41)	Acc@5  93.75 ( 92.65)
[2023-03-13_13-52-11] Test: [ 160/1563]	Time  0.648 ( 0.620)	Loss 2.2102e-01 (9.5137e-01)	Acc@1  96.88 ( 75.58)	Acc@5  96.88 ( 92.76)
[2023-03-13_13-52-17] Test: [ 170/1563]	Time  0.577 ( 0.619)	Loss 6.8007e-01 (9.5920e-01)	Acc@1  81.25 ( 75.68)	Acc@5  96.88 ( 92.60)
[2023-03-13_13-52-23] Test: [ 180/1563]	Time  0.595 ( 0.619)	Loss 8.6583e-01 (9.6121e-01)	Acc@1  78.12 ( 75.71)	Acc@5  96.88 ( 92.54)
[2023-03-13_13-52-29] Test: [ 190/1563]	Time  0.585 ( 0.618)	Loss 1.0337e+00 (9.6935e-01)	Acc@1  75.00 ( 75.39)	Acc@5  87.50 ( 92.51)
[2023-03-13_13-52-35] Test: [ 200/1563]	Time  0.679 ( 0.619)	Loss 9.1069e-01 (9.7114e-01)	Acc@1  75.00 ( 75.44)	Acc@5  90.62 ( 92.43)
[2023-03-13_13-52-41] Test: [ 210/1563]	Time  0.599 ( 0.619)	Loss 1.3377e+00 (9.5297e-01)	Acc@1  62.50 ( 75.86)	Acc@5  90.62 ( 92.59)
[2023-03-13_13-52-48] Test: [ 220/1563]	Time  0.594 ( 0.619)	Loss 6.4300e-01 (9.3303e-01)	Acc@1  84.38 ( 76.36)	Acc@5  96.88 ( 92.72)
[2023-03-13_13-52-54] Test: [ 230/1563]	Time  0.550 ( 0.618)	Loss 1.2151e+00 (9.1801e-01)	Acc@1  78.12 ( 76.79)	Acc@5  84.38 ( 92.79)
[2023-03-13_13-53-00] Test: [ 240/1563]	Time  0.758 ( 0.619)	Loss 1.5396e+00 (9.1890e-01)	Acc@1  75.00 ( 76.82)	Acc@5  87.50 ( 92.78)
[2023-03-13_13-53-06] Test: [ 250/1563]	Time  0.658 ( 0.619)	Loss 3.4969e-01 (9.1597e-01)	Acc@1  90.62 ( 76.88)	Acc@5  96.88 ( 92.89)
[2023-03-13_13-53-12] Test: [ 260/1563]	Time  0.582 ( 0.619)	Loss 1.6086e+00 (9.2788e-01)	Acc@1  56.25 ( 76.52)	Acc@5  87.50 ( 92.80)
[2023-03-13_13-53-18] Test: [ 270/1563]	Time  0.573 ( 0.618)	Loss 9.0642e-01 (9.3785e-01)	Acc@1  75.00 ( 76.14)	Acc@5  93.75 ( 92.74)
[2023-03-13_13-53-25] Test: [ 280/1563]	Time  0.656 ( 0.618)	Loss 1.5233e+00 (9.3667e-01)	Acc@1  59.38 ( 76.15)	Acc@5  93.75 ( 92.85)
[2023-03-13_13-53-31] Test: [ 290/1563]	Time  0.632 ( 0.619)	Loss 1.1513e+00 (9.3629e-01)	Acc@1  59.38 ( 76.16)	Acc@5  93.75 ( 92.89)
[2023-03-13_13-53-37] Test: [ 300/1563]	Time  0.572 ( 0.619)	Loss 1.0365e+00 (9.4151e-01)	Acc@1  68.75 ( 75.90)	Acc@5  93.75 ( 92.87)
[2023-03-13_13-53-43] Test: [ 310/1563]	Time  0.604 ( 0.619)	Loss 1.0735e+00 (9.4674e-01)	Acc@1  71.88 ( 75.67)	Acc@5  93.75 ( 92.89)
[2023-03-13_13-53-49] Test: [ 320/1563]	Time  0.550 ( 0.618)	Loss 1.0714e+00 (9.5014e-01)	Acc@1  68.75 ( 75.45)	Acc@5  87.50 ( 92.91)
[2023-03-13_13-53-56] Test: [ 330/1563]	Time  0.725 ( 0.619)	Loss 7.3649e-01 (9.4483e-01)	Acc@1  78.12 ( 75.60)	Acc@5  96.88 ( 93.02)
[2023-03-13_13-54-02] Test: [ 340/1563]	Time  0.642 ( 0.619)	Loss 4.4481e-01 (9.3753e-01)	Acc@1  84.38 ( 75.81)	Acc@5 100.00 ( 93.10)
[2023-03-13_13-54-08] Test: [ 350/1563]	Time  0.589 ( 0.618)	Loss 9.0279e-01 (9.3512e-01)	Acc@1  68.75 ( 75.82)	Acc@5  87.50 ( 93.14)
[2023-03-13_13-54-14] Test: [ 360/1563]	Time  0.548 ( 0.618)	Loss 1.0801e+00 (9.3807e-01)	Acc@1  56.25 ( 75.75)	Acc@5  93.75 ( 93.10)
[2023-03-13_13-54-20] Test: [ 370/1563]	Time  0.715 ( 0.618)	Loss 9.0317e-01 (9.3851e-01)	Acc@1  62.50 ( 75.67)	Acc@5  93.75 ( 93.14)
[2023-03-13_13-54-26] Test: [ 380/1563]	Time  0.641 ( 0.619)	Loss 9.5666e-01 (9.4641e-01)	Acc@1  75.00 ( 75.31)	Acc@5  93.75 ( 93.12)
[2023-03-13_13-54-33] Test: [ 390/1563]	Time  0.573 ( 0.618)	Loss 1.4248e+00 (9.4655e-01)	Acc@1  56.25 ( 75.23)	Acc@5  90.62 ( 93.16)
[2023-03-13_13-54-39] Test: [ 400/1563]	Time  0.601 ( 0.618)	Loss 7.0064e-01 (9.3796e-01)	Acc@1  81.25 ( 75.44)	Acc@5  96.88 ( 93.27)
[2023-03-13_13-54-45] Test: [ 410/1563]	Time  0.551 ( 0.618)	Loss 5.1643e-01 (9.3000e-01)	Acc@1  87.50 ( 75.73)	Acc@5  96.88 ( 93.35)
[2023-03-13_13-54-51] Test: [ 420/1563]	Time  0.696 ( 0.618)	Loss 7.0017e-01 (9.3196e-01)	Acc@1  75.00 ( 75.55)	Acc@5  93.75 ( 93.33)
[2023-03-13_13-54-57] Test: [ 430/1563]	Time  0.612 ( 0.618)	Loss 8.9269e-02 (9.3697e-01)	Acc@1 100.00 ( 75.51)	Acc@5 100.00 ( 93.33)
[2023-03-13_13-55-03] Test: [ 440/1563]	Time  0.592 ( 0.618)	Loss 1.7584e+00 (9.4044e-01)	Acc@1  37.50 ( 75.28)	Acc@5  90.62 ( 93.35)
[2023-03-13_13-55-10] Test: [ 450/1563]	Time  0.547 ( 0.618)	Loss 7.1405e-01 (9.4454e-01)	Acc@1  84.38 ( 75.17)	Acc@5 100.00 ( 93.34)
[2023-03-13_13-55-16] Test: [ 460/1563]	Time  0.753 ( 0.618)	Loss 4.3288e-01 (9.3865e-01)	Acc@1  90.62 ( 75.35)	Acc@5  96.88 ( 93.40)
[2023-03-13_13-55-22] Test: [ 470/1563]	Time  0.654 ( 0.618)	Loss 1.0289e+00 (9.4009e-01)	Acc@1  65.62 ( 75.39)	Acc@5  96.88 ( 93.35)
[2023-03-13_13-55-28] Test: [ 480/1563]	Time  0.579 ( 0.618)	Loss 3.2367e-01 (9.4036e-01)	Acc@1  90.62 ( 75.31)	Acc@5 100.00 ( 93.39)
[2023-03-13_13-55-34] Test: [ 490/1563]	Time  0.585 ( 0.618)	Loss 1.3207e+00 (9.4506e-01)	Acc@1  71.88 ( 75.18)	Acc@5  84.38 ( 93.37)
[2023-03-13_13-55-40] Test: [ 500/1563]	Time  0.609 ( 0.618)	Loss 5.3234e-01 (9.4368e-01)	Acc@1  87.50 ( 75.22)	Acc@5 100.00 ( 93.37)
[2023-03-13_13-55-47] Test: [ 510/1563]	Time  0.648 ( 0.618)	Loss 3.3979e-01 (9.3524e-01)	Acc@1  90.62 ( 75.50)	Acc@5 100.00 ( 93.43)
[2023-03-13_13-55-53] Test: [ 520/1563]	Time  0.583 ( 0.618)	Loss 1.9529e-01 (9.3280e-01)	Acc@1  96.88 ( 75.59)	Acc@5 100.00 ( 93.44)
[2023-03-13_13-55-59] Test: [ 530/1563]	Time  0.596 ( 0.618)	Loss 8.1370e-02 (9.2763e-01)	Acc@1 100.00 ( 75.81)	Acc@5 100.00 ( 93.49)
[2023-03-13_13-56-05] Test: [ 540/1563]	Time  0.548 ( 0.618)	Loss 1.3383e+00 (9.2651e-01)	Acc@1  62.50 ( 75.82)	Acc@5  90.62 ( 93.49)
[2023-03-13_13-56-11] Test: [ 550/1563]	Time  0.762 ( 0.618)	Loss 9.3709e-01 (9.2402e-01)	Acc@1  65.62 ( 75.81)	Acc@5  93.75 ( 93.50)
[2023-03-13_13-56-18] Test: [ 560/1563]	Time  0.653 ( 0.618)	Loss 1.3467e+00 (9.2843e-01)	Acc@1  62.50 ( 75.69)	Acc@5  93.75 ( 93.47)
[2023-03-13_13-56-24] Test: [ 570/1563]	Time  0.587 ( 0.618)	Loss 7.0787e-01 (9.2644e-01)	Acc@1  84.38 ( 75.72)	Acc@5  93.75 ( 93.49)
[2023-03-13_13-56-30] Test: [ 580/1563]	Time  0.566 ( 0.618)	Loss 1.8976e+00 (9.3023e-01)	Acc@1  62.50 ( 75.72)	Acc@5  84.38 ( 93.43)
[2023-03-13_13-56-36] Test: [ 590/1563]	Time  0.666 ( 0.618)	Loss 1.6487e+00 (9.3018e-01)	Acc@1  53.12 ( 75.76)	Acc@5  87.50 ( 93.40)
[2023-03-13_13-56-42] Test: [ 600/1563]	Time  0.631 ( 0.618)	Loss 6.0136e-01 (9.3538e-01)	Acc@1  93.75 ( 75.62)	Acc@5  93.75 ( 93.35)
[2023-03-13_13-56-48] Test: [ 610/1563]	Time  0.571 ( 0.618)	Loss 1.7010e+00 (9.3623e-01)	Acc@1  62.50 ( 75.60)	Acc@5  84.38 ( 93.35)
[2023-03-13_13-56-55] Test: [ 620/1563]	Time  0.603 ( 0.618)	Loss 9.2231e-01 (9.3507e-01)	Acc@1  84.38 ( 75.61)	Acc@5  96.88 ( 93.35)
[2023-03-13_13-57-01] Test: [ 630/1563]	Time  0.551 ( 0.618)	Loss 6.4279e-01 (9.4345e-01)	Acc@1  78.12 ( 75.45)	Acc@5  96.88 ( 93.26)
[2023-03-13_13-57-07] Test: [ 640/1563]	Time  0.724 ( 0.618)	Loss 8.5042e-01 (9.4328e-01)	Acc@1  65.62 ( 75.40)	Acc@5 100.00 ( 93.27)
[2023-03-13_13-57-13] Test: [ 650/1563]	Time  0.634 ( 0.618)	Loss 4.9495e-01 (9.5594e-01)	Acc@1  87.50 ( 75.08)	Acc@5 100.00 ( 93.11)
[2023-03-13_13-57-19] Test: [ 660/1563]	Time  0.588 ( 0.618)	Loss 1.6707e+00 (9.5964e-01)	Acc@1  65.62 ( 75.01)	Acc@5  78.12 ( 93.07)
[2023-03-13_13-57-25] Test: [ 670/1563]	Time  0.548 ( 0.618)	Loss 9.5615e-01 (9.6495e-01)	Acc@1  65.62 ( 74.91)	Acc@5  93.75 ( 92.99)
[2023-03-13_13-57-32] Test: [ 680/1563]	Time  0.713 ( 0.618)	Loss 2.1114e+00 (9.7022e-01)	Acc@1  50.00 ( 74.80)	Acc@5  81.25 ( 92.92)
[2023-03-13_13-57-38] Test: [ 690/1563]	Time  0.643 ( 0.618)	Loss 1.3625e+00 (9.7805e-01)	Acc@1  65.62 ( 74.67)	Acc@5  84.38 ( 92.81)
[2023-03-13_13-57-44] Test: [ 700/1563]	Time  0.576 ( 0.618)	Loss 1.1487e+00 (9.8598e-01)	Acc@1  65.62 ( 74.50)	Acc@5  90.62 ( 92.74)
[2023-03-13_13-57-50] Test: [ 710/1563]	Time  0.594 ( 0.618)	Loss 1.9828e+00 (9.9018e-01)	Acc@1  56.25 ( 74.44)	Acc@5  81.25 ( 92.69)
[2023-03-13_13-57-56] Test: [ 720/1563]	Time  0.585 ( 0.618)	Loss 1.4683e+00 (9.9995e-01)	Acc@1  46.88 ( 74.26)	Acc@5  93.75 ( 92.56)
[2023-03-13_13-58-03] Test: [ 730/1563]	Time  0.679 ( 0.618)	Loss 1.0057e+00 (1.0099e+00)	Acc@1  68.75 ( 74.09)	Acc@5  96.88 ( 92.45)
[2023-03-13_13-58-09] Test: [ 740/1563]	Time  0.597 ( 0.618)	Loss 1.0615e+00 (1.0161e+00)	Acc@1  75.00 ( 73.99)	Acc@5  96.88 ( 92.35)
[2023-03-13_13-58-15] Test: [ 750/1563]	Time  0.589 ( 0.618)	Loss 1.1616e+00 (1.0216e+00)	Acc@1  68.75 ( 73.90)	Acc@5  90.62 ( 92.27)
[2023-03-13_13-58-21] Test: [ 760/1563]	Time  0.547 ( 0.618)	Loss 6.2477e-01 (1.0279e+00)	Acc@1  81.25 ( 73.67)	Acc@5 100.00 ( 92.22)
[2023-03-13_13-58-27] Test: [ 770/1563]	Time  0.754 ( 0.618)	Loss 2.6295e+00 (1.0419e+00)	Acc@1  40.62 ( 73.40)	Acc@5  68.75 ( 92.04)
[2023-03-13_13-58-34] Test: [ 780/1563]	Time  0.655 ( 0.618)	Loss 2.8467e+00 (1.0493e+00)	Acc@1  34.38 ( 73.26)	Acc@5  68.75 ( 91.95)
[2023-03-13_13-58-40] Test: [ 790/1563]	Time  0.581 ( 0.618)	Loss 1.7516e+00 (1.0595e+00)	Acc@1  62.50 ( 73.06)	Acc@5  90.62 ( 91.83)
[2023-03-13_13-58-46] Test: [ 800/1563]	Time  0.587 ( 0.618)	Loss 1.3308e+00 (1.0610e+00)	Acc@1  62.50 ( 73.03)	Acc@5  84.38 ( 91.81)
[2023-03-13_13-58-52] Test: [ 810/1563]	Time  0.614 ( 0.618)	Loss 8.8383e-01 (1.0649e+00)	Acc@1  78.12 ( 72.88)	Acc@5  90.62 ( 91.76)
[2023-03-13_13-58-58] Test: [ 820/1563]	Time  0.654 ( 0.618)	Loss 1.1207e+00 (1.0701e+00)	Acc@1  78.12 ( 72.80)	Acc@5  90.62 ( 91.66)
[2023-03-13_13-59-04] Test: [ 830/1563]	Time  0.583 ( 0.618)	Loss 1.6217e+00 (1.0773e+00)	Acc@1  43.75 ( 72.62)	Acc@5  93.75 ( 91.59)
[2023-03-13_13-59-10] Test: [ 840/1563]	Time  0.596 ( 0.618)	Loss 7.1797e-01 (1.0792e+00)	Acc@1  81.25 ( 72.56)	Acc@5  96.88 ( 91.57)
[2023-03-13_13-59-17] Test: [ 850/1563]	Time  0.549 ( 0.618)	Loss 1.4466e+00 (1.0858e+00)	Acc@1  75.00 ( 72.39)	Acc@5  84.38 ( 91.48)
[2023-03-13_13-59-23] Test: [ 860/1563]	Time  0.750 ( 0.618)	Loss 7.6863e-01 (1.0859e+00)	Acc@1  78.12 ( 72.40)	Acc@5  90.62 ( 91.48)
[2023-03-13_13-59-29] Test: [ 870/1563]	Time  0.642 ( 0.618)	Loss 1.7077e+00 (1.0873e+00)	Acc@1  59.38 ( 72.41)	Acc@5  84.38 ( 91.45)
[2023-03-13_13-59-35] Test: [ 880/1563]	Time  0.586 ( 0.618)	Loss 7.3758e-01 (1.0893e+00)	Acc@1  78.12 ( 72.38)	Acc@5  96.88 ( 91.41)
[2023-03-13_13-59-41] Test: [ 890/1563]	Time  0.565 ( 0.618)	Loss 9.6432e-01 (1.0897e+00)	Acc@1  78.12 ( 72.38)	Acc@5  90.62 ( 91.38)
[2023-03-13_13-59-47] Test: [ 900/1563]	Time  0.673 ( 0.618)	Loss 4.3086e-01 (1.0895e+00)	Acc@1  96.88 ( 72.44)	Acc@5  96.88 ( 91.34)
[2023-03-13_13-59-54] Test: [ 910/1563]	Time  0.637 ( 0.618)	Loss 1.4961e+00 (1.0911e+00)	Acc@1  71.88 ( 72.41)	Acc@5  90.62 ( 91.34)
[2023-03-13_14-00-00] Test: [ 920/1563]	Time  0.572 ( 0.618)	Loss 1.8713e+00 (1.0996e+00)	Acc@1  62.50 ( 72.24)	Acc@5  81.25 ( 91.22)
[2023-03-13_14-00-06] Test: [ 930/1563]	Time  0.601 ( 0.618)	Loss 7.7652e-01 (1.1005e+00)	Acc@1  65.62 ( 72.22)	Acc@5 100.00 ( 91.19)
[2023-03-13_14-00-12] Test: [ 940/1563]	Time  0.550 ( 0.618)	Loss 1.8512e+00 (1.1114e+00)	Acc@1  56.25 ( 72.03)	Acc@5  78.12 ( 91.03)
[2023-03-13_14-00-18] Test: [ 950/1563]	Time  0.696 ( 0.618)	Loss 1.5215e+00 (1.1088e+00)	Acc@1  65.62 ( 72.11)	Acc@5  84.38 ( 91.04)
[2023-03-13_14-00-25] Test: [ 960/1563]	Time  0.616 ( 0.618)	Loss 8.3152e-01 (1.1084e+00)	Acc@1  75.00 ( 72.15)	Acc@5  90.62 ( 91.03)
[2023-03-13_14-00-31] Test: [ 970/1563]	Time  0.590 ( 0.618)	Loss 9.2942e-01 (1.1139e+00)	Acc@1  62.50 ( 72.00)	Acc@5  96.88 ( 90.98)
[2023-03-13_14-00-37] Test: [ 980/1563]	Time  0.548 ( 0.618)	Loss 7.4406e-01 (1.1199e+00)	Acc@1  78.12 ( 71.87)	Acc@5  90.62 ( 90.87)
[2023-03-13_14-00-43] Test: [ 990/1563]	Time  0.742 ( 0.618)	Loss 3.2159e+00 (1.1253e+00)	Acc@1  40.62 ( 71.78)	Acc@5  59.38 ( 90.77)
[2023-03-13_14-00-49] Test: [1000/1563]	Time  0.647 ( 0.618)	Loss 2.9393e-01 (1.1284e+00)	Acc@1  93.75 ( 71.64)	Acc@5 100.00 ( 90.76)
[2023-03-13_14-00-56] Test: [1010/1563]	Time  0.576 ( 0.618)	Loss 1.2927e+00 (1.1287e+00)	Acc@1  78.12 ( 71.67)	Acc@5  84.38 ( 90.73)
[2023-03-13_14-01-02] Test: [1020/1563]	Time  0.595 ( 0.618)	Loss 2.4264e+00 (1.1378e+00)	Acc@1  56.25 ( 71.51)	Acc@5  75.00 ( 90.60)
[2023-03-13_14-01-08] Test: [1030/1563]	Time  0.584 ( 0.618)	Loss 7.3934e-01 (1.1422e+00)	Acc@1  84.38 ( 71.40)	Acc@5  90.62 ( 90.57)
[2023-03-13_14-01-14] Test: [1040/1563]	Time  0.679 ( 0.618)	Loss 1.8940e+00 (1.1473e+00)	Acc@1  53.12 ( 71.25)	Acc@5  75.00 ( 90.53)
[2023-03-13_14-01-20] Test: [1050/1563]	Time  0.600 ( 0.618)	Loss 3.9617e-01 (1.1444e+00)	Acc@1  96.88 ( 71.30)	Acc@5  96.88 ( 90.57)
[2023-03-13_14-01-26] Test: [1060/1563]	Time  0.590 ( 0.618)	Loss 1.7645e+00 (1.1525e+00)	Acc@1  71.88 ( 71.16)	Acc@5  71.88 ( 90.45)
[2023-03-13_14-01-32] Test: [1070/1563]	Time  0.547 ( 0.618)	Loss 3.6101e-01 (1.1544e+00)	Acc@1  96.88 ( 71.13)	Acc@5  96.88 ( 90.43)
[2023-03-13_14-01-39] Test: [1080/1563]	Time  0.750 ( 0.618)	Loss 1.9464e+00 (1.1569e+00)	Acc@1  59.38 ( 71.07)	Acc@5  90.62 ( 90.41)
[2023-03-13_14-01-45] Test: [1090/1563]	Time  0.655 ( 0.618)	Loss 1.1995e+00 (1.1603e+00)	Acc@1  75.00 ( 71.03)	Acc@5  96.88 ( 90.36)
[2023-03-13_14-01-51] Test: [1100/1563]	Time  0.579 ( 0.618)	Loss 5.6306e-01 (1.1597e+00)	Acc@1  78.12 ( 71.07)	Acc@5 100.00 ( 90.36)
[2023-03-13_14-01-57] Test: [1110/1563]	Time  0.586 ( 0.618)	Loss 2.6434e+00 (1.1641e+00)	Acc@1  37.50 ( 70.94)	Acc@5  68.75 ( 90.31)
[2023-03-13_14-02-03] Test: [1120/1563]	Time  0.601 ( 0.618)	Loss 1.1954e+00 (1.1648e+00)	Acc@1  75.00 ( 70.95)	Acc@5  87.50 ( 90.30)
[2023-03-13_14-02-10] Test: [1130/1563]	Time  0.651 ( 0.618)	Loss 1.6275e+00 (1.1654e+00)	Acc@1  71.88 ( 70.95)	Acc@5  78.12 ( 90.27)
[2023-03-13_14-02-16] Test: [1140/1563]	Time  0.583 ( 0.618)	Loss 1.9529e+00 (1.1700e+00)	Acc@1  59.38 ( 70.86)	Acc@5  78.12 ( 90.20)
[2023-03-13_14-02-22] Test: [1150/1563]	Time  0.597 ( 0.618)	Loss 1.0286e+00 (1.1743e+00)	Acc@1  78.12 ( 70.78)	Acc@5  87.50 ( 90.13)
[2023-03-13_14-02-28] Test: [1160/1563]	Time  0.549 ( 0.618)	Loss 1.5028e+00 (1.1764e+00)	Acc@1  59.38 ( 70.74)	Acc@5  90.62 ( 90.08)
[2023-03-13_14-02-34] Test: [1170/1563]	Time  0.764 ( 0.618)	Loss 2.0461e+00 (1.1798e+00)	Acc@1  53.12 ( 70.63)	Acc@5  78.12 ( 90.02)
[2023-03-13_14-02-41] Test: [1180/1563]	Time  0.656 ( 0.618)	Loss 4.3559e-01 (1.1809e+00)	Acc@1  93.75 ( 70.62)	Acc@5  96.88 ( 90.00)
[2023-03-13_14-02-47] Test: [1190/1563]	Time  0.581 ( 0.618)	Loss 1.7080e+00 (1.1813e+00)	Acc@1  62.50 ( 70.61)	Acc@5  81.25 ( 89.99)
[2023-03-13_14-02-53] Test: [1200/1563]	Time  0.573 ( 0.618)	Loss 1.4676e+00 (1.1857e+00)	Acc@1  75.00 ( 70.53)	Acc@5  81.25 ( 89.93)
[2023-03-13_14-02-59] Test: [1210/1563]	Time  0.655 ( 0.618)	Loss 1.2611e+00 (1.1878e+00)	Acc@1  75.00 ( 70.49)	Acc@5  87.50 ( 89.90)
[2023-03-13_14-03-05] Test: [1220/1563]	Time  0.635 ( 0.618)	Loss 3.6377e-01 (1.1888e+00)	Acc@1  84.38 ( 70.48)	Acc@5 100.00 ( 89.89)
[2023-03-13_14-03-11] Test: [1230/1563]	Time  0.571 ( 0.618)	Loss 2.4205e+00 (1.1932e+00)	Acc@1  43.75 ( 70.38)	Acc@5  71.88 ( 89.82)
[2023-03-13_14-03-18] Test: [1240/1563]	Time  0.603 ( 0.618)	Loss 1.5786e+00 (1.1962e+00)	Acc@1  62.50 ( 70.31)	Acc@5  81.25 ( 89.78)
[2023-03-13_14-03-24] Test: [1250/1563]	Time  0.552 ( 0.618)	Loss 6.8235e-01 (1.1997e+00)	Acc@1  87.50 ( 70.26)	Acc@5  90.62 ( 89.73)
[2023-03-13_14-03-30] Test: [1260/1563]	Time  0.723 ( 0.618)	Loss 1.7748e+00 (1.1979e+00)	Acc@1  68.75 ( 70.32)	Acc@5  81.25 ( 89.75)
[2023-03-13_14-03-36] Test: [1270/1563]	Time  0.632 ( 0.618)	Loss 2.0429e+00 (1.2006e+00)	Acc@1  56.25 ( 70.25)	Acc@5  71.88 ( 89.70)
[2023-03-13_14-03-42] Test: [1280/1563]	Time  0.587 ( 0.618)	Loss 1.6648e+00 (1.2031e+00)	Acc@1  68.75 ( 70.19)	Acc@5  90.62 ( 89.67)
[2023-03-13_14-03-48] Test: [1290/1563]	Time  0.548 ( 0.618)	Loss 1.9698e+00 (1.2042e+00)	Acc@1  65.62 ( 70.19)	Acc@5  81.25 ( 89.65)
[2023-03-13_14-03-55] Test: [1300/1563]	Time  0.711 ( 0.618)	Loss 6.4026e-01 (1.2063e+00)	Acc@1  90.62 ( 70.19)	Acc@5  93.75 ( 89.64)
[2023-03-13_14-04-01] Test: [1310/1563]	Time  0.642 ( 0.618)	Loss 2.0759e+00 (1.2144e+00)	Acc@1  40.62 ( 70.00)	Acc@5  87.50 ( 89.54)
[2023-03-13_14-04-07] Test: [1320/1563]	Time  0.573 ( 0.618)	Loss 2.3288e+00 (1.2184e+00)	Acc@1  40.62 ( 69.89)	Acc@5  84.38 ( 89.50)
[2023-03-13_14-04-13] Test: [1330/1563]	Time  0.601 ( 0.618)	Loss 1.8847e+00 (1.2198e+00)	Acc@1  53.12 ( 69.83)	Acc@5  84.38 ( 89.49)
[2023-03-13_14-04-19] Test: [1340/1563]	Time  0.549 ( 0.618)	Loss 1.5516e+00 (1.2205e+00)	Acc@1  59.38 ( 69.83)	Acc@5  84.38 ( 89.48)
[2023-03-13_14-04-26] Test: [1350/1563]	Time  0.694 ( 0.618)	Loss 1.6813e+00 (1.2246e+00)	Acc@1  59.38 ( 69.74)	Acc@5  81.25 ( 89.42)
[2023-03-13_14-04-32] Test: [1360/1563]	Time  0.615 ( 0.618)	Loss 9.6679e-01 (1.2270e+00)	Acc@1  75.00 ( 69.70)	Acc@5  96.88 ( 89.41)
[2023-03-13_14-04-38] Test: [1370/1563]	Time  0.591 ( 0.618)	Loss 1.3521e+00 (1.2269e+00)	Acc@1  65.62 ( 69.66)	Acc@5  90.62 ( 89.41)
[2023-03-13_14-04-44] Test: [1380/1563]	Time  0.548 ( 0.618)	Loss 2.0965e+00 (1.2285e+00)	Acc@1  46.88 ( 69.61)	Acc@5  78.12 ( 89.40)
[2023-03-13_14-04-50] Test: [1390/1563]	Time  0.740 ( 0.618)	Loss 9.1930e-01 (1.2311e+00)	Acc@1  81.25 ( 69.57)	Acc@5  93.75 ( 89.37)
[2023-03-13_14-04-56] Test: [1400/1563]	Time  0.648 ( 0.618)	Loss 6.2572e-01 (1.2310e+00)	Acc@1  84.38 ( 69.55)	Acc@5  93.75 ( 89.38)
[2023-03-13_14-05-03] Test: [1410/1563]	Time  0.577 ( 0.618)	Loss 1.6875e+00 (1.2340e+00)	Acc@1  53.12 ( 69.49)	Acc@5  84.38 ( 89.34)
[2023-03-13_14-05-09] Test: [1420/1563]	Time  0.595 ( 0.618)	Loss 2.0302e+00 (1.2390e+00)	Acc@1  34.38 ( 69.38)	Acc@5  87.50 ( 89.30)
[2023-03-13_14-05-15] Test: [1430/1563]	Time  0.586 ( 0.618)	Loss 2.3239e-01 (1.2389e+00)	Acc@1  90.62 ( 69.36)	Acc@5 100.00 ( 89.32)
[2023-03-13_14-05-21] Test: [1440/1563]	Time  0.679 ( 0.618)	Loss 2.4709e+00 (1.2404e+00)	Acc@1  37.50 ( 69.36)	Acc@5  78.12 ( 89.31)
[2023-03-13_14-05-27] Test: [1450/1563]	Time  0.598 ( 0.618)	Loss 1.3043e+00 (1.2408e+00)	Acc@1  62.50 ( 69.33)	Acc@5  90.62 ( 89.32)
[2023-03-13_14-05-33] Test: [1460/1563]	Time  0.589 ( 0.618)	Loss 7.6850e-01 (1.2404e+00)	Acc@1  81.25 ( 69.36)	Acc@5  93.75 ( 89.32)
[2023-03-13_14-05-39] Test: [1470/1563]	Time  0.547 ( 0.618)	Loss 6.6051e-01 (1.2381e+00)	Acc@1  87.50 ( 69.40)	Acc@5 100.00 ( 89.35)
[2023-03-13_14-05-46] Test: [1480/1563]	Time  0.750 ( 0.618)	Loss 1.5161e+00 (1.2361e+00)	Acc@1  37.50 ( 69.44)	Acc@5  93.75 ( 89.38)
[2023-03-13_14-05-52] Test: [1490/1563]	Time  0.655 ( 0.618)	Loss 6.3884e-01 (1.2350e+00)	Acc@1  81.25 ( 69.48)	Acc@5 100.00 ( 89.40)
[2023-03-13_14-05-58] Test: [1500/1563]	Time  0.580 ( 0.618)	Loss 1.9062e+00 (1.2329e+00)	Acc@1  50.00 ( 69.54)	Acc@5  75.00 ( 89.42)
[2023-03-13_14-06-04] Test: [1510/1563]	Time  0.582 ( 0.618)	Loss 1.8609e+00 (1.2367e+00)	Acc@1  50.00 ( 69.46)	Acc@5  84.38 ( 89.35)
[2023-03-13_14-06-10] Test: [1520/1563]	Time  0.634 ( 0.618)	Loss 1.2162e+00 (1.2401e+00)	Acc@1  59.38 ( 69.37)	Acc@5  96.88 ( 89.32)
[2023-03-13_14-06-17] Test: [1530/1563]	Time  0.631 ( 0.618)	Loss 1.3642e+00 (1.2433e+00)	Acc@1  46.88 ( 69.26)	Acc@5  96.88 ( 89.31)
[2023-03-13_14-06-23] Test: [1540/1563]	Time  0.570 ( 0.618)	Loss 9.9245e-02 (1.2416e+00)	Acc@1 100.00 ( 69.33)	Acc@5 100.00 ( 89.33)
[2023-03-13_14-06-29] Test: [1550/1563]	Time  0.597 ( 0.618)	Loss 1.0565e+00 (1.2380e+00)	Acc@1  78.12 ( 69.40)	Acc@5  90.62 ( 89.36)
[2023-03-13_14-06-35] Test: [1560/1563]	Time  0.549 ( 0.618)	Loss 1.4373e+00 (1.2348e+00)	Acc@1  46.88 ( 69.45)	Acc@5  90.62 ( 89.39)
[2023-03-13_14-06-36]  * Acc@1 69.422 Acc@5 89.374
