[2023-03-13_12-42-41] main_our.py --action QUANTIZE --arch resnet50_imagenet --batch_size 32 --gpu 0 --x_bits 8 --w_bits 8 --boris 1

[2023-03-13_12-42-41] desc=None, x_bits=7, w_bits=5
[2023-03-13_12-42-41] __init__: arch=resnet50, dataset=imagenet, model_chkp=None, pretrained=True
[2023-03-13_12-42-42] train_pred: epochs=1, lr=0, lr_plan=None, momentum=0.9, wd=0.0005, batch_size=32, optimizer=SGD
[2023-03-13_12-42-42] lr=0, running train steps with no_grad()
[2023-03-13_12-42-43] Epoch: [0][    0/40037]	Time  0.944 ( 0.944)	Data  0.279 ( 0.279)	Loss 1.4893e+00 (1.4893e+00)	Acc@1  53.12 ( 53.12)	Acc@5  90.62 ( 90.62)
[2023-03-13_12-42-49] Epoch: [0][   10/40037]	Time  0.585 ( 0.650)	Data  0.000 ( 0.026)	Loss 2.3000e+00 (1.5220e+00)	Acc@1  56.25 ( 63.35)	Acc@5  75.00 ( 85.51)
[2023-03-13_12-42-55] Epoch: [0][   20/40037]	Time  0.597 ( 0.634)	Data  0.000 ( 0.013)	Loss 1.3138e+00 (1.5349e+00)	Acc@1  65.62 ( 63.84)	Acc@5  90.62 ( 85.86)
[2023-03-13_12-43-01] Epoch: [0][   30/40037]	Time  0.554 ( 0.626)	Data  0.000 ( 0.009)	Loss 1.7322e+00 (1.4811e+00)	Acc@1  56.25 ( 65.93)	Acc@5  81.25 ( 86.59)
[2023-03-13_12-43-08] Epoch: [0][   40/40037]	Time  0.740 ( 0.629)	Data  0.000 ( 0.007)	Loss 1.4196e+00 (1.4979e+00)	Acc@1  75.00 ( 66.16)	Acc@5  84.38 ( 85.90)
[2023-03-13_12-43-14] Epoch: [0][   50/40037]	Time  0.638 ( 0.628)	Data  0.000 ( 0.006)	Loss 1.1281e+00 (1.4921e+00)	Acc@1  71.88 ( 66.30)	Acc@5  90.62 ( 85.42)
[2023-03-13_12-43-20] Epoch: [0][   60/40037]	Time  0.593 ( 0.626)	Data  0.000 ( 0.005)	Loss 1.2996e+00 (1.4936e+00)	Acc@1  68.75 ( 66.24)	Acc@5  84.38 ( 85.35)
[2023-03-13_12-43-24] Test: [   0/1563]	Time  0.860 ( 0.860)	Loss 3.7764e-01 (3.7764e-01)	Acc@1  93.75 ( 93.75)	Acc@5  96.88 ( 96.88)
[2023-03-13_12-43-30] Test: [  10/1563]	Time  0.548 ( 0.630)	Loss 1.2732e+00 (9.1080e-01)	Acc@1  65.62 ( 77.27)	Acc@5  90.62 ( 92.33)
[2023-03-13_12-43-36] Test: [  20/1563]	Time  0.764 ( 0.631)	Loss 2.7498e-01 (7.7161e-01)	Acc@1  90.62 ( 80.95)	Acc@5  96.88 ( 93.90)
[2023-03-13_12-43-42] Test: [  30/1563]	Time  0.653 ( 0.628)	Loss 1.2270e-01 (7.2429e-01)	Acc@1 100.00 ( 82.26)	Acc@5 100.00 ( 94.05)
[2023-03-13_12-43-48] Test: [  40/1563]	Time  0.582 ( 0.624)	Loss 3.7687e-01 (7.0609e-01)	Acc@1  87.50 ( 82.77)	Acc@5 100.00 ( 94.44)
[2023-03-13_12-43-54] Test: [  50/1563]	Time  0.574 ( 0.621)	Loss 1.7959e+00 (7.7406e-01)	Acc@1  50.00 ( 80.82)	Acc@5  87.50 ( 94.18)
[2023-03-13_12-44-01] Test: [  60/1563]	Time  0.654 ( 0.620)	Loss 9.3777e-01 (8.6078e-01)	Acc@1  81.25 ( 78.43)	Acc@5  87.50 ( 93.55)
[2023-03-13_12-44-07] Test: [  70/1563]	Time  0.633 ( 0.622)	Loss 1.4369e+00 (8.8701e-01)	Acc@1  75.00 ( 77.95)	Acc@5  87.50 ( 93.44)
[2023-03-13_12-44-13] Test: [  80/1563]	Time  0.571 ( 0.621)	Loss 7.1092e-01 (9.1840e-01)	Acc@1  87.50 ( 77.24)	Acc@5  93.75 ( 92.98)
[2023-03-13_12-44-19] Test: [  90/1563]	Time  0.603 ( 0.620)	Loss 1.5393e+00 (9.7240e-01)	Acc@1  56.25 ( 75.62)	Acc@5  84.38 ( 92.34)
[2023-03-13_12-44-25] Test: [ 100/1563]	Time  0.551 ( 0.619)	Loss 2.1591e+00 (1.0344e+00)	Acc@1  46.88 ( 74.23)	Acc@5  78.12 ( 91.77)
[2023-03-13_12-44-32] Test: [ 110/1563]	Time  0.723 ( 0.620)	Loss 9.3393e-01 (1.0410e+00)	Acc@1  84.38 ( 73.48)	Acc@5  90.62 ( 91.78)
[2023-03-13_12-44-38] Test: [ 120/1563]	Time  0.635 ( 0.620)	Loss 8.7210e-01 (1.0414e+00)	Acc@1  68.75 ( 72.83)	Acc@5  96.88 ( 92.10)
[2023-03-13_12-44-44] Test: [ 130/1563]	Time  0.589 ( 0.619)	Loss 5.9799e-01 (1.0426e+00)	Acc@1  87.50 ( 73.19)	Acc@5  93.75 ( 92.01)
[2023-03-13_12-44-50] Test: [ 140/1563]	Time  0.547 ( 0.619)	Loss 6.6115e-01 (1.0137e+00)	Acc@1  81.25 ( 74.02)	Acc@5  93.75 ( 92.22)
[2023-03-13_12-44-56] Test: [ 150/1563]	Time  0.710 ( 0.619)	Loss 5.9087e-01 (9.7550e-01)	Acc@1  87.50 ( 75.10)	Acc@5  93.75 ( 92.53)
[2023-03-13_12-45-02] Test: [ 160/1563]	Time  0.642 ( 0.619)	Loss 3.0990e-01 (9.6492e-01)	Acc@1  96.88 ( 75.33)	Acc@5  96.88 ( 92.59)
[2023-03-13_12-45-09] Test: [ 170/1563]	Time  0.573 ( 0.619)	Loss 5.7293e-01 (9.7370e-01)	Acc@1  87.50 ( 75.42)	Acc@5 100.00 ( 92.38)
[2023-03-13_12-45-15] Test: [ 180/1563]	Time  0.601 ( 0.619)	Loss 9.2736e-01 (9.7953e-01)	Acc@1  78.12 ( 75.33)	Acc@5 100.00 ( 92.32)
[2023-03-13_12-45-21] Test: [ 190/1563]	Time  0.550 ( 0.618)	Loss 1.0827e+00 (9.9086e-01)	Acc@1  71.88 ( 74.89)	Acc@5  87.50 ( 92.28)
[2023-03-13_12-45-27] Test: [ 200/1563]	Time  0.694 ( 0.619)	Loss 8.9575e-01 (9.9490e-01)	Acc@1  81.25 ( 74.84)	Acc@5  90.62 ( 92.20)
[2023-03-13_12-45-33] Test: [ 210/1563]	Time  0.617 ( 0.619)	Loss 1.1781e+00 (9.7587e-01)	Acc@1  68.75 ( 75.39)	Acc@5  90.62 ( 92.37)
[2023-03-13_12-45-39] Test: [ 220/1563]	Time  0.590 ( 0.618)	Loss 7.0565e-01 (9.5637e-01)	Acc@1  87.50 ( 75.96)	Acc@5  90.62 ( 92.51)
[2023-03-13_12-45-46] Test: [ 230/1563]	Time  0.547 ( 0.618)	Loss 1.2834e+00 (9.4312e-01)	Acc@1  75.00 ( 76.42)	Acc@5  87.50 ( 92.61)
[2023-03-13_12-45-52] Test: [ 240/1563]	Time  0.741 ( 0.618)	Loss 1.6481e+00 (9.4528e-01)	Acc@1  59.38 ( 76.31)	Acc@5  84.38 ( 92.58)
[2023-03-13_12-45-58] Test: [ 250/1563]	Time  0.648 ( 0.619)	Loss 3.3050e-01 (9.4401e-01)	Acc@1  90.62 ( 76.29)	Acc@5 100.00 ( 92.64)
[2023-03-13_12-46-04] Test: [ 260/1563]	Time  0.574 ( 0.618)	Loss 1.7882e+00 (9.5524e-01)	Acc@1  50.00 ( 75.99)	Acc@5  90.62 ( 92.55)
[2023-03-13_12-46-10] Test: [ 270/1563]	Time  0.595 ( 0.618)	Loss 1.0644e+00 (9.6698e-01)	Acc@1  71.88 ( 75.62)	Acc@5  90.62 ( 92.46)
[2023-03-13_12-46-16] Test: [ 280/1563]	Time  0.586 ( 0.618)	Loss 1.4423e+00 (9.6490e-01)	Acc@1  53.12 ( 75.62)	Acc@5  96.88 ( 92.57)
[2023-03-13_12-46-23] Test: [ 290/1563]	Time  0.680 ( 0.618)	Loss 1.0959e+00 (9.6633e-01)	Acc@1  65.62 ( 75.64)	Acc@5  93.75 ( 92.60)
[2023-03-13_12-46-29] Test: [ 300/1563]	Time  0.598 ( 0.618)	Loss 1.2271e+00 (9.7246e-01)	Acc@1  65.62 ( 75.33)	Acc@5  93.75 ( 92.58)
[2023-03-13_12-46-35] Test: [ 310/1563]	Time  0.598 ( 0.618)	Loss 1.0892e+00 (9.7763e-01)	Acc@1  65.62 ( 75.03)	Acc@5  93.75 ( 92.60)
[2023-03-13_12-46-41] Test: [ 320/1563]	Time  0.548 ( 0.618)	Loss 1.1955e+00 (9.8058e-01)	Acc@1  71.88 ( 74.84)	Acc@5  87.50 ( 92.65)
[2023-03-13_12-46-47] Test: [ 330/1563]	Time  0.763 ( 0.618)	Loss 8.1609e-01 (9.7862e-01)	Acc@1  75.00 ( 74.92)	Acc@5  96.88 ( 92.70)
[2023-03-13_12-46-54] Test: [ 340/1563]	Time  0.653 ( 0.618)	Loss 4.0881e-01 (9.7166e-01)	Acc@1  90.62 ( 75.16)	Acc@5 100.00 ( 92.82)
[2023-03-13_12-47-00] Test: [ 350/1563]	Time  0.585 ( 0.618)	Loss 9.4831e-01 (9.7051e-01)	Acc@1  78.12 ( 75.19)	Acc@5  84.38 ( 92.83)
[2023-03-13_12-47-06] Test: [ 360/1563]	Time  0.566 ( 0.618)	Loss 1.1047e+00 (9.7286e-01)	Acc@1  71.88 ( 75.17)	Acc@5  93.75 ( 92.82)
[2023-03-13_12-47-12] Test: [ 370/1563]	Time  0.666 ( 0.618)	Loss 8.9276e-01 (9.7360e-01)	Acc@1  71.88 ( 75.08)	Acc@5  93.75 ( 92.81)
[2023-03-13_12-47-18] Test: [ 380/1563]	Time  0.633 ( 0.618)	Loss 9.8989e-01 (9.8209e-01)	Acc@1  71.88 ( 74.74)	Acc@5  93.75 ( 92.80)
[2023-03-13_12-47-24] Test: [ 390/1563]	Time  0.571 ( 0.618)	Loss 1.2934e+00 (9.8232e-01)	Acc@1  62.50 ( 74.62)	Acc@5  93.75 ( 92.85)
[2023-03-13_12-47-31] Test: [ 400/1563]	Time  0.603 ( 0.618)	Loss 8.0279e-01 (9.7335e-01)	Acc@1  78.12 ( 74.82)	Acc@5  96.88 ( 92.97)
[2023-03-13_12-47-37] Test: [ 410/1563]	Time  0.552 ( 0.618)	Loss 5.3553e-01 (9.6405e-01)	Acc@1  87.50 ( 75.14)	Acc@5 100.00 ( 93.10)
[2023-03-13_12-47-43] Test: [ 420/1563]	Time  0.726 ( 0.618)	Loss 6.8226e-01 (9.6627e-01)	Acc@1  87.50 ( 75.05)	Acc@5  96.88 ( 93.10)
[2023-03-13_12-47-49] Test: [ 430/1563]	Time  0.632 ( 0.618)	Loss 1.2157e-01 (9.7141e-01)	Acc@1 100.00 ( 74.99)	Acc@5 100.00 ( 93.08)
[2023-03-13_12-47-55] Test: [ 440/1563]	Time  0.589 ( 0.618)	Loss 1.7968e+00 (9.7471e-01)	Acc@1  40.62 ( 74.78)	Acc@5  90.62 ( 93.09)
[2023-03-13_12-48-01] Test: [ 450/1563]	Time  0.548 ( 0.618)	Loss 7.7661e-01 (9.7944e-01)	Acc@1  81.25 ( 74.65)	Acc@5 100.00 ( 93.08)
[2023-03-13_12-48-08] Test: [ 460/1563]	Time  0.711 ( 0.618)	Loss 4.6483e-01 (9.7385e-01)	Acc@1  90.62 ( 74.82)	Acc@5  96.88 ( 93.15)
[2023-03-13_12-48-14] Test: [ 470/1563]	Time  0.643 ( 0.618)	Loss 9.9717e-01 (9.7617e-01)	Acc@1  59.38 ( 74.78)	Acc@5  96.88 ( 93.11)
[2023-03-13_12-48-20] Test: [ 480/1563]	Time  0.574 ( 0.618)	Loss 3.8232e-01 (9.7602e-01)	Acc@1  90.62 ( 74.73)	Acc@5 100.00 ( 93.16)
[2023-03-13_12-48-26] Test: [ 490/1563]	Time  0.601 ( 0.618)	Loss 1.3760e+00 (9.8015e-01)	Acc@1  68.75 ( 74.60)	Acc@5  84.38 ( 93.14)
[2023-03-13_12-48-32] Test: [ 500/1563]	Time  0.551 ( 0.618)	Loss 4.9975e-01 (9.7833e-01)	Acc@1  87.50 ( 74.69)	Acc@5 100.00 ( 93.15)
[2023-03-13_12-48-39] Test: [ 510/1563]	Time  0.694 ( 0.618)	Loss 5.5098e-01 (9.6938e-01)	Acc@1  87.50 ( 74.94)	Acc@5 100.00 ( 93.21)
[2023-03-13_12-48-45] Test: [ 520/1563]	Time  0.614 ( 0.618)	Loss 2.3339e-01 (9.6664e-01)	Acc@1  96.88 ( 75.07)	Acc@5 100.00 ( 93.22)
[2023-03-13_12-48-51] Test: [ 530/1563]	Time  0.593 ( 0.618)	Loss 1.8398e-01 (9.6162e-01)	Acc@1 100.00 ( 75.28)	Acc@5 100.00 ( 93.25)
[2023-03-13_12-48-57] Test: [ 540/1563]	Time  0.547 ( 0.618)	Loss 1.4530e+00 (9.6072e-01)	Acc@1  56.25 ( 75.29)	Acc@5  90.62 ( 93.25)
[2023-03-13_12-49-03] Test: [ 550/1563]	Time  0.749 ( 0.618)	Loss 9.0237e-01 (9.5676e-01)	Acc@1  71.88 ( 75.32)	Acc@5  93.75 ( 93.27)
[2023-03-13_12-49-10] Test: [ 560/1563]	Time  0.656 ( 0.618)	Loss 1.2914e+00 (9.6075e-01)	Acc@1  59.38 ( 75.22)	Acc@5  93.75 ( 93.26)
[2023-03-13_12-49-16] Test: [ 570/1563]	Time  0.579 ( 0.618)	Loss 6.4163e-01 (9.5797e-01)	Acc@1  84.38 ( 75.30)	Acc@5  93.75 ( 93.28)
[2023-03-13_12-49-22] Test: [ 580/1563]	Time  0.582 ( 0.618)	Loss 1.9390e+00 (9.6102e-01)	Acc@1  62.50 ( 75.28)	Acc@5  87.50 ( 93.25)
[2023-03-13_12-49-28] Test: [ 590/1563]	Time  0.593 ( 0.618)	Loss 1.6076e+00 (9.6024e-01)	Acc@1  56.25 ( 75.34)	Acc@5  84.38 ( 93.23)
[2023-03-13_12-49-34] Test: [ 600/1563]	Time  0.650 ( 0.618)	Loss 7.5728e-01 (9.6501e-01)	Acc@1  87.50 ( 75.16)	Acc@5  90.62 ( 93.20)
[2023-03-13_12-49-40] Test: [ 610/1563]	Time  0.584 ( 0.618)	Loss 1.8081e+00 (9.6590e-01)	Acc@1  53.12 ( 75.12)	Acc@5  84.38 ( 93.19)
[2023-03-13_12-49-46] Test: [ 620/1563]	Time  0.595 ( 0.618)	Loss 6.6950e-01 (9.6421e-01)	Acc@1  87.50 ( 75.17)	Acc@5  96.88 ( 93.17)
[2023-03-13_12-49-53] Test: [ 630/1563]	Time  0.548 ( 0.618)	Loss 6.2649e-01 (9.7274e-01)	Acc@1  81.25 ( 75.01)	Acc@5  96.88 ( 93.08)
[2023-03-13_12-49-59] Test: [ 640/1563]	Time  0.759 ( 0.618)	Loss 9.3366e-01 (9.7225e-01)	Acc@1  71.88 ( 74.99)	Acc@5 100.00 ( 93.08)
[2023-03-13_12-50-05] Test: [ 650/1563]	Time  0.646 ( 0.618)	Loss 7.7981e-01 (9.8509e-01)	Acc@1  78.12 ( 74.67)	Acc@5  96.88 ( 92.93)
[2023-03-13_12-50-11] Test: [ 660/1563]	Time  0.587 ( 0.618)	Loss 1.7019e+00 (9.8891e-01)	Acc@1  59.38 ( 74.65)	Acc@5  78.12 ( 92.88)
[2023-03-13_12-50-17] Test: [ 670/1563]	Time  0.566 ( 0.618)	Loss 1.0786e+00 (9.9299e-01)	Acc@1  68.75 ( 74.58)	Acc@5  90.62 ( 92.81)
[2023-03-13_12-50-24] Test: [ 680/1563]	Time  0.664 ( 0.618)	Loss 2.1201e+00 (9.9756e-01)	Acc@1  34.38 ( 74.44)	Acc@5  75.00 ( 92.75)
[2023-03-13_12-50-30] Test: [ 690/1563]	Time  0.636 ( 0.618)	Loss 1.3394e+00 (1.0053e+00)	Acc@1  62.50 ( 74.29)	Acc@5  87.50 ( 92.65)
[2023-03-13_12-50-36] Test: [ 700/1563]	Time  0.571 ( 0.618)	Loss 1.2955e+00 (1.0125e+00)	Acc@1  65.62 ( 74.14)	Acc@5  84.38 ( 92.57)
[2023-03-13_12-50-42] Test: [ 710/1563]	Time  0.602 ( 0.618)	Loss 2.1564e+00 (1.0176e+00)	Acc@1  53.12 ( 74.03)	Acc@5  78.12 ( 92.49)
[2023-03-13_12-50-48] Test: [ 720/1563]	Time  0.552 ( 0.618)	Loss 1.3698e+00 (1.0263e+00)	Acc@1  50.00 ( 73.87)	Acc@5  93.75 ( 92.37)
[2023-03-13_12-50-54] Test: [ 730/1563]	Time  0.720 ( 0.618)	Loss 1.0436e+00 (1.0361e+00)	Acc@1  81.25 ( 73.70)	Acc@5  93.75 ( 92.23)
[2023-03-13_12-51-01] Test: [ 740/1563]	Time  0.626 ( 0.618)	Loss 1.2780e+00 (1.0436e+00)	Acc@1  65.62 ( 73.54)	Acc@5  93.75 ( 92.11)
[2023-03-13_12-51-07] Test: [ 750/1563]	Time  0.590 ( 0.618)	Loss 1.2327e+00 (1.0492e+00)	Acc@1  71.88 ( 73.44)	Acc@5  84.38 ( 92.03)
[2023-03-13_12-51-13] Test: [ 760/1563]	Time  0.546 ( 0.618)	Loss 6.6141e-01 (1.0551e+00)	Acc@1  81.25 ( 73.22)	Acc@5 100.00 ( 92.00)
[2023-03-13_12-51-19] Test: [ 770/1563]	Time  0.739 ( 0.618)	Loss 2.7277e+00 (1.0689e+00)	Acc@1  37.50 ( 72.94)	Acc@5  62.50 ( 91.80)
[2023-03-13_12-51-25] Test: [ 780/1563]	Time  0.647 ( 0.618)	Loss 3.2309e+00 (1.0780e+00)	Acc@1  25.00 ( 72.79)	Acc@5  62.50 ( 91.68)
[2023-03-13_12-51-32] Test: [ 790/1563]	Time  0.577 ( 0.618)	Loss 1.8574e+00 (1.0885e+00)	Acc@1  62.50 ( 72.57)	Acc@5  90.62 ( 91.58)
[2023-03-13_12-51-38] Test: [ 800/1563]	Time  0.595 ( 0.618)	Loss 1.2654e+00 (1.0904e+00)	Acc@1  65.62 ( 72.50)	Acc@5  90.62 ( 91.53)
[2023-03-13_12-51-44] Test: [ 810/1563]	Time  0.587 ( 0.618)	Loss 8.6633e-01 (1.0940e+00)	Acc@1  84.38 ( 72.39)	Acc@5  93.75 ( 91.47)
[2023-03-13_12-51-50] Test: [ 820/1563]	Time  0.679 ( 0.618)	Loss 1.0779e+00 (1.0993e+00)	Acc@1  75.00 ( 72.26)	Acc@5  90.62 ( 91.41)
[2023-03-13_12-51-56] Test: [ 830/1563]	Time  0.597 ( 0.618)	Loss 1.4532e+00 (1.1066e+00)	Acc@1  40.62 ( 72.08)	Acc@5  96.88 ( 91.32)
[2023-03-13_12-52-02] Test: [ 840/1563]	Time  0.593 ( 0.618)	Loss 7.0645e-01 (1.1086e+00)	Acc@1  90.62 ( 72.04)	Acc@5 100.00 ( 91.32)
[2023-03-13_12-52-08] Test: [ 850/1563]	Time  0.547 ( 0.618)	Loss 1.5427e+00 (1.1157e+00)	Acc@1  71.88 ( 71.89)	Acc@5  84.38 ( 91.22)
[2023-03-13_12-52-15] Test: [ 860/1563]	Time  0.748 ( 0.618)	Loss 1.0498e+00 (1.1157e+00)	Acc@1  71.88 ( 71.92)	Acc@5  87.50 ( 91.21)
[2023-03-13_12-52-21] Test: [ 870/1563]	Time  0.655 ( 0.618)	Loss 1.9531e+00 (1.1171e+00)	Acc@1  56.25 ( 71.91)	Acc@5  81.25 ( 91.17)
[2023-03-13_12-52-27] Test: [ 880/1563]	Time  0.579 ( 0.618)	Loss 7.6990e-01 (1.1194e+00)	Acc@1  75.00 ( 71.86)	Acc@5 100.00 ( 91.11)
[2023-03-13_12-52-33] Test: [ 890/1563]	Time  0.585 ( 0.618)	Loss 1.0006e+00 (1.1198e+00)	Acc@1  78.12 ( 71.89)	Acc@5  90.62 ( 91.09)
[2023-03-13_12-52-39] Test: [ 900/1563]	Time  0.613 ( 0.618)	Loss 5.4068e-01 (1.1190e+00)	Acc@1  84.38 ( 71.93)	Acc@5  96.88 ( 91.08)
[2023-03-13_12-52-46] Test: [ 910/1563]	Time  0.651 ( 0.618)	Loss 1.5346e+00 (1.1203e+00)	Acc@1  78.12 ( 71.92)	Acc@5  93.75 ( 91.09)
[2023-03-13_12-52-52] Test: [ 920/1563]	Time  0.583 ( 0.618)	Loss 2.0356e+00 (1.1295e+00)	Acc@1  53.12 ( 71.76)	Acc@5  81.25 ( 90.95)
[2023-03-13_12-52-58] Test: [ 930/1563]	Time  0.596 ( 0.618)	Loss 7.7989e-01 (1.1308e+00)	Acc@1  68.75 ( 71.75)	Acc@5 100.00 ( 90.91)
[2023-03-13_12-53-04] Test: [ 940/1563]	Time  0.548 ( 0.618)	Loss 1.9334e+00 (1.1418e+00)	Acc@1  53.12 ( 71.56)	Acc@5  71.88 ( 90.74)
[2023-03-13_12-53-10] Test: [ 950/1563]	Time  0.763 ( 0.618)	Loss 1.5384e+00 (1.1398e+00)	Acc@1  62.50 ( 71.61)	Acc@5  84.38 ( 90.74)
[2023-03-13_12-53-17] Test: [ 960/1563]	Time  0.657 ( 0.618)	Loss 8.4514e-01 (1.1394e+00)	Acc@1  75.00 ( 71.62)	Acc@5  93.75 ( 90.74)
[2023-03-13_12-53-23] Test: [ 970/1563]	Time  0.583 ( 0.618)	Loss 9.0977e-01 (1.1453e+00)	Acc@1  59.38 ( 71.47)	Acc@5  96.88 ( 90.67)
[2023-03-13_12-53-29] Test: [ 980/1563]	Time  0.573 ( 0.618)	Loss 6.5211e-01 (1.1510e+00)	Acc@1  84.38 ( 71.36)	Acc@5  90.62 ( 90.56)
[2023-03-13_12-53-35] Test: [ 990/1563]	Time  0.655 ( 0.618)	Loss 3.1579e+00 (1.1567e+00)	Acc@1  31.25 ( 71.24)	Acc@5  59.38 ( 90.46)
[2023-03-13_12-53-41] Test: [1000/1563]	Time  0.634 ( 0.618)	Loss 4.1806e-01 (1.1598e+00)	Acc@1  81.25 ( 71.07)	Acc@5 100.00 ( 90.44)
[2023-03-13_12-53-47] Test: [1010/1563]	Time  0.570 ( 0.618)	Loss 1.4164e+00 (1.1606e+00)	Acc@1  71.88 ( 71.08)	Acc@5  84.38 ( 90.42)
[2023-03-13_12-53-54] Test: [1020/1563]	Time  0.603 ( 0.618)	Loss 2.5020e+00 (1.1698e+00)	Acc@1  46.88 ( 70.92)	Acc@5  68.75 ( 90.30)
[2023-03-13_12-54-00] Test: [1030/1563]	Time  0.552 ( 0.618)	Loss 7.2494e-01 (1.1738e+00)	Acc@1  84.38 ( 70.82)	Acc@5  90.62 ( 90.27)
[2023-03-13_12-54-06] Test: [1040/1563]	Time  0.726 ( 0.618)	Loss 1.8250e+00 (1.1785e+00)	Acc@1  56.25 ( 70.68)	Acc@5  78.12 ( 90.23)
[2023-03-13_12-54-12] Test: [1050/1563]	Time  0.627 ( 0.618)	Loss 5.6162e-01 (1.1757e+00)	Acc@1  87.50 ( 70.73)	Acc@5  93.75 ( 90.27)
[2023-03-13_12-54-18] Test: [1060/1563]	Time  0.587 ( 0.618)	Loss 1.6015e+00 (1.1833e+00)	Acc@1  71.88 ( 70.59)	Acc@5  75.00 ( 90.14)
[2023-03-13_12-54-24] Test: [1070/1563]	Time  0.547 ( 0.618)	Loss 4.0101e-01 (1.1852e+00)	Acc@1  93.75 ( 70.55)	Acc@5  96.88 ( 90.11)
[2023-03-13_12-54-31] Test: [1080/1563]	Time  0.710 ( 0.618)	Loss 2.0653e+00 (1.1882e+00)	Acc@1  43.75 ( 70.48)	Acc@5  87.50 ( 90.08)
[2023-03-13_12-54-37] Test: [1090/1563]	Time  0.641 ( 0.618)	Loss 1.2754e+00 (1.1910e+00)	Acc@1  68.75 ( 70.44)	Acc@5  93.75 ( 90.03)
[2023-03-13_12-54-43] Test: [1100/1563]	Time  0.573 ( 0.618)	Loss 5.5001e-01 (1.1901e+00)	Acc@1  81.25 ( 70.48)	Acc@5 100.00 ( 90.04)
[2023-03-13_12-54-49] Test: [1110/1563]	Time  0.602 ( 0.618)	Loss 2.4956e+00 (1.1947e+00)	Acc@1  40.62 ( 70.35)	Acc@5  71.88 ( 89.99)
[2023-03-13_12-54-55] Test: [1120/1563]	Time  0.550 ( 0.618)	Loss 1.3534e+00 (1.1956e+00)	Acc@1  71.88 ( 70.35)	Acc@5  90.62 ( 89.98)
[2023-03-13_12-55-01] Test: [1130/1563]	Time  0.693 ( 0.618)	Loss 1.8989e+00 (1.1972e+00)	Acc@1  59.38 ( 70.33)	Acc@5  75.00 ( 89.96)
[2023-03-13_12-55-08] Test: [1140/1563]	Time  0.616 ( 0.618)	Loss 1.9405e+00 (1.2014e+00)	Acc@1  56.25 ( 70.24)	Acc@5  78.12 ( 89.91)
[2023-03-13_12-55-14] Test: [1150/1563]	Time  0.589 ( 0.618)	Loss 1.1802e+00 (1.2058e+00)	Acc@1  78.12 ( 70.17)	Acc@5  84.38 ( 89.84)
[2023-03-13_12-55-20] Test: [1160/1563]	Time  0.546 ( 0.618)	Loss 1.6329e+00 (1.2075e+00)	Acc@1  53.12 ( 70.14)	Acc@5  87.50 ( 89.81)
[2023-03-13_12-55-26] Test: [1170/1563]	Time  0.738 ( 0.618)	Loss 2.1380e+00 (1.2117e+00)	Acc@1  50.00 ( 70.02)	Acc@5  78.12 ( 89.74)
[2023-03-13_12-55-32] Test: [1180/1563]	Time  0.648 ( 0.618)	Loss 4.9473e-01 (1.2125e+00)	Acc@1  90.62 ( 70.01)	Acc@5  96.88 ( 89.72)
[2023-03-13_12-55-38] Test: [1190/1563]	Time  0.575 ( 0.618)	Loss 1.9191e+00 (1.2131e+00)	Acc@1  59.38 ( 70.02)	Acc@5  78.12 ( 89.70)
[2023-03-13_12-55-45] Test: [1200/1563]	Time  0.595 ( 0.618)	Loss 1.3268e+00 (1.2173e+00)	Acc@1  75.00 ( 69.96)	Acc@5  87.50 ( 89.64)
[2023-03-13_12-55-51] Test: [1210/1563]	Time  0.590 ( 0.618)	Loss 1.2500e+00 (1.2189e+00)	Acc@1  65.62 ( 69.93)	Acc@5  87.50 ( 89.60)
[2023-03-13_12-55-57] Test: [1220/1563]	Time  0.679 ( 0.618)	Loss 3.3459e-01 (1.2204e+00)	Acc@1  84.38 ( 69.90)	Acc@5 100.00 ( 89.59)
[2023-03-13_12-56-03] Test: [1230/1563]	Time  0.599 ( 0.618)	Loss 2.3199e+00 (1.2246e+00)	Acc@1  43.75 ( 69.81)	Acc@5  75.00 ( 89.53)
[2023-03-13_12-56-09] Test: [1240/1563]	Time  0.591 ( 0.618)	Loss 1.5529e+00 (1.2275e+00)	Acc@1  59.38 ( 69.77)	Acc@5  81.25 ( 89.50)
[2023-03-13_12-56-15] Test: [1250/1563]	Time  0.547 ( 0.618)	Loss 6.0594e-01 (1.2310e+00)	Acc@1  87.50 ( 69.72)	Acc@5  93.75 ( 89.46)
[2023-03-13_12-56-22] Test: [1260/1563]	Time  0.749 ( 0.618)	Loss 1.8298e+00 (1.2287e+00)	Acc@1  59.38 ( 69.79)	Acc@5  81.25 ( 89.49)
[2023-03-13_12-56-28] Test: [1270/1563]	Time  0.654 ( 0.618)	Loss 2.0343e+00 (1.2312e+00)	Acc@1  56.25 ( 69.72)	Acc@5  78.12 ( 89.45)
[2023-03-13_12-56-34] Test: [1280/1563]	Time  0.580 ( 0.618)	Loss 2.0498e+00 (1.2340e+00)	Acc@1  62.50 ( 69.67)	Acc@5  78.12 ( 89.42)
[2023-03-13_12-56-40] Test: [1290/1563]	Time  0.585 ( 0.618)	Loss 2.0078e+00 (1.2353e+00)	Acc@1  62.50 ( 69.64)	Acc@5  81.25 ( 89.41)
[2023-03-13_12-56-46] Test: [1300/1563]	Time  0.612 ( 0.618)	Loss 7.5949e-01 (1.2375e+00)	Acc@1  87.50 ( 69.64)	Acc@5  90.62 ( 89.38)
[2023-03-13_12-56-53] Test: [1310/1563]	Time  0.650 ( 0.618)	Loss 2.3486e+00 (1.2453e+00)	Acc@1  37.50 ( 69.46)	Acc@5  78.12 ( 89.28)
[2023-03-13_12-56-59] Test: [1320/1563]	Time  0.582 ( 0.618)	Loss 2.3016e+00 (1.2493e+00)	Acc@1  46.88 ( 69.37)	Acc@5  84.38 ( 89.23)
[2023-03-13_12-57-05] Test: [1330/1563]	Time  0.596 ( 0.618)	Loss 1.5716e+00 (1.2500e+00)	Acc@1  75.00 ( 69.34)	Acc@5  90.62 ( 89.23)
[2023-03-13_12-57-11] Test: [1340/1563]	Time  0.549 ( 0.618)	Loss 1.6526e+00 (1.2507e+00)	Acc@1  56.25 ( 69.33)	Acc@5  84.38 ( 89.21)
[2023-03-13_12-57-17] Test: [1350/1563]	Time  0.762 ( 0.618)	Loss 1.8294e+00 (1.2554e+00)	Acc@1  53.12 ( 69.24)	Acc@5  81.25 ( 89.14)
[2023-03-13_12-57-24] Test: [1360/1563]	Time  0.652 ( 0.618)	Loss 9.0672e-01 (1.2577e+00)	Acc@1  78.12 ( 69.19)	Acc@5  96.88 ( 89.11)
[2023-03-13_12-57-30] Test: [1370/1563]	Time  0.585 ( 0.618)	Loss 1.2907e+00 (1.2574e+00)	Acc@1  65.62 ( 69.17)	Acc@5  90.62 ( 89.12)
[2023-03-13_12-57-36] Test: [1380/1563]	Time  0.566 ( 0.618)	Loss 2.0610e+00 (1.2591e+00)	Acc@1  40.62 ( 69.13)	Acc@5  71.88 ( 89.10)
[2023-03-13_12-57-42] Test: [1390/1563]	Time  0.673 ( 0.618)	Loss 8.7592e-01 (1.2614e+00)	Acc@1  84.38 ( 69.08)	Acc@5  96.88 ( 89.06)
[2023-03-13_12-57-48] Test: [1400/1563]	Time  0.636 ( 0.618)	Loss 6.6485e-01 (1.2611e+00)	Acc@1  81.25 ( 69.06)	Acc@5  96.88 ( 89.08)
[2023-03-13_12-57-54] Test: [1410/1563]	Time  0.573 ( 0.618)	Loss 1.5219e+00 (1.2637e+00)	Acc@1  62.50 ( 69.00)	Acc@5  81.25 ( 89.03)
[2023-03-13_12-58-01] Test: [1420/1563]	Time  0.600 ( 0.618)	Loss 2.0813e+00 (1.2695e+00)	Acc@1  40.62 ( 68.89)	Acc@5  87.50 ( 88.97)
[2023-03-13_12-58-07] Test: [1430/1563]	Time  0.551 ( 0.618)	Loss 2.7071e-01 (1.2692e+00)	Acc@1  90.62 ( 68.86)	Acc@5 100.00 ( 88.99)
[2023-03-13_12-58-13] Test: [1440/1563]	Time  0.697 ( 0.618)	Loss 2.7245e+00 (1.2707e+00)	Acc@1  31.25 ( 68.85)	Acc@5  71.88 ( 88.96)
[2023-03-13_12-58-19] Test: [1450/1563]	Time  0.615 ( 0.618)	Loss 1.2742e+00 (1.2706e+00)	Acc@1  59.38 ( 68.82)	Acc@5  93.75 ( 88.98)
[2023-03-13_12-58-25] Test: [1460/1563]	Time  0.591 ( 0.618)	Loss 9.2218e-01 (1.2706e+00)	Acc@1  75.00 ( 68.83)	Acc@5  93.75 ( 88.98)
[2023-03-13_12-58-31] Test: [1470/1563]	Time  0.546 ( 0.618)	Loss 5.3538e-01 (1.2680e+00)	Acc@1  84.38 ( 68.88)	Acc@5 100.00 ( 89.02)
[2023-03-13_12-58-38] Test: [1480/1563]	Time  0.737 ( 0.618)	Loss 1.5478e+00 (1.2661e+00)	Acc@1  37.50 ( 68.90)	Acc@5  93.75 ( 89.04)
[2023-03-13_12-58-44] Test: [1490/1563]	Time  0.648 ( 0.618)	Loss 6.1543e-01 (1.2656e+00)	Acc@1  81.25 ( 68.90)	Acc@5 100.00 ( 89.04)
[2023-03-13_12-58-50] Test: [1500/1563]	Time  0.577 ( 0.618)	Loss 1.9414e+00 (1.2635e+00)	Acc@1  53.12 ( 68.97)	Acc@5  78.12 ( 89.06)
[2023-03-13_12-58-56] Test: [1510/1563]	Time  0.594 ( 0.618)	Loss 1.9956e+00 (1.2666e+00)	Acc@1  53.12 ( 68.89)	Acc@5  84.38 ( 89.02)
[2023-03-13_12-59-02] Test: [1520/1563]	Time  0.586 ( 0.618)	Loss 1.0870e+00 (1.2695e+00)	Acc@1  68.75 ( 68.82)	Acc@5  96.88 ( 88.99)
[2023-03-13_12-59-09] Test: [1530/1563]	Time  0.681 ( 0.618)	Loss 1.2615e+00 (1.2732e+00)	Acc@1  53.12 ( 68.71)	Acc@5  96.88 ( 88.97)
[2023-03-13_12-59-15] Test: [1540/1563]	Time  0.596 ( 0.618)	Loss 7.6885e-02 (1.2709e+00)	Acc@1  96.88 ( 68.79)	Acc@5 100.00 ( 88.99)
[2023-03-13_12-59-21] Test: [1550/1563]	Time  0.593 ( 0.618)	Loss 1.0666e+00 (1.2673e+00)	Acc@1  78.12 ( 68.86)	Acc@5  90.62 ( 89.02)
[2023-03-13_12-59-27] Test: [1560/1563]	Time  0.548 ( 0.618)	Loss 1.4675e+00 (1.2641e+00)	Acc@1  46.88 ( 68.91)	Acc@5  93.75 ( 89.07)
[2023-03-13_12-59-28]  * Acc@1 68.876 Acc@5 89.048
