[2023-03-13_13-16-16] main_our.py --action QUANTIZE --arch resnet50_imagenet --batch_size 32 --gpu 0 --x_bits 8 --w_bits 8 --boris 1

[2023-03-13_13-16-16] desc=None, x_bits=5, w_bits=6
[2023-03-13_13-16-16] __init__: arch=resnet50, dataset=imagenet, model_chkp=None, pretrained=True
[2023-03-13_13-16-17] train_pred: epochs=1, lr=0, lr_plan=None, momentum=0.9, wd=0.0005, batch_size=32, optimizer=SGD
[2023-03-13_13-16-17] lr=0, running train steps with no_grad()
[2023-03-13_13-16-18] Epoch: [0][    0/40037]	Time  0.850 ( 0.850)	Data  0.244 ( 0.244)	Loss 2.8435e+00 (2.8435e+00)	Acc@1  43.75 ( 43.75)	Acc@5  62.50 ( 62.50)
[2023-03-13_13-16-24] Epoch: [0][   10/40037]	Time  0.553 ( 0.630)	Data  0.000 ( 0.022)	Loss 2.7541e+00 (2.1068e+00)	Acc@1  50.00 ( 58.24)	Acc@5  65.62 ( 78.41)
[2023-03-13_13-16-30] Epoch: [0][   20/40037]	Time  0.714 ( 0.634)	Data  0.000 ( 0.012)	Loss 1.9394e+00 (2.1268e+00)	Acc@1  53.12 ( 55.95)	Acc@5  78.12 ( 78.27)
[2023-03-13_13-16-37] Epoch: [0][   30/40037]	Time  0.604 ( 0.630)	Data  0.000 ( 0.008)	Loss 2.3395e+00 (2.0414e+00)	Acc@1  53.12 ( 58.47)	Acc@5  68.75 ( 78.53)
[2023-03-13_13-16-43] Epoch: [0][   40/40037]	Time  0.598 ( 0.627)	Data  0.000 ( 0.006)	Loss 1.7767e+00 (2.0559e+00)	Acc@1  53.12 ( 57.85)	Acc@5  87.50 ( 78.66)
[2023-03-13_13-16-49] Epoch: [0][   50/40037]	Time  0.552 ( 0.624)	Data  0.000 ( 0.005)	Loss 1.8957e+00 (2.0642e+00)	Acc@1  62.50 ( 57.17)	Acc@5  75.00 ( 78.25)
[2023-03-13_13-16-55] Epoch: [0][   60/40037]	Time  0.749 ( 0.626)	Data  0.000 ( 0.004)	Loss 1.8153e+00 (2.0732e+00)	Acc@1  56.25 ( 56.92)	Acc@5  84.38 ( 78.38)
[2023-03-13_13-16-59] Test: [   0/1563]	Time  0.960 ( 0.960)	Loss 7.0290e-01 (7.0290e-01)	Acc@1  90.62 ( 90.62)	Acc@5  93.75 ( 93.75)
[2023-03-13_13-17-05] Test: [  10/1563]	Time  0.616 ( 0.650)	Loss 1.3471e+00 (1.3486e+00)	Acc@1  65.62 ( 67.61)	Acc@5  87.50 ( 87.78)
[2023-03-13_13-17-11] Test: [  20/1563]	Time  0.590 ( 0.631)	Loss 7.0525e-01 (1.2469e+00)	Acc@1  81.25 ( 70.09)	Acc@5  96.88 ( 88.84)
[2023-03-13_13-17-17] Test: [  30/1563]	Time  0.546 ( 0.624)	Loss 4.5885e-01 (1.2224e+00)	Acc@1  90.62 ( 71.47)	Acc@5 100.00 ( 89.52)
[2023-03-13_13-17-23] Test: [  40/1563]	Time  0.739 ( 0.624)	Loss 1.1046e+00 (1.2088e+00)	Acc@1  65.62 ( 72.03)	Acc@5  93.75 ( 89.71)
[2023-03-13_13-17-30] Test: [  50/1563]	Time  0.648 ( 0.625)	Loss 1.7613e+00 (1.2516e+00)	Acc@1  53.12 ( 70.47)	Acc@5  84.38 ( 89.34)
[2023-03-13_13-17-36] Test: [  60/1563]	Time  0.578 ( 0.622)	Loss 1.5802e+00 (1.3352e+00)	Acc@1  68.75 ( 68.19)	Acc@5  84.38 ( 88.73)
[2023-03-13_13-17-42] Test: [  70/1563]	Time  0.596 ( 0.621)	Loss 1.9882e+00 (1.3842e+00)	Acc@1  65.62 ( 66.86)	Acc@5  81.25 ( 88.12)
[2023-03-13_13-17-48] Test: [  80/1563]	Time  0.571 ( 0.619)	Loss 9.8460e-01 (1.4403e+00)	Acc@1  84.38 ( 65.51)	Acc@5  84.38 ( 87.35)
[2023-03-13_13-17-54] Test: [  90/1563]	Time  0.681 ( 0.621)	Loss 2.3907e+00 (1.5054e+00)	Acc@1  40.62 ( 63.74)	Acc@5  75.00 ( 86.44)
[2023-03-13_13-18-01] Test: [ 100/1563]	Time  0.595 ( 0.621)	Loss 2.6974e+00 (1.5719e+00)	Acc@1  34.38 ( 62.31)	Acc@5  71.88 ( 85.67)
[2023-03-13_13-18-07] Test: [ 110/1563]	Time  0.589 ( 0.620)	Loss 1.6470e+00 (1.5775e+00)	Acc@1  68.75 ( 61.68)	Acc@5  87.50 ( 85.75)
[2023-03-13_13-18-13] Test: [ 120/1563]	Time  0.547 ( 0.619)	Loss 1.2691e+00 (1.5823e+00)	Acc@1  68.75 ( 60.77)	Acc@5  96.88 ( 85.87)
[2023-03-13_13-18-19] Test: [ 130/1563]	Time  0.750 ( 0.620)	Loss 1.5529e+00 (1.5950e+00)	Acc@1  62.50 ( 60.93)	Acc@5  84.38 ( 85.59)
[2023-03-13_13-18-25] Test: [ 140/1563]	Time  0.654 ( 0.620)	Loss 1.3543e+00 (1.5683e+00)	Acc@1  81.25 ( 61.90)	Acc@5  87.50 ( 85.82)
[2023-03-13_13-18-31] Test: [ 150/1563]	Time  0.579 ( 0.619)	Loss 1.0954e+00 (1.5206e+00)	Acc@1  81.25 ( 63.20)	Acc@5  87.50 ( 86.22)
[2023-03-13_13-18-37] Test: [ 160/1563]	Time  0.585 ( 0.619)	Loss 1.1674e+00 (1.5115e+00)	Acc@1  71.88 ( 63.49)	Acc@5  90.62 ( 86.35)
[2023-03-13_13-18-44] Test: [ 170/1563]	Time  0.601 ( 0.618)	Loss 8.7050e-01 (1.5280e+00)	Acc@1  78.12 ( 63.49)	Acc@5  96.88 ( 86.06)
[2023-03-13_13-18-50] Test: [ 180/1563]	Time  0.657 ( 0.619)	Loss 1.8381e+00 (1.5462e+00)	Acc@1  43.75 ( 63.21)	Acc@5  87.50 ( 85.72)
[2023-03-13_13-18-56] Test: [ 190/1563]	Time  0.582 ( 0.619)	Loss 1.7287e+00 (1.5500e+00)	Acc@1  59.38 ( 63.06)	Acc@5  78.12 ( 85.59)
[2023-03-13_13-19-02] Test: [ 200/1563]	Time  0.596 ( 0.619)	Loss 1.8675e+00 (1.5602e+00)	Acc@1  59.38 ( 62.94)	Acc@5  78.12 ( 85.37)
[2023-03-13_13-19-08] Test: [ 210/1563]	Time  0.548 ( 0.618)	Loss 2.3658e+00 (1.5382e+00)	Acc@1  56.25 ( 63.49)	Acc@5  75.00 ( 85.63)
[2023-03-13_13-19-15] Test: [ 220/1563]	Time  0.759 ( 0.619)	Loss 1.4188e+00 (1.5179e+00)	Acc@1  75.00 ( 64.15)	Acc@5  87.50 ( 85.80)
[2023-03-13_13-19-21] Test: [ 230/1563]	Time  0.659 ( 0.619)	Loss 1.8132e+00 (1.5031e+00)	Acc@1  71.88 ( 64.62)	Acc@5  75.00 ( 85.89)
[2023-03-13_13-19-27] Test: [ 240/1563]	Time  0.581 ( 0.618)	Loss 2.0225e+00 (1.4950e+00)	Acc@1  50.00 ( 64.81)	Acc@5  78.12 ( 85.93)
[2023-03-13_13-19-33] Test: [ 250/1563]	Time  0.573 ( 0.618)	Loss 6.1064e-01 (1.4831e+00)	Acc@1  87.50 ( 65.05)	Acc@5  96.88 ( 86.22)
[2023-03-13_13-19-39] Test: [ 260/1563]	Time  0.654 ( 0.618)	Loss 2.0988e+00 (1.4856e+00)	Acc@1  43.75 ( 65.03)	Acc@5  84.38 ( 86.17)
[2023-03-13_13-19-45] Test: [ 270/1563]	Time  0.632 ( 0.619)	Loss 1.7192e+00 (1.4901e+00)	Acc@1  59.38 ( 64.73)	Acc@5  78.12 ( 86.17)
[2023-03-13_13-19-52] Test: [ 280/1563]	Time  0.570 ( 0.618)	Loss 2.5882e+00 (1.4907e+00)	Acc@1  43.75 ( 64.79)	Acc@5  75.00 ( 86.21)
[2023-03-13_13-19-58] Test: [ 290/1563]	Time  0.603 ( 0.618)	Loss 1.8247e+00 (1.4870e+00)	Acc@1  56.25 ( 64.85)	Acc@5  81.25 ( 86.30)
[2023-03-13_13-20-04] Test: [ 300/1563]	Time  0.551 ( 0.618)	Loss 1.3852e+00 (1.4876e+00)	Acc@1  56.25 ( 64.72)	Acc@5  87.50 ( 86.31)
[2023-03-13_13-20-10] Test: [ 310/1563]	Time  0.724 ( 0.618)	Loss 1.4753e+00 (1.4878e+00)	Acc@1  65.62 ( 64.54)	Acc@5  93.75 ( 86.43)
[2023-03-13_13-20-16] Test: [ 320/1563]	Time  0.634 ( 0.618)	Loss 1.5154e+00 (1.4889e+00)	Acc@1  65.62 ( 64.35)	Acc@5  87.50 ( 86.58)
[2023-03-13_13-20-22] Test: [ 330/1563]	Time  0.587 ( 0.618)	Loss 1.4467e+00 (1.4856e+00)	Acc@1  65.62 ( 64.41)	Acc@5  87.50 ( 86.66)
[2023-03-13_13-20-29] Test: [ 340/1563]	Time  0.548 ( 0.618)	Loss 8.6125e-01 (1.4771e+00)	Acc@1  71.88 ( 64.58)	Acc@5 100.00 ( 86.79)
[2023-03-13_13-20-35] Test: [ 350/1563]	Time  0.708 ( 0.618)	Loss 1.3424e+00 (1.4702e+00)	Acc@1  68.75 ( 64.70)	Acc@5  87.50 ( 86.92)
[2023-03-13_13-20-41] Test: [ 360/1563]	Time  0.641 ( 0.618)	Loss 1.5115e+00 (1.4693e+00)	Acc@1  62.50 ( 64.68)	Acc@5  93.75 ( 86.95)
[2023-03-13_13-20-47] Test: [ 370/1563]	Time  0.572 ( 0.618)	Loss 1.9324e+00 (1.4683e+00)	Acc@1  53.12 ( 64.67)	Acc@5  75.00 ( 87.01)
[2023-03-13_13-20-53] Test: [ 380/1563]	Time  0.599 ( 0.618)	Loss 1.1799e+00 (1.4751e+00)	Acc@1  71.88 ( 64.44)	Acc@5  87.50 ( 86.98)
[2023-03-13_13-20-59] Test: [ 390/1563]	Time  0.561 ( 0.618)	Loss 1.4874e+00 (1.4711e+00)	Acc@1  59.38 ( 64.47)	Acc@5  87.50 ( 87.06)
[2023-03-13_13-21-06] Test: [ 400/1563]	Time  0.690 ( 0.618)	Loss 1.3009e+00 (1.4598e+00)	Acc@1  71.88 ( 64.78)	Acc@5  93.75 ( 87.23)
[2023-03-13_13-21-12] Test: [ 410/1563]	Time  0.615 ( 0.618)	Loss 1.0045e+00 (1.4507e+00)	Acc@1  75.00 ( 65.08)	Acc@5  87.50 ( 87.36)
[2023-03-13_13-21-18] Test: [ 420/1563]	Time  0.590 ( 0.618)	Loss 1.1647e+00 (1.4521e+00)	Acc@1  71.88 ( 64.93)	Acc@5  90.62 ( 87.36)
[2023-03-13_13-21-24] Test: [ 430/1563]	Time  0.546 ( 0.618)	Loss 4.0909e-01 (1.4552e+00)	Acc@1  93.75 ( 64.84)	Acc@5 100.00 ( 87.38)
[2023-03-13_13-21-30] Test: [ 440/1563]	Time  0.741 ( 0.618)	Loss 2.0138e+00 (1.4565e+00)	Acc@1  34.38 ( 64.71)	Acc@5  84.38 ( 87.39)
[2023-03-13_13-21-37] Test: [ 450/1563]	Time  0.648 ( 0.618)	Loss 9.2737e-01 (1.4572e+00)	Acc@1  71.88 ( 64.60)	Acc@5 100.00 ( 87.42)
[2023-03-13_13-21-43] Test: [ 460/1563]	Time  0.577 ( 0.618)	Loss 7.4244e-01 (1.4504e+00)	Acc@1  81.25 ( 64.74)	Acc@5  93.75 ( 87.57)
[2023-03-13_13-21-49] Test: [ 470/1563]	Time  0.594 ( 0.618)	Loss 1.8687e+00 (1.4516e+00)	Acc@1  56.25 ( 64.80)	Acc@5  81.25 ( 87.58)
[2023-03-13_13-21-55] Test: [ 480/1563]	Time  0.593 ( 0.618)	Loss 7.6982e-01 (1.4523e+00)	Acc@1  84.38 ( 64.77)	Acc@5  90.62 ( 87.58)
[2023-03-13_13-22-01] Test: [ 490/1563]	Time  0.653 ( 0.618)	Loss 1.8975e+00 (1.4583e+00)	Acc@1  62.50 ( 64.61)	Acc@5  75.00 ( 87.51)
[2023-03-13_13-22-07] Test: [ 500/1563]	Time  0.584 ( 0.618)	Loss 8.7710e-01 (1.4578e+00)	Acc@1  75.00 ( 64.64)	Acc@5  96.88 ( 87.48)
[2023-03-13_13-22-14] Test: [ 510/1563]	Time  0.595 ( 0.618)	Loss 5.2505e-01 (1.4469e+00)	Acc@1  87.50 ( 65.00)	Acc@5 100.00 ( 87.59)
[2023-03-13_13-22-20] Test: [ 520/1563]	Time  0.548 ( 0.618)	Loss 4.6616e-01 (1.4401e+00)	Acc@1  87.50 ( 65.19)	Acc@5 100.00 ( 87.68)
[2023-03-13_13-22-26] Test: [ 530/1563]	Time  0.762 ( 0.618)	Loss 6.1192e-01 (1.4352e+00)	Acc@1  81.25 ( 65.35)	Acc@5  96.88 ( 87.73)
[2023-03-13_13-22-32] Test: [ 540/1563]	Time  0.656 ( 0.618)	Loss 1.9798e+00 (1.4340e+00)	Acc@1  46.88 ( 65.39)	Acc@5  81.25 ( 87.73)
[2023-03-13_13-22-38] Test: [ 550/1563]	Time  0.581 ( 0.618)	Loss 1.8624e+00 (1.4310e+00)	Acc@1  40.62 ( 65.39)	Acc@5  90.62 ( 87.77)
[2023-03-13_13-22-44] Test: [ 560/1563]	Time  0.572 ( 0.618)	Loss 1.4080e+00 (1.4339e+00)	Acc@1  59.38 ( 65.28)	Acc@5  96.88 ( 87.78)
[2023-03-13_13-22-50] Test: [ 570/1563]	Time  0.652 ( 0.618)	Loss 1.0694e+00 (1.4323e+00)	Acc@1  71.88 ( 65.35)	Acc@5  87.50 ( 87.79)
[2023-03-13_13-22-57] Test: [ 580/1563]	Time  0.634 ( 0.618)	Loss 1.9099e+00 (1.4327e+00)	Acc@1  62.50 ( 65.40)	Acc@5  84.38 ( 87.77)
[2023-03-13_13-23-03] Test: [ 590/1563]	Time  0.570 ( 0.618)	Loss 1.7180e+00 (1.4318e+00)	Acc@1  56.25 ( 65.43)	Acc@5  84.38 ( 87.76)
[2023-03-13_13-23-09] Test: [ 600/1563]	Time  0.603 ( 0.618)	Loss 1.1434e+00 (1.4360e+00)	Acc@1  78.12 ( 65.30)	Acc@5  90.62 ( 87.72)
[2023-03-13_13-23-15] Test: [ 610/1563]	Time  0.551 ( 0.617)	Loss 2.5217e+00 (1.4349e+00)	Acc@1  43.75 ( 65.38)	Acc@5  71.88 ( 87.76)
[2023-03-13_13-23-21] Test: [ 620/1563]	Time  0.724 ( 0.618)	Loss 1.2465e+00 (1.4360e+00)	Acc@1  75.00 ( 65.37)	Acc@5  93.75 ( 87.76)
[2023-03-13_13-23-28] Test: [ 630/1563]	Time  0.635 ( 0.618)	Loss 7.9977e-01 (1.4467e+00)	Acc@1  78.12 ( 65.20)	Acc@5  93.75 ( 87.62)
[2023-03-13_13-23-34] Test: [ 640/1563]	Time  0.588 ( 0.618)	Loss 1.2151e+00 (1.4455e+00)	Acc@1  59.38 ( 65.19)	Acc@5  96.88 ( 87.65)
[2023-03-13_13-23-40] Test: [ 650/1563]	Time  0.548 ( 0.618)	Loss 1.4017e+00 (1.4590e+00)	Acc@1  71.88 ( 64.88)	Acc@5  90.62 ( 87.44)
[2023-03-13_13-23-46] Test: [ 660/1563]	Time  0.712 ( 0.618)	Loss 2.2770e+00 (1.4634e+00)	Acc@1  59.38 ( 64.79)	Acc@5  71.88 ( 87.40)
[2023-03-13_13-23-52] Test: [ 670/1563]	Time  0.642 ( 0.618)	Loss 1.6217e+00 (1.4679e+00)	Acc@1  65.62 ( 64.71)	Acc@5  84.38 ( 87.30)
[2023-03-13_13-23-58] Test: [ 680/1563]	Time  0.573 ( 0.618)	Loss 2.8102e+00 (1.4763e+00)	Acc@1  31.25 ( 64.55)	Acc@5  68.75 ( 87.18)
[2023-03-13_13-24-05] Test: [ 690/1563]	Time  0.601 ( 0.618)	Loss 1.9295e+00 (1.4846e+00)	Acc@1  50.00 ( 64.37)	Acc@5  84.38 ( 87.07)
[2023-03-13_13-24-11] Test: [ 700/1563]	Time  0.550 ( 0.617)	Loss 1.9283e+00 (1.4935e+00)	Acc@1  56.25 ( 64.14)	Acc@5  81.25 ( 86.97)
[2023-03-13_13-24-17] Test: [ 710/1563]	Time  0.697 ( 0.618)	Loss 2.5344e+00 (1.5005e+00)	Acc@1  40.62 ( 64.00)	Acc@5  71.88 ( 86.84)
[2023-03-13_13-24-23] Test: [ 720/1563]	Time  0.618 ( 0.618)	Loss 1.6776e+00 (1.5123e+00)	Acc@1  40.62 ( 63.78)	Acc@5  90.62 ( 86.69)
[2023-03-13_13-24-29] Test: [ 730/1563]	Time  0.591 ( 0.618)	Loss 1.5760e+00 (1.5206e+00)	Acc@1  62.50 ( 63.62)	Acc@5  93.75 ( 86.56)
[2023-03-13_13-24-35] Test: [ 740/1563]	Time  0.546 ( 0.617)	Loss 1.3756e+00 (1.5255e+00)	Acc@1  62.50 ( 63.56)	Acc@5  96.88 ( 86.49)
[2023-03-13_13-24-42] Test: [ 750/1563]	Time  0.739 ( 0.618)	Loss 2.3480e+00 (1.5312e+00)	Acc@1  43.75 ( 63.44)	Acc@5  68.75 ( 86.40)
[2023-03-13_13-24-48] Test: [ 760/1563]	Time  0.647 ( 0.618)	Loss 1.2420e+00 (1.5360e+00)	Acc@1  71.88 ( 63.23)	Acc@5  90.62 ( 86.35)
[2023-03-13_13-24-54] Test: [ 770/1563]	Time  0.577 ( 0.618)	Loss 2.4394e+00 (1.5476e+00)	Acc@1  46.88 ( 63.02)	Acc@5  68.75 ( 86.17)
[2023-03-13_13-25-00] Test: [ 780/1563]	Time  0.595 ( 0.618)	Loss 3.5284e+00 (1.5535e+00)	Acc@1  21.88 ( 62.90)	Acc@5  53.12 ( 86.07)
[2023-03-13_13-25-06] Test: [ 790/1563]	Time  0.587 ( 0.617)	Loss 1.8899e+00 (1.5622e+00)	Acc@1  59.38 ( 62.76)	Acc@5  87.50 ( 85.96)
[2023-03-13_13-25-13] Test: [ 800/1563]	Time  0.679 ( 0.618)	Loss 1.9340e+00 (1.5626e+00)	Acc@1  53.12 ( 62.73)	Acc@5  81.25 ( 85.94)
[2023-03-13_13-25-19] Test: [ 810/1563]	Time  0.597 ( 0.618)	Loss 9.3002e-01 (1.5676e+00)	Acc@1  81.25 ( 62.57)	Acc@5  87.50 ( 85.84)
[2023-03-13_13-25-25] Test: [ 820/1563]	Time  0.590 ( 0.618)	Loss 1.6636e+00 (1.5740e+00)	Acc@1  65.62 ( 62.46)	Acc@5  87.50 ( 85.71)
[2023-03-13_13-25-31] Test: [ 830/1563]	Time  0.546 ( 0.617)	Loss 1.8521e+00 (1.5807e+00)	Acc@1  50.00 ( 62.30)	Acc@5  90.62 ( 85.64)
[2023-03-13_13-25-37] Test: [ 840/1563]	Time  0.749 ( 0.618)	Loss 1.1842e+00 (1.5819e+00)	Acc@1  81.25 ( 62.28)	Acc@5  90.62 ( 85.62)
[2023-03-13_13-25-43] Test: [ 850/1563]	Time  0.655 ( 0.618)	Loss 1.5483e+00 (1.5879e+00)	Acc@1  71.88 ( 62.13)	Acc@5  87.50 ( 85.52)
[2023-03-13_13-25-50] Test: [ 860/1563]	Time  0.579 ( 0.618)	Loss 8.8917e-01 (1.5868e+00)	Acc@1  75.00 ( 62.22)	Acc@5  90.62 ( 85.53)
[2023-03-13_13-25-56] Test: [ 870/1563]	Time  0.585 ( 0.617)	Loss 2.2938e+00 (1.5883e+00)	Acc@1  53.12 ( 62.23)	Acc@5  81.25 ( 85.48)
[2023-03-13_13-26-02] Test: [ 880/1563]	Time  0.611 ( 0.617)	Loss 1.4429e+00 (1.5900e+00)	Acc@1  59.38 ( 62.20)	Acc@5  84.38 ( 85.44)
[2023-03-13_13-26-08] Test: [ 890/1563]	Time  0.650 ( 0.618)	Loss 1.4610e+00 (1.5899e+00)	Acc@1  71.88 ( 62.23)	Acc@5  87.50 ( 85.41)
[2023-03-13_13-26-14] Test: [ 900/1563]	Time  0.583 ( 0.618)	Loss 1.1039e+00 (1.5898e+00)	Acc@1  71.88 ( 62.26)	Acc@5  90.62 ( 85.39)
[2023-03-13_13-26-20] Test: [ 910/1563]	Time  0.596 ( 0.618)	Loss 1.4810e+00 (1.5895e+00)	Acc@1  65.62 ( 62.25)	Acc@5  90.62 ( 85.41)
[2023-03-13_13-26-26] Test: [ 920/1563]	Time  0.548 ( 0.617)	Loss 2.5172e+00 (1.5986e+00)	Acc@1  37.50 ( 62.11)	Acc@5  71.88 ( 85.26)
[2023-03-13_13-26-33] Test: [ 930/1563]	Time  0.761 ( 0.618)	Loss 1.4957e+00 (1.6006e+00)	Acc@1  56.25 ( 62.10)	Acc@5  90.62 ( 85.20)
[2023-03-13_13-26-39] Test: [ 940/1563]	Time  0.657 ( 0.618)	Loss 2.3323e+00 (1.6108e+00)	Acc@1  53.12 ( 61.88)	Acc@5  68.75 ( 85.04)
[2023-03-13_13-26-45] Test: [ 950/1563]	Time  0.581 ( 0.618)	Loss 2.0330e+00 (1.6082e+00)	Acc@1  53.12 ( 61.95)	Acc@5  78.12 ( 85.07)
[2023-03-13_13-26-51] Test: [ 960/1563]	Time  0.573 ( 0.617)	Loss 1.5570e+00 (1.6079e+00)	Acc@1  71.88 ( 62.01)	Acc@5  78.12 ( 85.06)
[2023-03-13_13-26-57] Test: [ 970/1563]	Time  0.647 ( 0.617)	Loss 1.2441e+00 (1.6134e+00)	Acc@1  62.50 ( 61.90)	Acc@5  84.38 ( 84.97)
[2023-03-13_13-27-04] Test: [ 980/1563]	Time  0.630 ( 0.618)	Loss 1.0736e+00 (1.6201e+00)	Acc@1  75.00 ( 61.78)	Acc@5  93.75 ( 84.82)
[2023-03-13_13-27-10] Test: [ 990/1563]	Time  0.571 ( 0.618)	Loss 3.6705e+00 (1.6248e+00)	Acc@1  21.88 ( 61.68)	Acc@5  50.00 ( 84.72)
[2023-03-13_13-27-16] Test: [1000/1563]	Time  0.603 ( 0.617)	Loss 5.6683e-01 (1.6267e+00)	Acc@1  90.62 ( 61.55)	Acc@5  96.88 ( 84.71)
[2023-03-13_13-27-22] Test: [1010/1563]	Time  0.551 ( 0.617)	Loss 1.4834e+00 (1.6275e+00)	Acc@1  68.75 ( 61.58)	Acc@5  84.38 ( 84.69)
[2023-03-13_13-27-28] Test: [1020/1563]	Time  0.723 ( 0.618)	Loss 3.0277e+00 (1.6387e+00)	Acc@1  40.62 ( 61.38)	Acc@5  59.38 ( 84.50)
[2023-03-13_13-27-35] Test: [1030/1563]	Time  0.640 ( 0.618)	Loss 1.1709e+00 (1.6422e+00)	Acc@1  75.00 ( 61.29)	Acc@5  87.50 ( 84.45)
[2023-03-13_13-27-41] Test: [1040/1563]	Time  0.587 ( 0.617)	Loss 2.7566e+00 (1.6466e+00)	Acc@1  43.75 ( 61.19)	Acc@5  59.38 ( 84.40)
[2023-03-13_13-27-47] Test: [1050/1563]	Time  0.548 ( 0.617)	Loss 9.4423e-01 (1.6448e+00)	Acc@1  87.50 ( 61.23)	Acc@5  90.62 ( 84.42)
[2023-03-13_13-27-53] Test: [1060/1563]	Time  0.711 ( 0.617)	Loss 2.3713e+00 (1.6529e+00)	Acc@1  59.38 ( 61.10)	Acc@5  68.75 ( 84.30)
[2023-03-13_13-27-59] Test: [1070/1563]	Time  0.640 ( 0.618)	Loss 9.3719e-01 (1.6543e+00)	Acc@1  78.12 ( 61.05)	Acc@5  93.75 ( 84.28)
[2023-03-13_13-28-05] Test: [1080/1563]	Time  0.573 ( 0.617)	Loss 1.9696e+00 (1.6569e+00)	Acc@1  53.12 ( 60.98)	Acc@5  87.50 ( 84.24)
[2023-03-13_13-28-11] Test: [1090/1563]	Time  0.601 ( 0.617)	Loss 1.5836e+00 (1.6609e+00)	Acc@1  62.50 ( 60.92)	Acc@5  90.62 ( 84.18)
[2023-03-13_13-28-18] Test: [1100/1563]	Time  0.551 ( 0.617)	Loss 1.0146e+00 (1.6605e+00)	Acc@1  71.88 ( 60.96)	Acc@5  87.50 ( 84.17)
[2023-03-13_13-28-24] Test: [1110/1563]	Time  0.695 ( 0.617)	Loss 3.1525e+00 (1.6663e+00)	Acc@1  28.12 ( 60.81)	Acc@5  56.25 ( 84.09)
[2023-03-13_13-28-30] Test: [1120/1563]	Time  0.616 ( 0.617)	Loss 1.4519e+00 (1.6676e+00)	Acc@1  68.75 ( 60.80)	Acc@5  90.62 ( 84.06)
[2023-03-13_13-28-36] Test: [1130/1563]	Time  0.590 ( 0.617)	Loss 2.3722e+00 (1.6692e+00)	Acc@1  50.00 ( 60.80)	Acc@5  65.62 ( 84.02)
[2023-03-13_13-28-42] Test: [1140/1563]	Time  0.546 ( 0.617)	Loss 2.5509e+00 (1.6736e+00)	Acc@1  50.00 ( 60.74)	Acc@5  71.88 ( 83.93)
[2023-03-13_13-28-48] Test: [1150/1563]	Time  0.738 ( 0.617)	Loss 2.2355e+00 (1.6786e+00)	Acc@1  62.50 ( 60.65)	Acc@5  65.62 ( 83.84)
[2023-03-13_13-28-55] Test: [1160/1563]	Time  0.647 ( 0.617)	Loss 2.1783e+00 (1.6821e+00)	Acc@1  40.62 ( 60.58)	Acc@5  81.25 ( 83.77)
[2023-03-13_13-29-01] Test: [1170/1563]	Time  0.576 ( 0.617)	Loss 2.3590e+00 (1.6862e+00)	Acc@1  43.75 ( 60.48)	Acc@5  71.88 ( 83.72)
[2023-03-13_13-29-07] Test: [1180/1563]	Time  0.594 ( 0.617)	Loss 9.3489e-01 (1.6875e+00)	Acc@1  81.25 ( 60.48)	Acc@5  90.62 ( 83.70)
[2023-03-13_13-29-13] Test: [1190/1563]	Time  0.582 ( 0.617)	Loss 2.2568e+00 (1.6884e+00)	Acc@1  56.25 ( 60.48)	Acc@5  71.88 ( 83.67)
[2023-03-13_13-29-19] Test: [1200/1563]	Time  0.679 ( 0.617)	Loss 2.7217e+00 (1.6936e+00)	Acc@1  53.12 ( 60.39)	Acc@5  81.25 ( 83.59)
[2023-03-13_13-29-26] Test: [1210/1563]	Time  0.598 ( 0.617)	Loss 1.5435e+00 (1.6951e+00)	Acc@1  65.62 ( 60.38)	Acc@5  84.38 ( 83.55)
[2023-03-13_13-29-32] Test: [1220/1563]	Time  0.589 ( 0.617)	Loss 5.7091e-01 (1.6964e+00)	Acc@1  87.50 ( 60.38)	Acc@5 100.00 ( 83.54)
[2023-03-13_13-29-38] Test: [1230/1563]	Time  0.546 ( 0.617)	Loss 2.8648e+00 (1.7006e+00)	Acc@1  37.50 ( 60.30)	Acc@5  65.62 ( 83.46)
[2023-03-13_13-29-44] Test: [1240/1563]	Time  0.753 ( 0.617)	Loss 2.0149e+00 (1.7060e+00)	Acc@1  56.25 ( 60.20)	Acc@5  75.00 ( 83.37)
[2023-03-13_13-29-50] Test: [1250/1563]	Time  0.654 ( 0.617)	Loss 1.9813e+00 (1.7105e+00)	Acc@1  56.25 ( 60.14)	Acc@5  78.12 ( 83.31)
[2023-03-13_13-29-56] Test: [1260/1563]	Time  0.578 ( 0.617)	Loss 2.1825e+00 (1.7098e+00)	Acc@1  62.50 ( 60.16)	Acc@5  75.00 ( 83.33)
[2023-03-13_13-30-03] Test: [1270/1563]	Time  0.586 ( 0.617)	Loss 2.6375e+00 (1.7113e+00)	Acc@1  34.38 ( 60.11)	Acc@5  68.75 ( 83.30)
[2023-03-13_13-30-09] Test: [1280/1563]	Time  0.608 ( 0.617)	Loss 2.2818e+00 (1.7131e+00)	Acc@1  59.38 ( 60.07)	Acc@5  78.12 ( 83.27)
[2023-03-13_13-30-15] Test: [1290/1563]	Time  0.650 ( 0.617)	Loss 2.8283e+00 (1.7152e+00)	Acc@1  46.88 ( 60.05)	Acc@5  65.62 ( 83.24)
[2023-03-13_13-30-21] Test: [1300/1563]	Time  0.583 ( 0.617)	Loss 1.0345e+00 (1.7171e+00)	Acc@1  81.25 ( 60.04)	Acc@5  90.62 ( 83.19)
[2023-03-13_13-30-27] Test: [1310/1563]	Time  0.596 ( 0.617)	Loss 3.0230e+00 (1.7262e+00)	Acc@1  28.12 ( 59.85)	Acc@5  59.38 ( 83.06)
[2023-03-13_13-30-33] Test: [1320/1563]	Time  0.547 ( 0.617)	Loss 2.7140e+00 (1.7317e+00)	Acc@1  43.75 ( 59.75)	Acc@5  62.50 ( 82.96)
[2023-03-13_13-30-40] Test: [1330/1563]	Time  0.761 ( 0.617)	Loss 2.3982e+00 (1.7320e+00)	Acc@1  46.88 ( 59.71)	Acc@5  78.12 ( 82.98)
[2023-03-13_13-30-46] Test: [1340/1563]	Time  0.658 ( 0.617)	Loss 1.7904e+00 (1.7321e+00)	Acc@1  59.38 ( 59.72)	Acc@5  78.12 ( 82.98)
[2023-03-13_13-30-52] Test: [1350/1563]	Time  0.582 ( 0.617)	Loss 2.1564e+00 (1.7372e+00)	Acc@1  40.62 ( 59.61)	Acc@5  84.38 ( 82.89)
[2023-03-13_13-30-58] Test: [1360/1563]	Time  0.574 ( 0.617)	Loss 1.4970e+00 (1.7392e+00)	Acc@1  59.38 ( 59.57)	Acc@5  87.50 ( 82.86)
[2023-03-13_13-31-04] Test: [1370/1563]	Time  0.651 ( 0.617)	Loss 2.1369e+00 (1.7392e+00)	Acc@1  46.88 ( 59.56)	Acc@5  75.00 ( 82.86)
[2023-03-13_13-31-11] Test: [1380/1563]	Time  0.634 ( 0.617)	Loss 2.6258e+00 (1.7417e+00)	Acc@1  43.75 ( 59.51)	Acc@5  68.75 ( 82.82)
[2023-03-13_13-31-17] Test: [1390/1563]	Time  0.571 ( 0.617)	Loss 1.5679e+00 (1.7442e+00)	Acc@1  62.50 ( 59.45)	Acc@5  81.25 ( 82.76)
[2023-03-13_13-31-23] Test: [1400/1563]	Time  0.603 ( 0.617)	Loss 1.2405e+00 (1.7440e+00)	Acc@1  68.75 ( 59.43)	Acc@5  93.75 ( 82.76)
[2023-03-13_13-31-29] Test: [1410/1563]	Time  0.550 ( 0.617)	Loss 2.2669e+00 (1.7467e+00)	Acc@1  46.88 ( 59.37)	Acc@5  75.00 ( 82.71)
[2023-03-13_13-31-35] Test: [1420/1563]	Time  0.723 ( 0.617)	Loss 2.1101e+00 (1.7508e+00)	Acc@1  31.25 ( 59.29)	Acc@5  87.50 ( 82.66)
[2023-03-13_13-31-41] Test: [1430/1563]	Time  0.634 ( 0.617)	Loss 8.4834e-01 (1.7509e+00)	Acc@1  75.00 ( 59.27)	Acc@5  93.75 ( 82.67)
[2023-03-13_13-31-47] Test: [1440/1563]	Time  0.588 ( 0.617)	Loss 2.9905e+00 (1.7547e+00)	Acc@1  25.00 ( 59.19)	Acc@5  59.38 ( 82.60)
[2023-03-13_13-31-54] Test: [1450/1563]	Time  0.548 ( 0.617)	Loss 1.6401e+00 (1.7542e+00)	Acc@1  59.38 ( 59.17)	Acc@5  90.62 ( 82.62)
[2023-03-13_13-32-00] Test: [1460/1563]	Time  0.707 ( 0.617)	Loss 1.8411e+00 (1.7542e+00)	Acc@1  53.12 ( 59.18)	Acc@5  75.00 ( 82.60)
[2023-03-13_13-32-06] Test: [1470/1563]	Time  0.643 ( 0.617)	Loss 1.1353e+00 (1.7507e+00)	Acc@1  75.00 ( 59.23)	Acc@5  90.62 ( 82.65)
[2023-03-13_13-32-12] Test: [1480/1563]	Time  0.573 ( 0.617)	Loss 1.5070e+00 (1.7472e+00)	Acc@1  46.88 ( 59.29)	Acc@5  93.75 ( 82.72)
[2023-03-13_13-32-18] Test: [1490/1563]	Time  0.600 ( 0.617)	Loss 1.1776e+00 (1.7455e+00)	Acc@1  78.12 ( 59.34)	Acc@5  90.62 ( 82.73)
[2023-03-13_13-32-24] Test: [1500/1563]	Time  0.550 ( 0.617)	Loss 2.5970e+00 (1.7441e+00)	Acc@1  37.50 ( 59.40)	Acc@5  56.25 ( 82.74)
[2023-03-13_13-32-31] Test: [1510/1563]	Time  0.697 ( 0.617)	Loss 2.6929e+00 (1.7489e+00)	Acc@1  43.75 ( 59.32)	Acc@5  71.88 ( 82.66)
[2023-03-13_13-32-37] Test: [1520/1563]	Time  0.616 ( 0.617)	Loss 1.6478e+00 (1.7521e+00)	Acc@1  62.50 ( 59.24)	Acc@5  90.62 ( 82.63)
[2023-03-13_13-32-43] Test: [1530/1563]	Time  0.589 ( 0.617)	Loss 2.0122e+00 (1.7563e+00)	Acc@1  43.75 ( 59.13)	Acc@5  90.62 ( 82.61)
[2023-03-13_13-32-49] Test: [1540/1563]	Time  0.546 ( 0.617)	Loss 3.0319e-01 (1.7555e+00)	Acc@1  93.75 ( 59.20)	Acc@5 100.00 ( 82.62)
[2023-03-13_13-32-55] Test: [1550/1563]	Time  0.739 ( 0.617)	Loss 1.3781e+00 (1.7508e+00)	Acc@1  68.75 ( 59.30)	Acc@5  90.62 ( 82.67)
[2023-03-13_13-33-02] Test: [1560/1563]	Time  0.648 ( 0.617)	Loss 1.7970e+00 (1.7467e+00)	Acc@1  43.75 ( 59.36)	Acc@5  84.38 ( 82.74)
[2023-03-13_13-33-03]  * Acc@1 59.322 Acc@5 82.698
