[2023-03-13_14-50-20] main_our.py --action QUANTIZE --arch resnet50_imagenet --batch_size 32 --gpu 0 --x_bits 8 --w_bits 8 --boris 1

[2023-03-13_14-50-20] desc=None, x_bits=6, w_bits=7
[2023-03-13_14-50-20] __init__: arch=resnet50, dataset=imagenet, model_chkp=None, pretrained=True
[2023-03-13_14-50-21] train_pred: epochs=1, lr=0, lr_plan=None, momentum=0.9, wd=0.0005, batch_size=32, optimizer=SGD
[2023-03-13_14-50-21] lr=0, running train steps with no_grad()
[2023-03-13_14-50-22] Epoch: [0][    0/40037]	Time  0.953 ( 0.953)	Data  0.399 ( 0.399)	Loss 1.5583e+00 (1.5583e+00)	Acc@1  62.50 ( 62.50)	Acc@5  87.50 ( 87.50)
[2023-03-13_14-50-28] Epoch: [0][   10/40037]	Time  0.733 ( 0.666)	Data  0.000 ( 0.037)	Loss 1.2628e+00 (1.6303e+00)	Acc@1  68.75 ( 65.06)	Acc@5  90.62 ( 84.09)
[2023-03-13_14-50-35] Epoch: [0][   20/40037]	Time  0.626 ( 0.646)	Data  0.000 ( 0.019)	Loss 1.4564e+00 (1.6035e+00)	Acc@1  75.00 ( 65.92)	Acc@5  84.38 ( 84.97)
[2023-03-13_14-50-41] Epoch: [0][   30/40037]	Time  0.596 ( 0.636)	Data  0.000 ( 0.013)	Loss 1.5320e+00 (1.5942e+00)	Acc@1  59.38 ( 64.92)	Acc@5  87.50 ( 85.08)
[2023-03-13_14-50-47] Epoch: [0][   40/40037]	Time  0.549 ( 0.630)	Data  0.000 ( 0.010)	Loss 1.9484e+00 (1.5942e+00)	Acc@1  46.88 ( 64.33)	Acc@5  78.12 ( 84.53)
[2023-03-13_14-50-53] Epoch: [0][   50/40037]	Time  0.767 ( 0.631)	Data  0.000 ( 0.008)	Loss 1.0205e+00 (1.5861e+00)	Acc@1  75.00 ( 64.58)	Acc@5  96.88 ( 84.74)
[2023-03-13_14-51-00] Epoch: [0][   60/40037]	Time  0.646 ( 0.631)	Data  0.000 ( 0.007)	Loss 1.7091e+00 (1.6180e+00)	Acc@1  65.62 ( 64.24)	Acc@5  90.62 ( 84.43)
[2023-03-13_14-51-03] Test: [   0/1563]	Time  0.905 ( 0.905)	Loss 4.5466e-01 (4.5466e-01)	Acc@1  96.88 ( 96.88)	Acc@5  96.88 ( 96.88)
[2023-03-13_14-51-09] Test: [  10/1563]	Time  0.569 ( 0.643)	Loss 1.1486e+00 (9.3971e-01)	Acc@1  75.00 ( 78.12)	Acc@5  87.50 ( 92.05)
[2023-03-13_14-51-15] Test: [  20/1563]	Time  0.597 ( 0.628)	Loss 2.7949e-01 (8.3697e-01)	Acc@1  90.62 ( 80.51)	Acc@5  96.88 ( 93.60)
[2023-03-13_14-51-21] Test: [  30/1563]	Time  0.548 ( 0.621)	Loss 2.1291e-01 (7.9496e-01)	Acc@1  90.62 ( 81.85)	Acc@5 100.00 ( 93.85)
[2023-03-13_14-51-28] Test: [  40/1563]	Time  0.735 ( 0.624)	Loss 5.1975e-01 (7.8016e-01)	Acc@1  84.38 ( 82.09)	Acc@5 100.00 ( 94.13)
[2023-03-13_14-51-34] Test: [  50/1563]	Time  0.633 ( 0.624)	Loss 1.8073e+00 (8.6097e-01)	Acc@1  53.12 ( 79.66)	Acc@5  87.50 ( 93.38)
[2023-03-13_14-51-40] Test: [  60/1563]	Time  0.588 ( 0.622)	Loss 8.5275e-01 (9.3790e-01)	Acc@1  81.25 ( 77.10)	Acc@5  87.50 ( 93.08)
[2023-03-13_14-51-46] Test: [  70/1563]	Time  0.548 ( 0.620)	Loss 1.5313e+00 (9.6221e-01)	Acc@1  75.00 ( 75.88)	Acc@5  87.50 ( 92.87)
[2023-03-13_14-51-52] Test: [  80/1563]	Time  0.710 ( 0.620)	Loss 6.1415e-01 (9.9741e-01)	Acc@1  87.50 ( 74.85)	Acc@5  90.62 ( 92.48)
[2023-03-13_14-51-58] Test: [  90/1563]	Time  0.642 ( 0.621)	Loss 1.7353e+00 (1.0595e+00)	Acc@1  50.00 ( 72.97)	Acc@5  87.50 ( 91.83)
[2023-03-13_14-52-05] Test: [ 100/1563]	Time  0.574 ( 0.620)	Loss 2.3352e+00 (1.1296e+00)	Acc@1  37.50 ( 71.13)	Acc@5  78.12 ( 90.97)
[2023-03-13_14-52-11] Test: [ 110/1563]	Time  0.600 ( 0.620)	Loss 1.0387e+00 (1.1357e+00)	Acc@1  78.12 ( 70.38)	Acc@5  90.62 ( 90.93)
[2023-03-13_14-52-17] Test: [ 120/1563]	Time  0.550 ( 0.618)	Loss 1.1523e+00 (1.1354e+00)	Acc@1  59.38 ( 69.91)	Acc@5  93.75 ( 91.17)
[2023-03-13_14-52-23] Test: [ 130/1563]	Time  0.697 ( 0.620)	Loss 6.5074e-01 (1.1350e+00)	Acc@1  87.50 ( 70.37)	Acc@5  93.75 ( 91.08)
[2023-03-13_14-52-29] Test: [ 140/1563]	Time  0.618 ( 0.620)	Loss 8.6365e-01 (1.1062e+00)	Acc@1  84.38 ( 71.34)	Acc@5  90.62 ( 91.27)
[2023-03-13_14-52-35] Test: [ 150/1563]	Time  0.590 ( 0.619)	Loss 6.3459e-01 (1.0641e+00)	Acc@1  90.62 ( 72.62)	Acc@5  93.75 ( 91.54)
[2023-03-13_14-52-42] Test: [ 160/1563]	Time  0.547 ( 0.619)	Loss 3.3304e-01 (1.0525e+00)	Acc@1  93.75 ( 72.86)	Acc@5  96.88 ( 91.61)
[2023-03-13_14-52-48] Test: [ 170/1563]	Time  0.740 ( 0.619)	Loss 5.3739e-01 (1.0607e+00)	Acc@1  87.50 ( 72.99)	Acc@5 100.00 ( 91.36)
[2023-03-13_14-52-54] Test: [ 180/1563]	Time  0.649 ( 0.619)	Loss 1.2546e+00 (1.0742e+00)	Acc@1  68.75 ( 72.93)	Acc@5  90.62 ( 91.14)
[2023-03-13_14-53-00] Test: [ 190/1563]	Time  0.578 ( 0.619)	Loss 1.1340e+00 (1.0812e+00)	Acc@1  68.75 ( 72.61)	Acc@5  90.62 ( 91.08)
[2023-03-13_14-53-08] Test: [ 200/1563]	Time  2.094 ( 0.626)	Loss 1.2065e+00 (1.0858e+00)	Acc@1  71.88 ( 72.62)	Acc@5  84.38 ( 90.94)
[2023-03-13_14-55-50] Test: [ 210/1563]	Time  0.532 ( 1.364)	Loss 1.2802e+00 (1.0663e+00)	Acc@1  59.38 ( 73.10)	Acc@5  87.50 ( 91.10)
[2023-03-13_14-55-56] Test: [ 220/1563]	Time  0.689 ( 1.331)	Loss 6.9909e-01 (1.0468e+00)	Acc@1  84.38 ( 73.71)	Acc@5  93.75 ( 91.25)
[2023-03-13_14-56-02] Test: [ 230/1563]	Time  0.613 ( 1.300)	Loss 1.5272e+00 (1.0328e+00)	Acc@1  71.88 ( 74.20)	Acc@5  81.25 ( 91.33)
[2023-03-13_14-56-08] Test: [ 240/1563]	Time  0.586 ( 1.271)	Loss 1.8904e+00 (1.0332e+00)	Acc@1  62.50 ( 74.16)	Acc@5  81.25 ( 91.30)
[2023-03-13_14-56-14] Test: [ 250/1563]	Time  0.544 ( 1.245)	Loss 4.5216e-01 (1.0280e+00)	Acc@1  87.50 ( 74.32)	Acc@5  96.88 ( 91.41)
[2023-03-13_14-56-21] Test: [ 260/1563]	Time  0.736 ( 1.221)	Loss 1.6834e+00 (1.0362e+00)	Acc@1  46.88 ( 74.10)	Acc@5  87.50 ( 91.33)
[2023-03-13_14-56-27] Test: [ 270/1563]	Time  0.645 ( 1.199)	Loss 1.0008e+00 (1.0457e+00)	Acc@1  81.25 ( 73.79)	Acc@5  90.62 ( 91.32)
[2023-03-13_14-56-33] Test: [ 280/1563]	Time  0.574 ( 1.178)	Loss 1.7979e+00 (1.0445e+00)	Acc@1  56.25 ( 73.80)	Acc@5  90.62 ( 91.44)
[2023-03-13_14-56-39] Test: [ 290/1563]	Time  0.590 ( 1.158)	Loss 1.2103e+00 (1.0425e+00)	Acc@1  65.62 ( 73.90)	Acc@5  90.62 ( 91.49)
[2023-03-13_14-56-45] Test: [ 300/1563]	Time  0.584 ( 1.140)	Loss 1.2714e+00 (1.0457e+00)	Acc@1  65.62 ( 73.61)	Acc@5  93.75 ( 91.52)
[2023-03-13_14-56-51] Test: [ 310/1563]	Time  0.678 ( 1.124)	Loss 1.0375e+00 (1.0484e+00)	Acc@1  71.88 ( 73.45)	Acc@5  93.75 ( 91.57)
[2023-03-13_14-56-58] Test: [ 320/1563]	Time  0.595 ( 1.108)	Loss 1.3160e+00 (1.0527e+00)	Acc@1  65.62 ( 73.12)	Acc@5  87.50 ( 91.62)
[2023-03-13_14-57-04] Test: [ 330/1563]	Time  0.588 ( 1.093)	Loss 7.9702e-01 (1.0483e+00)	Acc@1  78.12 ( 73.24)	Acc@5  96.88 ( 91.75)
[2023-03-13_14-57-10] Test: [ 340/1563]	Time  0.546 ( 1.078)	Loss 5.4322e-01 (1.0424e+00)	Acc@1  84.38 ( 73.37)	Acc@5 100.00 ( 91.83)
[2023-03-13_14-57-16] Test: [ 350/1563]	Time  0.748 ( 1.066)	Loss 8.5523e-01 (1.0394e+00)	Acc@1  78.12 ( 73.43)	Acc@5  90.62 ( 91.92)
[2023-03-13_14-57-22] Test: [ 360/1563]	Time  0.653 ( 1.053)	Loss 1.3504e+00 (1.0408e+00)	Acc@1  53.12 ( 73.43)	Acc@5  96.88 ( 91.91)
[2023-03-13_14-57-28] Test: [ 370/1563]	Time  0.579 ( 1.041)	Loss 1.1415e+00 (1.0408e+00)	Acc@1  59.38 ( 73.41)	Acc@5  87.50 ( 91.93)
[2023-03-13_14-57-35] Test: [ 380/1563]	Time  0.585 ( 1.030)	Loss 1.0531e+00 (1.0491e+00)	Acc@1  75.00 ( 73.13)	Acc@5  93.75 ( 91.89)
[2023-03-13_14-57-41] Test: [ 390/1563]	Time  0.613 ( 1.019)	Loss 1.3203e+00 (1.0475e+00)	Acc@1  65.62 ( 73.11)	Acc@5  90.62 ( 91.94)
[2023-03-13_14-57-47] Test: [ 400/1563]	Time  0.650 ( 1.010)	Loss 1.0207e+00 (1.0387e+00)	Acc@1  81.25 ( 73.30)	Acc@5  96.88 ( 92.06)
[2023-03-13_14-57-53] Test: [ 410/1563]	Time  0.584 ( 1.000)	Loss 4.3198e-01 (1.0294e+00)	Acc@1  90.62 ( 73.65)	Acc@5 100.00 ( 92.16)
[2023-03-13_14-57-59] Test: [ 420/1563]	Time  0.597 ( 0.991)	Loss 8.0138e-01 (1.0323e+00)	Acc@1  81.25 ( 73.49)	Acc@5  93.75 ( 92.15)
[2023-03-13_14-58-05] Test: [ 430/1563]	Time  0.550 ( 0.982)	Loss 1.5823e-01 (1.0362e+00)	Acc@1 100.00 ( 73.46)	Acc@5 100.00 ( 92.14)
[2023-03-13_14-58-12] Test: [ 440/1563]	Time  0.749 ( 0.974)	Loss 1.8251e+00 (1.0391e+00)	Acc@1  43.75 ( 73.27)	Acc@5  84.38 ( 92.15)
[2023-03-13_14-58-18] Test: [ 450/1563]	Time  0.652 ( 0.966)	Loss 6.4913e-01 (1.0422e+00)	Acc@1  84.38 ( 73.15)	Acc@5 100.00 ( 92.19)
[2023-03-13_14-58-24] Test: [ 460/1563]	Time  0.588 ( 0.959)	Loss 5.1359e-01 (1.0356e+00)	Acc@1  87.50 ( 73.33)	Acc@5  93.75 ( 92.28)
[2023-03-13_14-58-30] Test: [ 470/1563]	Time  0.560 ( 0.951)	Loss 1.2224e+00 (1.0372e+00)	Acc@1  56.25 ( 73.32)	Acc@5  93.75 ( 92.27)
[2023-03-13_14-58-36] Test: [ 480/1563]	Time  0.710 ( 0.945)	Loss 3.7888e-01 (1.0379e+00)	Acc@1  93.75 ( 73.26)	Acc@5 100.00 ( 92.30)
[2023-03-13_14-58-43] Test: [ 490/1563]	Time  0.646 ( 0.938)	Loss 1.3293e+00 (1.0414e+00)	Acc@1  71.88 ( 73.16)	Acc@5  87.50 ( 92.28)
[2023-03-13_14-58-49] Test: [ 500/1563]	Time  0.577 ( 0.932)	Loss 5.1085e-01 (1.0402e+00)	Acc@1  90.62 ( 73.23)	Acc@5 100.00 ( 92.27)
[2023-03-13_14-58-55] Test: [ 510/1563]	Time  0.598 ( 0.926)	Loss 4.5594e-01 (1.0310e+00)	Acc@1  84.38 ( 73.47)	Acc@5  96.88 ( 92.36)
[2023-03-13_14-59-01] Test: [ 520/1563]	Time  0.588 ( 0.919)	Loss 3.0249e-01 (1.0279e+00)	Acc@1  87.50 ( 73.58)	Acc@5 100.00 ( 92.38)
[2023-03-13_14-59-07] Test: [ 530/1563]	Time  0.683 ( 0.914)	Loss 1.6924e-01 (1.0233e+00)	Acc@1  96.88 ( 73.74)	Acc@5 100.00 ( 92.43)
[2023-03-13_14-59-14] Test: [ 540/1563]	Time  0.599 ( 0.909)	Loss 1.5248e+00 (1.0221e+00)	Acc@1  59.38 ( 73.76)	Acc@5  87.50 ( 92.46)
[2023-03-13_14-59-20] Test: [ 550/1563]	Time  0.591 ( 0.903)	Loss 1.0687e+00 (1.0192e+00)	Acc@1  65.62 ( 73.76)	Acc@5  93.75 ( 92.47)
[2023-03-13_14-59-26] Test: [ 560/1563]	Time  0.547 ( 0.898)	Loss 1.2406e+00 (1.0233e+00)	Acc@1  65.62 ( 73.65)	Acc@5  93.75 ( 92.45)
[2023-03-13_14-59-32] Test: [ 570/1563]	Time  0.754 ( 0.893)	Loss 7.2871e-01 (1.0207e+00)	Acc@1  84.38 ( 73.74)	Acc@5  93.75 ( 92.44)
[2023-03-13_14-59-38] Test: [ 580/1563]	Time  0.656 ( 0.889)	Loss 1.9623e+00 (1.0233e+00)	Acc@1  62.50 ( 73.75)	Acc@5  81.25 ( 92.39)
[2023-03-13_14-59-45] Test: [ 590/1563]	Time  0.582 ( 0.884)	Loss 1.5555e+00 (1.0223e+00)	Acc@1  65.62 ( 73.83)	Acc@5  81.25 ( 92.36)
[2023-03-13_14-59-51] Test: [ 600/1563]	Time  0.585 ( 0.880)	Loss 6.0058e-01 (1.0257e+00)	Acc@1  90.62 ( 73.69)	Acc@5  96.88 ( 92.35)
[2023-03-13_14-59-57] Test: [ 610/1563]	Time  0.608 ( 0.875)	Loss 1.7494e+00 (1.0260e+00)	Acc@1  62.50 ( 73.72)	Acc@5  84.38 ( 92.33)
[2023-03-13_15-00-03] Test: [ 620/1563]	Time  0.673 ( 0.872)	Loss 9.7811e-01 (1.0254e+00)	Acc@1  84.38 ( 73.73)	Acc@5  93.75 ( 92.32)
[2023-03-13_15-00-10] Test: [ 630/1563]	Time  0.602 ( 0.868)	Loss 8.7973e-01 (1.0348e+00)	Acc@1  75.00 ( 73.56)	Acc@5  96.88 ( 92.18)
[2023-03-13_15-00-16] Test: [ 640/1563]	Time  0.600 ( 0.864)	Loss 9.0100e-01 (1.0346e+00)	Acc@1  65.62 ( 73.52)	Acc@5 100.00 ( 92.20)
[2023-03-13_15-00-22] Test: [ 650/1563]	Time  0.549 ( 0.860)	Loss 1.0005e+00 (1.0496e+00)	Acc@1  78.12 ( 73.16)	Acc@5  93.75 ( 91.98)
[2023-03-13_15-00-28] Test: [ 660/1563]	Time  0.747 ( 0.857)	Loss 1.8049e+00 (1.0538e+00)	Acc@1  62.50 ( 73.10)	Acc@5  78.12 ( 91.95)
[2023-03-13_15-00-34] Test: [ 670/1563]	Time  0.645 ( 0.853)	Loss 1.0144e+00 (1.0579e+00)	Acc@1  68.75 ( 73.03)	Acc@5  90.62 ( 91.89)
[2023-03-13_15-00-41] Test: [ 680/1563]	Time  0.586 ( 0.850)	Loss 2.2730e+00 (1.0641e+00)	Acc@1  40.62 ( 72.89)	Acc@5  81.25 ( 91.80)
[2023-03-13_15-00-47] Test: [ 690/1563]	Time  0.567 ( 0.846)	Loss 1.4535e+00 (1.0718e+00)	Acc@1  65.62 ( 72.75)	Acc@5  87.50 ( 91.68)
[2023-03-13_15-00-53] Test: [ 700/1563]	Time  0.665 ( 0.843)	Loss 1.3425e+00 (1.0793e+00)	Acc@1  65.62 ( 72.59)	Acc@5  90.62 ( 91.62)
[2023-03-13_15-00-59] Test: [ 710/1563]	Time  0.635 ( 0.840)	Loss 2.0582e+00 (1.0839e+00)	Acc@1  59.38 ( 72.53)	Acc@5  78.12 ( 91.54)
[2023-03-13_15-01-05] Test: [ 720/1563]	Time  0.574 ( 0.837)	Loss 1.5412e+00 (1.0951e+00)	Acc@1  46.88 ( 72.32)	Acc@5  93.75 ( 91.37)
[2023-03-13_15-01-11] Test: [ 730/1563]	Time  0.602 ( 0.834)	Loss 1.1130e+00 (1.1042e+00)	Acc@1  68.75 ( 72.13)	Acc@5  93.75 ( 91.27)
[2023-03-13_15-01-18] Test: [ 740/1563]	Time  0.551 ( 0.831)	Loss 1.3043e+00 (1.1104e+00)	Acc@1  71.88 ( 72.04)	Acc@5  90.62 ( 91.17)
[2023-03-13_15-01-24] Test: [ 750/1563]	Time  0.693 ( 0.828)	Loss 1.2560e+00 (1.1162e+00)	Acc@1  68.75 ( 71.92)	Acc@5  87.50 ( 91.08)
[2023-03-13_15-01-30] Test: [ 760/1563]	Time  0.614 ( 0.825)	Loss 9.0728e-01 (1.1224e+00)	Acc@1  71.88 ( 71.74)	Acc@5  90.62 ( 91.04)
[2023-03-13_15-01-36] Test: [ 770/1563]	Time  0.591 ( 0.823)	Loss 2.6483e+00 (1.1360e+00)	Acc@1  43.75 ( 71.49)	Acc@5  65.62 ( 90.87)
[2023-03-13_15-01-42] Test: [ 780/1563]	Time  0.549 ( 0.820)	Loss 3.4529e+00 (1.1438e+00)	Acc@1  25.00 ( 71.35)	Acc@5  59.38 ( 90.75)
[2023-03-13_15-01-49] Test: [ 790/1563]	Time  0.750 ( 0.817)	Loss 1.9811e+00 (1.1552e+00)	Acc@1  59.38 ( 71.13)	Acc@5  87.50 ( 90.62)
[2023-03-13_15-01-55] Test: [ 800/1563]	Time  0.682 ( 0.815)	Loss 1.6169e+00 (1.1570e+00)	Acc@1  56.25 ( 71.08)	Acc@5  87.50 ( 90.59)
[2023-03-13_15-02-01] Test: [ 810/1563]	Time  0.578 ( 0.813)	Loss 9.2186e-01 (1.1619e+00)	Acc@1  81.25 ( 70.95)	Acc@5  90.62 ( 90.50)
[2023-03-13_15-02-07] Test: [ 820/1563]	Time  0.587 ( 0.811)	Loss 1.0308e+00 (1.1666e+00)	Acc@1  78.12 ( 70.87)	Acc@5  90.62 ( 90.41)
[2023-03-13_15-02-14] Test: [ 830/1563]	Time  0.612 ( 0.808)	Loss 1.5731e+00 (1.1741e+00)	Acc@1  50.00 ( 70.65)	Acc@5  93.75 ( 90.34)
[2023-03-13_15-02-20] Test: [ 840/1563]	Time  0.651 ( 0.806)	Loss 7.8499e-01 (1.1765e+00)	Acc@1  84.38 ( 70.60)	Acc@5  93.75 ( 90.32)
[2023-03-13_15-02-26] Test: [ 850/1563]	Time  0.584 ( 0.804)	Loss 1.5603e+00 (1.1834e+00)	Acc@1  65.62 ( 70.43)	Acc@5  87.50 ( 90.21)
[2023-03-13_15-02-32] Test: [ 860/1563]	Time  0.597 ( 0.802)	Loss 8.5380e-01 (1.1832e+00)	Acc@1  75.00 ( 70.45)	Acc@5  93.75 ( 90.21)
[2023-03-13_15-02-38] Test: [ 870/1563]	Time  0.549 ( 0.799)	Loss 1.7820e+00 (1.1845e+00)	Acc@1  62.50 ( 70.45)	Acc@5  81.25 ( 90.17)
[2023-03-13_15-02-45] Test: [ 880/1563]	Time  0.763 ( 0.797)	Loss 1.0430e+00 (1.1866e+00)	Acc@1  71.88 ( 70.42)	Acc@5  90.62 ( 90.11)
[2023-03-13_15-02-51] Test: [ 890/1563]	Time  0.660 ( 0.795)	Loss 9.9183e-01 (1.1866e+00)	Acc@1  81.25 ( 70.45)	Acc@5  90.62 ( 90.08)
[2023-03-13_15-02-57] Test: [ 900/1563]	Time  0.583 ( 0.793)	Loss 4.4135e-01 (1.1855e+00)	Acc@1  93.75 ( 70.50)	Acc@5  96.88 ( 90.07)
[2023-03-13_15-03-03] Test: [ 910/1563]	Time  0.573 ( 0.791)	Loss 1.4308e+00 (1.1870e+00)	Acc@1  78.12 ( 70.47)	Acc@5  90.62 ( 90.08)
[2023-03-13_15-03-09] Test: [ 920/1563]	Time  0.657 ( 0.790)	Loss 2.2076e+00 (1.1951e+00)	Acc@1  53.12 ( 70.34)	Acc@5  78.12 ( 89.95)
[2023-03-13_15-03-16] Test: [ 930/1563]	Time  0.633 ( 0.788)	Loss 9.0199e-01 (1.1973e+00)	Acc@1  68.75 ( 70.29)	Acc@5  96.88 ( 89.91)
[2023-03-13_15-03-22] Test: [ 940/1563]	Time  0.570 ( 0.786)	Loss 1.9133e+00 (1.2081e+00)	Acc@1  53.12 ( 70.09)	Acc@5  81.25 ( 89.77)
[2023-03-13_15-03-28] Test: [ 950/1563]	Time  0.630 ( 0.784)	Loss 1.5457e+00 (1.2060e+00)	Acc@1  62.50 ( 70.16)	Acc@5  78.12 ( 89.77)
[2023-03-13_15-03-34] Test: [ 960/1563]	Time  0.550 ( 0.783)	Loss 9.6330e-01 (1.2059e+00)	Acc@1  78.12 ( 70.19)	Acc@5  90.62 ( 89.77)
[2023-03-13_15-03-41] Test: [ 970/1563]	Time  0.743 ( 0.781)	Loss 9.8984e-01 (1.2121e+00)	Acc@1  68.75 ( 70.02)	Acc@5  93.75 ( 89.70)
[2023-03-13_15-03-47] Test: [ 980/1563]	Time  0.636 ( 0.780)	Loss 8.0357e-01 (1.2184e+00)	Acc@1  78.12 ( 69.87)	Acc@5  90.62 ( 89.61)
[2023-03-13_15-03-53] Test: [ 990/1563]	Time  0.590 ( 0.778)	Loss 3.4425e+00 (1.2238e+00)	Acc@1  37.50 ( 69.79)	Acc@5  56.25 ( 89.51)
[2023-03-13_15-03-59] Test: [1000/1563]	Time  0.548 ( 0.776)	Loss 3.8443e-01 (1.2260e+00)	Acc@1  87.50 ( 69.68)	Acc@5 100.00 ( 89.50)
[2023-03-13_15-04-05] Test: [1010/1563]	Time  0.710 ( 0.775)	Loss 1.3003e+00 (1.2266e+00)	Acc@1  71.88 ( 69.70)	Acc@5  87.50 ( 89.48)
[2023-03-13_15-04-12] Test: [1020/1563]	Time  0.642 ( 0.773)	Loss 2.6464e+00 (1.2361e+00)	Acc@1  43.75 ( 69.54)	Acc@5  71.88 ( 89.35)
[2023-03-13_15-04-18] Test: [1030/1563]	Time  0.573 ( 0.772)	Loss 9.5434e-01 (1.2408e+00)	Acc@1  78.12 ( 69.42)	Acc@5  90.62 ( 89.30)
[2023-03-13_15-04-24] Test: [1040/1563]	Time  0.601 ( 0.770)	Loss 2.0697e+00 (1.2461e+00)	Acc@1  53.12 ( 69.25)	Acc@5  75.00 ( 89.27)
[2023-03-13_15-04-30] Test: [1050/1563]	Time  0.551 ( 0.769)	Loss 5.6890e-01 (1.2435e+00)	Acc@1  84.38 ( 69.31)	Acc@5  96.88 ( 89.31)
[2023-03-13_15-04-36] Test: [1060/1563]	Time  0.695 ( 0.767)	Loss 1.9391e+00 (1.2513e+00)	Acc@1  68.75 ( 69.18)	Acc@5  68.75 ( 89.18)
[2023-03-13_15-04-42] Test: [1070/1563]	Time  0.616 ( 0.766)	Loss 4.4763e-01 (1.2538e+00)	Acc@1  93.75 ( 69.13)	Acc@5  96.88 ( 89.14)
[2023-03-13_15-04-49] Test: [1080/1563]	Time  0.591 ( 0.765)	Loss 2.1914e+00 (1.2566e+00)	Acc@1  46.88 ( 69.05)	Acc@5  81.25 ( 89.11)
[2023-03-13_15-04-55] Test: [1090/1563]	Time  0.547 ( 0.763)	Loss 1.3217e+00 (1.2599e+00)	Acc@1  78.12 ( 69.01)	Acc@5  90.62 ( 89.05)
[2023-03-13_15-05-01] Test: [1100/1563]	Time  0.751 ( 0.762)	Loss 6.5626e-01 (1.2595e+00)	Acc@1  78.12 ( 69.04)	Acc@5  90.62 ( 89.03)
[2023-03-13_15-05-07] Test: [1110/1563]	Time  0.654 ( 0.761)	Loss 2.6624e+00 (1.2639e+00)	Acc@1  43.75 ( 68.92)	Acc@5  75.00 ( 89.00)
[2023-03-13_15-05-13] Test: [1120/1563]	Time  0.579 ( 0.759)	Loss 1.2657e+00 (1.2648e+00)	Acc@1  71.88 ( 68.93)	Acc@5  90.62 ( 88.99)
[2023-03-13_15-05-19] Test: [1130/1563]	Time  0.585 ( 0.758)	Loss 1.8993e+00 (1.2661e+00)	Acc@1  62.50 ( 68.94)	Acc@5  71.88 ( 88.95)
[2023-03-13_15-05-25] Test: [1140/1563]	Time  0.612 ( 0.757)	Loss 2.0348e+00 (1.2706e+00)	Acc@1  59.38 ( 68.87)	Acc@5  78.12 ( 88.88)
[2023-03-13_15-05-32] Test: [1150/1563]	Time  0.653 ( 0.756)	Loss 1.3365e+00 (1.2750e+00)	Acc@1  75.00 ( 68.79)	Acc@5  81.25 ( 88.81)
[2023-03-13_15-05-38] Test: [1160/1563]	Time  0.583 ( 0.754)	Loss 1.7604e+00 (1.2774e+00)	Acc@1  50.00 ( 68.75)	Acc@5  84.38 ( 88.76)
[2023-03-13_15-05-44] Test: [1170/1563]	Time  0.597 ( 0.753)	Loss 2.1364e+00 (1.2813e+00)	Acc@1  56.25 ( 68.65)	Acc@5  78.12 ( 88.70)
[2023-03-13_15-05-50] Test: [1180/1563]	Time  0.550 ( 0.752)	Loss 5.3927e-01 (1.2826e+00)	Acc@1  90.62 ( 68.61)	Acc@5  93.75 ( 88.67)
[2023-03-13_15-05-57] Test: [1190/1563]	Time  0.760 ( 0.751)	Loss 1.9842e+00 (1.2843e+00)	Acc@1  59.38 ( 68.60)	Acc@5  75.00 ( 88.64)
[2023-03-13_15-06-03] Test: [1200/1563]	Time  0.656 ( 0.750)	Loss 1.5930e+00 (1.2888e+00)	Acc@1  75.00 ( 68.52)	Acc@5  81.25 ( 88.57)
[2023-03-13_15-06-09] Test: [1210/1563]	Time  0.582 ( 0.749)	Loss 1.2754e+00 (1.2901e+00)	Acc@1  78.12 ( 68.51)	Acc@5  84.38 ( 88.54)
[2023-03-13_15-06-15] Test: [1220/1563]	Time  0.573 ( 0.748)	Loss 3.6977e-01 (1.2915e+00)	Acc@1  84.38 ( 68.48)	Acc@5 100.00 ( 88.52)
[2023-03-13_15-06-21] Test: [1230/1563]	Time  0.655 ( 0.747)	Loss 2.2172e+00 (1.2963e+00)	Acc@1  46.88 ( 68.37)	Acc@5  78.12 ( 88.45)
[2023-03-13_15-06-27] Test: [1240/1563]	Time  0.632 ( 0.746)	Loss 1.9008e+00 (1.3000e+00)	Acc@1  53.12 ( 68.29)	Acc@5  78.12 ( 88.41)
[2023-03-13_15-06-34] Test: [1250/1563]	Time  0.571 ( 0.745)	Loss 8.5945e-01 (1.3042e+00)	Acc@1  84.38 ( 68.23)	Acc@5  87.50 ( 88.33)
[2023-03-13_15-06-40] Test: [1260/1563]	Time  0.604 ( 0.744)	Loss 1.8370e+00 (1.3024e+00)	Acc@1  65.62 ( 68.29)	Acc@5  78.12 ( 88.36)
[2023-03-13_15-06-46] Test: [1270/1563]	Time  0.551 ( 0.742)	Loss 2.0581e+00 (1.3048e+00)	Acc@1  50.00 ( 68.22)	Acc@5  78.12 ( 88.33)
[2023-03-13_15-06-52] Test: [1280/1563]	Time  0.724 ( 0.742)	Loss 1.9023e+00 (1.3077e+00)	Acc@1  56.25 ( 68.15)	Acc@5  87.50 ( 88.30)
[2023-03-13_15-06-58] Test: [1290/1563]	Time  0.633 ( 0.741)	Loss 2.2472e+00 (1.3088e+00)	Acc@1  56.25 ( 68.14)	Acc@5  75.00 ( 88.28)
[2023-03-13_15-07-04] Test: [1300/1563]	Time  0.589 ( 0.740)	Loss 7.7982e-01 (1.3113e+00)	Acc@1  84.38 ( 68.13)	Acc@5  90.62 ( 88.24)
[2023-03-13_15-07-11] Test: [1310/1563]	Time  0.548 ( 0.739)	Loss 2.2978e+00 (1.3199e+00)	Acc@1  37.50 ( 67.94)	Acc@5  71.88 ( 88.12)
[2023-03-13_15-07-17] Test: [1320/1563]	Time  0.714 ( 0.738)	Loss 2.7177e+00 (1.3242e+00)	Acc@1  40.62 ( 67.85)	Acc@5  71.88 ( 88.07)
[2023-03-13_15-07-23] Test: [1330/1563]	Time  0.643 ( 0.737)	Loss 1.9370e+00 (1.3251e+00)	Acc@1  40.62 ( 67.80)	Acc@5  84.38 ( 88.06)
[2023-03-13_15-07-29] Test: [1340/1563]	Time  0.576 ( 0.736)	Loss 1.5556e+00 (1.3254e+00)	Acc@1  53.12 ( 67.79)	Acc@5  78.12 ( 88.05)
[2023-03-13_15-07-35] Test: [1350/1563]	Time  0.594 ( 0.735)	Loss 1.6622e+00 (1.3295e+00)	Acc@1  65.62 ( 67.73)	Acc@5  84.38 ( 87.99)
[2023-03-13_15-07-41] Test: [1360/1563]	Time  0.581 ( 0.734)	Loss 9.9212e-01 (1.3322e+00)	Acc@1  75.00 ( 67.67)	Acc@5  93.75 ( 87.97)
[2023-03-13_15-07-48] Test: [1370/1563]	Time  0.679 ( 0.734)	Loss 1.4705e+00 (1.3318e+00)	Acc@1  65.62 ( 67.66)	Acc@5  87.50 ( 87.98)
[2023-03-13_15-07-54] Test: [1380/1563]	Time  0.598 ( 0.733)	Loss 2.3422e+00 (1.3342e+00)	Acc@1  31.25 ( 67.60)	Acc@5  75.00 ( 87.96)
[2023-03-13_15-08-00] Test: [1390/1563]	Time  0.593 ( 0.732)	Loss 1.0871e+00 (1.3364e+00)	Acc@1  78.12 ( 67.56)	Acc@5  90.62 ( 87.92)
[2023-03-13_15-08-06] Test: [1400/1563]	Time  0.547 ( 0.731)	Loss 8.1768e-01 (1.3365e+00)	Acc@1  75.00 ( 67.54)	Acc@5  96.88 ( 87.93)
[2023-03-13_15-08-12] Test: [1410/1563]	Time  0.752 ( 0.730)	Loss 1.5938e+00 (1.3391e+00)	Acc@1  62.50 ( 67.48)	Acc@5  84.38 ( 87.89)
[2023-03-13_15-08-19] Test: [1420/1563]	Time  0.654 ( 0.729)	Loss 1.8093e+00 (1.3439e+00)	Acc@1  53.12 ( 67.38)	Acc@5  84.38 ( 87.84)
[2023-03-13_15-08-25] Test: [1430/1563]	Time  0.578 ( 0.729)	Loss 3.0418e-01 (1.3438e+00)	Acc@1  90.62 ( 67.35)	Acc@5 100.00 ( 87.85)
[2023-03-13_15-08-31] Test: [1440/1563]	Time  0.585 ( 0.728)	Loss 2.2896e+00 (1.3448e+00)	Acc@1  40.62 ( 67.35)	Acc@5  81.25 ( 87.83)
[2023-03-13_15-08-37] Test: [1450/1563]	Time  0.607 ( 0.727)	Loss 1.3043e+00 (1.3446e+00)	Acc@1  65.62 ( 67.35)	Acc@5  93.75 ( 87.86)
[2023-03-13_15-08-43] Test: [1460/1563]	Time  0.652 ( 0.726)	Loss 1.0469e+00 (1.3447e+00)	Acc@1  71.88 ( 67.35)	Acc@5  90.62 ( 87.85)
[2023-03-13_15-08-49] Test: [1470/1563]	Time  0.584 ( 0.726)	Loss 7.0949e-01 (1.3420e+00)	Acc@1  87.50 ( 67.41)	Acc@5 100.00 ( 87.90)
[2023-03-13_15-08-56] Test: [1480/1563]	Time  0.596 ( 0.725)	Loss 1.4359e+00 (1.3399e+00)	Acc@1  40.62 ( 67.44)	Acc@5  96.88 ( 87.93)
[2023-03-13_15-09-02] Test: [1490/1563]	Time  0.548 ( 0.724)	Loss 7.8459e-01 (1.3391e+00)	Acc@1  84.38 ( 67.46)	Acc@5  93.75 ( 87.93)
[2023-03-13_15-09-08] Test: [1500/1563]	Time  0.765 ( 0.723)	Loss 2.3706e+00 (1.3372e+00)	Acc@1  46.88 ( 67.53)	Acc@5  71.88 ( 87.94)
[2023-03-13_15-09-14] Test: [1510/1563]	Time  0.654 ( 0.723)	Loss 2.1179e+00 (1.3418e+00)	Acc@1  50.00 ( 67.44)	Acc@5  87.50 ( 87.88)
[2023-03-13_15-09-20] Test: [1520/1563]	Time  0.586 ( 0.722)	Loss 1.2093e+00 (1.3458e+00)	Acc@1  68.75 ( 67.36)	Acc@5  96.88 ( 87.83)
[2023-03-13_15-09-26] Test: [1530/1563]	Time  0.565 ( 0.721)	Loss 1.6210e+00 (1.3495e+00)	Acc@1  46.88 ( 67.25)	Acc@5  93.75 ( 87.82)
[2023-03-13_15-09-33] Test: [1540/1563]	Time  0.666 ( 0.721)	Loss 1.0380e-01 (1.3480e+00)	Acc@1 100.00 ( 67.32)	Acc@5 100.00 ( 87.83)
[2023-03-13_15-11-35] Test: [1550/1563]	Time  1.634 ( 0.795)	Loss 1.1698e+00 (1.3441e+00)	Acc@1  75.00 ( 67.41)	Acc@5  90.62 ( 87.87)
[2023-03-13_15-11-41] Test: [1560/1563]	Time  0.582 ( 0.794)	Loss 1.4972e+00 (1.3408e+00)	Acc@1  46.88 ( 67.46)	Acc@5  90.62 ( 87.90)
[2023-03-13_15-11-42]  * Acc@1 67.426 Acc@5 87.872
