[2023-03-13_15-54-33] main_our.py --action QUANTIZE --arch resnet50_imagenet --batch_size 32 --gpu 0 --x_bits 8 --w_bits 8

[2023-03-13_15-54-33] desc=None, x_bits=8, w_bits=8
[2023-03-13_15-54-33] __init__: arch=resnet50, dataset=imagenet, model_chkp=None, pretrained=True
[2023-03-13_15-54-33] train_pred: epochs=1, lr=0, lr_plan=None, momentum=0.9, wd=0.0005, batch_size=32, optimizer=SGD
[2023-03-13_15-54-33] lr=0, running train steps with no_grad()
[2023-03-13_15-54-34] Epoch: [0][    0/40037]	Time  1.022 ( 1.022)	Data  0.251 ( 0.251)	Loss 1.8034e+00 (1.8034e+00)	Acc@1  59.38 ( 59.38)	Acc@5  84.38 ( 84.38)
[2023-03-13_15-54-40] Epoch: [0][   10/40037]	Time  0.582 ( 0.653)	Data  0.000 ( 0.023)	Loss 1.4566e+00 (1.3743e+00)	Acc@1  65.62 ( 69.32)	Acc@5  84.38 ( 88.35)
[2023-03-13_15-54-46] Epoch: [0][   20/40037]	Time  0.582 ( 0.636)	Data  0.000 ( 0.012)	Loss 1.4269e+00 (1.3371e+00)	Acc@1  62.50 ( 68.15)	Acc@5  90.62 ( 88.99)
[2023-03-13_15-54-53] Epoch: [0][   30/40037]	Time  0.655 ( 0.631)	Data  0.000 ( 0.008)	Loss 9.9627e-01 (1.3129e+00)	Acc@1  75.00 ( 68.85)	Acc@5  90.62 ( 89.01)
[2023-03-13_15-54-59] Epoch: [0][   40/40037]	Time  0.637 ( 0.632)	Data  0.000 ( 0.006)	Loss 1.4625e+00 (1.3049e+00)	Acc@1  68.75 ( 69.13)	Acc@5  87.50 ( 89.02)
[2023-03-13_15-55-05] Epoch: [0][   50/40037]	Time  0.578 ( 0.630)	Data  0.000 ( 0.005)	Loss 1.1130e+00 (1.3104e+00)	Acc@1  71.88 ( 69.12)	Acc@5  90.62 ( 88.79)
[2023-03-13_15-55-11] Epoch: [0][   60/40037]	Time  0.598 ( 0.628)	Data  0.000 ( 0.004)	Loss 1.2779e+00 (1.3034e+00)	Acc@1  65.62 ( 69.21)	Acc@5  90.62 ( 88.73)
[2023-03-13_15-55-15] Test: [   0/1563]	Time  0.814 ( 0.814)	Loss 3.9816e-01 (3.9816e-01)	Acc@1  93.75 ( 93.75)	Acc@5  96.88 ( 96.88)
[2023-03-13_15-55-21] Test: [  10/1563]	Time  0.716 ( 0.641)	Loss 1.0151e+00 (8.5187e-01)	Acc@1  71.88 ( 79.55)	Acc@5  93.75 ( 93.75)
[2023-03-13_15-55-27] Test: [  20/1563]	Time  0.642 ( 0.635)	Loss 3.0001e-01 (7.2503e-01)	Acc@1  90.62 ( 82.59)	Acc@5  96.88 ( 95.24)
[2023-03-13_15-55-33] Test: [  30/1563]	Time  0.578 ( 0.628)	Loss 7.0252e-02 (6.7832e-01)	Acc@1 100.00 ( 84.17)	Acc@5 100.00 ( 95.16)
[2023-03-13_15-55-40] Test: [  40/1563]	Time  0.596 ( 0.625)	Loss 4.2457e-01 (6.6151e-01)	Acc@1  87.50 ( 84.68)	Acc@5 100.00 ( 95.27)
[2023-03-13_15-55-46] Test: [  50/1563]	Time  0.585 ( 0.622)	Loss 1.7400e+00 (7.2621e-01)	Acc@1  50.00 ( 82.97)	Acc@5  90.62 ( 94.98)
[2023-03-13_15-55-52] Test: [  60/1563]	Time  0.681 ( 0.624)	Loss 8.3923e-01 (8.0455e-01)	Acc@1  84.38 ( 80.23)	Acc@5  87.50 ( 94.42)
[2023-03-13_15-55-58] Test: [  70/1563]	Time  0.597 ( 0.624)	Loss 1.5030e+00 (8.3462e-01)	Acc@1  75.00 ( 79.31)	Acc@5  84.38 ( 94.15)
[2023-03-13_15-56-04] Test: [  80/1563]	Time  0.596 ( 0.622)	Loss 6.1286e-01 (8.6659e-01)	Acc@1  87.50 ( 78.40)	Acc@5  93.75 ( 93.71)
[2023-03-13_15-56-10] Test: [  90/1563]	Time  0.549 ( 0.621)	Loss 1.4533e+00 (9.2183e-01)	Acc@1  53.12 ( 76.89)	Acc@5  90.62 ( 93.03)
[2023-03-13_15-56-17] Test: [ 100/1563]	Time  0.766 ( 0.622)	Loss 2.0968e+00 (9.8636e-01)	Acc@1  46.88 ( 75.22)	Acc@5  81.25 ( 92.42)
[2023-03-13_15-56-23] Test: [ 110/1563]	Time  0.657 ( 0.622)	Loss 9.3188e-01 (9.9212e-01)	Acc@1  84.38 ( 74.55)	Acc@5  90.62 ( 92.37)
[2023-03-13_15-56-29] Test: [ 120/1563]	Time  0.582 ( 0.621)	Loss 9.2934e-01 (9.9210e-01)	Acc@1  68.75 ( 73.94)	Acc@5  96.88 ( 92.69)
[2023-03-13_15-56-35] Test: [ 130/1563]	Time  0.574 ( 0.621)	Loss 5.5543e-01 (9.9002e-01)	Acc@1  87.50 ( 74.24)	Acc@5  93.75 ( 92.56)
[2023-03-13_15-56-41] Test: [ 140/1563]	Time  0.652 ( 0.620)	Loss 6.6751e-01 (9.6092e-01)	Acc@1  84.38 ( 75.09)	Acc@5  93.75 ( 92.69)
[2023-03-13_15-56-48] Test: [ 150/1563]	Time  0.635 ( 0.621)	Loss 4.4753e-01 (9.2103e-01)	Acc@1  87.50 ( 76.22)	Acc@5  93.75 ( 92.98)
[2023-03-13_15-56-54] Test: [ 160/1563]	Time  0.574 ( 0.621)	Loss 1.9536e-01 (9.0580e-01)	Acc@1  96.88 ( 76.46)	Acc@5 100.00 ( 93.11)
[2023-03-13_15-57-00] Test: [ 170/1563]	Time  0.600 ( 0.620)	Loss 5.8222e-01 (9.1021e-01)	Acc@1  81.25 ( 76.66)	Acc@5 100.00 ( 93.02)
[2023-03-13_15-57-06] Test: [ 180/1563]	Time  0.552 ( 0.620)	Loss 6.5920e-01 (9.1198e-01)	Acc@1  81.25 ( 76.71)	Acc@5  96.88 ( 92.94)
[2023-03-13_15-57-12] Test: [ 190/1563]	Time  0.696 ( 0.621)	Loss 8.7962e-01 (9.1628e-01)	Acc@1  78.12 ( 76.46)	Acc@5  87.50 ( 92.93)
[2023-03-13_15-57-19] Test: [ 200/1563]	Time  0.615 ( 0.620)	Loss 7.7124e-01 (9.1815e-01)	Acc@1  78.12 ( 76.51)	Acc@5  90.62 ( 92.88)
[2023-03-13_15-57-25] Test: [ 210/1563]	Time  0.593 ( 0.620)	Loss 1.2142e+00 (9.0041e-01)	Acc@1  71.88 ( 76.97)	Acc@5  90.62 ( 93.02)
[2023-03-13_15-57-31] Test: [ 220/1563]	Time  0.547 ( 0.620)	Loss 5.1049e-01 (8.7922e-01)	Acc@1  90.62 ( 77.50)	Acc@5  93.75 ( 93.17)
[2023-03-13_15-57-37] Test: [ 230/1563]	Time  0.752 ( 0.620)	Loss 1.0124e+00 (8.6532e-01)	Acc@1  84.38 ( 77.92)	Acc@5  87.50 ( 93.21)
[2023-03-13_15-57-43] Test: [ 240/1563]	Time  0.655 ( 0.620)	Loss 1.5524e+00 (8.6585e-01)	Acc@1  68.75 ( 77.89)	Acc@5  84.38 ( 93.15)
[2023-03-13_15-57-50] Test: [ 250/1563]	Time  0.581 ( 0.620)	Loss 2.8454e-01 (8.6402e-01)	Acc@1  90.62 ( 77.95)	Acc@5 100.00 ( 93.23)
[2023-03-13_15-57-56] Test: [ 260/1563]	Time  0.583 ( 0.620)	Loss 1.5464e+00 (8.7573e-01)	Acc@1  50.00 ( 77.66)	Acc@5  93.75 ( 93.14)
[2023-03-13_15-58-02] Test: [ 270/1563]	Time  0.610 ( 0.619)	Loss 8.3695e-01 (8.8576e-01)	Acc@1  78.12 ( 77.31)	Acc@5  90.62 ( 93.08)
[2023-03-13_15-58-08] Test: [ 280/1563]	Time  0.652 ( 0.620)	Loss 1.4851e+00 (8.8544e-01)	Acc@1  59.38 ( 77.30)	Acc@5  93.75 ( 93.17)
[2023-03-13_15-58-14] Test: [ 290/1563]	Time  0.583 ( 0.620)	Loss 1.1237e+00 (8.8490e-01)	Acc@1  65.62 ( 77.35)	Acc@5  93.75 ( 93.22)
[2023-03-13_15-58-20] Test: [ 300/1563]	Time  0.597 ( 0.620)	Loss 1.0206e+00 (8.8937e-01)	Acc@1  75.00 ( 77.11)	Acc@5  90.62 ( 93.21)
[2023-03-13_15-58-27] Test: [ 310/1563]	Time  0.549 ( 0.619)	Loss 1.0232e+00 (8.9428e-01)	Acc@1  71.88 ( 76.83)	Acc@5  93.75 ( 93.24)
[2023-03-13_15-58-33] Test: [ 320/1563]	Time  0.749 ( 0.620)	Loss 1.1528e+00 (8.9742e-01)	Acc@1  65.62 ( 76.56)	Acc@5  90.62 ( 93.28)
[2023-03-13_15-58-39] Test: [ 330/1563]	Time  0.644 ( 0.620)	Loss 7.1528e-01 (8.9378e-01)	Acc@1  78.12 ( 76.68)	Acc@5  96.88 ( 93.38)
[2023-03-13_15-58-45] Test: [ 340/1563]	Time  0.592 ( 0.620)	Loss 3.4615e-01 (8.8751e-01)	Acc@1  90.62 ( 76.84)	Acc@5 100.00 ( 93.44)
[2023-03-13_15-58-51] Test: [ 350/1563]	Time  0.548 ( 0.619)	Loss 8.6502e-01 (8.8530e-01)	Acc@1  78.12 ( 76.92)	Acc@5  87.50 ( 93.47)
[2023-03-13_15-58-58] Test: [ 360/1563]	Time  0.740 ( 0.619)	Loss 1.0688e+00 (8.8762e-01)	Acc@1  62.50 ( 76.89)	Acc@5  93.75 ( 93.46)
[2023-03-13_15-59-04] Test: [ 370/1563]	Time  0.651 ( 0.620)	Loss 7.5590e-01 (8.8826e-01)	Acc@1  84.38 ( 76.79)	Acc@5  93.75 ( 93.48)
[2023-03-13_15-59-10] Test: [ 380/1563]	Time  0.576 ( 0.620)	Loss 9.4159e-01 (8.9608e-01)	Acc@1  71.88 ( 76.44)	Acc@5  93.75 ( 93.45)
[2023-03-13_15-59-16] Test: [ 390/1563]	Time  0.588 ( 0.619)	Loss 1.3516e+00 (8.9661e-01)	Acc@1  62.50 ( 76.36)	Acc@5  90.62 ( 93.49)
[2023-03-13_15-59-22] Test: [ 400/1563]	Time  0.613 ( 0.619)	Loss 7.1150e-01 (8.8844e-01)	Acc@1  78.12 ( 76.57)	Acc@5  96.88 ( 93.59)
[2023-03-13_15-59-29] Test: [ 410/1563]	Time  0.654 ( 0.620)	Loss 4.0513e-01 (8.8067e-01)	Acc@1  90.62 ( 76.84)	Acc@5 100.00 ( 93.67)
[2023-03-13_15-59-35] Test: [ 420/1563]	Time  0.583 ( 0.619)	Loss 6.1806e-01 (8.8260e-01)	Acc@1  81.25 ( 76.65)	Acc@5  96.88 ( 93.65)
[2023-03-13_15-59-41] Test: [ 430/1563]	Time  0.597 ( 0.619)	Loss 5.7301e-02 (8.8736e-01)	Acc@1 100.00 ( 76.62)	Acc@5 100.00 ( 93.63)
[2023-03-13_15-59-47] Test: [ 440/1563]	Time  0.549 ( 0.619)	Loss 1.7325e+00 (8.9047e-01)	Acc@1  46.88 ( 76.43)	Acc@5  90.62 ( 93.64)
[2023-03-13_15-59-53] Test: [ 450/1563]	Time  0.749 ( 0.619)	Loss 7.6516e-01 (8.9488e-01)	Acc@1  81.25 ( 76.30)	Acc@5 100.00 ( 93.63)
[2023-03-13_16-00-00] Test: [ 460/1563]	Time  0.642 ( 0.619)	Loss 3.9041e-01 (8.8868e-01)	Acc@1  90.62 ( 76.48)	Acc@5  96.88 ( 93.70)
[2023-03-13_16-00-06] Test: [ 470/1563]	Time  0.587 ( 0.619)	Loss 8.8457e-01 (8.8947e-01)	Acc@1  71.88 ( 76.53)	Acc@5  96.88 ( 93.68)
[2023-03-13_16-00-12] Test: [ 480/1563]	Time  0.568 ( 0.619)	Loss 3.3553e-01 (8.8956e-01)	Acc@1  90.62 ( 76.47)	Acc@5 100.00 ( 93.74)
[2023-03-13_16-00-18] Test: [ 490/1563]	Time  0.689 ( 0.619)	Loss 1.2714e+00 (8.9374e-01)	Acc@1  68.75 ( 76.34)	Acc@5  84.38 ( 93.72)
[2023-03-13_16-00-24] Test: [ 500/1563]	Time  0.644 ( 0.619)	Loss 4.5210e-01 (8.9283e-01)	Acc@1  87.50 ( 76.40)	Acc@5 100.00 ( 93.74)
[2023-03-13_16-00-30] Test: [ 510/1563]	Time  0.572 ( 0.619)	Loss 4.0899e-01 (8.8407e-01)	Acc@1  87.50 ( 76.65)	Acc@5 100.00 ( 93.81)
[2023-03-13_16-00-37] Test: [ 520/1563]	Time  0.596 ( 0.619)	Loss 1.3108e-01 (8.8126e-01)	Acc@1  96.88 ( 76.78)	Acc@5 100.00 ( 93.81)
[2023-03-13_16-00-43] Test: [ 530/1563]	Time  0.585 ( 0.619)	Loss 7.0882e-02 (8.7670e-01)	Acc@1 100.00 ( 76.96)	Acc@5 100.00 ( 93.86)
[2023-03-13_16-00-49] Test: [ 540/1563]	Time  0.681 ( 0.619)	Loss 1.3089e+00 (8.7535e-01)	Acc@1  59.38 ( 76.95)	Acc@5  96.88 ( 93.88)
[2023-03-13_16-00-55] Test: [ 550/1563]	Time  0.597 ( 0.619)	Loss 8.4484e-01 (8.7195e-01)	Acc@1  71.88 ( 76.99)	Acc@5  93.75 ( 93.90)
[2023-03-13_16-01-01] Test: [ 560/1563]	Time  0.597 ( 0.619)	Loss 1.3662e+00 (8.7669e-01)	Acc@1  65.62 ( 76.87)	Acc@5  93.75 ( 93.89)
[2023-03-13_16-01-07] Test: [ 570/1563]	Time  0.550 ( 0.619)	Loss 7.3059e-01 (8.7435e-01)	Acc@1  84.38 ( 76.92)	Acc@5  90.62 ( 93.91)
[2023-03-13_16-01-14] Test: [ 580/1563]	Time  0.766 ( 0.619)	Loss 1.9688e+00 (8.7855e-01)	Acc@1  62.50 ( 76.89)	Acc@5  87.50 ( 93.85)
[2023-03-13_16-01-20] Test: [ 590/1563]	Time  0.648 ( 0.619)	Loss 1.5166e+00 (8.7816e-01)	Acc@1  62.50 ( 76.94)	Acc@5  87.50 ( 93.83)
[2023-03-13_16-01-26] Test: [ 600/1563]	Time  0.586 ( 0.619)	Loss 5.1659e-01 (8.8303e-01)	Acc@1  93.75 ( 76.78)	Acc@5  93.75 ( 93.80)
[2023-03-13_16-01-32] Test: [ 610/1563]	Time  0.567 ( 0.619)	Loss 1.6458e+00 (8.8426e-01)	Acc@1  59.38 ( 76.75)	Acc@5  81.25 ( 93.78)
[2023-03-13_16-01-38] Test: [ 620/1563]	Time  0.685 ( 0.619)	Loss 8.7908e-01 (8.8328e-01)	Acc@1  84.38 ( 76.77)	Acc@5  96.88 ( 93.77)
[2023-03-13_16-01-45] Test: [ 630/1563]	Time  0.638 ( 0.619)	Loss 5.8938e-01 (8.9219e-01)	Acc@1  81.25 ( 76.57)	Acc@5  96.88 ( 93.69)
[2023-03-13_16-01-51] Test: [ 640/1563]	Time  0.574 ( 0.619)	Loss 8.3268e-01 (8.9221e-01)	Acc@1  71.88 ( 76.56)	Acc@5 100.00 ( 93.69)
[2023-03-13_16-01-57] Test: [ 650/1563]	Time  0.599 ( 0.619)	Loss 6.2362e-01 (9.0612e-01)	Acc@1  84.38 ( 76.23)	Acc@5 100.00 ( 93.55)
[2023-03-13_16-02-03] Test: [ 660/1563]	Time  0.550 ( 0.619)	Loss 1.7067e+00 (9.1009e-01)	Acc@1  59.38 ( 76.17)	Acc@5  81.25 ( 93.53)
[2023-03-13_16-02-09] Test: [ 670/1563]	Time  0.698 ( 0.619)	Loss 9.2780e-01 (9.1390e-01)	Acc@1  71.88 ( 76.08)	Acc@5  93.75 ( 93.48)
[2023-03-13_16-02-16] Test: [ 680/1563]	Time  0.615 ( 0.619)	Loss 2.2061e+00 (9.1888e-01)	Acc@1  40.62 ( 75.98)	Acc@5  81.25 ( 93.40)
[2023-03-13_16-02-22] Test: [ 690/1563]	Time  0.592 ( 0.619)	Loss 1.2714e+00 (9.2653e-01)	Acc@1  68.75 ( 75.84)	Acc@5  84.38 ( 93.29)
[2023-03-13_16-02-28] Test: [ 700/1563]	Time  0.547 ( 0.619)	Loss 1.1578e+00 (9.3406e-01)	Acc@1  71.88 ( 75.67)	Acc@5  87.50 ( 93.24)
[2023-03-13_16-02-34] Test: [ 710/1563]	Time  0.752 ( 0.619)	Loss 2.0031e+00 (9.3812e-01)	Acc@1  56.25 ( 75.60)	Acc@5  81.25 ( 93.17)
[2023-03-13_16-02-40] Test: [ 720/1563]	Time  0.657 ( 0.619)	Loss 1.4621e+00 (9.4741e-01)	Acc@1  43.75 ( 75.44)	Acc@5  93.75 ( 93.06)
[2023-03-13_16-02-47] Test: [ 730/1563]	Time  0.580 ( 0.619)	Loss 9.6102e-01 (9.5776e-01)	Acc@1  78.12 ( 75.26)	Acc@5  96.88 ( 92.93)
[2023-03-13_16-02-53] Test: [ 740/1563]	Time  0.581 ( 0.619)	Loss 1.1669e+00 (9.6432e-01)	Acc@1  71.88 ( 75.15)	Acc@5  96.88 ( 92.83)
[2023-03-13_16-02-59] Test: [ 750/1563]	Time  0.633 ( 0.619)	Loss 1.0132e+00 (9.7021e-01)	Acc@1  68.75 ( 75.05)	Acc@5  93.75 ( 92.76)
[2023-03-13_16-03-05] Test: [ 760/1563]	Time  0.631 ( 0.619)	Loss 6.4687e-01 (9.7678e-01)	Acc@1  81.25 ( 74.83)	Acc@5 100.00 ( 92.72)
[2023-03-13_16-03-11] Test: [ 770/1563]	Time  0.572 ( 0.619)	Loss 2.7445e+00 (9.9073e-01)	Acc@1  40.62 ( 74.56)	Acc@5  65.62 ( 92.55)
[2023-03-13_16-03-17] Test: [ 780/1563]	Time  0.604 ( 0.619)	Loss 3.1613e+00 (9.9819e-01)	Acc@1  28.12 ( 74.41)	Acc@5  62.50 ( 92.47)
[2023-03-13_16-03-24] Test: [ 790/1563]	Time  0.553 ( 0.619)	Loss 1.6788e+00 (1.0087e+00)	Acc@1  65.62 ( 74.21)	Acc@5  90.62 ( 92.35)
[2023-03-13_16-03-30] Test: [ 800/1563]	Time  0.713 ( 0.619)	Loss 1.1595e+00 (1.0107e+00)	Acc@1  62.50 ( 74.14)	Acc@5  93.75 ( 92.33)
[2023-03-13_16-03-36] Test: [ 810/1563]	Time  0.629 ( 0.619)	Loss 8.5774e-01 (1.0151e+00)	Acc@1  81.25 ( 74.02)	Acc@5  90.62 ( 92.27)
[2023-03-13_16-03-42] Test: [ 820/1563]	Time  0.591 ( 0.619)	Loss 1.0239e+00 (1.0207e+00)	Acc@1  78.12 ( 73.90)	Acc@5  90.62 ( 92.20)
[2023-03-13_16-03-48] Test: [ 830/1563]	Time  0.547 ( 0.619)	Loss 1.4873e+00 (1.0283e+00)	Acc@1  46.88 ( 73.72)	Acc@5  93.75 ( 92.13)
[2023-03-13_16-03-55] Test: [ 840/1563]	Time  0.740 ( 0.619)	Loss 6.4804e-01 (1.0304e+00)	Acc@1  93.75 ( 73.70)	Acc@5  96.88 ( 92.12)
[2023-03-13_16-04-01] Test: [ 850/1563]	Time  0.649 ( 0.619)	Loss 1.3747e+00 (1.0366e+00)	Acc@1  75.00 ( 73.56)	Acc@5  84.38 ( 92.04)
[2023-03-13_16-04-07] Test: [ 860/1563]	Time  0.579 ( 0.619)	Loss 8.1514e-01 (1.0365e+00)	Acc@1  78.12 ( 73.59)	Acc@5  90.62 ( 92.04)
[2023-03-13_16-04-13] Test: [ 870/1563]	Time  0.587 ( 0.619)	Loss 1.7023e+00 (1.0374e+00)	Acc@1  56.25 ( 73.62)	Acc@5  81.25 ( 92.02)
[2023-03-13_16-04-19] Test: [ 880/1563]	Time  0.612 ( 0.619)	Loss 7.5888e-01 (1.0394e+00)	Acc@1  78.12 ( 73.59)	Acc@5  96.88 ( 91.98)
[2023-03-13_16-04-26] Test: [ 890/1563]	Time  0.637 ( 0.619)	Loss 9.5821e-01 (1.0397e+00)	Acc@1  81.25 ( 73.59)	Acc@5  90.62 ( 91.98)
[2023-03-13_16-04-32] Test: [ 900/1563]	Time  0.569 ( 0.619)	Loss 4.5176e-01 (1.0391e+00)	Acc@1  84.38 ( 73.63)	Acc@5  96.88 ( 91.96)
[2023-03-13_16-04-38] Test: [ 910/1563]	Time  0.599 ( 0.619)	Loss 1.3943e+00 (1.0410e+00)	Acc@1  78.12 ( 73.60)	Acc@5  90.62 ( 91.96)
[2023-03-13_16-04-44] Test: [ 920/1563]	Time  0.551 ( 0.619)	Loss 1.7519e+00 (1.0492e+00)	Acc@1  59.38 ( 73.46)	Acc@5  81.25 ( 91.82)
[2023-03-13_16-04-50] Test: [ 930/1563]	Time  0.736 ( 0.619)	Loss 7.0125e-01 (1.0512e+00)	Acc@1  75.00 ( 73.43)	Acc@5 100.00 ( 91.77)
[2023-03-13_16-04-57] Test: [ 940/1563]	Time  0.633 ( 0.619)	Loss 1.7655e+00 (1.0621e+00)	Acc@1  56.25 ( 73.22)	Acc@5  75.00 ( 91.62)
[2023-03-13_16-05-03] Test: [ 950/1563]	Time  0.591 ( 0.619)	Loss 1.5067e+00 (1.0599e+00)	Acc@1  68.75 ( 73.31)	Acc@5  78.12 ( 91.62)
[2023-03-13_16-05-09] Test: [ 960/1563]	Time  0.547 ( 0.619)	Loss 6.9003e-01 (1.0592e+00)	Acc@1  78.12 ( 73.34)	Acc@5  96.88 ( 91.62)
[2023-03-13_16-05-15] Test: [ 970/1563]	Time  0.741 ( 0.619)	Loss 8.9362e-01 (1.0650e+00)	Acc@1  65.62 ( 73.18)	Acc@5  96.88 ( 91.56)
[2023-03-13_16-05-21] Test: [ 980/1563]	Time  0.649 ( 0.619)	Loss 7.8348e-01 (1.0714e+00)	Acc@1  75.00 ( 73.05)	Acc@5  90.62 ( 91.45)
[2023-03-13_16-05-27] Test: [ 990/1563]	Time  0.577 ( 0.619)	Loss 3.2622e+00 (1.0773e+00)	Acc@1  34.38 ( 72.95)	Acc@5  56.25 ( 91.35)
[2023-03-13_16-05-34] Test: [1000/1563]	Time  0.593 ( 0.619)	Loss 3.4331e-01 (1.0806e+00)	Acc@1  87.50 ( 72.79)	Acc@5 100.00 ( 91.33)
[2023-03-13_16-05-40] Test: [1010/1563]	Time  0.610 ( 0.619)	Loss 1.2523e+00 (1.0811e+00)	Acc@1  78.12 ( 72.81)	Acc@5  87.50 ( 91.31)
[2023-03-13_16-05-46] Test: [1020/1563]	Time  0.653 ( 0.619)	Loss 2.3283e+00 (1.0900e+00)	Acc@1  56.25 ( 72.65)	Acc@5  84.38 ( 91.20)
[2023-03-13_16-05-52] Test: [1030/1563]	Time  0.583 ( 0.619)	Loss 7.0573e-01 (1.0944e+00)	Acc@1  81.25 ( 72.56)	Acc@5  90.62 ( 91.18)
[2023-03-13_16-05-58] Test: [1040/1563]	Time  0.597 ( 0.619)	Loss 1.6856e+00 (1.0997e+00)	Acc@1  62.50 ( 72.41)	Acc@5  81.25 ( 91.13)
[2023-03-13_16-06-04] Test: [1050/1563]	Time  0.549 ( 0.619)	Loss 4.8041e-01 (1.0964e+00)	Acc@1  90.62 ( 72.48)	Acc@5  93.75 ( 91.17)
[2023-03-13_16-06-11] Test: [1060/1563]	Time  0.749 ( 0.619)	Loss 1.7287e+00 (1.1051e+00)	Acc@1  71.88 ( 72.32)	Acc@5  75.00 ( 91.04)
[2023-03-13_16-06-17] Test: [1070/1563]	Time  0.642 ( 0.619)	Loss 3.2218e-01 (1.1070e+00)	Acc@1  96.88 ( 72.31)	Acc@5  96.88 ( 91.02)
[2023-03-13_16-06-23] Test: [1080/1563]	Time  0.588 ( 0.619)	Loss 2.1191e+00 (1.1094e+00)	Acc@1  50.00 ( 72.24)	Acc@5  84.38 ( 90.99)
[2023-03-13_16-06-29] Test: [1090/1563]	Time  0.567 ( 0.619)	Loss 1.2181e+00 (1.1128e+00)	Acc@1  78.12 ( 72.19)	Acc@5  90.62 ( 90.93)
[2023-03-13_16-06-35] Test: [1100/1563]	Time  0.689 ( 0.619)	Loss 5.1375e-01 (1.1122e+00)	Acc@1  78.12 ( 72.21)	Acc@5 100.00 ( 90.93)
[2023-03-13_16-06-42] Test: [1110/1563]	Time  0.640 ( 0.619)	Loss 2.4072e+00 (1.1168e+00)	Acc@1  43.75 ( 72.08)	Acc@5  78.12 ( 90.89)
[2023-03-13_16-06-48] Test: [1120/1563]	Time  0.573 ( 0.619)	Loss 1.2555e+00 (1.1177e+00)	Acc@1  78.12 ( 72.09)	Acc@5  90.62 ( 90.88)
[2023-03-13_16-06-54] Test: [1130/1563]	Time  0.595 ( 0.619)	Loss 1.5108e+00 (1.1189e+00)	Acc@1  71.88 ( 72.08)	Acc@5  78.12 ( 90.84)
[2023-03-13_16-07-00] Test: [1140/1563]	Time  0.605 ( 0.619)	Loss 1.8492e+00 (1.1232e+00)	Acc@1  59.38 ( 72.01)	Acc@5  78.12 ( 90.79)
[2023-03-13_16-07-06] Test: [1150/1563]	Time  0.651 ( 0.619)	Loss 1.1433e+00 (1.1273e+00)	Acc@1  78.12 ( 71.94)	Acc@5  84.38 ( 90.72)
[2023-03-13_16-07-13] Test: [1160/1563]	Time  0.585 ( 0.619)	Loss 1.6312e+00 (1.1295e+00)	Acc@1  56.25 ( 71.90)	Acc@5  87.50 ( 90.68)
[2023-03-13_16-07-19] Test: [1170/1563]	Time  0.596 ( 0.619)	Loss 2.1049e+00 (1.1334e+00)	Acc@1  50.00 ( 71.78)	Acc@5  78.12 ( 90.63)
[2023-03-13_16-07-25] Test: [1180/1563]	Time  0.548 ( 0.619)	Loss 4.3902e-01 (1.1344e+00)	Acc@1  90.62 ( 71.75)	Acc@5  96.88 ( 90.61)
[2023-03-13_16-07-31] Test: [1190/1563]	Time  0.748 ( 0.619)	Loss 1.7368e+00 (1.1352e+00)	Acc@1  59.38 ( 71.73)	Acc@5  78.12 ( 90.59)
[2023-03-13_16-07-37] Test: [1200/1563]	Time  0.644 ( 0.619)	Loss 1.3405e+00 (1.1396e+00)	Acc@1  81.25 ( 71.66)	Acc@5  84.38 ( 90.53)
[2023-03-13_16-07-43] Test: [1210/1563]	Time  0.589 ( 0.619)	Loss 1.2869e+00 (1.1418e+00)	Acc@1  65.62 ( 71.62)	Acc@5  87.50 ( 90.49)
[2023-03-13_16-07-50] Test: [1220/1563]	Time  0.549 ( 0.619)	Loss 2.7117e-01 (1.1430e+00)	Acc@1  90.62 ( 71.60)	Acc@5 100.00 ( 90.48)
[2023-03-13_16-07-56] Test: [1230/1563]	Time  0.713 ( 0.619)	Loss 2.0191e+00 (1.1472e+00)	Acc@1  53.12 ( 71.50)	Acc@5  78.12 ( 90.41)
[2023-03-13_16-08-02] Test: [1240/1563]	Time  0.644 ( 0.619)	Loss 1.4375e+00 (1.1502e+00)	Acc@1  65.62 ( 71.45)	Acc@5  87.50 ( 90.37)
[2023-03-13_16-08-08] Test: [1250/1563]	Time  0.577 ( 0.619)	Loss 5.5861e-01 (1.1539e+00)	Acc@1  87.50 ( 71.39)	Acc@5  93.75 ( 90.31)
[2023-03-13_16-08-14] Test: [1260/1563]	Time  0.596 ( 0.619)	Loss 1.8408e+00 (1.1519e+00)	Acc@1  65.62 ( 71.46)	Acc@5  78.12 ( 90.34)
[2023-03-13_16-08-20] Test: [1270/1563]	Time  0.586 ( 0.619)	Loss 1.9514e+00 (1.1549e+00)	Acc@1  53.12 ( 71.36)	Acc@5  78.12 ( 90.31)
[2023-03-13_16-08-27] Test: [1280/1563]	Time  0.681 ( 0.619)	Loss 1.7022e+00 (1.1575e+00)	Acc@1  68.75 ( 71.30)	Acc@5  90.62 ( 90.29)
[2023-03-13_16-08-33] Test: [1290/1563]	Time  0.600 ( 0.619)	Loss 1.9002e+00 (1.1580e+00)	Acc@1  65.62 ( 71.31)	Acc@5  81.25 ( 90.26)
[2023-03-13_16-08-39] Test: [1300/1563]	Time  0.597 ( 0.619)	Loss 7.2274e-01 (1.1603e+00)	Acc@1  81.25 ( 71.29)	Acc@5  90.62 ( 90.25)
[2023-03-13_16-08-45] Test: [1310/1563]	Time  0.548 ( 0.619)	Loss 2.0244e+00 (1.1684e+00)	Acc@1  43.75 ( 71.11)	Acc@5  87.50 ( 90.15)
[2023-03-13_16-08-52] Test: [1320/1563]	Time  0.764 ( 0.619)	Loss 2.3335e+00 (1.1721e+00)	Acc@1  43.75 ( 71.03)	Acc@5  87.50 ( 90.10)
[2023-03-13_16-08-58] Test: [1330/1563]	Time  0.651 ( 0.619)	Loss 1.7418e+00 (1.1733e+00)	Acc@1  56.25 ( 70.98)	Acc@5  84.38 ( 90.10)
[2023-03-13_16-09-04] Test: [1340/1563]	Time  0.587 ( 0.619)	Loss 1.4680e+00 (1.1739e+00)	Acc@1  56.25 ( 70.96)	Acc@5  84.38 ( 90.08)
[2023-03-13_16-09-10] Test: [1350/1563]	Time  0.568 ( 0.619)	Loss 1.5182e+00 (1.1784e+00)	Acc@1  62.50 ( 70.87)	Acc@5  84.38 ( 90.02)
[2023-03-13_16-09-16] Test: [1360/1563]	Time  0.685 ( 0.619)	Loss 7.2311e-01 (1.1807e+00)	Acc@1  81.25 ( 70.83)	Acc@5 100.00 ( 90.00)
[2023-03-13_16-09-23] Test: [1370/1563]	Time  0.638 ( 0.619)	Loss 1.1429e+00 (1.1804e+00)	Acc@1  65.62 ( 70.80)	Acc@5  87.50 ( 90.01)
[2023-03-13_16-09-29] Test: [1380/1563]	Time  0.574 ( 0.619)	Loss 2.0714e+00 (1.1821e+00)	Acc@1  46.88 ( 70.75)	Acc@5  75.00 ( 89.98)
[2023-03-13_16-09-35] Test: [1390/1563]	Time  0.594 ( 0.619)	Loss 8.4654e-01 (1.1847e+00)	Acc@1  81.25 ( 70.71)	Acc@5  96.88 ( 89.96)
[2023-03-13_16-09-41] Test: [1400/1563]	Time  0.605 ( 0.619)	Loss 5.4007e-01 (1.1845e+00)	Acc@1  90.62 ( 70.69)	Acc@5  96.88 ( 89.97)
[2023-03-13_16-09-47] Test: [1410/1563]	Time  0.652 ( 0.619)	Loss 1.5294e+00 (1.1874e+00)	Acc@1  53.12 ( 70.62)	Acc@5  84.38 ( 89.93)
[2023-03-13_16-09-53] Test: [1420/1563]	Time  0.584 ( 0.619)	Loss 1.8572e+00 (1.1926e+00)	Acc@1  43.75 ( 70.51)	Acc@5  90.62 ( 89.89)
[2023-03-13_16-10-00] Test: [1430/1563]	Time  0.596 ( 0.619)	Loss 2.5168e-01 (1.1929e+00)	Acc@1  87.50 ( 70.48)	Acc@5 100.00 ( 89.91)
[2023-03-13_16-10-06] Test: [1440/1563]	Time  0.548 ( 0.619)	Loss 2.2875e+00 (1.1936e+00)	Acc@1  37.50 ( 70.48)	Acc@5  84.38 ( 89.91)
[2023-03-13_16-10-12] Test: [1450/1563]	Time  0.749 ( 0.619)	Loss 1.2171e+00 (1.1939e+00)	Acc@1  65.62 ( 70.45)	Acc@5  93.75 ( 89.92)
[2023-03-13_16-10-18] Test: [1460/1563]	Time  0.643 ( 0.619)	Loss 7.8723e-01 (1.1936e+00)	Acc@1  81.25 ( 70.46)	Acc@5  93.75 ( 89.91)
[2023-03-13_16-10-24] Test: [1470/1563]	Time  0.586 ( 0.619)	Loss 5.4017e-01 (1.1912e+00)	Acc@1  90.62 ( 70.51)	Acc@5 100.00 ( 89.95)
[2023-03-13_16-10-30] Test: [1480/1563]	Time  0.566 ( 0.619)	Loss 1.5410e+00 (1.1893e+00)	Acc@1  40.62 ( 70.54)	Acc@5  96.88 ( 89.98)
[2023-03-13_16-10-37] Test: [1490/1563]	Time  0.675 ( 0.619)	Loss 5.5881e-01 (1.1885e+00)	Acc@1  84.38 ( 70.57)	Acc@5 100.00 ( 90.00)
[2023-03-13_16-10-43] Test: [1500/1563]	Time  0.638 ( 0.619)	Loss 1.9119e+00 (1.1862e+00)	Acc@1  50.00 ( 70.64)	Acc@5  75.00 ( 90.01)
[2023-03-13_16-10-49] Test: [1510/1563]	Time  0.574 ( 0.619)	Loss 1.8461e+00 (1.1898e+00)	Acc@1  50.00 ( 70.57)	Acc@5  87.50 ( 89.95)
[2023-03-13_16-10-55] Test: [1520/1563]	Time  0.601 ( 0.619)	Loss 1.0746e+00 (1.1928e+00)	Acc@1  71.88 ( 70.49)	Acc@5 100.00 ( 89.91)
[2023-03-13_16-11-01] Test: [1530/1563]	Time  0.551 ( 0.619)	Loss 1.2133e+00 (1.1963e+00)	Acc@1  43.75 ( 70.39)	Acc@5  93.75 ( 89.90)
[2023-03-13_16-11-08] Test: [1540/1563]	Time  0.697 ( 0.619)	Loss 8.2422e-02 (1.1944e+00)	Acc@1 100.00 ( 70.46)	Acc@5 100.00 ( 89.91)
[2023-03-13_16-11-14] Test: [1550/1563]	Time  0.604 ( 0.619)	Loss 9.8725e-01 (1.1907e+00)	Acc@1  81.25 ( 70.53)	Acc@5  90.62 ( 89.94)
[2023-03-13_16-11-20] Test: [1560/1563]	Time  0.592 ( 0.619)	Loss 1.3829e+00 (1.1874e+00)	Acc@1  46.88 ( 70.59)	Acc@5  90.62 ( 89.98)
[2023-03-13_16-11-21]  * Acc@1 70.552 Acc@5 89.964
