[2023-03-13_17-08-37] main.py --action QUANTIZE --arch resnet50_imagenet --batch_size 32 --gpu 0 --x_bits 5 --w_bits 8

[2023-03-13_17-08-37] desc=None, x_bits=5, w_bits=8
[2023-03-13_17-08-37] __init__: arch=resnet50, dataset=imagenet, model_chkp=None, pretrained=True
[2023-03-13_17-08-38] train_pred: epochs=1, lr=0, lr_plan=None, momentum=0.9, wd=0.0005, batch_size=32, optimizer=SGD
[2023-03-13_17-08-38] lr=0, running train steps with no_grad()
[2023-03-13_17-08-40] Epoch: [0][    0/40037]	Time  1.318 ( 1.318)	Data  0.518 ( 0.518)	Loss 2.3856e+00 (2.3856e+00)	Acc@1  59.38 ( 59.38)	Acc@5  71.88 ( 71.88)
[2023-03-13_17-08-46] Epoch: [0][   10/40037]	Time  0.576 ( 0.681)	Data  0.000 ( 0.047)	Loss 2.0699e+00 (2.1376e+00)	Acc@1  53.12 ( 55.11)	Acc@5  75.00 ( 74.72)
[2023-03-13_17-08-52] Epoch: [0][   20/40037]	Time  0.596 ( 0.650)	Data  0.000 ( 0.025)	Loss 2.1517e+00 (2.0803e+00)	Acc@1  56.25 ( 56.40)	Acc@5  78.12 ( 77.23)
[2023-03-13_17-08-58] Epoch: [0][   30/40037]	Time  0.615 ( 0.639)	Data  0.000 ( 0.017)	Loss 1.7853e+00 (2.0744e+00)	Acc@1  56.25 ( 54.84)	Acc@5  84.38 ( 77.32)
[2023-03-13_17-09-05] Epoch: [0][   40/40037]	Time  0.635 ( 0.639)	Data  0.000 ( 0.013)	Loss 2.2603e+00 (2.0647e+00)	Acc@1  50.00 ( 54.95)	Acc@5  78.12 ( 77.90)
[2023-03-13_17-09-11] Epoch: [0][   50/40037]	Time  0.577 ( 0.635)	Data  0.000 ( 0.010)	Loss 1.8490e+00 (2.0841e+00)	Acc@1  59.38 ( 54.78)	Acc@5  81.25 ( 77.70)
[2023-03-13_17-09-17] Epoch: [0][   60/40037]	Time  0.599 ( 0.632)	Data  0.000 ( 0.009)	Loss 2.1319e+00 (2.0638e+00)	Acc@1  43.75 ( 55.07)	Acc@5  78.12 ( 78.18)
[2023-03-13_17-09-20] Test: [   0/1563]	Time  0.811 ( 0.811)	Loss 7.0845e-01 (7.0845e-01)	Acc@1  87.50 ( 87.50)	Acc@5  90.62 ( 90.62)
[2023-03-13_17-09-27] Test: [  10/1563]	Time  0.716 ( 0.639)	Loss 1.4577e+00 (1.2858e+00)	Acc@1  62.50 ( 66.48)	Acc@5  87.50 ( 88.07)
[2023-03-13_17-09-33] Test: [  20/1563]	Time  0.641 ( 0.634)	Loss 7.2505e-01 (1.1879e+00)	Acc@1  81.25 ( 71.13)	Acc@5  93.75 ( 89.29)
[2023-03-13_17-09-39] Test: [  30/1563]	Time  0.575 ( 0.627)	Loss 5.3005e-01 (1.1981e+00)	Acc@1  84.38 ( 71.67)	Acc@5  96.88 ( 90.02)
[2023-03-13_17-09-45] Test: [  40/1563]	Time  0.596 ( 0.624)	Loss 1.1085e+00 (1.1978e+00)	Acc@1  71.88 ( 72.79)	Acc@5  93.75 ( 90.02)
[2023-03-13_17-09-51] Test: [  50/1563]	Time  0.586 ( 0.621)	Loss 1.6030e+00 (1.2510e+00)	Acc@1  56.25 ( 71.14)	Acc@5  87.50 ( 89.22)
[2023-03-13_17-09-58] Test: [  60/1563]	Time  0.682 ( 0.623)	Loss 1.5125e+00 (1.3254e+00)	Acc@1  71.88 ( 68.65)	Acc@5  87.50 ( 88.58)
[2023-03-13_17-10-04] Test: [  70/1563]	Time  0.597 ( 0.623)	Loss 1.7515e+00 (1.3769e+00)	Acc@1  71.88 ( 66.90)	Acc@5  84.38 ( 87.63)
[2023-03-13_17-10-10] Test: [  80/1563]	Time  0.591 ( 0.621)	Loss 9.3142e-01 (1.4268e+00)	Acc@1  81.25 ( 65.78)	Acc@5  87.50 ( 86.81)
[2023-03-13_17-10-16] Test: [  90/1563]	Time  0.547 ( 0.620)	Loss 2.6680e+00 (1.5067e+00)	Acc@1  40.62 ( 63.70)	Acc@5  65.62 ( 85.82)
[2023-03-13_17-10-22] Test: [ 100/1563]	Time  0.750 ( 0.621)	Loss 2.8870e+00 (1.5840e+00)	Acc@1  31.25 ( 62.16)	Acc@5  68.75 ( 84.62)
[2023-03-13_17-10-29] Test: [ 110/1563]	Time  0.655 ( 0.621)	Loss 1.3384e+00 (1.5845e+00)	Acc@1  71.88 ( 61.54)	Acc@5  84.38 ( 84.74)
[2023-03-13_17-10-35] Test: [ 120/1563]	Time  0.579 ( 0.620)	Loss 1.3752e+00 (1.5853e+00)	Acc@1  59.38 ( 60.72)	Acc@5  93.75 ( 85.23)
[2023-03-13_17-10-41] Test: [ 130/1563]	Time  0.581 ( 0.620)	Loss 1.4714e+00 (1.5887e+00)	Acc@1  65.62 ( 61.16)	Acc@5  84.38 ( 85.11)
[2023-03-13_17-10-47] Test: [ 140/1563]	Time  0.613 ( 0.619)	Loss 1.4166e+00 (1.5624e+00)	Acc@1  71.88 ( 62.08)	Acc@5  87.50 ( 85.46)
[2023-03-13_17-10-53] Test: [ 150/1563]	Time  0.645 ( 0.620)	Loss 1.0415e+00 (1.5158e+00)	Acc@1  78.12 ( 63.31)	Acc@5  90.62 ( 85.93)
[2023-03-13_17-10-59] Test: [ 160/1563]	Time  0.584 ( 0.620)	Loss 1.0513e+00 (1.5067e+00)	Acc@1  78.12 ( 63.37)	Acc@5  90.62 ( 86.01)
[2023-03-13_17-11-06] Test: [ 170/1563]	Time  0.596 ( 0.620)	Loss 1.0213e+00 (1.5184e+00)	Acc@1  71.88 ( 63.47)	Acc@5  96.88 ( 85.84)
[2023-03-13_17-11-12] Test: [ 180/1563]	Time  0.548 ( 0.619)	Loss 1.4537e+00 (1.5288e+00)	Acc@1  59.38 ( 63.42)	Acc@5  87.50 ( 85.67)
[2023-03-13_17-11-18] Test: [ 190/1563]	Time  0.760 ( 0.620)	Loss 1.3755e+00 (1.5296e+00)	Acc@1  68.75 ( 63.22)	Acc@5  87.50 ( 85.59)
[2023-03-13_17-11-24] Test: [ 200/1563]	Time  0.658 ( 0.620)	Loss 1.5825e+00 (1.5317e+00)	Acc@1  68.75 ( 63.28)	Acc@5  81.25 ( 85.53)
[2023-03-13_17-11-30] Test: [ 210/1563]	Time  0.582 ( 0.619)	Loss 2.0286e+00 (1.5111e+00)	Acc@1  46.88 ( 63.67)	Acc@5  81.25 ( 85.78)
[2023-03-13_17-11-36] Test: [ 220/1563]	Time  0.573 ( 0.619)	Loss 1.1967e+00 (1.4871e+00)	Acc@1  65.62 ( 64.35)	Acc@5  90.62 ( 86.10)
[2023-03-13_17-11-43] Test: [ 230/1563]	Time  0.653 ( 0.619)	Loss 1.8815e+00 (1.4751e+00)	Acc@1  68.75 ( 64.75)	Acc@5  78.12 ( 86.21)
[2023-03-13_17-11-49] Test: [ 240/1563]	Time  0.634 ( 0.619)	Loss 1.9691e+00 (1.4669e+00)	Acc@1  53.12 ( 64.87)	Acc@5  78.12 ( 86.33)
[2023-03-13_17-11-55] Test: [ 250/1563]	Time  0.571 ( 0.619)	Loss 5.7325e-01 (1.4554e+00)	Acc@1  84.38 ( 65.11)	Acc@5  96.88 ( 86.55)
[2023-03-13_17-12-01] Test: [ 260/1563]	Time  0.603 ( 0.619)	Loss 1.8490e+00 (1.4557e+00)	Acc@1  40.62 ( 64.98)	Acc@5  84.38 ( 86.47)
[2023-03-13_17-12-07] Test: [ 270/1563]	Time  0.551 ( 0.618)	Loss 1.5180e+00 (1.4601e+00)	Acc@1  68.75 ( 64.75)	Acc@5  81.25 ( 86.47)
[2023-03-13_17-12-14] Test: [ 280/1563]	Time  0.726 ( 0.619)	Loss 2.2758e+00 (1.4546e+00)	Acc@1  46.88 ( 64.88)	Acc@5  75.00 ( 86.59)
[2023-03-13_17-12-20] Test: [ 290/1563]	Time  0.630 ( 0.619)	Loss 1.6013e+00 (1.4470e+00)	Acc@1  65.62 ( 65.05)	Acc@5  84.38 ( 86.68)
[2023-03-13_17-12-26] Test: [ 300/1563]	Time  0.590 ( 0.619)	Loss 1.7289e+00 (1.4471e+00)	Acc@1  46.88 ( 64.89)	Acc@5  78.12 ( 86.71)
[2023-03-13_17-12-32] Test: [ 310/1563]	Time  0.546 ( 0.618)	Loss 1.4324e+00 (1.4480e+00)	Acc@1  62.50 ( 64.75)	Acc@5  93.75 ( 86.82)
[2023-03-13_17-12-38] Test: [ 320/1563]	Time  0.741 ( 0.619)	Loss 1.5333e+00 (1.4494e+00)	Acc@1  59.38 ( 64.50)	Acc@5  81.25 ( 86.85)
[2023-03-13_17-12-45] Test: [ 330/1563]	Time  0.674 ( 0.619)	Loss 1.0458e+00 (1.4440e+00)	Acc@1  68.75 ( 64.58)	Acc@5  93.75 ( 86.99)
[2023-03-13_17-12-51] Test: [ 340/1563]	Time  0.599 ( 0.620)	Loss 8.0649e-01 (1.4337e+00)	Acc@1  81.25 ( 64.87)	Acc@5  93.75 ( 87.14)
[2023-03-13_17-12-57] Test: [ 350/1563]	Time  0.592 ( 0.620)	Loss 1.3400e+00 (1.4283e+00)	Acc@1  65.62 ( 64.95)	Acc@5  87.50 ( 87.25)
[2023-03-13_17-13-03] Test: [ 360/1563]	Time  0.582 ( 0.619)	Loss 1.6530e+00 (1.4255e+00)	Acc@1  50.00 ( 65.02)	Acc@5  87.50 ( 87.27)
[2023-03-13_17-13-10] Test: [ 370/1563]	Time  0.707 ( 0.620)	Loss 1.6054e+00 (1.4239e+00)	Acc@1  53.12 ( 65.04)	Acc@5  84.38 ( 87.33)
[2023-03-13_17-13-16] Test: [ 380/1563]	Time  0.629 ( 0.620)	Loss 1.2958e+00 (1.4314e+00)	Acc@1  78.12 ( 64.79)	Acc@5  84.38 ( 87.32)
[2023-03-13_17-13-22] Test: [ 390/1563]	Time  0.592 ( 0.620)	Loss 1.5252e+00 (1.4277e+00)	Acc@1  62.50 ( 64.79)	Acc@5  87.50 ( 87.42)
[2023-03-13_17-13-28] Test: [ 400/1563]	Time  0.547 ( 0.620)	Loss 1.1010e+00 (1.4166e+00)	Acc@1  71.88 ( 65.07)	Acc@5  93.75 ( 87.62)
[2023-03-13_17-13-35] Test: [ 410/1563]	Time  0.750 ( 0.620)	Loss 9.4624e-01 (1.4058e+00)	Acc@1  84.38 ( 65.41)	Acc@5  93.75 ( 87.77)
[2023-03-13_17-13-41] Test: [ 420/1563]	Time  0.654 ( 0.620)	Loss 9.8689e-01 (1.4066e+00)	Acc@1  81.25 ( 65.33)	Acc@5  90.62 ( 87.80)
[2023-03-13_17-13-47] Test: [ 430/1563]	Time  0.579 ( 0.620)	Loss 5.1319e-01 (1.4093e+00)	Acc@1  90.62 ( 65.31)	Acc@5  96.88 ( 87.80)
[2023-03-13_17-13-53] Test: [ 440/1563]	Time  0.587 ( 0.620)	Loss 2.1716e+00 (1.4106e+00)	Acc@1  34.38 ( 65.21)	Acc@5  87.50 ( 87.82)
[2023-03-13_17-13-59] Test: [ 450/1563]	Time  0.611 ( 0.620)	Loss 1.2453e+00 (1.4139e+00)	Acc@1  65.62 ( 65.01)	Acc@5  96.88 ( 87.87)
[2023-03-13_17-14-05] Test: [ 460/1563]	Time  0.650 ( 0.620)	Loss 7.2236e-01 (1.4077e+00)	Acc@1  84.38 ( 65.17)	Acc@5  93.75 ( 87.96)
[2023-03-13_17-14-12] Test: [ 470/1563]	Time  0.583 ( 0.620)	Loss 1.7337e+00 (1.4083e+00)	Acc@1  50.00 ( 65.21)	Acc@5  81.25 ( 87.94)
[2023-03-13_17-14-18] Test: [ 480/1563]	Time  0.596 ( 0.620)	Loss 6.3485e-01 (1.4086e+00)	Acc@1  84.38 ( 65.07)	Acc@5  93.75 ( 87.97)
[2023-03-13_17-14-24] Test: [ 490/1563]	Time  0.549 ( 0.620)	Loss 2.0632e+00 (1.4156e+00)	Acc@1  53.12 ( 64.94)	Acc@5  75.00 ( 87.86)
