[2023-03-13_13-33-03] main_our.py --action QUANTIZE --arch resnet50_imagenet --batch_size 32 --gpu 0 --x_bits 8 --w_bits 8 --boris 1

[2023-03-13_13-33-03] desc=None, x_bits=6, w_bits=6
[2023-03-13_13-33-03] __init__: arch=resnet50, dataset=imagenet, model_chkp=None, pretrained=True
[2023-03-13_13-33-04] train_pred: epochs=1, lr=0, lr_plan=None, momentum=0.9, wd=0.0005, batch_size=32, optimizer=SGD
[2023-03-13_13-33-04] lr=0, running train steps with no_grad()
[2023-03-13_13-33-05] Epoch: [0][    0/40037]	Time  1.028 ( 1.028)	Data  0.280 ( 0.280)	Loss 1.6321e+00 (1.6321e+00)	Acc@1  62.50 ( 62.50)	Acc@5  84.38 ( 84.38)
[2023-03-13_13-33-11] Epoch: [0][   10/40037]	Time  0.639 ( 0.662)	Data  0.000 ( 0.026)	Loss 1.0275e+00 (1.7085e+00)	Acc@1  78.12 ( 60.51)	Acc@5  96.88 ( 80.97)
[2023-03-13_13-33-17] Epoch: [0][   20/40037]	Time  0.594 ( 0.639)	Data  0.000 ( 0.014)	Loss 1.6144e+00 (1.7067e+00)	Acc@1  62.50 ( 60.71)	Acc@5  81.25 ( 80.51)
[2023-03-13_13-33-23] Epoch: [0][   30/40037]	Time  0.548 ( 0.631)	Data  0.000 ( 0.009)	Loss 2.1430e+00 (1.7400e+00)	Acc@1  53.12 ( 60.18)	Acc@5  65.62 ( 80.34)
[2023-03-13_13-33-29] Epoch: [0][   40/40037]	Time  0.758 ( 0.631)	Data  0.000 ( 0.007)	Loss 1.0022e+00 (1.6745e+00)	Acc@1  78.12 ( 60.59)	Acc@5  93.75 ( 82.16)
[2023-03-13_13-33-36] Epoch: [0][   50/40037]	Time  0.657 ( 0.631)	Data  0.000 ( 0.006)	Loss 1.5605e+00 (1.6744e+00)	Acc@1  62.50 ( 61.21)	Acc@5  84.38 ( 81.92)
[2023-03-13_13-33-42] Epoch: [0][   60/40037]	Time  0.586 ( 0.628)	Data  0.000 ( 0.005)	Loss 1.4330e+00 (1.6258e+00)	Acc@1  65.62 ( 62.19)	Acc@5  81.25 ( 83.04)
[2023-03-13_13-33-45] Test: [   0/1563]	Time  0.842 ( 0.842)	Loss 4.4969e-01 (4.4969e-01)	Acc@1  93.75 ( 93.75)	Acc@5  96.88 ( 96.88)
[2023-03-13_13-33-51] Test: [  10/1563]	Time  0.596 ( 0.633)	Loss 1.0350e+00 (9.3259e-01)	Acc@1  71.88 ( 76.14)	Acc@5  96.88 ( 92.90)
[2023-03-13_13-33-57] Test: [  20/1563]	Time  0.548 ( 0.620)	Loss 2.9271e-01 (8.3715e-01)	Acc@1  93.75 ( 80.36)	Acc@5  96.88 ( 93.60)
[2023-03-13_13-34-04] Test: [  30/1563]	Time  0.762 ( 0.624)	Loss 1.5612e-01 (7.9594e-01)	Acc@1  96.88 ( 81.55)	Acc@5 100.00 ( 93.95)
[2023-03-13_13-34-10] Test: [  40/1563]	Time  0.653 ( 0.624)	Loss 5.7903e-01 (7.7563e-01)	Acc@1  87.50 ( 82.32)	Acc@5 100.00 ( 93.98)
[2023-03-13_13-34-16] Test: [  50/1563]	Time  0.586 ( 0.621)	Loss 1.7425e+00 (8.4277e-01)	Acc@1  46.88 ( 79.72)	Acc@5  90.62 ( 93.63)
[2023-03-13_13-34-22] Test: [  60/1563]	Time  0.566 ( 0.619)	Loss 9.2461e-01 (9.2535e-01)	Acc@1  81.25 ( 77.25)	Acc@5  87.50 ( 92.98)
[2023-03-13_13-34-28] Test: [  70/1563]	Time  0.664 ( 0.619)	Loss 1.5492e+00 (9.5687e-01)	Acc@1  75.00 ( 76.01)	Acc@5  84.38 ( 92.74)
[2023-03-13_13-34-35] Test: [  80/1563]	Time  0.633 ( 0.620)	Loss 6.7245e-01 (9.8877e-01)	Acc@1  81.25 ( 74.77)	Acc@5  90.62 ( 92.36)
[2023-03-13_13-34-41] Test: [  90/1563]	Time  0.570 ( 0.620)	Loss 1.7177e+00 (1.0513e+00)	Acc@1  56.25 ( 73.15)	Acc@5  84.38 ( 91.72)
[2023-03-13_13-34-47] Test: [ 100/1563]	Time  0.604 ( 0.619)	Loss 2.2971e+00 (1.1190e+00)	Acc@1  50.00 ( 71.72)	Acc@5  78.12 ( 91.03)
[2023-03-13_13-34-53] Test: [ 110/1563]	Time  0.550 ( 0.618)	Loss 1.0851e+00 (1.1240e+00)	Acc@1  78.12 ( 71.06)	Acc@5  90.62 ( 91.08)
[2023-03-13_13-34-59] Test: [ 120/1563]	Time  0.724 ( 0.619)	Loss 1.0223e+00 (1.1280e+00)	Acc@1  68.75 ( 70.43)	Acc@5  96.88 ( 91.17)
[2023-03-13_13-35-05] Test: [ 130/1563]	Time  0.636 ( 0.619)	Loss 6.7892e-01 (1.1320e+00)	Acc@1  84.38 ( 70.73)	Acc@5  96.88 ( 91.05)
[2023-03-13_13-35-12] Test: [ 140/1563]	Time  0.588 ( 0.619)	Loss 7.4253e-01 (1.1049e+00)	Acc@1  90.62 ( 71.65)	Acc@5  90.62 ( 91.20)
[2023-03-13_13-35-18] Test: [ 150/1563]	Time  0.547 ( 0.618)	Loss 6.6208e-01 (1.0652e+00)	Acc@1  87.50 ( 72.83)	Acc@5  93.75 ( 91.45)
[2023-03-13_13-35-24] Test: [ 160/1563]	Time  0.712 ( 0.618)	Loss 3.3116e-01 (1.0541e+00)	Acc@1  90.62 ( 73.02)	Acc@5  96.88 ( 91.56)
[2023-03-13_13-35-30] Test: [ 170/1563]	Time  0.643 ( 0.619)	Loss 6.2415e-01 (1.0609e+00)	Acc@1  84.38 ( 73.23)	Acc@5  93.75 ( 91.37)
[2023-03-13_13-35-36] Test: [ 180/1563]	Time  0.572 ( 0.618)	Loss 1.1689e+00 (1.0673e+00)	Acc@1  62.50 ( 73.14)	Acc@5  96.88 ( 91.26)
[2023-03-13_13-35-42] Test: [ 190/1563]	Time  0.601 ( 0.618)	Loss 1.2010e+00 (1.0753e+00)	Acc@1  71.88 ( 72.89)	Acc@5  87.50 ( 91.26)
[2023-03-13_13-35-48] Test: [ 200/1563]	Time  0.550 ( 0.618)	Loss 9.9442e-01 (1.0801e+00)	Acc@1  75.00 ( 72.89)	Acc@5  87.50 ( 91.17)
[2023-03-13_13-35-55] Test: [ 210/1563]	Time  0.696 ( 0.618)	Loss 1.4320e+00 (1.0618e+00)	Acc@1  62.50 ( 73.31)	Acc@5  90.62 ( 91.32)
[2023-03-13_13-36-01] Test: [ 220/1563]	Time  0.616 ( 0.618)	Loss 7.9734e-01 (1.0411e+00)	Acc@1  90.62 ( 74.02)	Acc@5  93.75 ( 91.46)
[2023-03-13_13-36-07] Test: [ 230/1563]	Time  0.590 ( 0.618)	Loss 1.4142e+00 (1.0249e+00)	Acc@1  75.00 ( 74.54)	Acc@5  81.25 ( 91.50)
[2023-03-13_13-36-13] Test: [ 240/1563]	Time  0.547 ( 0.618)	Loss 1.8751e+00 (1.0261e+00)	Acc@1  68.75 ( 74.51)	Acc@5  81.25 ( 91.49)
[2023-03-13_13-36-19] Test: [ 250/1563]	Time  0.739 ( 0.618)	Loss 3.5196e-01 (1.0228e+00)	Acc@1  93.75 ( 74.61)	Acc@5  96.88 ( 91.57)
[2023-03-13_13-36-26] Test: [ 260/1563]	Time  0.647 ( 0.618)	Loss 1.7805e+00 (1.0316e+00)	Acc@1  46.88 ( 74.37)	Acc@5  93.75 ( 91.56)
[2023-03-13_13-36-32] Test: [ 270/1563]	Time  0.576 ( 0.618)	Loss 8.4890e-01 (1.0386e+00)	Acc@1  81.25 ( 74.01)	Acc@5  93.75 ( 91.51)
[2023-03-13_13-36-38] Test: [ 280/1563]	Time  0.587 ( 0.618)	Loss 1.6350e+00 (1.0379e+00)	Acc@1  56.25 ( 73.99)	Acc@5  90.62 ( 91.65)
[2023-03-13_13-36-44] Test: [ 290/1563]	Time  0.611 ( 0.618)	Loss 1.2175e+00 (1.0365e+00)	Acc@1  56.25 ( 73.98)	Acc@5  93.75 ( 91.74)
[2023-03-13_13-36-50] Test: [ 300/1563]	Time  0.651 ( 0.618)	Loss 1.2441e+00 (1.0413e+00)	Acc@1  65.62 ( 73.70)	Acc@5  90.62 ( 91.72)
[2023-03-13_13-36-57] Test: [ 310/1563]	Time  0.583 ( 0.618)	Loss 1.0645e+00 (1.0449e+00)	Acc@1  71.88 ( 73.50)	Acc@5  96.88 ( 91.78)
[2023-03-13_13-37-03] Test: [ 320/1563]	Time  0.595 ( 0.618)	Loss 1.1373e+00 (1.0494e+00)	Acc@1  71.88 ( 73.18)	Acc@5  87.50 ( 91.82)
[2023-03-13_13-37-09] Test: [ 330/1563]	Time  0.546 ( 0.618)	Loss 9.3190e-01 (1.0445e+00)	Acc@1  65.62 ( 73.31)	Acc@5  96.88 ( 91.94)
[2023-03-13_13-37-15] Test: [ 340/1563]	Time  0.762 ( 0.618)	Loss 5.3511e-01 (1.0381e+00)	Acc@1  87.50 ( 73.50)	Acc@5 100.00 ( 92.02)
[2023-03-13_13-37-21] Test: [ 350/1563]	Time  0.658 ( 0.618)	Loss 9.6748e-01 (1.0354e+00)	Acc@1  78.12 ( 73.58)	Acc@5  84.38 ( 92.09)
[2023-03-13_13-37-27] Test: [ 360/1563]	Time  0.581 ( 0.618)	Loss 1.2726e+00 (1.0375e+00)	Acc@1  46.88 ( 73.55)	Acc@5  93.75 ( 92.09)
[2023-03-13_13-37-33] Test: [ 370/1563]	Time  0.573 ( 0.618)	Loss 1.0522e+00 (1.0378e+00)	Acc@1  65.62 ( 73.47)	Acc@5  90.62 ( 92.12)
[2023-03-13_13-37-40] Test: [ 380/1563]	Time  0.656 ( 0.618)	Loss 1.0254e+00 (1.0455e+00)	Acc@1  71.88 ( 73.17)	Acc@5  93.75 ( 92.11)
[2023-03-13_13-37-46] Test: [ 390/1563]	Time  0.635 ( 0.618)	Loss 1.3021e+00 (1.0438e+00)	Acc@1  62.50 ( 73.11)	Acc@5  90.62 ( 92.16)
[2023-03-13_13-37-52] Test: [ 400/1563]	Time  0.571 ( 0.618)	Loss 7.9071e-01 (1.0343e+00)	Acc@1  81.25 ( 73.35)	Acc@5 100.00 ( 92.28)
[2023-03-13_13-37-58] Test: [ 410/1563]	Time  0.604 ( 0.618)	Loss 6.2691e-01 (1.0256e+00)	Acc@1  87.50 ( 73.63)	Acc@5  96.88 ( 92.38)
[2023-03-13_13-38-04] Test: [ 420/1563]	Time  0.552 ( 0.618)	Loss 7.8134e-01 (1.0285e+00)	Acc@1  75.00 ( 73.43)	Acc@5  96.88 ( 92.35)
[2023-03-13_13-38-11] Test: [ 430/1563]	Time  0.725 ( 0.618)	Loss 1.2678e-01 (1.0320e+00)	Acc@1 100.00 ( 73.40)	Acc@5 100.00 ( 92.33)
[2023-03-13_13-38-17] Test: [ 440/1563]	Time  0.632 ( 0.618)	Loss 1.8781e+00 (1.0351e+00)	Acc@1  37.50 ( 73.24)	Acc@5  90.62 ( 92.33)
[2023-03-13_13-38-23] Test: [ 450/1563]	Time  0.587 ( 0.618)	Loss 7.9539e-01 (1.0385e+00)	Acc@1  78.12 ( 73.12)	Acc@5 100.00 ( 92.34)
[2023-03-13_13-38-29] Test: [ 460/1563]	Time  0.547 ( 0.618)	Loss 4.5163e-01 (1.0313e+00)	Acc@1  90.62 ( 73.37)	Acc@5  96.88 ( 92.40)
[2023-03-13_13-38-35] Test: [ 470/1563]	Time  0.707 ( 0.618)	Loss 1.2266e+00 (1.0326e+00)	Acc@1  59.38 ( 73.33)	Acc@5  93.75 ( 92.40)
[2023-03-13_13-38-42] Test: [ 480/1563]	Time  0.643 ( 0.618)	Loss 4.2655e-01 (1.0340e+00)	Acc@1  90.62 ( 73.21)	Acc@5  93.75 ( 92.44)
[2023-03-13_13-38-48] Test: [ 490/1563]	Time  0.572 ( 0.618)	Loss 1.3775e+00 (1.0392e+00)	Acc@1  65.62 ( 73.09)	Acc@5  87.50 ( 92.41)
[2023-03-13_13-38-54] Test: [ 500/1563]	Time  0.601 ( 0.618)	Loss 5.0345e-01 (1.0385e+00)	Acc@1  90.62 ( 73.13)	Acc@5 100.00 ( 92.40)
[2023-03-13_13-39-00] Test: [ 510/1563]	Time  0.550 ( 0.617)	Loss 4.0125e-01 (1.0296e+00)	Acc@1  90.62 ( 73.41)	Acc@5  96.88 ( 92.47)
[2023-03-13_13-39-06] Test: [ 520/1563]	Time  0.694 ( 0.618)	Loss 2.9084e-01 (1.0264e+00)	Acc@1  93.75 ( 73.53)	Acc@5 100.00 ( 92.49)
[2023-03-13_13-39-12] Test: [ 530/1563]	Time  0.617 ( 0.618)	Loss 1.5181e-01 (1.0219e+00)	Acc@1 100.00 ( 73.71)	Acc@5 100.00 ( 92.54)
[2023-03-13_13-39-19] Test: [ 540/1563]	Time  0.590 ( 0.618)	Loss 1.4273e+00 (1.0199e+00)	Acc@1  53.12 ( 73.72)	Acc@5  87.50 ( 92.57)
[2023-03-13_13-39-25] Test: [ 550/1563]	Time  0.546 ( 0.618)	Loss 1.0760e+00 (1.0160e+00)	Acc@1  65.62 ( 73.75)	Acc@5  87.50 ( 92.60)
[2023-03-13_13-39-31] Test: [ 560/1563]	Time  0.741 ( 0.618)	Loss 1.3068e+00 (1.0208e+00)	Acc@1  59.38 ( 73.58)	Acc@5  90.62 ( 92.56)
[2023-03-13_13-39-37] Test: [ 570/1563]	Time  0.648 ( 0.618)	Loss 8.0761e-01 (1.0192e+00)	Acc@1  81.25 ( 73.60)	Acc@5  93.75 ( 92.56)
[2023-03-13_13-39-43] Test: [ 580/1563]	Time  0.576 ( 0.618)	Loss 1.8829e+00 (1.0221e+00)	Acc@1  68.75 ( 73.62)	Acc@5  81.25 ( 92.50)
[2023-03-13_13-39-49] Test: [ 590/1563]	Time  0.594 ( 0.618)	Loss 1.5157e+00 (1.0210e+00)	Acc@1  62.50 ( 73.69)	Acc@5  87.50 ( 92.49)
[2023-03-13_13-39-55] Test: [ 600/1563]	Time  0.586 ( 0.617)	Loss 7.1938e-01 (1.0257e+00)	Acc@1  84.38 ( 73.56)	Acc@5  93.75 ( 92.44)
[2023-03-13_13-40-02] Test: [ 610/1563]	Time  0.679 ( 0.618)	Loss 1.7446e+00 (1.0259e+00)	Acc@1  62.50 ( 73.58)	Acc@5  81.25 ( 92.43)
[2023-03-13_13-40-08] Test: [ 620/1563]	Time  0.598 ( 0.618)	Loss 9.3716e-01 (1.0250e+00)	Acc@1  81.25 ( 73.63)	Acc@5  96.88 ( 92.42)
[2023-03-13_13-40-14] Test: [ 630/1563]	Time  0.593 ( 0.618)	Loss 7.4522e-01 (1.0343e+00)	Acc@1  78.12 ( 73.47)	Acc@5 100.00 ( 92.30)
[2023-03-13_13-40-20] Test: [ 640/1563]	Time  0.548 ( 0.618)	Loss 9.5050e-01 (1.0336e+00)	Acc@1  71.88 ( 73.48)	Acc@5 100.00 ( 92.32)
[2023-03-13_13-40-26] Test: [ 650/1563]	Time  0.764 ( 0.618)	Loss 8.0661e-01 (1.0463e+00)	Acc@1  78.12 ( 73.17)	Acc@5  93.75 ( 92.15)
[2023-03-13_13-40-33] Test: [ 660/1563]	Time  0.655 ( 0.618)	Loss 1.6777e+00 (1.0505e+00)	Acc@1  59.38 ( 73.09)	Acc@5  78.12 ( 92.10)
[2023-03-13_13-40-39] Test: [ 670/1563]	Time  0.581 ( 0.618)	Loss 1.0407e+00 (1.0543e+00)	Acc@1  71.88 ( 73.00)	Acc@5  87.50 ( 92.03)
[2023-03-13_13-40-45] Test: [ 680/1563]	Time  0.573 ( 0.618)	Loss 2.2344e+00 (1.0606e+00)	Acc@1  37.50 ( 72.85)	Acc@5  81.25 ( 91.96)
[2023-03-13_13-40-51] Test: [ 690/1563]	Time  0.638 ( 0.618)	Loss 1.5909e+00 (1.0695e+00)	Acc@1  62.50 ( 72.66)	Acc@5  84.38 ( 91.84)
[2023-03-13_13-40-57] Test: [ 700/1563]	Time  0.641 ( 0.618)	Loss 1.3206e+00 (1.0775e+00)	Acc@1  65.62 ( 72.47)	Acc@5  84.38 ( 91.75)
[2023-03-13_13-41-04] Test: [ 710/1563]	Time  0.569 ( 0.618)	Loss 1.9388e+00 (1.0820e+00)	Acc@1  53.12 ( 72.40)	Acc@5  78.12 ( 91.68)
[2023-03-13_13-41-10] Test: [ 720/1563]	Time  0.597 ( 0.618)	Loss 1.3838e+00 (1.0927e+00)	Acc@1  56.25 ( 72.20)	Acc@5  93.75 ( 91.52)
[2023-03-13_13-41-16] Test: [ 730/1563]	Time  0.548 ( 0.617)	Loss 1.0295e+00 (1.1021e+00)	Acc@1  71.88 ( 72.04)	Acc@5  96.88 ( 91.40)
[2023-03-13_13-41-22] Test: [ 740/1563]	Time  0.744 ( 0.618)	Loss 1.1623e+00 (1.1085e+00)	Acc@1  71.88 ( 71.98)	Acc@5  90.62 ( 91.30)
[2023-03-13_13-41-28] Test: [ 750/1563]	Time  0.641 ( 0.618)	Loss 1.3017e+00 (1.1145e+00)	Acc@1  62.50 ( 71.87)	Acc@5  87.50 ( 91.20)
[2023-03-13_13-41-34] Test: [ 760/1563]	Time  0.585 ( 0.618)	Loss 8.9649e-01 (1.1208e+00)	Acc@1  81.25 ( 71.66)	Acc@5  96.88 ( 91.17)
[2023-03-13_13-41-40] Test: [ 770/1563]	Time  0.566 ( 0.618)	Loss 2.5949e+00 (1.1350e+00)	Acc@1  43.75 ( 71.40)	Acc@5  62.50 ( 90.97)
[2023-03-13_13-41-47] Test: [ 780/1563]	Time  0.673 ( 0.618)	Loss 2.9238e+00 (1.1424e+00)	Acc@1  37.50 ( 71.28)	Acc@5  62.50 ( 90.86)
[2023-03-13_13-41-53] Test: [ 790/1563]	Time  0.635 ( 0.618)	Loss 1.8376e+00 (1.1530e+00)	Acc@1  65.62 ( 71.09)	Acc@5  84.38 ( 90.72)
[2023-03-13_13-41-59] Test: [ 800/1563]	Time  0.573 ( 0.618)	Loss 1.6086e+00 (1.1550e+00)	Acc@1  59.38 ( 71.04)	Acc@5  81.25 ( 90.67)
[2023-03-13_13-42-05] Test: [ 810/1563]	Time  0.601 ( 0.618)	Loss 8.9706e-01 (1.1599e+00)	Acc@1  78.12 ( 70.87)	Acc@5  93.75 ( 90.59)
[2023-03-13_13-42-11] Test: [ 820/1563]	Time  0.550 ( 0.617)	Loss 9.7928e-01 (1.1655e+00)	Acc@1  78.12 ( 70.76)	Acc@5  87.50 ( 90.50)
[2023-03-13_13-42-18] Test: [ 830/1563]	Time  0.695 ( 0.618)	Loss 1.5191e+00 (1.1728e+00)	Acc@1  56.25 ( 70.57)	Acc@5  96.88 ( 90.41)
[2023-03-13_13-42-24] Test: [ 840/1563]	Time  0.617 ( 0.618)	Loss 6.7801e-01 (1.1747e+00)	Acc@1  84.38 ( 70.55)	Acc@5  96.88 ( 90.39)
[2023-03-13_13-42-30] Test: [ 850/1563]	Time  0.590 ( 0.618)	Loss 1.3752e+00 (1.1806e+00)	Acc@1  71.88 ( 70.42)	Acc@5  87.50 ( 90.29)
[2023-03-13_13-42-36] Test: [ 860/1563]	Time  0.545 ( 0.617)	Loss 7.4371e-01 (1.1804e+00)	Acc@1  78.12 ( 70.42)	Acc@5  90.62 ( 90.29)
[2023-03-13_13-42-42] Test: [ 870/1563]	Time  0.735 ( 0.618)	Loss 1.7320e+00 (1.1823e+00)	Acc@1  56.25 ( 70.41)	Acc@5  87.50 ( 90.27)
[2023-03-13_13-42-48] Test: [ 880/1563]	Time  0.648 ( 0.618)	Loss 1.0320e+00 (1.1851e+00)	Acc@1  71.88 ( 70.36)	Acc@5  90.62 ( 90.23)
[2023-03-13_13-42-55] Test: [ 890/1563]	Time  0.576 ( 0.618)	Loss 1.0012e+00 (1.1853e+00)	Acc@1  75.00 ( 70.37)	Acc@5  90.62 ( 90.21)
[2023-03-13_13-43-01] Test: [ 900/1563]	Time  0.595 ( 0.618)	Loss 6.0267e-01 (1.1845e+00)	Acc@1  84.38 ( 70.43)	Acc@5  96.88 ( 90.20)
[2023-03-13_13-43-07] Test: [ 910/1563]	Time  0.586 ( 0.617)	Loss 1.4210e+00 (1.1860e+00)	Acc@1  75.00 ( 70.41)	Acc@5  90.62 ( 90.21)
[2023-03-13_13-43-13] Test: [ 920/1563]	Time  0.679 ( 0.618)	Loss 2.3027e+00 (1.1952e+00)	Acc@1  43.75 ( 70.26)	Acc@5  78.12 ( 90.09)
[2023-03-13_13-43-19] Test: [ 930/1563]	Time  0.597 ( 0.618)	Loss 9.2312e-01 (1.1973e+00)	Acc@1  75.00 ( 70.22)	Acc@5  96.88 ( 90.05)
[2023-03-13_13-43-25] Test: [ 940/1563]	Time  0.589 ( 0.618)	Loss 2.0058e+00 (1.2084e+00)	Acc@1  50.00 ( 70.02)	Acc@5  68.75 ( 89.88)
[2023-03-13_13-43-32] Test: [ 950/1563]	Time  0.547 ( 0.617)	Loss 1.6735e+00 (1.2064e+00)	Acc@1  71.88 ( 70.09)	Acc@5  75.00 ( 89.89)
[2023-03-13_13-43-38] Test: [ 960/1563]	Time  0.748 ( 0.618)	Loss 9.7718e-01 (1.2062e+00)	Acc@1  78.12 ( 70.12)	Acc@5  93.75 ( 89.88)
[2023-03-13_13-43-44] Test: [ 970/1563]	Time  0.657 ( 0.618)	Loss 9.6663e-01 (1.2123e+00)	Acc@1  65.62 ( 69.97)	Acc@5  93.75 ( 89.80)
[2023-03-13_13-43-50] Test: [ 980/1563]	Time  0.579 ( 0.618)	Loss 8.2365e-01 (1.2188e+00)	Acc@1  84.38 ( 69.83)	Acc@5  93.75 ( 89.69)
[2023-03-13_13-43-56] Test: [ 990/1563]	Time  0.585 ( 0.618)	Loss 3.2112e+00 (1.2237e+00)	Acc@1  37.50 ( 69.76)	Acc@5  59.38 ( 89.60)
[2023-03-13_13-44-02] Test: [1000/1563]	Time  0.600 ( 0.617)	Loss 3.0599e-01 (1.2258e+00)	Acc@1  90.62 ( 69.63)	Acc@5 100.00 ( 89.59)
[2023-03-13_13-44-09] Test: [1010/1563]	Time  0.648 ( 0.618)	Loss 1.2821e+00 (1.2265e+00)	Acc@1  71.88 ( 69.64)	Acc@5  87.50 ( 89.56)
[2023-03-13_13-44-15] Test: [1020/1563]	Time  0.583 ( 0.618)	Loss 2.6287e+00 (1.2366e+00)	Acc@1  46.88 ( 69.45)	Acc@5  75.00 ( 89.40)
[2023-03-13_13-44-21] Test: [1030/1563]	Time  0.597 ( 0.618)	Loss 8.8236e-01 (1.2408e+00)	Acc@1  81.25 ( 69.35)	Acc@5  93.75 ( 89.38)
[2023-03-13_13-44-27] Test: [1040/1563]	Time  0.549 ( 0.617)	Loss 1.9829e+00 (1.2461e+00)	Acc@1  50.00 ( 69.19)	Acc@5  78.12 ( 89.33)
[2023-03-13_13-44-33] Test: [1050/1563]	Time  0.762 ( 0.618)	Loss 5.9042e-01 (1.2436e+00)	Acc@1  90.62 ( 69.25)	Acc@5  93.75 ( 89.36)
[2023-03-13_13-44-40] Test: [1060/1563]	Time  0.655 ( 0.618)	Loss 1.8493e+00 (1.2515e+00)	Acc@1  65.62 ( 69.11)	Acc@5  75.00 ( 89.24)
[2023-03-13_13-44-46] Test: [1070/1563]	Time  0.581 ( 0.618)	Loss 4.3051e-01 (1.2536e+00)	Acc@1  93.75 ( 69.06)	Acc@5  96.88 ( 89.22)
[2023-03-13_13-44-52] Test: [1080/1563]	Time  0.573 ( 0.617)	Loss 2.1451e+00 (1.2562e+00)	Acc@1  50.00 ( 69.00)	Acc@5  87.50 ( 89.19)
[2023-03-13_13-44-58] Test: [1090/1563]	Time  0.655 ( 0.617)	Loss 1.2896e+00 (1.2597e+00)	Acc@1  71.88 ( 68.95)	Acc@5  93.75 ( 89.15)
[2023-03-13_13-45-04] Test: [1100/1563]	Time  0.632 ( 0.618)	Loss 5.4122e-01 (1.2592e+00)	Acc@1  84.38 ( 68.97)	Acc@5 100.00 ( 89.14)
[2023-03-13_13-45-10] Test: [1110/1563]	Time  0.571 ( 0.618)	Loss 2.6734e+00 (1.2635e+00)	Acc@1  31.25 ( 68.86)	Acc@5  71.88 ( 89.12)
[2023-03-13_13-45-17] Test: [1120/1563]	Time  0.604 ( 0.618)	Loss 1.3314e+00 (1.2647e+00)	Acc@1  71.88 ( 68.86)	Acc@5  87.50 ( 89.09)
[2023-03-13_13-45-23] Test: [1130/1563]	Time  0.551 ( 0.617)	Loss 1.8433e+00 (1.2656e+00)	Acc@1  68.75 ( 68.87)	Acc@5  81.25 ( 89.08)
[2023-03-13_13-45-29] Test: [1140/1563]	Time  0.724 ( 0.618)	Loss 2.0837e+00 (1.2702e+00)	Acc@1  53.12 ( 68.78)	Acc@5  78.12 ( 89.01)
[2023-03-13_13-45-35] Test: [1150/1563]	Time  0.636 ( 0.618)	Loss 1.3265e+00 (1.2747e+00)	Acc@1  75.00 ( 68.70)	Acc@5  84.38 ( 88.92)
[2023-03-13_13-45-41] Test: [1160/1563]	Time  0.588 ( 0.618)	Loss 1.6637e+00 (1.2771e+00)	Acc@1  59.38 ( 68.67)	Acc@5  84.38 ( 88.86)
[2023-03-13_13-45-47] Test: [1170/1563]	Time  0.548 ( 0.617)	Loss 2.1032e+00 (1.2812e+00)	Acc@1  46.88 ( 68.53)	Acc@5  75.00 ( 88.79)
[2023-03-13_13-45-54] Test: [1180/1563]	Time  0.708 ( 0.617)	Loss 4.8245e-01 (1.2819e+00)	Acc@1  90.62 ( 68.53)	Acc@5  93.75 ( 88.76)
[2023-03-13_13-46-00] Test: [1190/1563]	Time  0.641 ( 0.618)	Loss 1.9104e+00 (1.2831e+00)	Acc@1  59.38 ( 68.50)	Acc@5  68.75 ( 88.74)
[2023-03-13_13-46-06] Test: [1200/1563]	Time  0.573 ( 0.618)	Loss 1.6727e+00 (1.2876e+00)	Acc@1  75.00 ( 68.41)	Acc@5  81.25 ( 88.67)
[2023-03-13_13-46-12] Test: [1210/1563]	Time  0.600 ( 0.618)	Loss 1.3219e+00 (1.2893e+00)	Acc@1  71.88 ( 68.40)	Acc@5  84.38 ( 88.66)
[2023-03-13_13-46-18] Test: [1220/1563]	Time  0.550 ( 0.617)	Loss 4.0895e-01 (1.2903e+00)	Acc@1  87.50 ( 68.38)	Acc@5 100.00 ( 88.64)
[2023-03-13_13-46-25] Test: [1230/1563]	Time  0.697 ( 0.618)	Loss 2.4002e+00 (1.2952e+00)	Acc@1  43.75 ( 68.27)	Acc@5  71.88 ( 88.57)
[2023-03-13_13-46-31] Test: [1240/1563]	Time  0.618 ( 0.618)	Loss 1.8183e+00 (1.2989e+00)	Acc@1  53.12 ( 68.18)	Acc@5  78.12 ( 88.52)
[2023-03-13_13-46-37] Test: [1250/1563]	Time  0.589 ( 0.618)	Loss 8.6860e-01 (1.3027e+00)	Acc@1  84.38 ( 68.13)	Acc@5  87.50 ( 88.45)
[2023-03-13_13-46-43] Test: [1260/1563]	Time  0.547 ( 0.617)	Loss 1.8184e+00 (1.3006e+00)	Acc@1  68.75 ( 68.19)	Acc@5  75.00 ( 88.48)
[2023-03-13_13-46-49] Test: [1270/1563]	Time  0.740 ( 0.617)	Loss 2.0125e+00 (1.3029e+00)	Acc@1  50.00 ( 68.13)	Acc@5  75.00 ( 88.44)
[2023-03-13_13-46-55] Test: [1280/1563]	Time  0.651 ( 0.618)	Loss 1.8770e+00 (1.3052e+00)	Acc@1  65.62 ( 68.08)	Acc@5  87.50 ( 88.42)
[2023-03-13_13-47-02] Test: [1290/1563]	Time  0.577 ( 0.618)	Loss 2.0655e+00 (1.3062e+00)	Acc@1  71.88 ( 68.07)	Acc@5  81.25 ( 88.40)
[2023-03-13_13-47-08] Test: [1300/1563]	Time  0.594 ( 0.617)	Loss 7.3693e-01 (1.3084e+00)	Acc@1  87.50 ( 68.07)	Acc@5  90.62 ( 88.38)
[2023-03-13_13-47-14] Test: [1310/1563]	Time  0.585 ( 0.617)	Loss 2.2554e+00 (1.3169e+00)	Acc@1  37.50 ( 67.88)	Acc@5  81.25 ( 88.27)
[2023-03-13_13-47-20] Test: [1320/1563]	Time  0.679 ( 0.618)	Loss 2.7880e+00 (1.3215e+00)	Acc@1  37.50 ( 67.77)	Acc@5  68.75 ( 88.21)
[2023-03-13_13-47-26] Test: [1330/1563]	Time  0.597 ( 0.618)	Loss 1.9440e+00 (1.3228e+00)	Acc@1  46.88 ( 67.71)	Acc@5  84.38 ( 88.20)
[2023-03-13_13-47-32] Test: [1340/1563]	Time  0.589 ( 0.617)	Loss 1.4218e+00 (1.3237e+00)	Acc@1  56.25 ( 67.71)	Acc@5  87.50 ( 88.19)
[2023-03-13_13-47-38] Test: [1350/1563]	Time  0.547 ( 0.617)	Loss 1.7794e+00 (1.3280e+00)	Acc@1  59.38 ( 67.62)	Acc@5  81.25 ( 88.12)
[2023-03-13_13-47-45] Test: [1360/1563]	Time  0.749 ( 0.618)	Loss 1.0380e+00 (1.3304e+00)	Acc@1  68.75 ( 67.56)	Acc@5  93.75 ( 88.10)
[2023-03-13_13-47-51] Test: [1370/1563]	Time  0.657 ( 0.618)	Loss 1.4089e+00 (1.3302e+00)	Acc@1  65.62 ( 67.54)	Acc@5  87.50 ( 88.10)
[2023-03-13_13-47-57] Test: [1380/1563]	Time  0.579 ( 0.618)	Loss 2.4184e+00 (1.3320e+00)	Acc@1  37.50 ( 67.49)	Acc@5  75.00 ( 88.09)
[2023-03-13_13-48-03] Test: [1390/1563]	Time  0.585 ( 0.617)	Loss 1.0713e+00 (1.3344e+00)	Acc@1  75.00 ( 67.46)	Acc@5  90.62 ( 88.04)
[2023-03-13_13-48-09] Test: [1400/1563]	Time  0.602 ( 0.617)	Loss 7.4088e-01 (1.3340e+00)	Acc@1  78.12 ( 67.45)	Acc@5  93.75 ( 88.05)
[2023-03-13_13-48-16] Test: [1410/1563]	Time  0.654 ( 0.618)	Loss 1.7973e+00 (1.3364e+00)	Acc@1  50.00 ( 67.38)	Acc@5  81.25 ( 88.01)
[2023-03-13_13-48-22] Test: [1420/1563]	Time  0.583 ( 0.618)	Loss 1.9306e+00 (1.3413e+00)	Acc@1  40.62 ( 67.28)	Acc@5  84.38 ( 87.97)
[2023-03-13_13-48-28] Test: [1430/1563]	Time  0.595 ( 0.617)	Loss 3.6682e-01 (1.3414e+00)	Acc@1  87.50 ( 67.26)	Acc@5 100.00 ( 87.99)
[2023-03-13_13-48-34] Test: [1440/1563]	Time  0.546 ( 0.617)	Loss 2.5288e+00 (1.3428e+00)	Acc@1  31.25 ( 67.24)	Acc@5  78.12 ( 87.96)
[2023-03-13_13-48-40] Test: [1450/1563]	Time  0.765 ( 0.618)	Loss 1.3091e+00 (1.3427e+00)	Acc@1  65.62 ( 67.23)	Acc@5  87.50 ( 87.98)
[2023-03-13_13-48-47] Test: [1460/1563]	Time  0.657 ( 0.618)	Loss 9.1881e-01 (1.3423e+00)	Acc@1  78.12 ( 67.26)	Acc@5  93.75 ( 87.97)
[2023-03-13_13-48-53] Test: [1470/1563]	Time  0.581 ( 0.617)	Loss 8.3096e-01 (1.3398e+00)	Acc@1  81.25 ( 67.31)	Acc@5  96.88 ( 88.02)
[2023-03-13_13-48-59] Test: [1480/1563]	Time  0.572 ( 0.617)	Loss 1.4177e+00 (1.3375e+00)	Acc@1  37.50 ( 67.34)	Acc@5  93.75 ( 88.05)
[2023-03-13_13-49-05] Test: [1490/1563]	Time  0.655 ( 0.617)	Loss 7.9756e-01 (1.3368e+00)	Acc@1  84.38 ( 67.36)	Acc@5  87.50 ( 88.05)
[2023-03-13_13-49-11] Test: [1500/1563]	Time  0.634 ( 0.618)	Loss 2.1980e+00 (1.3352e+00)	Acc@1  37.50 ( 67.41)	Acc@5  71.88 ( 88.06)
[2023-03-13_13-49-17] Test: [1510/1563]	Time  0.570 ( 0.617)	Loss 2.2276e+00 (1.3395e+00)	Acc@1  46.88 ( 67.31)	Acc@5  78.12 ( 88.00)
[2023-03-13_13-49-23] Test: [1520/1563]	Time  0.602 ( 0.617)	Loss 1.2581e+00 (1.3432e+00)	Acc@1  62.50 ( 67.22)	Acc@5  96.88 ( 87.96)
[2023-03-13_13-49-30] Test: [1530/1563]	Time  0.551 ( 0.617)	Loss 1.6488e+00 (1.3466e+00)	Acc@1  40.62 ( 67.12)	Acc@5  93.75 ( 87.95)
[2023-03-13_13-49-36] Test: [1540/1563]	Time  0.724 ( 0.617)	Loss 1.3416e-01 (1.3452e+00)	Acc@1 100.00 ( 67.17)	Acc@5 100.00 ( 87.96)
[2023-03-13_13-49-42] Test: [1550/1563]	Time  0.635 ( 0.618)	Loss 1.1716e+00 (1.3417e+00)	Acc@1  75.00 ( 67.25)	Acc@5  90.62 ( 87.99)
[2023-03-13_13-49-48] Test: [1560/1563]	Time  0.588 ( 0.617)	Loss 1.5962e+00 (1.3387e+00)	Acc@1  50.00 ( 67.30)	Acc@5  90.62 ( 88.03)
[2023-03-13_13-49-49]  * Acc@1 67.264 Acc@5 88.006
