[2023-03-13_15-11-42] main_our.py --action QUANTIZE --arch resnet50_imagenet --batch_size 32 --gpu 0 --x_bits 8 --w_bits 8 --boris 1

[2023-03-13_15-11-42] desc=None, x_bits=7, w_bits=7
[2023-03-13_15-11-42] __init__: arch=resnet50, dataset=imagenet, model_chkp=None, pretrained=True
[2023-03-13_15-11-43] train_pred: epochs=1, lr=0, lr_plan=None, momentum=0.9, wd=0.0005, batch_size=32, optimizer=SGD
[2023-03-13_15-11-43] lr=0, running train steps with no_grad()
[2023-03-13_15-11-44] Epoch: [0][    0/40037]	Time  1.143 ( 1.143)	Data  0.409 ( 0.409)	Loss 1.5482e+00 (1.5482e+00)	Acc@1  68.75 ( 68.75)	Acc@5  84.38 ( 84.38)
[2023-03-13_15-11-51] Epoch: [0][   10/40037]	Time  0.594 ( 0.671)	Data  0.005 ( 0.041)	Loss 1.5147e+00 (1.4089e+00)	Acc@1  78.12 ( 69.32)	Acc@5  81.25 ( 86.65)
[2023-03-13_15-11-57] Epoch: [0][   20/40037]	Time  0.602 ( 0.645)	Data  0.000 ( 0.023)	Loss 1.3362e+00 (1.4287e+00)	Acc@1  62.50 ( 66.07)	Acc@5  87.50 ( 87.20)
[2023-03-13_15-12-03] Epoch: [0][   30/40037]	Time  0.554 ( 0.633)	Data  0.001 ( 0.016)	Loss 1.0277e+00 (1.3532e+00)	Acc@1  75.00 ( 67.64)	Acc@5  96.88 ( 87.90)
[2023-03-13_15-12-09] Epoch: [0][   40/40037]	Time  0.664 ( 0.635)	Data  0.000 ( 0.013)	Loss 1.3849e+00 (1.3632e+00)	Acc@1  65.62 ( 67.07)	Acc@5  90.62 ( 87.88)
[2023-03-13_15-12-15] Epoch: [0][   50/40037]	Time  0.580 ( 0.632)	Data  0.001 ( 0.011)	Loss 1.2804e+00 (1.4010e+00)	Acc@1  68.75 ( 65.93)	Acc@5  84.38 ( 87.25)
[2023-03-13_15-12-22] Epoch: [0][   60/40037]	Time  0.601 ( 0.629)	Data  0.000 ( 0.009)	Loss 9.6367e-01 (1.3809e+00)	Acc@1  75.00 ( 66.80)	Acc@5  96.88 ( 87.30)
[2023-03-13_15-12-25] Test: [   0/1563]	Time  1.098 ( 1.098)	Loss 4.2440e-01 (4.2440e-01)	Acc@1  93.75 ( 93.75)	Acc@5  96.88 ( 96.88)
[2023-03-13_15-12-32] Test: [  10/1563]	Time  0.652 ( 0.666)	Loss 1.0826e+00 (8.7618e-01)	Acc@1  75.00 ( 78.12)	Acc@5  90.62 ( 93.47)
[2023-03-13_15-12-38] Test: [  20/1563]	Time  0.578 ( 0.639)	Loss 3.0716e-01 (7.8301e-01)	Acc@1  87.50 ( 81.10)	Acc@5  96.88 ( 94.49)
[2023-03-13_15-12-44] Test: [  30/1563]	Time  0.580 ( 0.630)	Loss 9.7251e-02 (7.1647e-01)	Acc@1  96.88 ( 82.76)	Acc@5 100.00 ( 94.46)
[2023-03-13_15-12-50] Test: [  40/1563]	Time  0.629 ( 0.626)	Loss 4.6494e-01 (6.9849e-01)	Acc@1  81.25 ( 83.31)	Acc@5 100.00 ( 94.74)
[2023-03-13_15-12-56] Test: [  50/1563]	Time  0.630 ( 0.627)	Loss 1.8379e+00 (7.7305e-01)	Acc@1  53.12 ( 81.31)	Acc@5  84.38 ( 94.12)
[2023-03-13_15-13-02] Test: [  60/1563]	Time  0.570 ( 0.625)	Loss 8.5880e-01 (8.4684e-01)	Acc@1  81.25 ( 78.89)	Acc@5  87.50 ( 93.65)
[2023-03-13_15-13-08] Test: [  70/1563]	Time  0.600 ( 0.623)	Loss 1.4122e+00 (8.7249e-01)	Acc@1  75.00 ( 77.95)	Acc@5  87.50 ( 93.49)
[2023-03-13_15-13-15] Test: [  80/1563]	Time  0.548 ( 0.621)	Loss 6.2138e-01 (9.0239e-01)	Acc@1  87.50 ( 76.93)	Acc@5  90.62 ( 93.25)
[2023-03-13_15-13-21] Test: [  90/1563]	Time  0.749 ( 0.623)	Loss 1.4803e+00 (9.5519e-01)	Acc@1  53.12 ( 75.52)	Acc@5  87.50 ( 92.69)
[2023-03-13_15-13-27] Test: [ 100/1563]	Time  0.644 ( 0.623)	Loss 1.9411e+00 (1.0116e+00)	Acc@1  43.75 ( 73.92)	Acc@5  81.25 ( 92.08)
[2023-03-13_15-14-16] Test: [ 110/1563]	Time  0.566 ( 1.009)	Loss 8.5511e-01 (1.0178e+00)	Acc@1  84.38 ( 73.40)	Acc@5  90.62 ( 92.09)
[2023-03-13_15-14-22] Test: [ 120/1563]	Time  0.591 ( 0.975)	Loss 9.6591e-01 (1.0197e+00)	Acc@1  75.00 ( 72.88)	Acc@5  93.75 ( 92.23)
[2023-03-13_15-14-28] Test: [ 130/1563]	Time  0.545 ( 0.947)	Loss 5.5520e-01 (1.0235e+00)	Acc@1  90.62 ( 73.16)	Acc@5  93.75 ( 92.06)
[2023-03-13_15-14-35] Test: [ 140/1563]	Time  0.758 ( 0.924)	Loss 6.9687e-01 (9.9514e-01)	Acc@1  84.38 ( 74.11)	Acc@5  93.75 ( 92.24)
[2023-03-13_15-14-41] Test: [ 150/1563]	Time  0.652 ( 0.904)	Loss 4.2530e-01 (9.5355e-01)	Acc@1  93.75 ( 75.33)	Acc@5  93.75 ( 92.55)
[2023-03-13_15-14-47] Test: [ 160/1563]	Time  0.580 ( 0.886)	Loss 1.7550e-01 (9.3936e-01)	Acc@1  96.88 ( 75.66)	Acc@5 100.00 ( 92.72)
[2023-03-13_15-14-53] Test: [ 170/1563]	Time  0.571 ( 0.870)	Loss 6.5845e-01 (9.4595e-01)	Acc@1  78.12 ( 75.77)	Acc@5 100.00 ( 92.60)
[2023-03-13_15-14-59] Test: [ 180/1563]	Time  0.654 ( 0.856)	Loss 9.4052e-01 (9.5112e-01)	Acc@1  65.62 ( 75.73)	Acc@5 100.00 ( 92.49)
[2023-03-13_15-15-05] Test: [ 190/1563]	Time  0.634 ( 0.844)	Loss 9.8153e-01 (9.5718e-01)	Acc@1  71.88 ( 75.43)	Acc@5  87.50 ( 92.44)
[2023-03-13_15-15-12] Test: [ 200/1563]	Time  0.571 ( 0.832)	Loss 1.0005e+00 (9.6113e-01)	Acc@1  75.00 ( 75.47)	Acc@5  84.38 ( 92.35)
[2023-03-13_15-15-18] Test: [ 210/1563]	Time  0.604 ( 0.822)	Loss 1.3053e+00 (9.4268e-01)	Acc@1  68.75 ( 75.99)	Acc@5  90.62 ( 92.45)
[2023-03-13_15-15-24] Test: [ 220/1563]	Time  0.553 ( 0.812)	Loss 6.7267e-01 (9.2254e-01)	Acc@1  87.50 ( 76.51)	Acc@5  90.62 ( 92.58)
[2023-03-13_15-15-30] Test: [ 230/1563]	Time  0.725 ( 0.805)	Loss 1.2911e+00 (9.0912e-01)	Acc@1  75.00 ( 76.98)	Acc@5  87.50 ( 92.68)
[2023-03-13_15-15-36] Test: [ 240/1563]	Time  0.634 ( 0.797)	Loss 1.6340e+00 (9.0980e-01)	Acc@1  68.75 ( 76.97)	Acc@5  84.38 ( 92.65)
[2023-03-13_15-15-42] Test: [ 250/1563]	Time  0.588 ( 0.790)	Loss 2.8611e-01 (9.0703e-01)	Acc@1  93.75 ( 77.05)	Acc@5  96.88 ( 92.73)
[2023-03-13_15-15-48] Test: [ 260/1563]	Time  0.549 ( 0.783)	Loss 1.5997e+00 (9.1743e-01)	Acc@1  50.00 ( 76.74)	Acc@5  90.62 ( 92.67)
[2023-03-13_15-15-55] Test: [ 270/1563]	Time  0.715 ( 0.777)	Loss 9.5581e-01 (9.2749e-01)	Acc@1  81.25 ( 76.43)	Acc@5  90.62 ( 92.62)
[2023-03-13_15-16-01] Test: [ 280/1563]	Time  0.645 ( 0.772)	Loss 1.4847e+00 (9.2733e-01)	Acc@1  56.25 ( 76.40)	Acc@5  93.75 ( 92.73)
[2023-03-13_15-16-07] Test: [ 290/1563]	Time  0.575 ( 0.766)	Loss 1.0958e+00 (9.2786e-01)	Acc@1  65.62 ( 76.44)	Acc@5  93.75 ( 92.74)
[2023-03-13_15-16-13] Test: [ 300/1563]	Time  0.603 ( 0.761)	Loss 1.0310e+00 (9.3286e-01)	Acc@1  71.88 ( 76.13)	Acc@5  93.75 ( 92.72)
[2023-03-13_15-16-19] Test: [ 310/1563]	Time  0.554 ( 0.756)	Loss 8.6947e-01 (9.3613e-01)	Acc@1  71.88 ( 75.96)	Acc@5  96.88 ( 92.77)
[2023-03-13_15-16-26] Test: [ 320/1563]	Time  0.701 ( 0.753)	Loss 1.2438e+00 (9.4010e-01)	Acc@1  62.50 ( 75.70)	Acc@5  87.50 ( 92.80)
[2023-03-13_15-16-32] Test: [ 330/1563]	Time  0.620 ( 0.749)	Loss 9.3595e-01 (9.3669e-01)	Acc@1  75.00 ( 75.81)	Acc@5  93.75 ( 92.91)
[2023-03-13_15-16-38] Test: [ 340/1563]	Time  0.595 ( 0.745)	Loss 3.5902e-01 (9.3033e-01)	Acc@1  87.50 ( 75.95)	Acc@5 100.00 ( 92.97)
[2023-03-13_15-16-44] Test: [ 350/1563]	Time  0.549 ( 0.741)	Loss 8.6401e-01 (9.2790e-01)	Acc@1  75.00 ( 76.01)	Acc@5  90.62 ( 93.03)
[2023-03-13_15-16-51] Test: [ 360/1563]	Time  0.756 ( 0.738)	Loss 1.1325e+00 (9.3018e-01)	Acc@1  56.25 ( 76.01)	Acc@5  93.75 ( 93.01)
[2023-03-13_15-16-57] Test: [ 370/1563]	Time  0.658 ( 0.735)	Loss 9.2549e-01 (9.2974e-01)	Acc@1  81.25 ( 75.99)	Acc@5  90.62 ( 93.06)
[2023-03-13_15-17-03] Test: [ 380/1563]	Time  0.581 ( 0.732)	Loss 9.2749e-01 (9.3735e-01)	Acc@1  71.88 ( 75.70)	Acc@5  90.62 ( 93.06)
[2023-03-13_15-17-09] Test: [ 390/1563]	Time  0.587 ( 0.729)	Loss 1.2935e+00 (9.3711e-01)	Acc@1  62.50 ( 75.61)	Acc@5  90.62 ( 93.10)
[2023-03-13_15-17-15] Test: [ 400/1563]	Time  0.605 ( 0.726)	Loss 8.2524e-01 (9.2850e-01)	Acc@1  81.25 ( 75.83)	Acc@5  96.88 ( 93.21)
[2023-03-13_15-17-22] Test: [ 410/1563]	Time  0.655 ( 0.724)	Loss 4.2408e-01 (9.1961e-01)	Acc@1  90.62 ( 76.13)	Acc@5 100.00 ( 93.31)
[2023-03-13_15-17-28] Test: [ 420/1563]	Time  0.587 ( 0.721)	Loss 5.7850e-01 (9.2261e-01)	Acc@1  84.38 ( 75.94)	Acc@5  96.88 ( 93.26)
[2023-03-13_15-17-34] Test: [ 430/1563]	Time  0.597 ( 0.719)	Loss 6.3909e-02 (9.2720e-01)	Acc@1 100.00 ( 75.89)	Acc@5 100.00 ( 93.24)
[2023-03-13_15-17-40] Test: [ 440/1563]	Time  0.550 ( 0.716)	Loss 1.6774e+00 (9.3065e-01)	Acc@1  43.75 ( 75.69)	Acc@5  90.62 ( 93.24)
[2023-03-13_15-17-46] Test: [ 450/1563]	Time  0.766 ( 0.714)	Loss 7.8793e-01 (9.3499e-01)	Acc@1  81.25 ( 75.58)	Acc@5 100.00 ( 93.22)
[2023-03-13_15-17-53] Test: [ 460/1563]	Time  0.657 ( 0.712)	Loss 4.0031e-01 (9.2860e-01)	Acc@1  90.62 ( 75.75)	Acc@5  96.88 ( 93.30)
[2023-03-13_15-17-59] Test: [ 470/1563]	Time  0.587 ( 0.710)	Loss 1.0548e+00 (9.3008e-01)	Acc@1  65.62 ( 75.78)	Acc@5  96.88 ( 93.27)
[2023-03-13_15-18-05] Test: [ 480/1563]	Time  0.566 ( 0.708)	Loss 2.7039e-01 (9.3075e-01)	Acc@1  96.88 ( 75.70)	Acc@5 100.00 ( 93.31)
[2023-03-13_15-18-11] Test: [ 490/1563]	Time  0.676 ( 0.706)	Loss 1.3763e+00 (9.3552e-01)	Acc@1  71.88 ( 75.57)	Acc@5  84.38 ( 93.27)
[2023-03-13_15-18-17] Test: [ 500/1563]	Time  0.637 ( 0.705)	Loss 5.0608e-01 (9.3424e-01)	Acc@1  87.50 ( 75.65)	Acc@5 100.00 ( 93.28)
[2023-03-13_15-18-24] Test: [ 510/1563]	Time  0.576 ( 0.703)	Loss 3.3988e-01 (9.2548e-01)	Acc@1  90.62 ( 75.89)	Acc@5 100.00 ( 93.35)
[2023-03-13_15-18-30] Test: [ 520/1563]	Time  0.603 ( 0.701)	Loss 1.5598e-01 (9.2355e-01)	Acc@1  96.88 ( 76.01)	Acc@5 100.00 ( 93.34)
[2023-03-13_15-18-36] Test: [ 530/1563]	Time  0.551 ( 0.700)	Loss 6.8211e-02 (9.1890e-01)	Acc@1 100.00 ( 76.18)	Acc@5 100.00 ( 93.40)
[2023-03-13_15-18-42] Test: [ 540/1563]	Time  0.698 ( 0.698)	Loss 1.3353e+00 (9.1775e-01)	Acc@1  56.25 ( 76.20)	Acc@5  93.75 ( 93.41)
[2023-03-13_15-18-48] Test: [ 550/1563]	Time  0.616 ( 0.697)	Loss 8.0556e-01 (9.1401e-01)	Acc@1  71.88 ( 76.22)	Acc@5  93.75 ( 93.43)
[2023-03-13_15-18-54] Test: [ 560/1563]	Time  0.593 ( 0.696)	Loss 1.2884e+00 (9.1868e-01)	Acc@1  65.62 ( 76.11)	Acc@5  93.75 ( 93.42)
[2023-03-13_15-19-01] Test: [ 570/1563]	Time  0.547 ( 0.694)	Loss 6.7612e-01 (9.1641e-01)	Acc@1  81.25 ( 76.13)	Acc@5  93.75 ( 93.44)
[2023-03-13_15-19-07] Test: [ 580/1563]	Time  0.739 ( 0.693)	Loss 1.9221e+00 (9.1957e-01)	Acc@1  65.62 ( 76.13)	Acc@5  87.50 ( 93.41)
[2023-03-13_15-19-13] Test: [ 590/1563]	Time  0.648 ( 0.692)	Loss 1.5942e+00 (9.1876e-01)	Acc@1  53.12 ( 76.18)	Acc@5  87.50 ( 93.40)
[2023-03-13_15-19-19] Test: [ 600/1563]	Time  0.579 ( 0.690)	Loss 5.8874e-01 (9.2376e-01)	Acc@1  90.62 ( 76.01)	Acc@5  93.75 ( 93.35)
[2023-03-13_15-19-25] Test: [ 610/1563]	Time  0.588 ( 0.689)	Loss 1.8897e+00 (9.2498e-01)	Acc@1  53.12 ( 75.98)	Acc@5  84.38 ( 93.33)
[2023-03-13_15-19-31] Test: [ 620/1563]	Time  0.611 ( 0.688)	Loss 9.3969e-01 (9.2399e-01)	Acc@1  84.38 ( 76.02)	Acc@5  96.88 ( 93.33)
[2023-03-13_15-19-38] Test: [ 630/1563]	Time  0.655 ( 0.687)	Loss 6.4757e-01 (9.3257e-01)	Acc@1  78.12 ( 75.83)	Acc@5  96.88 ( 93.23)
[2023-03-13_15-19-44] Test: [ 640/1563]	Time  0.585 ( 0.686)	Loss 8.9193e-01 (9.3268e-01)	Acc@1  65.62 ( 75.79)	Acc@5 100.00 ( 93.24)
[2023-03-13_15-19-50] Test: [ 650/1563]	Time  0.597 ( 0.685)	Loss 7.5969e-01 (9.4637e-01)	Acc@1  78.12 ( 75.45)	Acc@5 100.00 ( 93.10)
[2023-03-13_15-19-56] Test: [ 660/1563]	Time  0.549 ( 0.684)	Loss 1.6827e+00 (9.5064e-01)	Acc@1  59.38 ( 75.37)	Acc@5  78.12 ( 93.06)
[2023-03-13_15-20-03] Test: [ 670/1563]	Time  0.749 ( 0.683)	Loss 9.0299e-01 (9.5391e-01)	Acc@1  78.12 ( 75.32)	Acc@5  96.88 ( 93.02)
[2023-03-13_15-20-09] Test: [ 680/1563]	Time  0.641 ( 0.682)	Loss 2.1771e+00 (9.5916e-01)	Acc@1  50.00 ( 75.23)	Acc@5  84.38 ( 92.97)
[2023-03-13_15-20-15] Test: [ 690/1563]	Time  0.588 ( 0.681)	Loss 1.2407e+00 (9.6658e-01)	Acc@1  65.62 ( 75.09)	Acc@5  84.38 ( 92.85)
[2023-03-13_15-20-21] Test: [ 700/1563]	Time  0.550 ( 0.680)	Loss 1.1503e+00 (9.7387e-01)	Acc@1  75.00 ( 74.95)	Acc@5  87.50 ( 92.80)
[2023-03-13_15-20-27] Test: [ 710/1563]	Time  0.712 ( 0.679)	Loss 1.9646e+00 (9.7775e-01)	Acc@1  53.12 ( 74.86)	Acc@5  81.25 ( 92.72)
[2023-03-13_15-20-33] Test: [ 720/1563]	Time  0.644 ( 0.679)	Loss 1.3886e+00 (9.8742e-01)	Acc@1  53.12 ( 74.68)	Acc@5  96.88 ( 92.58)
[2023-03-13_15-20-40] Test: [ 730/1563]	Time  0.574 ( 0.678)	Loss 9.7516e-01 (9.9685e-01)	Acc@1  81.25 ( 74.52)	Acc@5  93.75 ( 92.47)
[2023-03-13_15-20-46] Test: [ 740/1563]	Time  0.602 ( 0.677)	Loss 1.1317e+00 (1.0035e+00)	Acc@1  71.88 ( 74.42)	Acc@5  96.88 ( 92.35)
[2023-03-13_15-20-52] Test: [ 750/1563]	Time  0.551 ( 0.676)	Loss 1.2192e+00 (1.0095e+00)	Acc@1  75.00 ( 74.32)	Acc@5  84.38 ( 92.25)
[2023-03-13_15-20-58] Test: [ 760/1563]	Time  0.695 ( 0.675)	Loss 7.5833e-01 (1.0161e+00)	Acc@1  78.12 ( 74.09)	Acc@5 100.00 ( 92.21)
[2023-03-13_15-21-04] Test: [ 770/1563]	Time  0.614 ( 0.675)	Loss 2.6368e+00 (1.0301e+00)	Acc@1  43.75 ( 73.82)	Acc@5  71.88 ( 92.04)
[2023-03-13_15-21-11] Test: [ 780/1563]	Time  0.592 ( 0.674)	Loss 3.1013e+00 (1.0377e+00)	Acc@1  28.12 ( 73.68)	Acc@5  68.75 ( 91.95)
[2023-03-13_15-21-17] Test: [ 790/1563]	Time  0.547 ( 0.673)	Loss 1.7427e+00 (1.0479e+00)	Acc@1  68.75 ( 73.50)	Acc@5  90.62 ( 91.85)
[2023-03-13_15-21-23] Test: [ 800/1563]	Time  0.753 ( 0.673)	Loss 1.2046e+00 (1.0497e+00)	Acc@1  59.38 ( 73.42)	Acc@5  93.75 ( 91.83)
[2023-03-13_15-21-29] Test: [ 810/1563]	Time  0.657 ( 0.672)	Loss 9.1678e-01 (1.0540e+00)	Acc@1  75.00 ( 73.28)	Acc@5  93.75 ( 91.76)
[2023-03-13_15-21-35] Test: [ 820/1563]	Time  0.578 ( 0.671)	Loss 9.9965e-01 (1.0592e+00)	Acc@1  75.00 ( 73.15)	Acc@5  90.62 ( 91.69)
[2023-03-13_15-21-41] Test: [ 830/1563]	Time  0.580 ( 0.670)	Loss 1.5118e+00 (1.0664e+00)	Acc@1  53.12 ( 72.98)	Acc@5  96.88 ( 91.63)
[2023-03-13_15-21-48] Test: [ 840/1563]	Time  0.635 ( 0.670)	Loss 7.0897e-01 (1.0690e+00)	Acc@1  87.50 ( 72.93)	Acc@5  96.88 ( 91.62)
[2023-03-13_15-21-54] Test: [ 850/1563]	Time  0.634 ( 0.669)	Loss 1.3648e+00 (1.0759e+00)	Acc@1  71.88 ( 72.75)	Acc@5  84.38 ( 91.52)
[2023-03-13_15-22-00] Test: [ 860/1563]	Time  0.569 ( 0.669)	Loss 7.0286e-01 (1.0756e+00)	Acc@1  78.12 ( 72.78)	Acc@5  90.62 ( 91.51)
[2023-03-13_15-22-06] Test: [ 870/1563]	Time  0.598 ( 0.668)	Loss 1.7912e+00 (1.0771e+00)	Acc@1  56.25 ( 72.77)	Acc@5  81.25 ( 91.49)
[2023-03-13_15-22-12] Test: [ 880/1563]	Time  0.549 ( 0.667)	Loss 6.1954e-01 (1.0792e+00)	Acc@1  87.50 ( 72.76)	Acc@5 100.00 ( 91.44)
[2023-03-13_15-22-19] Test: [ 890/1563]	Time  0.734 ( 0.667)	Loss 8.7974e-01 (1.0794e+00)	Acc@1  81.25 ( 72.77)	Acc@5  90.62 ( 91.42)
[2023-03-13_15-22-25] Test: [ 900/1563]	Time  0.633 ( 0.667)	Loss 4.3861e-01 (1.0788e+00)	Acc@1  87.50 ( 72.80)	Acc@5  96.88 ( 91.40)
[2023-03-13_15-22-31] Test: [ 910/1563]	Time  0.588 ( 0.666)	Loss 1.4232e+00 (1.0804e+00)	Acc@1  78.12 ( 72.77)	Acc@5  90.62 ( 91.40)
[2023-03-13_15-22-37] Test: [ 920/1563]	Time  0.548 ( 0.665)	Loss 1.8180e+00 (1.0888e+00)	Acc@1  59.38 ( 72.62)	Acc@5  84.38 ( 91.27)
[2023-03-13_15-22-43] Test: [ 930/1563]	Time  0.714 ( 0.665)	Loss 6.5511e-01 (1.0901e+00)	Acc@1  71.88 ( 72.60)	Acc@5 100.00 ( 91.23)
[2023-03-13_15-22-49] Test: [ 940/1563]	Time  0.643 ( 0.664)	Loss 1.7966e+00 (1.1007e+00)	Acc@1  59.38 ( 72.40)	Acc@5  78.12 ( 91.09)
[2023-03-13_15-22-56] Test: [ 950/1563]	Time  0.572 ( 0.664)	Loss 1.5220e+00 (1.0982e+00)	Acc@1  65.62 ( 72.48)	Acc@5  78.12 ( 91.09)
[2023-03-13_15-23-02] Test: [ 960/1563]	Time  0.601 ( 0.663)	Loss 7.9927e-01 (1.0981e+00)	Acc@1  75.00 ( 72.51)	Acc@5  96.88 ( 91.09)
[2023-03-13_15-23-08] Test: [ 970/1563]	Time  0.550 ( 0.663)	Loss 9.7736e-01 (1.1038e+00)	Acc@1  59.38 ( 72.36)	Acc@5  96.88 ( 91.02)
[2023-03-13_15-23-14] Test: [ 980/1563]	Time  0.693 ( 0.663)	Loss 7.4497e-01 (1.1101e+00)	Acc@1  78.12 ( 72.22)	Acc@5  90.62 ( 90.91)
[2023-03-13_15-23-20] Test: [ 990/1563]	Time  0.618 ( 0.662)	Loss 3.2600e+00 (1.1157e+00)	Acc@1  37.50 ( 72.13)	Acc@5  59.38 ( 90.82)
[2023-03-13_15-23-26] Test: [1000/1563]	Time  0.590 ( 0.662)	Loss 3.4089e-01 (1.1189e+00)	Acc@1  87.50 ( 72.00)	Acc@5 100.00 ( 90.80)
[2023-03-13_15-23-33] Test: [1010/1563]	Time  0.548 ( 0.661)	Loss 1.3334e+00 (1.1196e+00)	Acc@1  68.75 ( 72.01)	Acc@5  87.50 ( 90.78)
[2023-03-13_15-23-39] Test: [1020/1563]	Time  0.739 ( 0.661)	Loss 2.5187e+00 (1.1288e+00)	Acc@1  59.38 ( 71.86)	Acc@5  75.00 ( 90.66)
[2023-03-13_15-23-45] Test: [1030/1563]	Time  0.647 ( 0.660)	Loss 6.5259e-01 (1.1333e+00)	Acc@1  84.38 ( 71.74)	Acc@5  90.62 ( 90.62)
[2023-03-13_15-23-51] Test: [1040/1563]	Time  0.577 ( 0.660)	Loss 1.7633e+00 (1.1383e+00)	Acc@1  62.50 ( 71.60)	Acc@5  75.00 ( 90.57)
[2023-03-13_15-23-57] Test: [1050/1563]	Time  0.594 ( 0.659)	Loss 4.2084e-01 (1.1352e+00)	Acc@1  93.75 ( 71.68)	Acc@5  96.88 ( 90.62)
[2023-03-13_15-24-03] Test: [1060/1563]	Time  0.583 ( 0.659)	Loss 1.6893e+00 (1.1430e+00)	Acc@1  68.75 ( 71.55)	Acc@5  75.00 ( 90.51)
[2023-03-13_15-24-10] Test: [1070/1563]	Time  0.680 ( 0.659)	Loss 3.2699e-01 (1.1451e+00)	Acc@1  96.88 ( 71.52)	Acc@5  96.88 ( 90.48)
[2023-03-13_15-24-16] Test: [1080/1563]	Time  0.599 ( 0.658)	Loss 2.0726e+00 (1.1472e+00)	Acc@1  50.00 ( 71.45)	Acc@5  87.50 ( 90.46)
[2023-03-13_15-24-22] Test: [1090/1563]	Time  0.591 ( 0.658)	Loss 1.3260e+00 (1.1509e+00)	Acc@1  78.12 ( 71.40)	Acc@5  90.62 ( 90.41)
[2023-03-13_15-24-28] Test: [1100/1563]	Time  0.547 ( 0.657)	Loss 6.1887e-01 (1.1507e+00)	Acc@1  78.12 ( 71.42)	Acc@5 100.00 ( 90.40)
[2023-03-13_15-24-34] Test: [1110/1563]	Time  0.760 ( 0.657)	Loss 2.4588e+00 (1.1552e+00)	Acc@1  43.75 ( 71.28)	Acc@5  68.75 ( 90.35)
[2023-03-13_15-24-41] Test: [1120/1563]	Time  0.657 ( 0.657)	Loss 1.3166e+00 (1.1563e+00)	Acc@1  75.00 ( 71.28)	Acc@5  93.75 ( 90.34)
[2023-03-13_15-24-47] Test: [1130/1563]	Time  0.583 ( 0.657)	Loss 1.7574e+00 (1.1577e+00)	Acc@1  65.62 ( 71.27)	Acc@5  75.00 ( 90.31)
[2023-03-13_15-24-53] Test: [1140/1563]	Time  0.573 ( 0.656)	Loss 1.8289e+00 (1.1623e+00)	Acc@1  62.50 ( 71.19)	Acc@5  78.12 ( 90.24)
[2023-03-13_15-24-59] Test: [1150/1563]	Time  0.657 ( 0.656)	Loss 1.1325e+00 (1.1667e+00)	Acc@1  78.12 ( 71.11)	Acc@5  81.25 ( 90.17)
[2023-03-13_15-25-05] Test: [1160/1563]	Time  0.632 ( 0.656)	Loss 1.5787e+00 (1.1689e+00)	Acc@1  62.50 ( 71.08)	Acc@5  90.62 ( 90.12)
[2023-03-13_15-25-12] Test: [1170/1563]	Time  0.573 ( 0.655)	Loss 2.0565e+00 (1.1728e+00)	Acc@1  50.00 ( 70.96)	Acc@5  78.12 ( 90.07)
[2023-03-13_15-25-18] Test: [1180/1563]	Time  0.604 ( 0.655)	Loss 4.6451e-01 (1.1737e+00)	Acc@1  90.62 ( 70.94)	Acc@5  96.88 ( 90.05)
[2023-03-13_15-25-24] Test: [1190/1563]	Time  0.551 ( 0.655)	Loss 1.7514e+00 (1.1746e+00)	Acc@1  62.50 ( 70.92)	Acc@5  78.12 ( 90.02)
[2023-03-13_15-25-30] Test: [1200/1563]	Time  0.727 ( 0.654)	Loss 1.4937e+00 (1.1790e+00)	Acc@1  75.00 ( 70.83)	Acc@5  81.25 ( 89.97)
[2023-03-13_15-25-36] Test: [1210/1563]	Time  0.627 ( 0.654)	Loss 1.2146e+00 (1.1813e+00)	Acc@1  78.12 ( 70.79)	Acc@5  87.50 ( 89.92)
[2023-03-13_15-25-42] Test: [1220/1563]	Time  0.588 ( 0.654)	Loss 3.1997e-01 (1.1823e+00)	Acc@1  87.50 ( 70.76)	Acc@5 100.00 ( 89.91)
[2023-03-13_15-25-49] Test: [1230/1563]	Time  0.547 ( 0.653)	Loss 2.2699e+00 (1.1868e+00)	Acc@1  46.88 ( 70.67)	Acc@5  71.88 ( 89.84)
[2023-03-13_15-25-55] Test: [1240/1563]	Time  0.708 ( 0.653)	Loss 1.5208e+00 (1.1898e+00)	Acc@1  65.62 ( 70.61)	Acc@5  84.38 ( 89.81)
[2023-03-13_15-26-01] Test: [1250/1563]	Time  0.643 ( 0.653)	Loss 6.5508e-01 (1.1937e+00)	Acc@1  87.50 ( 70.55)	Acc@5  90.62 ( 89.75)
[2023-03-13_15-26-07] Test: [1260/1563]	Time  0.574 ( 0.653)	Loss 1.8584e+00 (1.1918e+00)	Acc@1  65.62 ( 70.60)	Acc@5  78.12 ( 89.77)
[2023-03-13_15-26-13] Test: [1270/1563]	Time  0.602 ( 0.652)	Loss 1.9173e+00 (1.1944e+00)	Acc@1  53.12 ( 70.51)	Acc@5  75.00 ( 89.73)
[2023-03-13_15-26-19] Test: [1280/1563]	Time  0.551 ( 0.652)	Loss 1.6937e+00 (1.1971e+00)	Acc@1  65.62 ( 70.45)	Acc@5  87.50 ( 89.71)
[2023-03-13_15-26-26] Test: [1290/1563]	Time  0.696 ( 0.652)	Loss 2.0433e+00 (1.1978e+00)	Acc@1  56.25 ( 70.45)	Acc@5  81.25 ( 89.70)
[2023-03-13_15-26-32] Test: [1300/1563]	Time  0.616 ( 0.652)	Loss 7.1275e-01 (1.1999e+00)	Acc@1  87.50 ( 70.45)	Acc@5  90.62 ( 89.67)
[2023-03-13_15-26-38] Test: [1310/1563]	Time  0.590 ( 0.651)	Loss 2.0569e+00 (1.2078e+00)	Acc@1  43.75 ( 70.27)	Acc@5  90.62 ( 89.56)
[2023-03-13_15-26-44] Test: [1320/1563]	Time  0.546 ( 0.651)	Loss 2.4770e+00 (1.2117e+00)	Acc@1  37.50 ( 70.17)	Acc@5  78.12 ( 89.52)
[2023-03-13_15-26-50] Test: [1330/1563]	Time  0.740 ( 0.651)	Loss 1.7623e+00 (1.2129e+00)	Acc@1  53.12 ( 70.11)	Acc@5  87.50 ( 89.52)
[2023-03-13_15-26-57] Test: [1340/1563]	Time  0.649 ( 0.651)	Loss 1.4384e+00 (1.2133e+00)	Acc@1  59.38 ( 70.11)	Acc@5  81.25 ( 89.50)
[2023-03-13_15-27-03] Test: [1350/1563]	Time  0.576 ( 0.650)	Loss 1.6033e+00 (1.2173e+00)	Acc@1  68.75 ( 70.04)	Acc@5  84.38 ( 89.45)
[2023-03-13_15-27-09] Test: [1360/1563]	Time  0.595 ( 0.650)	Loss 7.9598e-01 (1.2198e+00)	Acc@1  75.00 ( 69.97)	Acc@5 100.00 ( 89.43)
[2023-03-13_15-27-15] Test: [1370/1563]	Time  0.587 ( 0.650)	Loss 1.2342e+00 (1.2195e+00)	Acc@1  65.62 ( 69.95)	Acc@5  87.50 ( 89.43)
[2023-03-13_15-27-21] Test: [1380/1563]	Time  0.680 ( 0.650)	Loss 2.0804e+00 (1.2212e+00)	Acc@1  50.00 ( 69.90)	Acc@5  75.00 ( 89.42)
[2023-03-13_15-27-28] Test: [1390/1563]	Time  0.598 ( 0.649)	Loss 8.7646e-01 (1.2235e+00)	Acc@1  78.12 ( 69.87)	Acc@5  96.88 ( 89.39)
[2023-03-13_15-27-34] Test: [1400/1563]	Time  0.590 ( 0.649)	Loss 5.5137e-01 (1.2231e+00)	Acc@1  87.50 ( 69.86)	Acc@5  96.88 ( 89.41)
[2023-03-13_15-27-40] Test: [1410/1563]	Time  0.547 ( 0.649)	Loss 1.5621e+00 (1.2254e+00)	Acc@1  56.25 ( 69.79)	Acc@5  84.38 ( 89.38)
[2023-03-13_15-27-46] Test: [1420/1563]	Time  0.751 ( 0.649)	Loss 1.9589e+00 (1.2307e+00)	Acc@1  40.62 ( 69.68)	Acc@5  87.50 ( 89.34)
[2023-03-13_15-27-52] Test: [1430/1563]	Time  0.654 ( 0.649)	Loss 3.0232e-01 (1.2311e+00)	Acc@1  87.50 ( 69.63)	Acc@5 100.00 ( 89.35)
[2023-03-13_15-27-58] Test: [1440/1563]	Time  0.581 ( 0.648)	Loss 2.4949e+00 (1.2325e+00)	Acc@1  31.25 ( 69.62)	Acc@5  81.25 ( 89.34)
[2023-03-13_15-28-04] Test: [1450/1563]	Time  0.587 ( 0.648)	Loss 1.2908e+00 (1.2325e+00)	Acc@1  56.25 ( 69.61)	Acc@5  93.75 ( 89.35)
[2023-03-13_15-28-11] Test: [1460/1563]	Time  0.602 ( 0.648)	Loss 8.0294e-01 (1.2323e+00)	Acc@1  78.12 ( 69.62)	Acc@5  96.88 ( 89.35)
[2023-03-13_15-28-17] Test: [1470/1563]	Time  0.653 ( 0.648)	Loss 6.0234e-01 (1.2299e+00)	Acc@1  84.38 ( 69.67)	Acc@5 100.00 ( 89.39)
[2023-03-13_15-28-23] Test: [1480/1563]	Time  0.584 ( 0.647)	Loss 1.6338e+00 (1.2279e+00)	Acc@1  37.50 ( 69.69)	Acc@5 100.00 ( 89.42)
[2023-03-13_15-28-29] Test: [1490/1563]	Time  0.597 ( 0.647)	Loss 6.0489e-01 (1.2271e+00)	Acc@1  84.38 ( 69.71)	Acc@5 100.00 ( 89.43)
[2023-03-13_15-28-35] Test: [1500/1563]	Time  0.549 ( 0.647)	Loss 2.0325e+00 (1.2251e+00)	Acc@1  46.88 ( 69.77)	Acc@5  71.88 ( 89.44)
[2023-03-13_15-28-42] Test: [1510/1563]	Time  0.763 ( 0.647)	Loss 1.8339e+00 (1.2287e+00)	Acc@1  50.00 ( 69.70)	Acc@5  84.38 ( 89.38)
[2023-03-13_15-28-48] Test: [1520/1563]	Time  0.657 ( 0.647)	Loss 1.2354e+00 (1.2320e+00)	Acc@1  65.62 ( 69.63)	Acc@5  96.88 ( 89.35)
[2023-03-13_15-28-54] Test: [1530/1563]	Time  0.582 ( 0.646)	Loss 1.2046e+00 (1.2358e+00)	Acc@1  50.00 ( 69.52)	Acc@5  96.88 ( 89.34)
[2023-03-13_15-29-00] Test: [1540/1563]	Time  0.574 ( 0.646)	Loss 1.0550e-01 (1.2340e+00)	Acc@1 100.00 ( 69.58)	Acc@5 100.00 ( 89.36)
[2023-03-13_15-29-06] Test: [1550/1563]	Time  0.655 ( 0.646)	Loss 1.0431e+00 (1.2302e+00)	Acc@1  81.25 ( 69.66)	Acc@5  90.62 ( 89.39)
[2023-03-13_15-29-13] Test: [1560/1563]	Time  0.634 ( 0.646)	Loss 1.3658e+00 (1.2270e+00)	Acc@1  46.88 ( 69.71)	Acc@5  93.75 ( 89.43)
[2023-03-13_15-29-14]  * Acc@1 69.678 Acc@5 89.410
