[2023-03-13_14-06-36] main_our.py --action QUANTIZE --arch resnet50_imagenet --batch_size 32 --gpu 0 --x_bits 8 --w_bits 8 --boris 1

[2023-03-13_14-06-36] desc=None, x_bits=8, w_bits=6
[2023-03-13_14-06-36] __init__: arch=resnet50, dataset=imagenet, model_chkp=None, pretrained=True
[2023-03-13_14-06-37] train_pred: epochs=1, lr=0, lr_plan=None, momentum=0.9, wd=0.0005, batch_size=32, optimizer=SGD
[2023-03-13_14-06-37] lr=0, running train steps with no_grad()
[2023-03-13_14-06-38] Epoch: [0][    0/40037]	Time  0.823 ( 0.823)	Data  0.270 ( 0.270)	Loss 1.2827e+00 (1.2827e+00)	Acc@1  68.75 ( 68.75)	Acc@5  87.50 ( 87.50)
[2023-03-13_14-06-44] Epoch: [0][   10/40037]	Time  0.755 ( 0.654)	Data  0.000 ( 0.025)	Loss 1.5592e+00 (1.4582e+00)	Acc@1  65.62 ( 63.07)	Acc@5  84.38 ( 85.51)
[2023-03-13_14-06-51] Epoch: [0][   20/40037]	Time  0.651 ( 0.641)	Data  0.000 ( 0.013)	Loss 1.1387e+00 (1.4038e+00)	Acc@1  75.00 ( 66.37)	Acc@5  93.75 ( 87.50)
[2023-03-13_14-06-57] Epoch: [0][   30/40037]	Time  0.588 ( 0.632)	Data  0.000 ( 0.009)	Loss 1.2713e+00 (1.4089e+00)	Acc@1  65.62 ( 66.53)	Acc@5  90.62 ( 87.40)
[2023-03-13_14-07-03] Epoch: [0][   40/40037]	Time  0.569 ( 0.628)	Data  0.000 ( 0.007)	Loss 8.3830e-01 (1.3793e+00)	Acc@1  81.25 ( 67.68)	Acc@5  96.88 ( 87.96)
[2023-03-13_14-07-09] Epoch: [0][   50/40037]	Time  0.705 ( 0.627)	Data  0.000 ( 0.006)	Loss 1.5157e+00 (1.3840e+00)	Acc@1  71.88 ( 67.71)	Acc@5  87.50 ( 87.87)
[2023-03-13_14-07-16] Epoch: [0][   60/40037]	Time  0.648 ( 0.628)	Data  0.000 ( 0.005)	Loss 1.1665e+00 (1.3829e+00)	Acc@1  65.62 ( 67.57)	Acc@5  87.50 ( 87.86)
[2023-03-13_14-07-19] Test: [   0/1563]	Time  0.912 ( 0.912)	Loss 4.2664e-01 (4.2664e-01)	Acc@1  93.75 ( 93.75)	Acc@5  96.88 ( 96.88)
[2023-03-13_14-07-25] Test: [  10/1563]	Time  0.582 ( 0.644)	Loss 1.0417e+00 (8.6240e-01)	Acc@1  65.62 ( 77.56)	Acc@5  93.75 ( 93.47)
[2023-03-13_14-07-31] Test: [  20/1563]	Time  0.596 ( 0.629)	Loss 2.7660e-01 (7.5991e-01)	Acc@1  93.75 ( 80.95)	Acc@5  96.88 ( 94.49)
[2023-03-13_14-07-37] Test: [  30/1563]	Time  0.550 ( 0.622)	Loss 9.7568e-02 (7.0958e-01)	Acc@1  96.88 ( 82.06)	Acc@5 100.00 ( 94.56)
[2023-03-13_14-07-44] Test: [  40/1563]	Time  0.748 ( 0.625)	Loss 4.3878e-01 (6.8344e-01)	Acc@1  87.50 ( 83.00)	Acc@5 100.00 ( 94.89)
[2023-03-13_14-07-50] Test: [  50/1563]	Time  0.649 ( 0.624)	Loss 1.6946e+00 (7.4933e-01)	Acc@1  50.00 ( 81.00)	Acc@5  87.50 ( 94.42)
[2023-03-13_14-07-56] Test: [  60/1563]	Time  0.586 ( 0.622)	Loss 7.8548e-01 (8.1878e-01)	Acc@1  84.38 ( 78.79)	Acc@5  87.50 ( 94.01)
[2023-03-13_14-08-02] Test: [  70/1563]	Time  0.565 ( 0.621)	Loss 1.4547e+00 (8.4459e-01)	Acc@1  75.00 ( 78.12)	Acc@5  84.38 ( 93.88)
[2023-03-13_14-08-08] Test: [  80/1563]	Time  0.666 ( 0.620)	Loss 6.5695e-01 (8.7492e-01)	Acc@1  90.62 ( 77.31)	Acc@5  93.75 ( 93.52)
[2023-03-13_14-08-15] Test: [  90/1563]	Time  0.636 ( 0.621)	Loss 1.5362e+00 (9.3188e-01)	Acc@1  53.12 ( 75.72)	Acc@5  93.75 ( 92.96)
[2023-03-13_14-08-21] Test: [ 100/1563]	Time  0.577 ( 0.621)	Loss 2.1628e+00 (9.9713e-01)	Acc@1  43.75 ( 74.10)	Acc@5  81.25 ( 92.33)
[2023-03-13_14-08-27] Test: [ 110/1563]	Time  0.597 ( 0.620)	Loss 9.0160e-01 (1.0031e+00)	Acc@1  84.38 ( 73.42)	Acc@5  90.62 ( 92.34)
[2023-03-13_14-08-33] Test: [ 120/1563]	Time  0.586 ( 0.619)	Loss 8.8322e-01 (1.0056e+00)	Acc@1  75.00 ( 72.91)	Acc@5  96.88 ( 92.64)
[2023-03-13_14-08-39] Test: [ 130/1563]	Time  0.680 ( 0.620)	Loss 5.7775e-01 (1.0067e+00)	Acc@1  87.50 ( 73.28)	Acc@5  93.75 ( 92.58)
[2023-03-13_14-08-46] Test: [ 140/1563]	Time  0.598 ( 0.620)	Loss 6.5602e-01 (9.7604e-01)	Acc@1  84.38 ( 74.18)	Acc@5  93.75 ( 92.73)
[2023-03-13_14-08-52] Test: [ 150/1563]	Time  0.590 ( 0.620)	Loss 4.6488e-01 (9.3424e-01)	Acc@1  87.50 ( 75.27)	Acc@5  93.75 ( 93.03)
[2023-03-13_14-08-58] Test: [ 160/1563]	Time  0.548 ( 0.619)	Loss 1.9573e-01 (9.2119e-01)	Acc@1  96.88 ( 75.50)	Acc@5 100.00 ( 93.17)
[2023-03-13_14-09-04] Test: [ 170/1563]	Time  0.761 ( 0.620)	Loss 6.3998e-01 (9.2975e-01)	Acc@1  78.12 ( 75.64)	Acc@5 100.00 ( 93.00)
[2023-03-13_14-09-10] Test: [ 180/1563]	Time  0.656 ( 0.620)	Loss 7.6996e-01 (9.2935e-01)	Acc@1  81.25 ( 75.76)	Acc@5  96.88 ( 92.89)
[2023-03-13_14-09-16] Test: [ 190/1563]	Time  0.582 ( 0.620)	Loss 9.3287e-01 (9.3461e-01)	Acc@1  75.00 ( 75.49)	Acc@5  87.50 ( 92.88)
[2023-03-13_14-09-22] Test: [ 200/1563]	Time  0.574 ( 0.619)	Loss 9.5919e-01 (9.3687e-01)	Acc@1  75.00 ( 75.58)	Acc@5  90.62 ( 92.83)
[2023-03-13_14-09-29] Test: [ 210/1563]	Time  0.655 ( 0.619)	Loss 1.2866e+00 (9.1839e-01)	Acc@1  65.62 ( 76.04)	Acc@5  90.62 ( 92.98)
[2023-03-13_14-09-35] Test: [ 220/1563]	Time  0.634 ( 0.620)	Loss 5.9384e-01 (8.9858e-01)	Acc@1  84.38 ( 76.57)	Acc@5  93.75 ( 93.10)
[2023-03-13_14-09-41] Test: [ 230/1563]	Time  0.571 ( 0.619)	Loss 1.1592e+00 (8.8512e-01)	Acc@1  78.12 ( 77.02)	Acc@5  87.50 ( 93.17)
[2023-03-13_14-09-47] Test: [ 240/1563]	Time  0.604 ( 0.619)	Loss 1.5462e+00 (8.8587e-01)	Acc@1  71.88 ( 77.05)	Acc@5  84.38 ( 93.13)
[2023-03-13_14-09-53] Test: [ 250/1563]	Time  0.553 ( 0.619)	Loss 3.5834e-01 (8.8341e-01)	Acc@1  90.62 ( 77.17)	Acc@5  96.88 ( 93.18)
[2023-03-13_14-10-00] Test: [ 260/1563]	Time  0.724 ( 0.619)	Loss 1.5242e+00 (8.9360e-01)	Acc@1  53.12 ( 76.92)	Acc@5  93.75 ( 93.13)
[2023-03-13_14-10-06] Test: [ 270/1563]	Time  0.631 ( 0.619)	Loss 8.5370e-01 (9.0390e-01)	Acc@1  78.12 ( 76.51)	Acc@5  90.62 ( 93.07)
[2023-03-13_14-10-12] Test: [ 280/1563]	Time  0.590 ( 0.619)	Loss 1.4975e+00 (9.0240e-01)	Acc@1  62.50 ( 76.56)	Acc@5  93.75 ( 93.16)
[2023-03-13_14-10-18] Test: [ 290/1563]	Time  0.546 ( 0.619)	Loss 1.0614e+00 (9.0089e-01)	Acc@1  59.38 ( 76.60)	Acc@5  93.75 ( 93.20)
[2023-03-13_14-10-24] Test: [ 300/1563]	Time  0.742 ( 0.619)	Loss 1.0572e+00 (9.0416e-01)	Acc@1  75.00 ( 76.39)	Acc@5  93.75 ( 93.19)
[2023-03-13_14-10-31] Test: [ 310/1563]	Time  0.649 ( 0.619)	Loss 9.6384e-01 (9.0796e-01)	Acc@1  71.88 ( 76.21)	Acc@5  93.75 ( 93.21)
[2023-03-13_14-10-37] Test: [ 320/1563]	Time  0.577 ( 0.619)	Loss 1.1124e+00 (9.1163e-01)	Acc@1  75.00 ( 75.92)	Acc@5  87.50 ( 93.22)
[2023-03-13_14-10-43] Test: [ 330/1563]	Time  0.589 ( 0.619)	Loss 6.9400e-01 (9.0696e-01)	Acc@1  75.00 ( 76.09)	Acc@5  96.88 ( 93.33)
[2023-03-13_14-10-49] Test: [ 340/1563]	Time  0.610 ( 0.619)	Loss 3.4737e-01 (9.0047e-01)	Acc@1  90.62 ( 76.24)	Acc@5 100.00 ( 93.39)
[2023-03-13_14-10-55] Test: [ 350/1563]	Time  0.653 ( 0.619)	Loss 9.3138e-01 (8.9789e-01)	Acc@1  68.75 ( 76.34)	Acc@5  87.50 ( 93.43)
[2023-03-13_14-11-02] Test: [ 360/1563]	Time  0.583 ( 0.619)	Loss 1.1091e+00 (9.0155e-01)	Acc@1  56.25 ( 76.24)	Acc@5  93.75 ( 93.41)
[2023-03-13_14-11-08] Test: [ 370/1563]	Time  0.596 ( 0.619)	Loss 8.3691e-01 (9.0264e-01)	Acc@1  78.12 ( 76.16)	Acc@5  93.75 ( 93.43)
[2023-03-13_14-11-14] Test: [ 380/1563]	Time  0.549 ( 0.619)	Loss 8.9311e-01 (9.1053e-01)	Acc@1  71.88 ( 75.83)	Acc@5  93.75 ( 93.41)
[2023-03-13_14-11-20] Test: [ 390/1563]	Time  0.749 ( 0.619)	Loss 1.4057e+00 (9.1099e-01)	Acc@1  62.50 ( 75.73)	Acc@5  93.75 ( 93.45)
[2023-03-13_14-11-26] Test: [ 400/1563]	Time  0.643 ( 0.619)	Loss 8.0032e-01 (9.0315e-01)	Acc@1  78.12 ( 75.92)	Acc@5  96.88 ( 93.56)
[2023-03-13_14-11-32] Test: [ 410/1563]	Time  0.585 ( 0.619)	Loss 4.6776e-01 (8.9536e-01)	Acc@1  93.75 ( 76.19)	Acc@5  96.88 ( 93.64)
[2023-03-13_14-11-38] Test: [ 420/1563]	Time  0.565 ( 0.619)	Loss 6.4560e-01 (8.9746e-01)	Acc@1  78.12 ( 76.04)	Acc@5 100.00 ( 93.62)
[2023-03-13_14-11-45] Test: [ 430/1563]	Time  0.666 ( 0.619)	Loss 7.4946e-02 (9.0246e-01)	Acc@1 100.00 ( 76.02)	Acc@5 100.00 ( 93.59)
[2023-03-13_14-11-51] Test: [ 440/1563]	Time  0.632 ( 0.619)	Loss 1.7865e+00 (9.0581e-01)	Acc@1  37.50 ( 75.79)	Acc@5  87.50 ( 93.61)
[2023-03-13_14-11-57] Test: [ 450/1563]	Time  0.572 ( 0.619)	Loss 6.5935e-01 (9.0885e-01)	Acc@1  84.38 ( 75.69)	Acc@5 100.00 ( 93.60)
[2023-03-13_14-12-03] Test: [ 460/1563]	Time  0.603 ( 0.619)	Loss 3.7191e-01 (9.0252e-01)	Acc@1  90.62 ( 75.87)	Acc@5  96.88 ( 93.67)
[2023-03-13_14-12-09] Test: [ 470/1563]	Time  0.554 ( 0.618)	Loss 9.6681e-01 (9.0369e-01)	Acc@1  65.62 ( 75.92)	Acc@5  96.88 ( 93.64)
[2023-03-13_14-12-16] Test: [ 480/1563]	Time  0.727 ( 0.619)	Loss 2.7899e-01 (9.0365e-01)	Acc@1  90.62 ( 75.85)	Acc@5 100.00 ( 93.69)
[2023-03-13_14-12-22] Test: [ 490/1563]	Time  0.630 ( 0.619)	Loss 1.3030e+00 (9.0877e-01)	Acc@1  68.75 ( 75.72)	Acc@5  87.50 ( 93.67)
[2023-03-13_14-12-28] Test: [ 500/1563]	Time  0.590 ( 0.619)	Loss 5.2999e-01 (9.0827e-01)	Acc@1  84.38 ( 75.76)	Acc@5 100.00 ( 93.68)
[2023-03-13_14-12-34] Test: [ 510/1563]	Time  0.547 ( 0.618)	Loss 3.4526e-01 (8.9968e-01)	Acc@1  87.50 ( 76.02)	Acc@5 100.00 ( 93.74)
[2023-03-13_14-12-40] Test: [ 520/1563]	Time  0.740 ( 0.619)	Loss 1.5046e-01 (8.9653e-01)	Acc@1  96.88 ( 76.12)	Acc@5 100.00 ( 93.74)
[2023-03-13_14-12-47] Test: [ 530/1563]	Time  0.651 ( 0.619)	Loss 8.5087e-02 (8.9208e-01)	Acc@1 100.00 ( 76.29)	Acc@5 100.00 ( 93.79)
[2023-03-13_14-12-53] Test: [ 540/1563]	Time  0.578 ( 0.619)	Loss 1.4163e+00 (8.9128e-01)	Acc@1  62.50 ( 76.30)	Acc@5  93.75 ( 93.80)
[2023-03-13_14-12-59] Test: [ 550/1563]	Time  0.588 ( 0.619)	Loss 8.8073e-01 (8.8854e-01)	Acc@1  68.75 ( 76.32)	Acc@5  96.88 ( 93.82)
[2023-03-13_14-13-05] Test: [ 560/1563]	Time  0.611 ( 0.618)	Loss 1.2844e+00 (8.9338e-01)	Acc@1  65.62 ( 76.21)	Acc@5  96.88 ( 93.80)
[2023-03-13_14-13-11] Test: [ 570/1563]	Time  0.650 ( 0.619)	Loss 7.0366e-01 (8.9117e-01)	Acc@1  81.25 ( 76.26)	Acc@5  93.75 ( 93.81)
[2023-03-13_14-13-18] Test: [ 580/1563]	Time  0.584 ( 0.619)	Loss 1.9304e+00 (8.9447e-01)	Acc@1  62.50 ( 76.27)	Acc@5  87.50 ( 93.76)
[2023-03-13_14-13-24] Test: [ 590/1563]	Time  0.597 ( 0.619)	Loss 1.5048e+00 (8.9398e-01)	Acc@1  59.38 ( 76.31)	Acc@5  87.50 ( 93.74)
[2023-03-13_14-13-30] Test: [ 600/1563]	Time  0.549 ( 0.618)	Loss 5.8057e-01 (8.9913e-01)	Acc@1  90.62 ( 76.19)	Acc@5  93.75 ( 93.68)
[2023-03-13_14-13-36] Test: [ 610/1563]	Time  0.748 ( 0.619)	Loss 1.7331e+00 (9.0022e-01)	Acc@1  59.38 ( 76.18)	Acc@5  84.38 ( 93.67)
[2023-03-13_14-13-42] Test: [ 620/1563]	Time  0.642 ( 0.619)	Loss 9.0489e-01 (8.9902e-01)	Acc@1  84.38 ( 76.20)	Acc@5  96.88 ( 93.67)
[2023-03-13_14-13-48] Test: [ 630/1563]	Time  0.587 ( 0.619)	Loss 5.7689e-01 (9.0796e-01)	Acc@1  81.25 ( 76.04)	Acc@5 100.00 ( 93.58)
[2023-03-13_14-13-54] Test: [ 640/1563]	Time  0.565 ( 0.618)	Loss 8.0181e-01 (9.0747e-01)	Acc@1  68.75 ( 76.00)	Acc@5 100.00 ( 93.60)
[2023-03-13_14-14-01] Test: [ 650/1563]	Time  0.684 ( 0.619)	Loss 6.3846e-01 (9.2134e-01)	Acc@1  81.25 ( 75.69)	Acc@5  96.88 ( 93.44)
[2023-03-13_14-14-07] Test: [ 660/1563]	Time  0.654 ( 0.619)	Loss 1.7498e+00 (9.2531e-01)	Acc@1  62.50 ( 75.64)	Acc@5  81.25 ( 93.40)
[2023-03-13_14-14-14] Test: [ 670/1563]	Time  0.584 ( 0.619)	Loss 9.2016e-01 (9.2944e-01)	Acc@1  71.88 ( 75.55)	Acc@5  90.62 ( 93.34)
[2023-03-13_14-14-20] Test: [ 680/1563]	Time  0.605 ( 0.619)	Loss 2.2629e+00 (9.3522e-01)	Acc@1  43.75 ( 75.42)	Acc@5  78.12 ( 93.26)
[2023-03-13_14-14-26] Test: [ 690/1563]	Time  0.552 ( 0.619)	Loss 1.3082e+00 (9.4294e-01)	Acc@1  65.62 ( 75.27)	Acc@5  84.38 ( 93.15)
[2023-03-13_14-14-32] Test: [ 700/1563]	Time  0.722 ( 0.619)	Loss 1.1390e+00 (9.5132e-01)	Acc@1  75.00 ( 75.09)	Acc@5  90.62 ( 93.06)
[2023-03-13_14-14-38] Test: [ 710/1563]	Time  0.629 ( 0.619)	Loss 1.9221e+00 (9.5507e-01)	Acc@1  59.38 ( 75.04)	Acc@5  81.25 ( 93.03)
[2023-03-13_14-14-45] Test: [ 720/1563]	Time  0.613 ( 0.619)	Loss 1.3979e+00 (9.6421e-01)	Acc@1  46.88 ( 74.88)	Acc@5  93.75 ( 92.90)
[2023-03-13_14-14-51] Test: [ 730/1563]	Time  0.550 ( 0.619)	Loss 8.6005e-01 (9.7411e-01)	Acc@1  81.25 ( 74.71)	Acc@5  96.88 ( 92.79)
[2023-03-13_14-14-57] Test: [ 740/1563]	Time  0.713 ( 0.620)	Loss 1.1150e+00 (9.8007e-01)	Acc@1  71.88 ( 74.61)	Acc@5  96.88 ( 92.69)
[2023-03-13_14-15-03] Test: [ 750/1563]	Time  0.643 ( 0.620)	Loss 1.1333e+00 (9.8611e-01)	Acc@1  71.88 ( 74.51)	Acc@5  87.50 ( 92.61)
[2023-03-13_14-15-10] Test: [ 760/1563]	Time  0.574 ( 0.620)	Loss 6.1236e-01 (9.9260e-01)	Acc@1  81.25 ( 74.28)	Acc@5 100.00 ( 92.56)
[2023-03-13_14-15-16] Test: [ 770/1563]	Time  0.596 ( 0.620)	Loss 2.6015e+00 (1.0067e+00)	Acc@1  43.75 ( 74.03)	Acc@5  65.62 ( 92.39)
[2023-03-13_14-15-22] Test: [ 780/1563]	Time  0.585 ( 0.619)	Loss 2.9954e+00 (1.0139e+00)	Acc@1  34.38 ( 73.88)	Acc@5  59.38 ( 92.28)
[2023-03-13_14-15-28] Test: [ 790/1563]	Time  0.681 ( 0.620)	Loss 1.7129e+00 (1.0243e+00)	Acc@1  62.50 ( 73.68)	Acc@5  93.75 ( 92.16)
[2023-03-13_14-15-34] Test: [ 800/1563]	Time  0.625 ( 0.620)	Loss 1.3050e+00 (1.0261e+00)	Acc@1  62.50 ( 73.63)	Acc@5  87.50 ( 92.14)
[2023-03-13_14-15-41] Test: [ 810/1563]	Time  0.620 ( 0.620)	Loss 8.1192e-01 (1.0309e+00)	Acc@1  78.12 ( 73.50)	Acc@5  93.75 ( 92.08)
[2023-03-13_14-15-47] Test: [ 820/1563]	Time  0.553 ( 0.620)	Loss 1.0616e+00 (1.0365e+00)	Acc@1  81.25 ( 73.37)	Acc@5  90.62 ( 92.00)
[2023-03-13_14-15-53] Test: [ 830/1563]	Time  0.761 ( 0.620)	Loss 1.4373e+00 (1.0439e+00)	Acc@1  46.88 ( 73.20)	Acc@5  93.75 ( 91.92)
[2023-03-13_14-16-00] Test: [ 840/1563]	Time  0.655 ( 0.620)	Loss 6.4776e-01 (1.0456e+00)	Acc@1  87.50 ( 73.18)	Acc@5  96.88 ( 91.91)
[2023-03-13_14-16-06] Test: [ 850/1563]	Time  0.582 ( 0.620)	Loss 1.2896e+00 (1.0517e+00)	Acc@1  71.88 ( 73.02)	Acc@5  90.62 ( 91.83)
[2023-03-13_14-16-12] Test: [ 860/1563]	Time  0.574 ( 0.620)	Loss 7.8986e-01 (1.0518e+00)	Acc@1  78.12 ( 73.05)	Acc@5  90.62 ( 91.84)
[2023-03-13_14-16-18] Test: [ 870/1563]	Time  0.656 ( 0.620)	Loss 1.7012e+00 (1.0534e+00)	Acc@1  59.38 ( 73.06)	Acc@5  78.12 ( 91.79)
[2023-03-13_14-16-24] Test: [ 880/1563]	Time  0.633 ( 0.620)	Loss 7.7283e-01 (1.0558e+00)	Acc@1  84.38 ( 73.03)	Acc@5  96.88 ( 91.75)
[2023-03-13_14-16-30] Test: [ 890/1563]	Time  0.574 ( 0.620)	Loss 9.5735e-01 (1.0562e+00)	Acc@1  81.25 ( 73.03)	Acc@5  90.62 ( 91.74)
[2023-03-13_14-16-37] Test: [ 900/1563]	Time  0.602 ( 0.620)	Loss 4.3028e-01 (1.0557e+00)	Acc@1  87.50 ( 73.08)	Acc@5  96.88 ( 91.73)
[2023-03-13_14-16-43] Test: [ 910/1563]	Time  0.551 ( 0.620)	Loss 1.3848e+00 (1.0574e+00)	Acc@1  78.12 ( 73.04)	Acc@5  93.75 ( 91.73)
[2023-03-13_14-16-49] Test: [ 920/1563]	Time  0.694 ( 0.620)	Loss 1.9500e+00 (1.0661e+00)	Acc@1  62.50 ( 72.91)	Acc@5  78.12 ( 91.60)
[2023-03-13_14-16-55] Test: [ 930/1563]	Time  0.613 ( 0.620)	Loss 7.5239e-01 (1.0677e+00)	Acc@1  68.75 ( 72.88)	Acc@5 100.00 ( 91.56)
[2023-03-13_14-17-01] Test: [ 940/1563]	Time  0.593 ( 0.620)	Loss 1.7393e+00 (1.0785e+00)	Acc@1  56.25 ( 72.68)	Acc@5  81.25 ( 91.43)
[2023-03-13_14-17-07] Test: [ 950/1563]	Time  0.547 ( 0.620)	Loss 1.4918e+00 (1.0764e+00)	Acc@1  65.62 ( 72.74)	Acc@5  84.38 ( 91.42)
[2023-03-13_14-17-14] Test: [ 960/1563]	Time  0.752 ( 0.620)	Loss 7.6877e-01 (1.0756e+00)	Acc@1  78.12 ( 72.79)	Acc@5  93.75 ( 91.42)
[2023-03-13_14-17-20] Test: [ 970/1563]	Time  0.656 ( 0.620)	Loss 8.6988e-01 (1.0814e+00)	Acc@1  68.75 ( 72.64)	Acc@5  96.88 ( 91.36)
[2023-03-13_14-17-26] Test: [ 980/1563]	Time  0.579 ( 0.620)	Loss 7.1622e-01 (1.0877e+00)	Acc@1  75.00 ( 72.50)	Acc@5  90.62 ( 91.24)
[2023-03-13_14-17-32] Test: [ 990/1563]	Time  0.579 ( 0.620)	Loss 3.3368e+00 (1.0938e+00)	Acc@1  37.50 ( 72.40)	Acc@5  56.25 ( 91.14)
[2023-03-13_14-17-38] Test: [1000/1563]	Time  0.632 ( 0.620)	Loss 2.9611e-01 (1.0969e+00)	Acc@1  90.62 ( 72.25)	Acc@5 100.00 ( 91.12)
[2023-03-13_14-17-45] Test: [1010/1563]	Time  0.631 ( 0.620)	Loss 1.3217e+00 (1.0973e+00)	Acc@1  71.88 ( 72.27)	Acc@5  87.50 ( 91.11)
[2023-03-13_14-17-51] Test: [1020/1563]	Time  0.569 ( 0.620)	Loss 2.3259e+00 (1.1064e+00)	Acc@1  56.25 ( 72.13)	Acc@5  78.12 ( 90.98)
[2023-03-13_14-17-57] Test: [1030/1563]	Time  0.600 ( 0.620)	Loss 6.4616e-01 (1.1108e+00)	Acc@1  84.38 ( 71.99)	Acc@5  90.62 ( 90.96)
[2023-03-13_14-18-03] Test: [1040/1563]	Time  0.549 ( 0.619)	Loss 1.6961e+00 (1.1157e+00)	Acc@1  62.50 ( 71.86)	Acc@5  84.38 ( 90.92)
[2023-03-13_14-18-09] Test: [1050/1563]	Time  0.743 ( 0.620)	Loss 4.6721e-01 (1.1124e+00)	Acc@1  93.75 ( 71.93)	Acc@5  96.88 ( 90.95)
[2023-03-13_14-18-15] Test: [1060/1563]	Time  0.635 ( 0.620)	Loss 1.7546e+00 (1.1210e+00)	Acc@1  71.88 ( 71.78)	Acc@5  75.00 ( 90.82)
[2023-03-13_14-18-22] Test: [1070/1563]	Time  0.589 ( 0.620)	Loss 3.4318e-01 (1.1230e+00)	Acc@1  96.88 ( 71.76)	Acc@5  96.88 ( 90.79)
[2023-03-13_14-18-28] Test: [1080/1563]	Time  0.575 ( 0.620)	Loss 2.1023e+00 (1.1258e+00)	Acc@1  50.00 ( 71.69)	Acc@5  87.50 ( 90.77)
[2023-03-13_14-18-34] Test: [1090/1563]	Time  0.715 ( 0.620)	Loss 1.2146e+00 (1.1292e+00)	Acc@1  75.00 ( 71.64)	Acc@5  90.62 ( 90.71)
[2023-03-13_14-18-41] Test: [1100/1563]	Time  0.643 ( 0.620)	Loss 5.0500e-01 (1.1288e+00)	Acc@1  81.25 ( 71.68)	Acc@5  96.88 ( 90.70)
[2023-03-13_14-18-47] Test: [1110/1563]	Time  0.576 ( 0.620)	Loss 2.4519e+00 (1.1335e+00)	Acc@1  37.50 ( 71.54)	Acc@5  71.88 ( 90.65)
[2023-03-13_14-18-53] Test: [1120/1563]	Time  0.581 ( 0.620)	Loss 1.2332e+00 (1.1343e+00)	Acc@1  78.12 ( 71.54)	Acc@5  90.62 ( 90.65)
[2023-03-13_14-18-59] Test: [1130/1563]	Time  0.634 ( 0.620)	Loss 1.5972e+00 (1.1353e+00)	Acc@1  71.88 ( 71.54)	Acc@5  78.12 ( 90.62)
[2023-03-13_14-19-05] Test: [1140/1563]	Time  0.633 ( 0.620)	Loss 2.0307e+00 (1.1399e+00)	Acc@1  56.25 ( 71.47)	Acc@5  78.12 ( 90.55)
[2023-03-13_14-19-12] Test: [1150/1563]	Time  0.569 ( 0.620)	Loss 1.0969e+00 (1.1445e+00)	Acc@1  78.12 ( 71.39)	Acc@5  84.38 ( 90.47)
[2023-03-13_14-19-18] Test: [1160/1563]	Time  0.599 ( 0.620)	Loss 1.5378e+00 (1.1466e+00)	Acc@1  56.25 ( 71.35)	Acc@5  90.62 ( 90.43)
[2023-03-13_14-19-24] Test: [1170/1563]	Time  0.548 ( 0.620)	Loss 2.0047e+00 (1.1504e+00)	Acc@1  50.00 ( 71.25)	Acc@5  84.38 ( 90.38)
[2023-03-13_14-19-30] Test: [1180/1563]	Time  0.743 ( 0.620)	Loss 4.4842e-01 (1.1512e+00)	Acc@1  93.75 ( 71.24)	Acc@5  96.88 ( 90.37)
[2023-03-13_14-19-36] Test: [1190/1563]	Time  0.641 ( 0.620)	Loss 1.6361e+00 (1.1516e+00)	Acc@1  62.50 ( 71.24)	Acc@5  78.12 ( 90.35)
[2023-03-13_14-19-42] Test: [1200/1563]	Time  0.590 ( 0.620)	Loss 1.3181e+00 (1.1560e+00)	Acc@1  75.00 ( 71.16)	Acc@5  87.50 ( 90.29)
[2023-03-13_14-19-49] Test: [1210/1563]	Time  0.548 ( 0.620)	Loss 1.2455e+00 (1.1583e+00)	Acc@1  75.00 ( 71.12)	Acc@5  87.50 ( 90.25)
[2023-03-13_14-19-55] Test: [1220/1563]	Time  0.714 ( 0.620)	Loss 3.4142e-01 (1.1591e+00)	Acc@1  90.62 ( 71.10)	Acc@5 100.00 ( 90.24)
[2023-03-13_14-20-01] Test: [1230/1563]	Time  0.644 ( 0.620)	Loss 2.1494e+00 (1.1632e+00)	Acc@1  46.88 ( 71.01)	Acc@5  75.00 ( 90.18)
[2023-03-13_14-20-07] Test: [1240/1563]	Time  0.575 ( 0.620)	Loss 1.5878e+00 (1.1665e+00)	Acc@1  65.62 ( 70.95)	Acc@5  84.38 ( 90.15)
[2023-03-13_14-20-13] Test: [1250/1563]	Time  0.594 ( 0.620)	Loss 5.6654e-01 (1.1705e+00)	Acc@1  90.62 ( 70.89)	Acc@5  93.75 ( 90.08)
[2023-03-13_14-20-19] Test: [1260/1563]	Time  0.606 ( 0.620)	Loss 1.9183e+00 (1.1688e+00)	Acc@1  65.62 ( 70.94)	Acc@5  81.25 ( 90.10)
[2023-03-13_14-20-26] Test: [1270/1563]	Time  0.648 ( 0.620)	Loss 1.9595e+00 (1.1718e+00)	Acc@1  53.12 ( 70.86)	Acc@5  78.12 ( 90.07)
[2023-03-13_14-20-32] Test: [1280/1563]	Time  0.607 ( 0.620)	Loss 1.6504e+00 (1.1744e+00)	Acc@1  68.75 ( 70.80)	Acc@5  90.62 ( 90.04)
[2023-03-13_14-20-38] Test: [1290/1563]	Time  0.619 ( 0.620)	Loss 1.8170e+00 (1.1753e+00)	Acc@1  65.62 ( 70.80)	Acc@5  81.25 ( 90.01)
[2023-03-13_14-20-44] Test: [1300/1563]	Time  0.549 ( 0.620)	Loss 7.1367e-01 (1.1777e+00)	Acc@1  87.50 ( 70.78)	Acc@5  90.62 ( 89.99)
[2023-03-13_14-20-51] Test: [1310/1563]	Time  0.765 ( 0.620)	Loss 2.0758e+00 (1.1860e+00)	Acc@1  40.62 ( 70.60)	Acc@5  87.50 ( 89.88)
[2023-03-13_14-20-57] Test: [1320/1563]	Time  0.648 ( 0.620)	Loss 2.2712e+00 (1.1898e+00)	Acc@1  50.00 ( 70.52)	Acc@5  87.50 ( 89.86)
[2023-03-13_14-21-03] Test: [1330/1563]	Time  0.587 ( 0.620)	Loss 1.7667e+00 (1.1909e+00)	Acc@1  53.12 ( 70.47)	Acc@5  87.50 ( 89.85)
[2023-03-13_14-21-09] Test: [1340/1563]	Time  0.567 ( 0.620)	Loss 1.4591e+00 (1.1914e+00)	Acc@1  53.12 ( 70.47)	Acc@5  81.25 ( 89.84)
[2023-03-13_14-21-16] Test: [1350/1563]	Time  0.713 ( 0.620)	Loss 1.6046e+00 (1.1956e+00)	Acc@1  65.62 ( 70.39)	Acc@5  81.25 ( 89.78)
[2023-03-13_14-21-22] Test: [1360/1563]	Time  0.644 ( 0.620)	Loss 9.0572e-01 (1.1980e+00)	Acc@1  78.12 ( 70.33)	Acc@5 100.00 ( 89.76)
[2023-03-13_14-21-28] Test: [1370/1563]	Time  0.575 ( 0.620)	Loss 1.3580e+00 (1.1982e+00)	Acc@1  62.50 ( 70.29)	Acc@5  90.62 ( 89.76)
[2023-03-13_14-21-34] Test: [1380/1563]	Time  0.595 ( 0.620)	Loss 2.1242e+00 (1.2002e+00)	Acc@1  46.88 ( 70.24)	Acc@5  75.00 ( 89.73)
[2023-03-13_14-21-41] Test: [1390/1563]	Time  0.587 ( 0.620)	Loss 8.7907e-01 (1.2029e+00)	Acc@1  81.25 ( 70.19)	Acc@5  93.75 ( 89.70)
[2023-03-13_14-21-47] Test: [1400/1563]	Time  0.680 ( 0.620)	Loss 5.5820e-01 (1.2025e+00)	Acc@1  87.50 ( 70.17)	Acc@5  96.88 ( 89.71)
[2023-03-13_14-21-53] Test: [1410/1563]	Time  0.593 ( 0.620)	Loss 1.6389e+00 (1.2053e+00)	Acc@1  53.12 ( 70.10)	Acc@5  84.38 ( 89.67)
[2023-03-13_14-21-59] Test: [1420/1563]	Time  0.590 ( 0.620)	Loss 1.8595e+00 (1.2103e+00)	Acc@1  40.62 ( 69.99)	Acc@5  87.50 ( 89.64)
[2023-03-13_14-22-05] Test: [1430/1563]	Time  0.548 ( 0.620)	Loss 2.5021e-01 (1.2104e+00)	Acc@1  93.75 ( 69.97)	Acc@5 100.00 ( 89.66)
[2023-03-13_14-22-12] Test: [1440/1563]	Time  0.765 ( 0.620)	Loss 2.3740e+00 (1.2117e+00)	Acc@1  34.38 ( 69.95)	Acc@5  81.25 ( 89.64)
[2023-03-13_14-22-18] Test: [1450/1563]	Time  0.655 ( 0.620)	Loss 1.3107e+00 (1.2117e+00)	Acc@1  59.38 ( 69.94)	Acc@5  90.62 ( 89.66)
[2023-03-13_14-22-24] Test: [1460/1563]	Time  0.582 ( 0.620)	Loss 7.9635e-01 (1.2112e+00)	Acc@1  78.12 ( 69.96)	Acc@5  93.75 ( 89.67)
[2023-03-13_14-22-30] Test: [1470/1563]	Time  0.573 ( 0.620)	Loss 6.0579e-01 (1.2086e+00)	Acc@1  87.50 ( 70.01)	Acc@5 100.00 ( 89.71)
[2023-03-13_14-22-36] Test: [1480/1563]	Time  0.653 ( 0.620)	Loss 1.5376e+00 (1.2066e+00)	Acc@1  37.50 ( 70.04)	Acc@5  96.88 ( 89.74)
[2023-03-13_14-22-43] Test: [1490/1563]	Time  0.661 ( 0.620)	Loss 5.5456e-01 (1.2055e+00)	Acc@1  87.50 ( 70.07)	Acc@5 100.00 ( 89.76)
[2023-03-13_14-22-49] Test: [1500/1563]	Time  0.572 ( 0.620)	Loss 1.9848e+00 (1.2033e+00)	Acc@1  53.12 ( 70.15)	Acc@5  78.12 ( 89.77)
[2023-03-13_14-22-55] Test: [1510/1563]	Time  0.603 ( 0.620)	Loss 1.7917e+00 (1.2067e+00)	Acc@1  50.00 ( 70.09)	Acc@5  84.38 ( 89.71)
[2023-03-13_14-23-01] Test: [1520/1563]	Time  0.550 ( 0.620)	Loss 1.1646e+00 (1.2100e+00)	Acc@1  62.50 ( 70.01)	Acc@5  96.88 ( 89.67)
[2023-03-13_14-23-08] Test: [1530/1563]	Time  0.724 ( 0.620)	Loss 1.2570e+00 (1.2132e+00)	Acc@1  56.25 ( 69.91)	Acc@5  93.75 ( 89.66)
[2023-03-13_14-23-14] Test: [1540/1563]	Time  0.632 ( 0.620)	Loss 7.6079e-02 (1.2112e+00)	Acc@1 100.00 ( 69.97)	Acc@5 100.00 ( 89.68)
[2023-03-13_14-23-20] Test: [1550/1563]	Time  0.587 ( 0.620)	Loss 1.0315e+00 (1.2075e+00)	Acc@1  78.12 ( 70.05)	Acc@5  90.62 ( 89.71)
[2023-03-13_14-23-26] Test: [1560/1563]	Time  0.572 ( 0.620)	Loss 1.3738e+00 (1.2042e+00)	Acc@1  43.75 ( 70.10)	Acc@5  93.75 ( 89.74)
[2023-03-13_14-23-27]  * Acc@1 70.068 Acc@5 89.724
